# JRE version: OpenJDK Runtime Environment (8.0_201-b09) (build 1.8.0_201-b09)
# Java VM: OpenJDK 64-Bit Server VM (25.201-b09 mixed mode linux-amd64 compressed oops)
Heap:
 def new generation   total 26112K, used 1541K [0x00000000c0000000, 0x00000000c1c50000, 0x00000000d5550000)
  eden space 23232K,   6% used [0x00000000c0000000, 0x00000000c0181528, 0x00000000c16b0000)
  from space 2880K,   0% used [0x00000000c16b0000, 0x00000000c16b0000, 0x00000000c1980000)
  to   space 2880K,   0% used [0x00000000c1980000, 0x00000000c1980000, 0x00000000c1c50000)
 tenured generation   total 60596K, used 60595K [0x00000000d5550000, 0x00000000d907d000, 0x0000000100000000)
   the space 60596K,  99% used [0x00000000d5550000, 0x00000000d907cff8, 0x00000000d907d000, 0x00000000d907d000)
 Metaspace       used 3472K, capacity 4728K, committed 4864K, reserved 1056768K
  class space    used 328K, capacity 424K, committed 512K, reserved 1048576K
GC Heap History (79 events):
Event: 0.577 GC heap before
{Heap before GC invocations=0 (full 0):
 def new generation   total 4928K, used 4245K [0x00000000c0000000, 0x00000000c0550000, 0x00000000d5550000)
  eden space 4416K,  96% used [0x00000000c0000000, 0x00000000c0425540, 0x00000000c0450000)
  from space 512K,   0% used [0x00000000c0450000, 0x00000000c0450000, 0x00000000c04d0000)
  to   space 512K,   0% used [0x00000000c04d0000, 0x00000000c04d0000, 0x00000000c0550000)
 tenured generation   total 10944K, used 0K [0x00000000d5550000, 0x00000000d6000000, 0x0000000100000000)
   the space 10944K,   0% used [0x00000000d5550000, 0x00000000d5550000, 0x00000000d5550200, 0x00000000d6000000)
 Metaspace       used 3290K, capacity 4728K, committed 4864K, reserved 1056768K
  class space    used 322K, capacity 424K, committed 512K, reserved 1048576K
Event: 0.581 GC heap after
Heap after GC invocations=1 (full 0):
 def new generation   total 4928K, used 511K [0x00000000c0000000, 0x00000000c0550000, 0x00000000d5550000)
  eden space 4416K,   0% used [0x00000000c0000000, 0x00000000c0000000, 0x00000000c0450000)
  from space 512K,  99% used [0x00000000c04d0000, 0x00000000c054fff8, 0x00000000c0550000)
  to   space 512K,   0% used [0x00000000c0450000, 0x00000000c0450000, 0x00000000c04d0000)
 tenured generation   total 10944K, used 2729K [0x00000000d5550000, 0x00000000d6000000, 0x0000000100000000)
   the space 10944K,  24% used [0x00000000d5550000, 0x00000000d57fa708, 0x00000000d57fa800, 0x00000000d6000000)
 Metaspace       used 3290K, capacity 4728K, committed 4864K, reserved 1056768K
  class space    used 322K, capacity 424K, committed 512K, reserved 1048576K
}
Event: 0.686 GC heap before
{Heap before GC invocations=1 (full 0):
 def new generation   total 4928K, used 4927K [0x00000000c0000000, 0x00000000c0550000, 0x00000000d5550000)
  eden space 4416K, 100% used [0x00000000c0000000, 0x00000000c0450000, 0x00000000c0450000)
  from space 512K,  99% used [0x00000000c04d0000, 0x00000000c054fff8, 0x00000000c0550000)
  to   space 512K,   0% used [0x00000000c0450000, 0x00000000c0450000, 0x00000000c04d0000)
 tenured generation   total 10944K, used 2729K [0x00000000d5550000, 0x00000000d6000000, 0x0000000100000000)
   the space 10944K,  24% used [0x00000000d5550000, 0x00000000d57fa708, 0x00000000d57fa800, 0x00000000d6000000)
 Metaspace       used 3425K, capacity 4728K, committed 4864K, reserved 1056768K
  class space    used 328K, capacity 424K, committed 512K, reserved 1048576K
Event: 0.689 GC heap after
Heap after GC invocations=2 (full 0):
 def new generation   total 4928K, used 512K [0x00000000c0000000, 0x00000000c0550000, 0x00000000d5550000)
  eden space 4416K,   0% used [0x00000000c0000000, 0x00000000c0000000, 0x00000000c0450000)
  from space 512K, 100% used [0x00000000c0450000, 0x00000000c04d0000, 0x00000000c04d0000)
  to   space 512K,   0% used [0x00000000c04d0000, 0x00000000c04d0000, 0x00000000c0550000)
 tenured generation   total 10944K, used 5314K [0x00000000d5550000, 0x00000000d6000000, 0x0000000100000000)
   the space 10944K,  48% used [0x00000000d5550000, 0x00000000d5a80bd8, 0x00000000d5a80c00, 0x00000000d6000000)
 Metaspace       used 3425K, capacity 4728K, committed 4864K, reserved 1056768K
  class space    used 328K, capacity 424K, committed 512K, reserved 1048576K
}
Event: 0.762 GC heap before
{Heap before GC invocations=2 (full 0):
 def new generation   total 4928K, used 4928K [0x00000000c0000000, 0x00000000c0550000, 0x00000000d5550000)
  eden space 4416K, 100% used [0x00000000c0000000, 0x00000000c0450000, 0x00000000c0450000)
  from space 512K, 100% used [0x00000000c0450000, 0x00000000c04d0000, 0x00000000c04d0000)
  to   space 512K,   0% used [0x00000000c04d0000, 0x00000000c04d0000, 0x00000000c0550000)
 tenured generation   total 10944K, used 5314K [0x00000000d5550000, 0x00000000d6000000, 0x0000000100000000)
   the space 10944K,  48% used [0x00000000d5550000, 0x00000000d5a80bd8, 0x00000000d5a80c00, 0x00000000d6000000)
 Metaspace       used 3432K, capacity 4728K, committed 4864K, reserved 1056768K
  class space    used 328K, capacity 424K, committed 512K, reserved 1048576K
Event: 0.765 GC heap after
Heap after GC invocations=3 (full 0):
 def new generation   total 4928K, used 506K [0x00000000c0000000, 0x00000000c0550000, 0x00000000d5550000)
  eden space 4416K,   0% used [0x00000000c0000000, 0x00000000c0000000, 0x00000000c0450000)
  from space 512K,  98% used [0x00000000c04d0000, 0x00000000c054e918, 0x00000000c0550000)
  to   space 512K,   0% used [0x00000000c0450000, 0x00000000c0450000, 0x00000000c04d0000)
 tenured generation   total 10944K, used 5826K [0x00000000d5550000, 0x00000000d6000000, 0x0000000100000000)
   the space 10944K,  53% used [0x00000000d5550000, 0x00000000d5b00a10, 0x00000000d5b00c00, 0x00000000d6000000)
 Metaspace       used 3432K, capacity 4728K, committed 4864K, reserved 1056768K
  class space    used 328K, capacity 424K, committed 512K, reserved 1048576K
}
Event: 0.815 GC heap before
{Heap before GC invocations=3 (full 0):
 def new generation   total 4928K, used 4922K [0x00000000c0000000, 0x00000000c0550000, 0x00000000d5550000)
  eden space 4416K, 100% used [0x00000000c0000000, 0x00000000c0450000, 0x00000000c0450000)
  from space 512K,  98% used [0x00000000c04d0000, 0x00000000c054e918, 0x00000000c0550000)
  to   space 512K,   0% used [0x00000000c0450000, 0x00000000c0450000, 0x00000000c04d0000)
 tenured generation   total 10944K, used 5826K [0x00000000d5550000, 0x00000000d6000000, 0x0000000100000000)
   the space 10944K,  53% used [0x00000000d5550000, 0x00000000d5b00a10, 0x00000000d5b00c00, 0x00000000d6000000)
 Metaspace       used 3432K, capacity 4728K, committed 4864K, reserved 1056768K
  class space    used 328K, capacity 424K, committed 512K, reserved 1048576K
Event: 0.818 GC heap after
Heap after GC invocations=4 (full 0):
 def new generation   total 4928K, used 478K [0x00000000c0000000, 0x00000000c0550000, 0x00000000d5550000)
  eden space 4416K,   0% used [0x00000000c0000000, 0x00000000c0000000, 0x00000000c0450000)
  from space 512K,  93% used [0x00000000c0450000, 0x00000000c04c7a80, 0x00000000c04d0000)
  to   space 512K,   0% used [0x00000000c04d0000, 0x00000000c04d0000, 0x00000000c0550000)
 tenured generation   total 10944K, used 6332K [0x00000000d5550000, 0x00000000d6000000, 0x0000000100000000)
   the space 10944K,  57% used [0x00000000d5550000, 0x00000000d5b7f1b8, 0x00000000d5b7f200, 0x00000000d6000000)
 Metaspace       used 3432K, capacity 4728K, committed 4864K, reserved 1056768K
  class space    used 328K, capacity 424K, committed 512K, reserved 1048576K
}
Event: 0.870 GC heap before
{Heap before GC invocations=4 (full 0):
 def new generation   total 4928K, used 4894K [0x00000000c0000000, 0x00000000c0550000, 0x00000000d5550000)
  eden space 4416K, 100% used [0x00000000c0000000, 0x00000000c0450000, 0x00000000c0450000)
  from space 512K,  93% used [0x00000000c0450000, 0x00000000c04c7a80, 0x00000000c04d0000)
  to   space 512K,   0% used [0x00000000c04d0000, 0x00000000c04d0000, 0x00000000c0550000)
 tenured generation   total 10944K, used 6332K [0x00000000d5550000, 0x00000000d6000000, 0x0000000100000000)
   the space 10944K,  57% used [0x00000000d5550000, 0x00000000d5b7f1b8, 0x00000000d5b7f200, 0x00000000d6000000)
 Metaspace       used 3433K, capacity 4728K, committed 4864K, reserved 1056768K
  class space    used 328K, capacity 424K, committed 512K, reserved 1048576K
Event: 0.873 GC heap after
Heap after GC invocations=5 (full 0):
 def new generation   total 4928K, used 477K [0x00000000c0000000, 0x00000000c0550000, 0x00000000d5550000)
  eden space 4416K,   0% used [0x00000000c0000000, 0x00000000c0000000, 0x00000000c0450000)
  from space 512K,  93% used [0x00000000c04d0000, 0x00000000c0547600, 0x00000000c0550000)
  to   space 512K,   0% used [0x00000000c0450000, 0x00000000c0450000, 0x00000000c04d0000)
 tenured generation   total 10944K, used 6810K [0x00000000d5550000, 0x00000000d6000000, 0x0000000100000000)
   the space 10944K,  62% used [0x00000000d5550000, 0x00000000d5bf6ad0, 0x00000000d5bf6c00, 0x00000000d6000000)
 Metaspace       used 3433K, capacity 4728K, committed 4864K, reserved 1056768K
  class space    used 328K, capacity 424K, committed 512K, reserved 1048576K
}
Event: 0.917 GC heap before
{Heap before GC invocations=5 (full 0):
 def new generation   total 4928K, used 4893K [0x00000000c0000000, 0x00000000c0550000, 0x00000000d5550000)
  eden space 4416K, 100% used [0x00000000c0000000, 0x00000000c0450000, 0x00000000c0450000)
  from space 512K,  93% used [0x00000000c04d0000, 0x00000000c0547600, 0x00000000c0550000)
  to   space 512K,   0% used [0x00000000c0450000, 0x00000000c0450000, 0x00000000c04d0000)
 tenured generation   total 10944K, used 6810K [0x00000000d5550000, 0x00000000d6000000, 0x0000000100000000)
   the space 10944K,  62% used [0x00000000d5550000, 0x00000000d5bf6ad0, 0x00000000d5bf6c00, 0x00000000d6000000)
 Metaspace       used 3434K, capacity 4728K, committed 4864K, reserved 1056768K
  class space    used 328K, capacity 424K, committed 512K, reserved 1048576K
Event: 0.920 GC heap after
Heap after GC invocations=6 (full 0):
 def new generation   total 4928K, used 478K [0x00000000c0000000, 0x00000000c0550000, 0x00000000d5550000)
  eden space 4416K,   0% used [0x00000000c0000000, 0x00000000c0000000, 0x00000000c0450000)
  from space 512K,  93% used [0x00000000c0450000, 0x00000000c04c79f8, 0x00000000c04d0000)
  to   space 512K,   0% used [0x00000000c04d0000, 0x00000000c04d0000, 0x00000000c0550000)
 tenured generation   total 10944K, used 7287K [0x00000000d5550000, 0x00000000d6000000, 0x0000000100000000)
   the space 10944K,  66% used [0x00000000d5550000, 0x00000000d5c6dfa8, 0x00000000d5c6e000, 0x00000000d6000000)
 Metaspace       used 3434K, capacity 4728K, committed 4864K, reserved 1056768K
  class space    used 328K, capacity 424K, committed 512K, reserved 1048576K
}
Event: 0.974 GC heap before
{Heap before GC invocations=6 (full 0):
 def new generation   total 4928K, used 4894K [0x00000000c0000000, 0x00000000c0550000, 0x00000000d5550000)
  eden space 4416K, 100% used [0x00000000c0000000, 0x00000000c0450000, 0x00000000c0450000)
  from space 512K,  93% used [0x00000000c0450000, 0x00000000c04c79f8, 0x00000000c04d0000)
  to   space 512K,   0% used [0x00000000c04d0000, 0x00000000c04d0000, 0x00000000c0550000)
 tenured generation   total 10944K, used 7287K [0x00000000d5550000, 0x00000000d6000000, 0x0000000100000000)
   the space 10944K,  66% used [0x00000000d5550000, 0x00000000d5c6dfa8, 0x00000000d5c6e000, 0x00000000d6000000)
 Metaspace       used 3434K, capacity 4728K, committed 4864K, reserved 1056768K
  class space    used 328K, capacity 424K, committed 512K, reserved 1048576K
Event: 0.977 GC heap after
Heap after GC invocations=7 (full 0):
 def new generation   total 4928K, used 478K [0x00000000c0000000, 0x00000000c0550000, 0x00000000d5550000)
  eden space 4416K,   0% used [0x00000000c0000000, 0x00000000c0000000, 0x00000000c0450000)
  from space 512K,  93% used [0x00000000c04d0000, 0x00000000c0547ba8, 0x00000000c0550000)
  to   space 512K,   0% used [0x00000000c0450000, 0x00000000c0450000, 0x00000000c04d0000)
 tenured generation   total 10944K, used 7765K [0x00000000d5550000, 0x00000000d6000000, 0x0000000100000000)
   the space 10944K,  70% used [0x00000000d5550000, 0x00000000d5ce5758, 0x00000000d5ce5800, 0x00000000d6000000)
 Metaspace       used 3434K, capacity 4728K, committed 4864K, reserved 1056768K
  class space    used 328K, capacity 424K, committed 512K, reserved 1048576K
}
Event: 1.038 GC heap before
{Heap before GC invocations=7 (full 0):
 def new generation   total 4928K, used 4894K [0x00000000c0000000, 0x00000000c0550000, 0x00000000d5550000)
  eden space 4416K, 100% used [0x00000000c0000000, 0x00000000c0450000, 0x00000000c0450000)
  from space 512K,  93% used [0x00000000c04d0000, 0x00000000c0547ba8, 0x00000000c0550000)
  to   space 512K,   0% used [0x00000000c0450000, 0x00000000c0450000, 0x00000000c04d0000)
 tenured generation   total 10944K, used 7765K [0x00000000d5550000, 0x00000000d6000000, 0x0000000100000000)
   the space 10944K,  70% used [0x00000000d5550000, 0x00000000d5ce5758, 0x00000000d5ce5800, 0x00000000d6000000)
 Metaspace       used 3436K, capacity 4728K, committed 4864K, reserved 1056768K
  class space    used 328K, capacity 424K, committed 512K, reserved 1048576K
Event: 1.042 GC heap after
Heap after GC invocations=8 (full 0):
 def new generation   total 4928K, used 481K [0x00000000c0000000, 0x00000000c0550000, 0x00000000d5550000)
  eden space 4416K,   0% used [0x00000000c0000000, 0x00000000c0000000, 0x00000000c0450000)
  from space 512K,  93% used [0x00000000c0450000, 0x00000000c04c8418, 0x00000000c04d0000)
  to   space 512K,   0% used [0x00000000c04d0000, 0x00000000c04d0000, 0x00000000c0550000)
 tenured generation   total 10944K, used 8244K [0x00000000d5550000, 0x00000000d6000000, 0x0000000100000000)
   the space 10944K,  75% used [0x00000000d5550000, 0x00000000d5d5d178, 0x00000000d5d5d200, 0x00000000d6000000)
 Metaspace       used 3436K, capacity 4728K, committed 4864K, reserved 1056768K
  class space    used 328K, capacity 424K, committed 512K, reserved 1048576K
}
Event: 1.094 GC heap before
{Heap before GC invocations=8 (full 0):
 def new generation   total 4928K, used 4897K [0x00000000c0000000, 0x00000000c0550000, 0x00000000d5550000)
  eden space 4416K, 100% used [0x00000000c0000000, 0x00000000c0450000, 0x00000000c0450000)
  from space 512K,  93% used [0x00000000c0450000, 0x00000000c04c8418, 0x00000000c04d0000)
  to   space 512K,   0% used [0x00000000c04d0000, 0x00000000c04d0000, 0x00000000c0550000)
 tenured generation   total 10944K, used 8244K [0x00000000d5550000, 0x00000000d6000000, 0x0000000100000000)
   the space 10944K,  75% used [0x00000000d5550000, 0x00000000d5d5d178, 0x00000000d5d5d200, 0x00000000d6000000)
 Metaspace       used 3444K, capacity 4728K, committed 4864K, reserved 1056768K
  class space    used 328K, capacity 424K, committed 512K, reserved 1048576K
Event: 1.097 GC heap after
Heap after GC invocations=9 (full 0):
 def new generation   total 4928K, used 499K [0x00000000c0000000, 0x00000000c0550000, 0x00000000d5550000)
  eden space 4416K,   0% used [0x00000000c0000000, 0x00000000c0000000, 0x00000000c0450000)
  from space 512K,  97% used [0x00000000c04d0000, 0x00000000c054ce98, 0x00000000c0550000)
  to   space 512K,   0% used [0x00000000c0450000, 0x00000000c0450000, 0x00000000c04d0000)
 tenured generation   total 10944K, used 8725K [0x00000000d5550000, 0x00000000d6000000, 0x0000000100000000)
   the space 10944K,  79% used [0x00000000d5550000, 0x00000000d5dd5458, 0x00000000d5dd5600, 0x00000000d6000000)
 Metaspace       used 3444K, capacity 4728K, committed 4864K, reserved 1056768K
  class space    used 328K, capacity 424K, committed 512K, reserved 1048576K
}
Event: 1.142 GC heap before
{Heap before GC invocations=9 (full 0):
 def new generation   total 4928K, used 4915K [0x00000000c0000000, 0x00000000c0550000, 0x00000000d5550000)
  eden space 4416K, 100% used [0x00000000c0000000, 0x00000000c0450000, 0x00000000c0450000)
  from space 512K,  97% used [0x00000000c04d0000, 0x00000000c054ce98, 0x00000000c0550000)
  to   space 512K,   0% used [0x00000000c0450000, 0x00000000c0450000, 0x00000000c04d0000)
 tenured generation   total 10944K, used 8725K [0x00000000d5550000, 0x00000000d6000000, 0x0000000100000000)
   the space 10944K,  79% used [0x00000000d5550000, 0x00000000d5dd5458, 0x00000000d5dd5600, 0x00000000d6000000)
 Metaspace       used 3444K, capacity 4728K, committed 4864K, reserved 1056768K
  class space    used 328K, capacity 424K, committed 512K, reserved 1048576K
Event: 1.145 GC heap after
Heap after GC invocations=10 (full 0):
 def new generation   total 4928K, used 500K [0x00000000c0000000, 0x00000000c0550000, 0x00000000d5550000)
  eden space 4416K,   0% used [0x00000000c0000000, 0x00000000c0000000, 0x00000000c0450000)
  from space 512K,  97% used [0x00000000c0450000, 0x00000000c04cd318, 0x00000000c04d0000)
  to   space 512K,   0% used [0x00000000c04d0000, 0x00000000c04d0000, 0x00000000c0550000)
 tenured generation   total 10944K, used 9224K [0x00000000d5550000, 0x00000000d6000000, 0x0000000100000000)
   the space 10944K,  84% used [0x00000000d5550000, 0x00000000d5e52150, 0x00000000d5e52200, 0x00000000d6000000)
 Metaspace       used 3444K, capacity 4728K, committed 4864K, reserved 1056768K
  class space    used 328K, capacity 424K, committed 512K, reserved 1048576K
}
Event: 1.194 GC heap before
{Heap before GC invocations=10 (full 0):
 def new generation   total 4928K, used 4916K [0x00000000c0000000, 0x00000000c0550000, 0x00000000d5550000)
  eden space 4416K, 100% used [0x00000000c0000000, 0x00000000c0450000, 0x00000000c0450000)
  from space 512K,  97% used [0x00000000c0450000, 0x00000000c04cd318, 0x00000000c04d0000)
  to   space 512K,   0% used [0x00000000c04d0000, 0x00000000c04d0000, 0x00000000c0550000)
 tenured generation   total 10944K, used 9224K [0x00000000d5550000, 0x00000000d6000000, 0x0000000100000000)
   the space 10944K,  84% used [0x00000000d5550000, 0x00000000d5e52150, 0x00000000d5e52200, 0x00000000d6000000)
 Metaspace       used 3446K, capacity 4728K, committed 4864K, reserved 1056768K
  class space    used 328K, capacity 424K, committed 512K, reserved 1048576K
Event: 1.197 GC heap after
Heap after GC invocations=11 (full 0):
 def new generation   total 4928K, used 499K [0x00000000c0000000, 0x00000000c0550000, 0x00000000d5550000)
  eden space 4416K,   0% used [0x00000000c0000000, 0x00000000c0000000, 0x00000000c0450000)
  from space 512K,  97% used [0x00000000c04d0000, 0x00000000c054cc80, 0x00000000c0550000)
  to   space 512K,   0% used [0x00000000c0450000, 0x00000000c0450000, 0x00000000c04d0000)
 tenured generation   total 10944K, used 9724K [0x00000000d5550000, 0x00000000d6000000, 0x0000000100000000)
   the space 10944K,  88% used [0x00000000d5550000, 0x00000000d5ecf270, 0x00000000d5ecf400, 0x00000000d6000000)
 Metaspace       used 3446K, capacity 4728K, committed 4864K, reserved 1056768K
  class space    used 328K, capacity 424K, committed 512K, reserved 1048576K
}
Event: 1.238 GC heap before
{Heap before GC invocations=11 (full 0):
 def new generation   total 4928K, used 4915K [0x00000000c0000000, 0x00000000c0550000, 0x00000000d5550000)
  eden space 4416K, 100% used [0x00000000c0000000, 0x00000000c0450000, 0x00000000c0450000)
  from space 512K,  97% used [0x00000000c04d0000, 0x00000000c054cc80, 0x00000000c0550000)
  to   space 512K,   0% used [0x00000000c0450000, 0x00000000c0450000, 0x00000000c04d0000)
 tenured generation   total 10944K, used 9724K [0x00000000d5550000, 0x00000000d6000000, 0x0000000100000000)
   the space 10944K,  88% used [0x00000000d5550000, 0x00000000d5ecf270, 0x00000000d5ecf400, 0x00000000d6000000)
 Metaspace       used 3446K, capacity 4728K, committed 4864K, reserved 1056768K
  class space    used 328K, capacity 424K, committed 512K, reserved 1048576K
Event: 1.241 GC heap after
Heap after GC invocations=12 (full 0):
 def new generation   total 4928K, used 501K [0x00000000c0000000, 0x00000000c0550000, 0x00000000d5550000)
  eden space 4416K,   0% used [0x00000000c0000000, 0x00000000c0000000, 0x00000000c0450000)
  from space 512K,  97% used [0x00000000c0450000, 0x00000000c04cd420, 0x00000000c04d0000)
  to   space 512K,   0% used [0x00000000c04d0000, 0x00000000c04d0000, 0x00000000c0550000)
 tenured generation   total 10944K, used 10223K [0x00000000d5550000, 0x00000000d6000000, 0x0000000100000000)
   the space 10944K,  93% used [0x00000000d5550000, 0x00000000d5f4bd30, 0x00000000d5f4be00, 0x00000000d6000000)
 Metaspace       used 3446K, capacity 4728K, committed 4864K, reserved 1056768K
  class space    used 328K, capacity 424K, committed 512K, reserved 1048576K
}
Event: 1.279 GC heap before
{Heap before GC invocations=12 (full 0):
 def new generation   total 4928K, used 4917K [0x00000000c0000000, 0x00000000c0550000, 0x00000000d5550000)
  eden space 4416K, 100% used [0x00000000c0000000, 0x00000000c0450000, 0x00000000c0450000)
  from space 512K,  97% used [0x00000000c0450000, 0x00000000c04cd420, 0x00000000c04d0000)
  to   space 512K,   0% used [0x00000000c04d0000, 0x00000000c04d0000, 0x00000000c0550000)
 tenured generation   total 10944K, used 10223K [0x00000000d5550000, 0x00000000d6000000, 0x0000000100000000)
   the space 10944K,  93% used [0x00000000d5550000, 0x00000000d5f4bd30, 0x00000000d5f4be00, 0x00000000d6000000)
 Metaspace       used 3449K, capacity 4728K, committed 4864K, reserved 1056768K
  class space    used 328K, capacity 424K, committed 512K, reserved 1048576K
Event: 1.283 GC heap after
Heap after GC invocations=13 (full 0):
 def new generation   total 4928K, used 499K [0x00000000c0000000, 0x00000000c0550000, 0x00000000d5550000)
  eden space 4416K,   0% used [0x00000000c0000000, 0x00000000c0000000, 0x00000000c0450000)
  from space 512K,  97% used [0x00000000c04d0000, 0x00000000c054ccf0, 0x00000000c0550000)
  to   space 512K,   0% used [0x00000000c0450000, 0x00000000c0450000, 0x00000000c04d0000)
 tenured generation   total 10944K, used 10723K [0x00000000d5550000, 0x00000000d6000000, 0x0000000100000000)
   the space 10944K,  97% used [0x00000000d5550000, 0x00000000d5fc8f38, 0x00000000d5fc9000, 0x00000000d6000000)
 Metaspace       used 3449K, capacity 4728K, committed 4864K, reserved 1056768K
  class space    used 328K, capacity 424K, committed 512K, reserved 1048576K
}
Event: 1.333 GC heap before
{Heap before GC invocations=13 (full 0):
 def new generation   total 4928K, used 4915K [0x00000000c0000000, 0x00000000c0550000, 0x00000000d5550000)
  eden space 4416K, 100% used [0x00000000c0000000, 0x00000000c0450000, 0x00000000c0450000)
  from space 512K,  97% used [0x00000000c04d0000, 0x00000000c054ccf0, 0x00000000c0550000)
  to   space 512K,   0% used [0x00000000c0450000, 0x00000000c0450000, 0x00000000c04d0000)
 tenured generation   total 10944K, used 10723K [0x00000000d5550000, 0x00000000d6000000, 0x0000000100000000)
   the space 10944K,  97% used [0x00000000d5550000, 0x00000000d5fc8f38, 0x00000000d5fc9000, 0x00000000d6000000)
 Metaspace       used 3455K, capacity 4728K, committed 4864K, reserved 1056768K
  class space    used 328K, capacity 424K, committed 512K, reserved 1048576K
Event: 1.389 GC heap after
Heap after GC invocations=14 (full 1):
 def new generation   total 9024K, used 318K [0x00000000c0000000, 0x00000000c09c0000, 0x00000000d5550000)
  eden space 8064K,   3% used [0x00000000c0000000, 0x00000000c004f878, 0x00000000c07e0000)
  from space 960K,   0% used [0x00000000c07e0000, 0x00000000c07e0000, 0x00000000c08d0000)
  to   space 960K,   0% used [0x00000000c08d0000, 0x00000000c08d0000, 0x00000000c09c0000)
 tenured generation   total 19928K, used 11955K [0x00000000d5550000, 0x00000000d68c6000, 0x0000000100000000)
   the space 19928K,  59% used [0x00000000d5550000, 0x00000000d60fcfe8, 0x00000000d60fd000, 0x00000000d68c6000)
 Metaspace       used 3455K, capacity 4728K, committed 4864K, reserved 1056768K
  class space    used 328K, capacity 424K, committed 512K, reserved 1048576K
}
Event: 1.438 GC heap before
{Heap before GC invocations=14 (full 1):
 def new generation   total 9024K, used 8064K [0x00000000c0000000, 0x00000000c09c0000, 0x00000000d5550000)
  eden space 8064K, 100% used [0x00000000c0000000, 0x00000000c07e0000, 0x00000000c07e0000)
  from space 960K,   0% used [0x00000000c07e0000, 0x00000000c07e0000, 0x00000000c08d0000)
  to   space 960K,   0% used [0x00000000c08d0000, 0x00000000c08d0000, 0x00000000c09c0000)
 tenured generation   total 19928K, used 11955K [0x00000000d5550000, 0x00000000d68c6000, 0x0000000100000000)
   the space 19928K,  59% used [0x00000000d5550000, 0x00000000d60fcfe8, 0x00000000d60fd000, 0x00000000d68c6000)
 Metaspace       used 3457K, capacity 4728K, committed 4864K, reserved 1056768K
  class space    used 328K, capacity 424K, committed 512K, reserved 1048576K
Event: 1.452 GC heap after
Heap after GC invocations=15 (full 1):
 def new generation   total 9024K, used 960K [0x00000000c0000000, 0x00000000c09c0000, 0x00000000d5550000)
  eden space 8064K,   0% used [0x00000000c0000000, 0x00000000c0000000, 0x00000000c07e0000)
  from space 960K, 100% used [0x00000000c08d0000, 0x00000000c09c0000, 0x00000000c09c0000)
  to   space 960K,   0% used [0x00000000c07e0000, 0x00000000c07e0000, 0x00000000c08d0000)
 tenured generation   total 19928K, used 12189K [0x00000000d5550000, 0x00000000d68c6000, 0x0000000100000000)
   the space 19928K,  61% used [0x00000000d5550000, 0x00000000d6137780, 0x00000000d6137800, 0x00000000d68c6000)
 Metaspace       used 3457K, capacity 4728K, committed 4864K, reserved 1056768K
  class space    used 328K, capacity 424K, committed 512K, reserved 1048576K
}
Event: 1.496 GC heap before
{Heap before GC invocations=15 (full 1):
 def new generation   total 9024K, used 9024K [0x00000000c0000000, 0x00000000c09c0000, 0x00000000d5550000)
  eden space 8064K, 100% used [0x00000000c0000000, 0x00000000c07e0000, 0x00000000c07e0000)
  from space 960K, 100% used [0x00000000c08d0000, 0x00000000c09c0000, 0x00000000c09c0000)
  to   space 960K,   0% used [0x00000000c07e0000, 0x00000000c07e0000, 0x00000000c08d0000)
 tenured generation   total 19928K, used 12189K [0x00000000d5550000, 0x00000000d68c6000, 0x0000000100000000)
   the space 19928K,  61% used [0x00000000d5550000, 0x00000000d6137780, 0x00000000d6137800, 0x00000000d68c6000)
 Metaspace       used 3463K, capacity 4728K, committed 4864K, reserved 1056768K
  class space    used 328K, capacity 424K, committed 512K, reserved 1048576K
Event: 1.514 GC heap after
Heap after GC invocations=16 (full 1):
 def new generation   total 9024K, used 947K [0x00000000c0000000, 0x00000000c09c0000, 0x00000000d5550000)
  eden space 8064K,   0% used [0x00000000c0000000, 0x00000000c0000000, 0x00000000c07e0000)
  from space 960K,  98% used [0x00000000c07e0000, 0x00000000c08ccf48, 0x00000000c08d0000)
  to   space 960K,   0% used [0x00000000c08d0000, 0x00000000c08d0000, 0x00000000c09c0000)
 tenured generation   total 19928K, used 13149K [0x00000000d5550000, 0x00000000d68c6000, 0x0000000100000000)
   the space 19928K,  65% used [0x00000000d5550000, 0x00000000d6227678, 0x00000000d6227800, 0x00000000d68c6000)
 Metaspace       used 3463K, capacity 4728K, committed 4864K, reserved 1056768K
  class space    used 328K, capacity 424K, committed 512K, reserved 1048576K
}
Event: 1.622 GC heap before
{Heap before GC invocations=16 (full 1):
 def new generation   total 9024K, used 9011K [0x00000000c0000000, 0x00000000c09c0000, 0x00000000d5550000)
  eden space 8064K, 100% used [0x00000000c0000000, 0x00000000c07e0000, 0x00000000c07e0000)
  from space 960K,  98% used [0x00000000c07e0000, 0x00000000c08ccf48, 0x00000000c08d0000)
  to   space 960K,   0% used [0x00000000c08d0000, 0x00000000c08d0000, 0x00000000c09c0000)
 tenured generation   total 19928K, used 13149K [0x00000000d5550000, 0x00000000d68c6000, 0x0000000100000000)
   the space 19928K,  65% used [0x00000000d5550000, 0x00000000d6227678, 0x00000000d6227800, 0x00000000d68c6000)
 Metaspace       used 3464K, capacity 4728K, committed 4864K, reserved 1056768K
  class space    used 328K, capacity 424K, committed 512K, reserved 1048576K
Event: 1.635 GC heap after
Heap after GC invocations=17 (full 1):
 def new generation   total 9024K, used 959K [0x00000000c0000000, 0x00000000c09c0000, 0x00000000d5550000)
  eden space 8064K,   0% used [0x00000000c0000000, 0x00000000c0000000, 0x00000000c07e0000)
  from space 960K,  99% used [0x00000000c08d0000, 0x00000000c09bfff8, 0x00000000c09c0000)
  to   space 960K,   0% used [0x00000000c07e0000, 0x00000000c07e0000, 0x00000000c08d0000)
 tenured generation   total 19928K, used 14428K [0x00000000d5550000, 0x00000000d68c6000, 0x0000000100000000)
   the space 19928K,  72% used [0x00000000d5550000, 0x00000000d6367268, 0x00000000d6367400, 0x00000000d68c6000)
 Metaspace       used 3464K, capacity 4728K, committed 4864K, reserved 1056768K
  class space    used 328K, capacity 424K, committed 512K, reserved 1048576K
}
Event: 1.718 GC heap before
{Heap before GC invocations=17 (full 1):
 def new generation   total 9024K, used 9023K [0x00000000c0000000, 0x00000000c09c0000, 0x00000000d5550000)
  eden space 8064K, 100% used [0x00000000c0000000, 0x00000000c07e0000, 0x00000000c07e0000)
  from space 960K,  99% used [0x00000000c08d0000, 0x00000000c09bfff8, 0x00000000c09c0000)
  to   space 960K,   0% used [0x00000000c07e0000, 0x00000000c07e0000, 0x00000000c08d0000)
 tenured generation   total 19928K, used 14428K [0x00000000d5550000, 0x00000000d68c6000, 0x0000000100000000)
   the space 19928K,  72% used [0x00000000d5550000, 0x00000000d6367268, 0x00000000d6367400, 0x00000000d68c6000)
 Metaspace       used 3464K, capacity 4728K, committed 4864K, reserved 1056768K
  class space    used 328K, capacity 424K, committed 512K, reserved 1048576K
Event: 1.729 GC heap after
Heap after GC invocations=18 (full 1):
 def new generation   total 9024K, used 960K [0x00000000c0000000, 0x00000000c09c0000, 0x00000000d5550000)
  eden space 8064K,   0% used [0x00000000c0000000, 0x00000000c0000000, 0x00000000c07e0000)
  from space 960K, 100% used [0x00000000c07e0000, 0x00000000c08d0000, 0x00000000c08d0000)
  to   space 960K,   0% used [0x00000000c08d0000, 0x00000000c08d0000, 0x00000000c09c0000)
 tenured generation   total 19928K, used 15702K [0x00000000d5550000, 0x00000000d68c6000, 0x0000000100000000)
   the space 19928K,  78% used [0x00000000d5550000, 0x00000000d64a58f8, 0x00000000d64a5a00, 0x00000000d68c6000)
 Metaspace       used 3464K, capacity 4728K, committed 4864K, reserved 1056768K
  class space    used 328K, capacity 424K, committed 512K, reserved 1048576K
}
Event: 1.797 GC heap before
{Heap before GC invocations=18 (full 1):
 def new generation   total 9024K, used 9024K [0x00000000c0000000, 0x00000000c09c0000, 0x00000000d5550000)
  eden space 8064K, 100% used [0x00000000c0000000, 0x00000000c07e0000, 0x00000000c07e0000)
  from space 960K, 100% used [0x00000000c07e0000, 0x00000000c08d0000, 0x00000000c08d0000)
  to   space 960K,   0% used [0x00000000c08d0000, 0x00000000c08d0000, 0x00000000c09c0000)
 tenured generation   total 19928K, used 15702K [0x00000000d5550000, 0x00000000d68c6000, 0x0000000100000000)
   the space 19928K,  78% used [0x00000000d5550000, 0x00000000d64a58f8, 0x00000000d64a5a00, 0x00000000d68c6000)
 Metaspace       used 3464K, capacity 4728K, committed 4864K, reserved 1056768K
  class space    used 328K, capacity 424K, committed 512K, reserved 1048576K
Event: 1.810 GC heap after
Heap after GC invocations=19 (full 1):
 def new generation   total 9024K, used 960K [0x00000000c0000000, 0x00000000c09c0000, 0x00000000d5550000)
  eden space 8064K,   0% used [0x00000000c0000000, 0x00000000c0000000, 0x00000000c07e0000)
  from space 960K, 100% used [0x00000000c08d0000, 0x00000000c09c0000, 0x00000000c09c0000)
  to   space 960K,   0% used [0x00000000c07e0000, 0x00000000c07e0000, 0x00000000c08d0000)
 tenured generation   total 19928K, used 16998K [0x00000000d5550000, 0x00000000d68c6000, 0x0000000100000000)
   the space 19928K,  85% used [0x00000000d5550000, 0x00000000d65e9970, 0x00000000d65e9a00, 0x00000000d68c6000)
 Metaspace       used 3464K, capacity 4728K, committed 4864K, reserved 1056768K
  class space    used 328K, capacity 424K, committed 512K, reserved 1048576K
}
Event: 1.874 GC heap before
{Heap before GC invocations=19 (full 1):
 def new generation   total 9024K, used 9024K [0x00000000c0000000, 0x00000000c09c0000, 0x00000000d5550000)
  eden space 8064K, 100% used [0x00000000c0000000, 0x00000000c07e0000, 0x00000000c07e0000)
  from space 960K, 100% used [0x00000000c08d0000, 0x00000000c09c0000, 0x00000000c09c0000)
  to   space 960K,   0% used [0x00000000c07e0000, 0x00000000c07e0000, 0x00000000c08d0000)
 tenured generation   total 19928K, used 16998K [0x00000000d5550000, 0x00000000d68c6000, 0x0000000100000000)
   the space 19928K,  85% used [0x00000000d5550000, 0x00000000d65e9970, 0x00000000d65e9a00, 0x00000000d68c6000)
 Metaspace       used 3464K, capacity 4728K, committed 4864K, reserved 1056768K
  class space    used 328K, capacity 424K, committed 512K, reserved 1048576K
Event: 1.886 GC heap after
Heap after GC invocations=20 (full 1):
 def new generation   total 9024K, used 960K [0x00000000c0000000, 0x00000000c09c0000, 0x00000000d5550000)
  eden space 8064K,   0% used [0x00000000c0000000, 0x00000000c0000000, 0x00000000c07e0000)
  from space 960K, 100% used [0x00000000c07e0000, 0x00000000c08d0000, 0x00000000c08d0000)
  to   space 960K,   0% used [0x00000000c08d0000, 0x00000000c08d0000, 0x00000000c09c0000)
 tenured generation   total 19928K, used 18282K [0x00000000d5550000, 0x00000000d68c6000, 0x0000000100000000)
   the space 19928K,  91% used [0x00000000d5550000, 0x00000000d672a800, 0x00000000d672a800, 0x00000000d68c6000)
 Metaspace       used 3464K, capacity 4728K, committed 4864K, reserved 1056768K
  class space    used 328K, capacity 424K, committed 512K, reserved 1048576K
}
Event: 1.951 GC heap before
{Heap before GC invocations=20 (full 1):
 def new generation   total 9024K, used 9024K [0x00000000c0000000, 0x00000000c09c0000, 0x00000000d5550000)
  eden space 8064K, 100% used [0x00000000c0000000, 0x00000000c07e0000, 0x00000000c07e0000)
  from space 960K, 100% used [0x00000000c07e0000, 0x00000000c08d0000, 0x00000000c08d0000)
  to   space 960K,   0% used [0x00000000c08d0000, 0x00000000c08d0000, 0x00000000c09c0000)
 tenured generation   total 19928K, used 18282K [0x00000000d5550000, 0x00000000d68c6000, 0x0000000100000000)
   the space 19928K,  91% used [0x00000000d5550000, 0x00000000d672a800, 0x00000000d672a800, 0x00000000d68c6000)
 Metaspace       used 3465K, capacity 4728K, committed 4864K, reserved 1056768K
  class space    used 328K, capacity 424K, committed 512K, reserved 1048576K
Event: 2.093 GC heap after
Heap after GC invocations=21 (full 2):
 def new generation   total 15104K, used 952K [0x00000000c0000000, 0x00000000c1060000, 0x00000000d5550000)
  eden space 13440K,   7% used [0x00000000c0000000, 0x00000000c00ee128, 0x00000000c0d20000)
  from space 1664K,   0% used [0x00000000c0d20000, 0x00000000c0d20000, 0x00000000c0ec0000)
  to   space 1664K,   0% used [0x00000000c0ec0000, 0x00000000c0ec0000, 0x00000000c1060000)
 tenured generation   total 33400K, used 20038K [0x00000000d5550000, 0x00000000d75ee000, 0x0000000100000000)
   the space 33400K,  59% used [0x00000000d5550000, 0x00000000d68e1970, 0x00000000d68e1a00, 0x00000000d75ee000)
 Metaspace       used 3465K, capacity 4728K, committed 4864K, reserved 1056768K
  class space    used 328K, capacity 424K, committed 512K, reserved 1048576K
}
Event: 2.166 GC heap before
{Heap before GC invocations=21 (full 2):
 def new generation   total 15104K, used 13440K [0x00000000c0000000, 0x00000000c1060000, 0x00000000d5550000)
  eden space 13440K, 100% used [0x00000000c0000000, 0x00000000c0d20000, 0x00000000c0d20000)
  from space 1664K,   0% used [0x00000000c0d20000, 0x00000000c0d20000, 0x00000000c0ec0000)
  to   space 1664K,   0% used [0x00000000c0ec0000, 0x00000000c0ec0000, 0x00000000c1060000)
 tenured generation   total 33400K, used 20038K [0x00000000d5550000, 0x00000000d75ee000, 0x0000000100000000)
   the space 33400K,  59% used [0x00000000d5550000, 0x00000000d68e1970, 0x00000000d68e1a00, 0x00000000d75ee000)
 Metaspace       used 3467K, capacity 4728K, committed 4864K, reserved 1056768K
  class space    used 328K, capacity 424K, committed 512K, reserved 1048576K
Event: 2.199 GC heap after
Heap after GC invocations=22 (full 2):
 def new generation   total 15104K, used 1664K [0x00000000c0000000, 0x00000000c1060000, 0x00000000d5550000)
  eden space 13440K,   0% used [0x00000000c0000000, 0x00000000c0000000, 0x00000000c0d20000)
  from space 1664K, 100% used [0x00000000c0ec0000, 0x00000000c1060000, 0x00000000c1060000)
  to   space 1664K,   0% used [0x00000000c0d20000, 0x00000000c0d20000, 0x00000000c0ec0000)
 tenured generation   total 33400K, used 21021K [0x00000000d5550000, 0x00000000d75ee000, 0x0000000100000000)
   the space 33400K,  62% used [0x00000000d5550000, 0x00000000d69d76b8, 0x00000000d69d7800, 0x00000000d75ee000)
 Metaspace       used 3467K, capacity 4728K, committed 4864K, reserved 1056768K
  class space    used 328K, capacity 424K, committed 512K, reserved 1048576K
}
Event: 2.294 GC heap before
{Heap before GC invocations=22 (full 2):
 def new generation   total 15104K, used 15104K [0x00000000c0000000, 0x00000000c1060000, 0x00000000d5550000)
  eden space 13440K, 100% used [0x00000000c0000000, 0x00000000c0d20000, 0x00000000c0d20000)
  from space 1664K, 100% used [0x00000000c0ec0000, 0x00000000c1060000, 0x00000000c1060000)
  to   space 1664K,   0% used [0x00000000c0d20000, 0x00000000c0d20000, 0x00000000c0ec0000)
 tenured generation   total 33400K, used 21021K [0x00000000d5550000, 0x00000000d75ee000, 0x0000000100000000)
   the space 33400K,  62% used [0x00000000d5550000, 0x00000000d69d76b8, 0x00000000d69d7800, 0x00000000d75ee000)
 Metaspace       used 3467K, capacity 4728K, committed 4864K, reserved 1056768K
  class space    used 328K, capacity 424K, committed 512K, reserved 1048576K
Event: 2.308 GC heap after
Heap after GC invocations=23 (full 2):
 def new generation   total 15104K, used 1655K [0x00000000c0000000, 0x00000000c1060000, 0x00000000d5550000)
  eden space 13440K,   0% used [0x00000000c0000000, 0x00000000c0000000, 0x00000000c0d20000)
  from space 1664K,  99% used [0x00000000c0d20000, 0x00000000c0ebdda0, 0x00000000c0ec0000)
  to   space 1664K,   0% used [0x00000000c0ec0000, 0x00000000c0ec0000, 0x00000000c1060000)
 tenured generation   total 33400K, used 22685K [0x00000000d5550000, 0x00000000d75ee000, 0x0000000100000000)
   the space 33400K,  67% used [0x00000000d5550000, 0x00000000d6b77558, 0x00000000d6b77600, 0x00000000d75ee000)
 Metaspace       used 3467K, capacity 4728K, committed 4864K, reserved 1056768K
  class space    used 328K, capacity 424K, committed 512K, reserved 1048576K
}
Event: 2.374 GC heap before
{Heap before GC invocations=23 (full 2):
 def new generation   total 15104K, used 15095K [0x00000000c0000000, 0x00000000c1060000, 0x00000000d5550000)
  eden space 13440K, 100% used [0x00000000c0000000, 0x00000000c0d20000, 0x00000000c0d20000)
  from space 1664K,  99% used [0x00000000c0d20000, 0x00000000c0ebdda0, 0x00000000c0ec0000)
  to   space 1664K,   0% used [0x00000000c0ec0000, 0x00000000c0ec0000, 0x00000000c1060000)
 tenured generation   total 33400K, used 22685K [0x00000000d5550000, 0x00000000d75ee000, 0x0000000100000000)
   the space 33400K,  67% used [0x00000000d5550000, 0x00000000d6b77558, 0x00000000d6b77600, 0x00000000d75ee000)
 Metaspace       used 3467K, capacity 4728K, committed 4864K, reserved 1056768K
  class space    used 328K, capacity 424K, committed 512K, reserved 1048576K
Event: 2.391 GC heap after
Heap after GC invocations=24 (full 2):
 def new generation   total 15104K, used 1654K [0x00000000c0000000, 0x00000000c1060000, 0x00000000d5550000)
  eden space 13440K,   0% used [0x00000000c0000000, 0x00000000c0000000, 0x00000000c0d20000)
  from space 1664K,  99% used [0x00000000c0ec0000, 0x00000000c105db70, 0x00000000c1060000)
  to   space 1664K,   0% used [0x00000000c0d20000, 0x00000000c0d20000, 0x00000000c0ec0000)
 tenured generation   total 33400K, used 24340K [0x00000000d5550000, 0x00000000d75ee000, 0x0000000100000000)
   the space 33400K,  72% used [0x00000000d5550000, 0x00000000d6d150e8, 0x00000000d6d15200, 0x00000000d75ee000)
 Metaspace       used 3467K, capacity 4728K, committed 4864K, reserved 1056768K
  class space    used 328K, capacity 424K, committed 512K, reserved 1048576K
}
Event: 2.470 GC heap before
{Heap before GC invocations=24 (full 2):
 def new generation   total 15104K, used 15094K [0x00000000c0000000, 0x00000000c1060000, 0x00000000d5550000)
  eden space 13440K, 100% used [0x00000000c0000000, 0x00000000c0d20000, 0x00000000c0d20000)
  from space 1664K,  99% used [0x00000000c0ec0000, 0x00000000c105db70, 0x00000000c1060000)
  to   space 1664K,   0% used [0x00000000c0d20000, 0x00000000c0d20000, 0x00000000c0ec0000)
 tenured generation   total 33400K, used 24340K [0x00000000d5550000, 0x00000000d75ee000, 0x0000000100000000)
   the space 33400K,  72% used [0x00000000d5550000, 0x00000000d6d150e8, 0x00000000d6d15200, 0x00000000d75ee000)
 Metaspace       used 3467K, capacity 4728K, committed 4864K, reserved 1056768K
  class space    used 328K, capacity 424K, committed 512K, reserved 1048576K
Event: 2.490 GC heap after
Heap after GC invocations=25 (full 2):
 def new generation   total 15104K, used 1664K [0x00000000c0000000, 0x00000000c1060000, 0x00000000d5550000)
  eden space 13440K,   0% used [0x00000000c0000000, 0x00000000c0000000, 0x00000000c0d20000)
  from space 1664K, 100% used [0x00000000c0d20000, 0x00000000c0ec0000, 0x00000000c0ec0000)
  to   space 1664K,   0% used [0x00000000c0ec0000, 0x00000000c0ec0000, 0x00000000c1060000)
 tenured generation   total 33400K, used 26396K [0x00000000d5550000, 0x00000000d75ee000, 0x0000000100000000)
   the space 33400K,  79% used [0x00000000d5550000, 0x00000000d6f17098, 0x00000000d6f17200, 0x00000000d75ee000)
 Metaspace       used 3467K, capacity 4728K, committed 4864K, reserved 1056768K
  class space    used 328K, capacity 424K, committed 512K, reserved 1048576K
}
Event: 2.581 GC heap before
{Heap before GC invocations=25 (full 2):
 def new generation   total 15104K, used 15104K [0x00000000c0000000, 0x00000000c1060000, 0x00000000d5550000)
  eden space 13440K, 100% used [0x00000000c0000000, 0x00000000c0d20000, 0x00000000c0d20000)
  from space 1664K, 100% used [0x00000000c0d20000, 0x00000000c0ec0000, 0x00000000c0ec0000)
  to   space 1664K,   0% used [0x00000000c0ec0000, 0x00000000c0ec0000, 0x00000000c1060000)
 tenured generation   total 33400K, used 26396K [0x00000000d5550000, 0x00000000d75ee000, 0x0000000100000000)
   the space 33400K,  79% used [0x00000000d5550000, 0x00000000d6f17098, 0x00000000d6f17200, 0x00000000d75ee000)
 Metaspace       used 3469K, capacity 4728K, committed 4864K, reserved 1056768K
  class space    used 328K, capacity 424K, committed 512K, reserved 1048576K
Event: 2.605 GC heap after
Heap after GC invocations=26 (full 2):
 def new generation   total 15104K, used 1664K [0x00000000c0000000, 0x00000000c1060000, 0x00000000d5550000)
  eden space 13440K,   0% used [0x00000000c0000000, 0x00000000c0000000, 0x00000000c0d20000)
  from space 1664K, 100% used [0x00000000c0ec0000, 0x00000000c1060000, 0x00000000c1060000)
  to   space 1664K,   0% used [0x00000000c0d20000, 0x00000000c0d20000, 0x00000000c0ec0000)
 tenured generation   total 33400K, used 28084K [0x00000000d5550000, 0x00000000d75ee000, 0x0000000100000000)
   the space 33400K,  84% used [0x00000000d5550000, 0x00000000d70bd030, 0x00000000d70bd200, 0x00000000d75ee000)
 Metaspace       used 3469K, capacity 4728K, committed 4864K, reserved 1056768K
  class space    used 328K, capacity 424K, committed 512K, reserved 1048576K
}
Event: 2.687 GC heap before
{Heap before GC invocations=26 (full 2):
 def new generation   total 15104K, used 15104K [0x00000000c0000000, 0x00000000c1060000, 0x00000000d5550000)
  eden space 13440K, 100% used [0x00000000c0000000, 0x00000000c0d20000, 0x00000000c0d20000)
  from space 1664K, 100% used [0x00000000c0ec0000, 0x00000000c1060000, 0x00000000c1060000)
  to   space 1664K,   0% used [0x00000000c0d20000, 0x00000000c0d20000, 0x00000000c0ec0000)
 tenured generation   total 33400K, used 28084K [0x00000000d5550000, 0x00000000d75ee000, 0x0000000100000000)
   the space 33400K,  84% used [0x00000000d5550000, 0x00000000d70bd030, 0x00000000d70bd200, 0x00000000d75ee000)
 Metaspace       used 3469K, capacity 4728K, committed 4864K, reserved 1056768K
  class space    used 328K, capacity 424K, committed 512K, reserved 1048576K
Event: 2.706 GC heap after
Heap after GC invocations=27 (full 2):
 def new generation   total 15104K, used 1648K [0x00000000c0000000, 0x00000000c1060000, 0x00000000d5550000)
  eden space 13440K,   0% used [0x00000000c0000000, 0x00000000c0000000, 0x00000000c0d20000)
  from space 1664K,  99% used [0x00000000c0d20000, 0x00000000c0ebc338, 0x00000000c0ec0000)
  to   space 1664K,   0% used [0x00000000c0ec0000, 0x00000000c0ec0000, 0x00000000c1060000)
 tenured generation   total 33400K, used 29747K [0x00000000d5550000, 0x00000000d75ee000, 0x0000000100000000)
   the space 33400K,  89% used [0x00000000d5550000, 0x00000000d725cfb8, 0x00000000d725d000, 0x00000000d75ee000)
 Metaspace       used 3469K, capacity 4728K, committed 4864K, reserved 1056768K
  class space    used 328K, capacity 424K, committed 512K, reserved 1048576K
}
Event: 2.764 GC heap before
{Heap before GC invocations=27 (full 2):
 def new generation   total 15104K, used 15088K [0x00000000c0000000, 0x00000000c1060000, 0x00000000d5550000)
  eden space 13440K, 100% used [0x00000000c0000000, 0x00000000c0d20000, 0x00000000c0d20000)
  from space 1664K,  99% used [0x00000000c0d20000, 0x00000000c0ebc338, 0x00000000c0ec0000)
  to   space 1664K,   0% used [0x00000000c0ec0000, 0x00000000c0ec0000, 0x00000000c1060000)
 tenured generation   total 33400K, used 29747K [0x00000000d5550000, 0x00000000d75ee000, 0x0000000100000000)
   the space 33400K,  89% used [0x00000000d5550000, 0x00000000d725cfb8, 0x00000000d725d000, 0x00000000d75ee000)
 Metaspace       used 3469K, capacity 4728K, committed 4864K, reserved 1056768K
  class space    used 328K, capacity 424K, committed 512K, reserved 1048576K
Event: 2.781 GC heap after
Heap after GC invocations=28 (full 2):
 def new generation   total 15104K, used 1641K [0x00000000c0000000, 0x00000000c1060000, 0x00000000d5550000)
  eden space 13440K,   0% used [0x00000000c0000000, 0x00000000c0000000, 0x00000000c0d20000)
  from space 1664K,  98% used [0x00000000c0ec0000, 0x00000000c105a650, 0x00000000c1060000)
  to   space 1664K,   0% used [0x00000000c0d20000, 0x00000000c0d20000, 0x00000000c0ec0000)
 tenured generation   total 33400K, used 31396K [0x00000000d5550000, 0x00000000d75ee000, 0x0000000100000000)
   the space 33400K,  94% used [0x00000000d5550000, 0x00000000d73f9228, 0x00000000d73f9400, 0x00000000d75ee000)
 Metaspace       used 3469K, capacity 4728K, committed 4864K, reserved 1056768K
  class space    used 328K, capacity 424K, committed 512K, reserved 1048576K
}
Event: 2.850 GC heap before
{Heap before GC invocations=28 (full 2):
 def new generation   total 15104K, used 15081K [0x00000000c0000000, 0x00000000c1060000, 0x00000000d5550000)
  eden space 13440K, 100% used [0x00000000c0000000, 0x00000000c0d20000, 0x00000000c0d20000)
  from space 1664K,  98% used [0x00000000c0ec0000, 0x00000000c105a650, 0x00000000c1060000)
  to   space 1664K,   0% used [0x00000000c0d20000, 0x00000000c0d20000, 0x00000000c0ec0000)
 tenured generation   total 33400K, used 31396K [0x00000000d5550000, 0x00000000d75ee000, 0x0000000100000000)
   the space 33400K,  94% used [0x00000000d5550000, 0x00000000d73f9228, 0x00000000d73f9400, 0x00000000d75ee000)
 Metaspace       used 3469K, capacity 4728K, committed 4864K, reserved 1056768K
  class space    used 328K, capacity 424K, committed 512K, reserved 1048576K
Event: 2.862 GC heap after
Heap after GC invocations=29 (full 2):
 def new generation   total 15104K, used 1572K [0x00000000c0000000, 0x00000000c1060000, 0x00000000d5550000)
  eden space 13440K,   0% used [0x00000000c0000000, 0x00000000c0000000, 0x00000000c0d20000)
  from space 1664K,  94% used [0x00000000c0d20000, 0x00000000c0ea9060, 0x00000000c0ec0000)
  to   space 1664K,   0% used [0x00000000c0ec0000, 0x00000000c0ec0000, 0x00000000c1060000)
 tenured generation   total 33400K, used 33037K [0x00000000d5550000, 0x00000000d75ee000, 0x0000000100000000)
   the space 33400K,  98% used [0x00000000d5550000, 0x00000000d75937b0, 0x00000000d7593800, 0x00000000d75ee000)
 Metaspace       used 3469K, capacity 4728K, committed 4864K, reserved 1056768K
  class space    used 328K, capacity 424K, committed 512K, reserved 1048576K
}
Event: 2.963 GC heap before
{Heap before GC invocations=29 (full 2):
 def new generation   total 15104K, used 15012K [0x00000000c0000000, 0x00000000c1060000, 0x00000000d5550000)
  eden space 13440K, 100% used [0x00000000c0000000, 0x00000000c0d20000, 0x00000000c0d20000)
  from space 1664K,  94% used [0x00000000c0d20000, 0x00000000c0ea9060, 0x00000000c0ec0000)
  to   space 1664K,   0% used [0x00000000c0ec0000, 0x00000000c0ec0000, 0x00000000c1060000)
 tenured generation   total 33400K, used 33037K [0x00000000d5550000, 0x00000000d75ee000, 0x0000000100000000)
   the space 33400K,  98% used [0x00000000d5550000, 0x00000000d75937b0, 0x00000000d7593800, 0x00000000d75ee000)
 Metaspace       used 3472K, capacity 4728K, committed 4864K, reserved 1056768K
  class space    used 328K, capacity 424K, committed 512K, reserved 1048576K
Event: 3.174 GC heap after
Heap after GC invocations=30 (full 3):
 def new generation   total 26112K, used 1438K [0x00000000c0000000, 0x00000000c1c50000, 0x00000000d5550000)
  eden space 23232K,   6% used [0x00000000c0000000, 0x00000000c01678b8, 0x00000000c16b0000)
  from space 2880K,   0% used [0x00000000c16b0000, 0x00000000c16b0000, 0x00000000c1980000)
  to   space 2880K,   0% used [0x00000000c1980000, 0x00000000c1980000, 0x00000000c1c50000)
 tenured generation   total 57908K, used 34743K [0x00000000d5550000, 0x00000000d8ddd000, 0x0000000100000000)
   the space 57908K,  59% used [0x00000000d5550000, 0x00000000d773dfe8, 0x00000000d773e000, 0x00000000d8ddd000)
 Metaspace       used 3472K, capacity 4728K, committed 4864K, reserved 1056768K
  class space    used 328K, capacity 424K, committed 512K, reserved 1048576K
}
Event: 3.280 GC heap before
{Heap before GC invocations=30 (full 3):
 def new generation   total 26112K, used 23232K [0x00000000c0000000, 0x00000000c1c50000, 0x00000000d5550000)
  eden space 23232K, 100% used [0x00000000c0000000, 0x00000000c16b0000, 0x00000000c16b0000)
  from space 2880K,   0% used [0x00000000c16b0000, 0x00000000c16b0000, 0x00000000c1980000)
  to   space 2880K,   0% used [0x00000000c1980000, 0x00000000c1980000, 0x00000000c1c50000)
 tenured generation   total 57908K, used 34743K [0x00000000d5550000, 0x00000000d8ddd000, 0x0000000100000000)
   the space 57908K,  59% used [0x00000000d5550000, 0x00000000d773dfe8, 0x00000000d773e000, 0x00000000d8ddd000)
 Metaspace       used 3472K, capacity 4728K, committed 4864K, reserved 1056768K
  class space    used 328K, capacity 424K, committed 512K, reserved 1048576K
Event: 3.347 GC heap after
Heap after GC invocations=31 (full 3):
 def new generation   total 26112K, used 2880K [0x00000000c0000000, 0x00000000c1c50000, 0x00000000d5550000)
  eden space 23232K,   0% used [0x00000000c0000000, 0x00000000c0000000, 0x00000000c16b0000)
  from space 2880K, 100% used [0x00000000c1980000, 0x00000000c1c50000, 0x00000000c1c50000)
  to   space 2880K,   0% used [0x00000000c16b0000, 0x00000000c16b0000, 0x00000000c1980000)
 tenured generation   total 57908K, used 35853K [0x00000000d5550000, 0x00000000d8ddd000, 0x0000000100000000)
   the space 57908K,  61% used [0x00000000d5550000, 0x00000000d7853688, 0x00000000d7853800, 0x00000000d8ddd000)
 Metaspace       used 3472K, capacity 4728K, committed 4864K, reserved 1056768K
  class space    used 328K, capacity 424K, committed 512K, reserved 1048576K
}
Event: 3.455 GC heap before
{Heap before GC invocations=31 (full 3):
 def new generation   total 26112K, used 26112K [0x00000000c0000000, 0x00000000c1c50000, 0x00000000d5550000)
  eden space 23232K, 100% used [0x00000000c0000000, 0x00000000c16b0000, 0x00000000c16b0000)
  from space 2880K, 100% used [0x00000000c1980000, 0x00000000c1c50000, 0x00000000c1c50000)
  to   space 2880K,   0% used [0x00000000c16b0000, 0x00000000c16b0000, 0x00000000c1980000)
 tenured generation   total 57908K, used 35853K [0x00000000d5550000, 0x00000000d8ddd000, 0x0000000100000000)
   the space 57908K,  61% used [0x00000000d5550000, 0x00000000d7853688, 0x00000000d7853800, 0x00000000d8ddd000)
 Metaspace       used 3472K, capacity 4728K, committed 4864K, reserved 1056768K
  class space    used 328K, capacity 424K, committed 512K, reserved 1048576K
Event: 3.492 GC heap after
Heap after GC invocations=32 (full 3):
 def new generation   total 26112K, used 2716K [0x00000000c0000000, 0x00000000c1c50000, 0x00000000d5550000)
  eden space 23232K,   0% used [0x00000000c0000000, 0x00000000c0000000, 0x00000000c16b0000)
  from space 2880K,  94% used [0x00000000c16b0000, 0x00000000c19573e8, 0x00000000c1980000)
  to   space 2880K,   0% used [0x00000000c1980000, 0x00000000c1980000, 0x00000000c1c50000)
 tenured generation   total 57908K, used 38733K [0x00000000d5550000, 0x00000000d8ddd000, 0x0000000100000000)
   the space 57908K,  66% used [0x00000000d5550000, 0x00000000d7b23580, 0x00000000d7b23600, 0x00000000d8ddd000)
 Metaspace       used 3472K, capacity 4728K, committed 4864K, reserved 1056768K
  class space    used 328K, capacity 424K, committed 512K, reserved 1048576K
}
Event: 3.602 GC heap before
{Heap before GC invocations=32 (full 3):
 def new generation   total 26112K, used 25948K [0x00000000c0000000, 0x00000000c1c50000, 0x00000000d5550000)
  eden space 23232K, 100% used [0x00000000c0000000, 0x00000000c16b0000, 0x00000000c16b0000)
  from space 2880K,  94% used [0x00000000c16b0000, 0x00000000c19573e8, 0x00000000c1980000)
  to   space 2880K,   0% used [0x00000000c1980000, 0x00000000c1980000, 0x00000000c1c50000)
 tenured generation   total 57908K, used 38733K [0x00000000d5550000, 0x00000000d8ddd000, 0x0000000100000000)
   the space 57908K,  66% used [0x00000000d5550000, 0x00000000d7b23580, 0x00000000d7b23600, 0x00000000d8ddd000)
 Metaspace       used 3472K, capacity 4728K, committed 4864K, reserved 1056768K
  class space    used 328K, capacity 424K, committed 512K, reserved 1048576K
Event: 3.658 GC heap after
Heap after GC invocations=33 (full 3):
 def new generation   total 26112K, used 2718K [0x00000000c0000000, 0x00000000c1c50000, 0x00000000d5550000)
  eden space 23232K,   0% used [0x00000000c0000000, 0x00000000c0000000, 0x00000000c16b0000)
  from space 2880K,  94% used [0x00000000c1980000, 0x00000000c1c27ba8, 0x00000000c1c50000)
  to   space 2880K,   0% used [0x00000000c16b0000, 0x00000000c16b0000, 0x00000000c1980000)
 tenured generation   total 57908K, used 41450K [0x00000000d5550000, 0x00000000d8ddd000, 0x0000000100000000)
   the space 57908K,  71% used [0x00000000d5550000, 0x00000000d7dca810, 0x00000000d7dcaa00, 0x00000000d8ddd000)
 Metaspace       used 3472K, capacity 4728K, committed 4864K, reserved 1056768K
  class space    used 328K, capacity 424K, committed 512K, reserved 1048576K
}
Event: 3.769 GC heap before
{Heap before GC invocations=33 (full 3):
 def new generation   total 26112K, used 25950K [0x00000000c0000000, 0x00000000c1c50000, 0x00000000d5550000)
  eden space 23232K, 100% used [0x00000000c0000000, 0x00000000c16b0000, 0x00000000c16b0000)
  from space 2880K,  94% used [0x00000000c1980000, 0x00000000c1c27ba8, 0x00000000c1c50000)
  to   space 2880K,   0% used [0x00000000c16b0000, 0x00000000c16b0000, 0x00000000c1980000)
 tenured generation   total 57908K, used 41450K [0x00000000d5550000, 0x00000000d8ddd000, 0x0000000100000000)
   the space 57908K,  71% used [0x00000000d5550000, 0x00000000d7dca810, 0x00000000d7dcaa00, 0x00000000d8ddd000)
 Metaspace       used 3472K, capacity 4728K, committed 4864K, reserved 1056768K
  class space    used 328K, capacity 424K, committed 512K, reserved 1048576K
Event: 3.807 GC heap after
Heap after GC invocations=34 (full 3):
 def new generation   total 26112K, used 2718K [0x00000000c0000000, 0x00000000c1c50000, 0x00000000d5550000)
  eden space 23232K,   0% used [0x00000000c0000000, 0x00000000c0000000, 0x00000000c16b0000)
  from space 2880K,  94% used [0x00000000c16b0000, 0x00000000c1957b98, 0x00000000c1980000)
  to   space 2880K,   0% used [0x00000000c1980000, 0x00000000c1980000, 0x00000000c1c50000)
 tenured generation   total 57908K, used 44168K [0x00000000d5550000, 0x00000000d8ddd000, 0x0000000100000000)
   the space 57908K,  76% used [0x00000000d5550000, 0x00000000d8072350, 0x00000000d8072400, 0x00000000d8ddd000)
 Metaspace       used 3472K, capacity 4728K, committed 4864K, reserved 1056768K
  class space    used 328K, capacity 424K, committed 512K, reserved 1048576K
}
Event: 3.915 GC heap before
{Heap before GC invocations=34 (full 3):
 def new generation   total 26112K, used 25950K [0x00000000c0000000, 0x00000000c1c50000, 0x00000000d5550000)
  eden space 23232K, 100% used [0x00000000c0000000, 0x00000000c16b0000, 0x00000000c16b0000)
  from space 2880K,  94% used [0x00000000c16b0000, 0x00000000c1957b98, 0x00000000c1980000)
  to   space 2880K,   0% used [0x00000000c1980000, 0x00000000c1980000, 0x00000000c1c50000)
 tenured generation   total 57908K, used 44168K [0x00000000d5550000, 0x00000000d8ddd000, 0x0000000100000000)
   the space 57908K,  76% used [0x00000000d5550000, 0x00000000d8072350, 0x00000000d8072400, 0x00000000d8ddd000)
 Metaspace       used 3472K, capacity 4728K, committed 4864K, reserved 1056768K
  class space    used 328K, capacity 424K, committed 512K, reserved 1048576K
Event: 3.950 GC heap after
Heap after GC invocations=35 (full 3):
 def new generation   total 26112K, used 2718K [0x00000000c0000000, 0x00000000c1c50000, 0x00000000d5550000)
  eden space 23232K,   0% used [0x00000000c0000000, 0x00000000c0000000, 0x00000000c16b0000)
  from space 2880K,  94% used [0x00000000c1980000, 0x00000000c1c27b50, 0x00000000c1c50000)
  to   space 2880K,   0% used [0x00000000c16b0000, 0x00000000c16b0000, 0x00000000c1980000)
 tenured generation   total 57908K, used 46887K [0x00000000d5550000, 0x00000000d8ddd000, 0x0000000100000000)
   the space 57908K,  80% used [0x00000000d5550000, 0x00000000d8319e20, 0x00000000d831a000, 0x00000000d8ddd000)
 Metaspace       used 3472K, capacity 4728K, committed 4864K, reserved 1056768K
  class space    used 328K, capacity 424K, committed 512K, reserved 1048576K
}
Event: 4.060 GC heap before
{Heap before GC invocations=35 (full 3):
 def new generation   total 26112K, used 25950K [0x00000000c0000000, 0x00000000c1c50000, 0x00000000d5550000)
  eden space 23232K, 100% used [0x00000000c0000000, 0x00000000c16b0000, 0x00000000c16b0000)
  from space 2880K,  94% used [0x00000000c1980000, 0x00000000c1c27b50, 0x00000000c1c50000)
  to   space 2880K,   0% used [0x00000000c16b0000, 0x00000000c16b0000, 0x00000000c1980000)
 tenured generation   total 57908K, used 46887K [0x00000000d5550000, 0x00000000d8ddd000, 0x0000000100000000)
   the space 57908K,  80% used [0x00000000d5550000, 0x00000000d8319e20, 0x00000000d831a000, 0x00000000d8ddd000)
 Metaspace       used 3472K, capacity 4728K, committed 4864K, reserved 1056768K
  class space    used 328K, capacity 424K, committed 512K, reserved 1048576K
Event: 4.102 GC heap after
Heap after GC invocations=36 (full 3):
 def new generation   total 26112K, used 2717K [0x00000000c0000000, 0x00000000c1c50000, 0x00000000d5550000)
  eden space 23232K,   0% used [0x00000000c0000000, 0x00000000c0000000, 0x00000000c16b0000)
  from space 2880K,  94% used [0x00000000c16b0000, 0x00000000c1957408, 0x00000000c1980000)
  to   space 2880K,   0% used [0x00000000c1980000, 0x00000000c1980000, 0x00000000c1c50000)
 tenured generation   total 57908K, used 49606K [0x00000000d5550000, 0x00000000d8ddd000, 0x0000000100000000)
   the space 57908K,  85% used [0x00000000d5550000, 0x00000000d85c18c0, 0x00000000d85c1a00, 0x00000000d8ddd000)
 Metaspace       used 3472K, capacity 4728K, committed 4864K, reserved 1056768K
  class space    used 328K, capacity 424K, committed 512K, reserved 1048576K
}
Event: 4.209 GC heap before
{Heap before GC invocations=36 (full 3):
 def new generation   total 26112K, used 25949K [0x00000000c0000000, 0x00000000c1c50000, 0x00000000d5550000)
  eden space 23232K, 100% used [0x00000000c0000000, 0x00000000c16b0000, 0x00000000c16b0000)
  from space 2880K,  94% used [0x00000000c16b0000, 0x00000000c1957408, 0x00000000c1980000)
  to   space 2880K,   0% used [0x00000000c1980000, 0x00000000c1980000, 0x00000000c1c50000)
 tenured generation   total 57908K, used 49606K [0x00000000d5550000, 0x00000000d8ddd000, 0x0000000100000000)
   the space 57908K,  85% used [0x00000000d5550000, 0x00000000d85c18c0, 0x00000000d85c1a00, 0x00000000d8ddd000)
 Metaspace       used 3472K, capacity 4728K, committed 4864K, reserved 1056768K
  class space    used 328K, capacity 424K, committed 512K, reserved 1048576K
Event: 4.254 GC heap after
Heap after GC invocations=37 (full 3):
 def new generation   total 26112K, used 2719K [0x00000000c0000000, 0x00000000c1c50000, 0x00000000d5550000)
  eden space 23232K,   0% used [0x00000000c0000000, 0x00000000c0000000, 0x00000000c16b0000)
  from space 2880K,  94% used [0x00000000c1980000, 0x00000000c1c27f28, 0x00000000c1c50000)
  to   space 2880K,   0% used [0x00000000c16b0000, 0x00000000c16b0000, 0x00000000c1980000)
 tenured generation   total 57908K, used 52323K [0x00000000d5550000, 0x00000000d8ddd000, 0x0000000100000000)
   the space 57908K,  90% used [0x00000000d5550000, 0x00000000d8868c38, 0x00000000d8868e00, 0x00000000d8ddd000)
 Metaspace       used 3472K, capacity 4728K, committed 4864K, reserved 1056768K
  class space    used 328K, capacity 424K, committed 512K, reserved 1048576K
}
Event: 4.365 GC heap before
{Heap before GC invocations=37 (full 3):
 def new generation   total 26112K, used 25951K [0x00000000c0000000, 0x00000000c1c50000, 0x00000000d5550000)
  eden space 23232K, 100% used [0x00000000c0000000, 0x00000000c16b0000, 0x00000000c16b0000)
  from space 2880K,  94% used [0x00000000c1980000, 0x00000000c1c27f28, 0x00000000c1c50000)
  to   space 2880K,   0% used [0x00000000c16b0000, 0x00000000c16b0000, 0x00000000c1980000)
 tenured generation   total 57908K, used 52323K [0x00000000d5550000, 0x00000000d8ddd000, 0x0000000100000000)
   the space 57908K,  90% used [0x00000000d5550000, 0x00000000d8868c38, 0x00000000d8868e00, 0x00000000d8ddd000)
 Metaspace       used 3472K, capacity 4728K, committed 4864K, reserved 1056768K
  class space    used 328K, capacity 424K, committed 512K, reserved 1048576K
Event: 4.402 GC heap after
Heap after GC invocations=38 (full 3):
 def new generation   total 26112K, used 2720K [0x00000000c0000000, 0x00000000c1c50000, 0x00000000d5550000)
  eden space 23232K,   0% used [0x00000000c0000000, 0x00000000c0000000, 0x00000000c16b0000)
  from space 2880K,  94% used [0x00000000c16b0000, 0x00000000c19583e0, 0x00000000c1980000)
  to   space 2880K,   0% used [0x00000000c1980000, 0x00000000c1980000, 0x00000000c1c50000)
 tenured generation   total 57908K, used 55042K [0x00000000d5550000, 0x00000000d8ddd000, 0x0000000100000000)
   the space 57908K,  95% used [0x00000000d5550000, 0x00000000d8b10ae0, 0x00000000d8b10c00, 0x00000000d8ddd000)
 Metaspace       used 3472K, capacity 4728K, committed 4864K, reserved 1056768K
  class space    used 328K, capacity 424K, committed 512K, reserved 1048576K
}
Event: 4.518 GC heap before
{Heap before GC invocations=38 (full 3):
 def new generation   total 26112K, used 25952K [0x00000000c0000000, 0x00000000c1c50000, 0x00000000d5550000)
  eden space 23232K, 100% used [0x00000000c0000000, 0x00000000c16b0000, 0x00000000c16b0000)
  from space 2880K,  94% used [0x00000000c16b0000, 0x00000000c19583e0, 0x00000000c1980000)
  to   space 2880K,   0% used [0x00000000c1980000, 0x00000000c1980000, 0x00000000c1c50000)
 tenured generation   total 57908K, used 55042K [0x00000000d5550000, 0x00000000d8ddd000, 0x0000000100000000)
   the space 57908K,  95% used [0x00000000d5550000, 0x00000000d8b10ae0, 0x00000000d8b10c00, 0x00000000d8ddd000)
 Metaspace       used 3472K, capacity 4728K, committed 4864K, reserved 1056768K
  class space    used 328K, capacity 424K, committed 512K, reserved 1048576K
Event: 4.556 GC heap after
Heap after GC invocations=39 (full 3):
 def new generation   total 26112K, used 2718K [0x00000000c0000000, 0x00000000c1c50000, 0x00000000d5550000)
  eden space 23232K,   0% used [0x00000000c0000000, 0x00000000c0000000, 0x00000000c16b0000)
  from space 2880K,  94% used [0x00000000c1980000, 0x00000000c1c27838, 0x00000000c1c50000)
  to   space 2880K,   0% used [0x00000000c16b0000, 0x00000000c16b0000, 0x00000000c1980000)
 tenured generation   total 57908K, used 57763K [0x00000000d5550000, 0x00000000d8ddd000, 0x0000000100000000)
   the space 57908K,  99% used [0x00000000d5550000, 0x00000000d8db8e48, 0x00000000d8db9000, 0x00000000d8ddd000)
 Metaspace       used 3472K, capacity 4728K, committed 4864K, reserved 1056768K
  class space    used 328K, capacity 424K, committed 512K, reserved 1048576K
}
Event: 4.674 GC heap before
{Heap before GC invocations=39 (full 3):
 def new generation   total 26112K, used 25950K [0x00000000c0000000, 0x00000000c1c50000, 0x00000000d5550000)
  eden space 23232K, 100% used [0x00000000c0000000, 0x00000000c16b0000, 0x00000000c16b0000)
  from space 2880K,  94% used [0x00000000c1980000, 0x00000000c1c27838, 0x00000000c1c50000)
  to   space 2880K,   0% used [0x00000000c16b0000, 0x00000000c16b0000, 0x00000000c1980000)
 tenured generation   total 57908K, used 57763K [0x00000000d5550000, 0x00000000d8ddd000, 0x0000000100000000)
   the space 57908K,  99% used [0x00000000d5550000, 0x00000000d8db8e48, 0x00000000d8db9000, 0x00000000d8ddd000)
 Metaspace       used 3472K, capacity 4728K, committed 4864K, reserved 1056768K
  class space    used 328K, capacity 424K, committed 512K, reserved 1048576K

