# JRE version: OpenJDK Runtime Environment (8.0_201-b09) (build 1.8.0_201-b09)
# Java VM: OpenJDK 64-Bit Server VM (25.201-b09 mixed mode linux-amd64 compressed oops)
Heap:
 def new generation   total 26112K, used 1502K [0x00000000c0000000, 0x00000000c1c50000, 0x00000000d5550000)
  eden space 23232K,   6% used [0x00000000c0000000, 0x00000000c01778a0, 0x00000000c16b0000)
  from space 2880K,   0% used [0x00000000c16b0000, 0x00000000c16b0000, 0x00000000c1980000)
  to   space 2880K,   0% used [0x00000000c1980000, 0x00000000c1980000, 0x00000000c1c50000)
 tenured generation   total 60568K, used 60568K [0x00000000d5550000, 0x00000000d9076000, 0x0000000100000000)
   the space 60568K, 100% used [0x00000000d5550000, 0x00000000d9076000, 0x00000000d9076000, 0x00000000d9076000)
 Metaspace       used 3474K, capacity 4728K, committed 4864K, reserved 1056768K
  class space    used 328K, capacity 424K, committed 512K, reserved 1048576K
GC Heap History (79 events):
Event: 0.383 GC heap before
{Heap before GC invocations=0 (full 0):
 def new generation   total 4928K, used 4245K [0x00000000c0000000, 0x00000000c0550000, 0x00000000d5550000)
  eden space 4416K,  96% used [0x00000000c0000000, 0x00000000c0425548, 0x00000000c0450000)
  from space 512K,   0% used [0x00000000c0450000, 0x00000000c0450000, 0x00000000c04d0000)
  to   space 512K,   0% used [0x00000000c04d0000, 0x00000000c04d0000, 0x00000000c0550000)
 tenured generation   total 10944K, used 0K [0x00000000d5550000, 0x00000000d6000000, 0x0000000100000000)
   the space 10944K,   0% used [0x00000000d5550000, 0x00000000d5550000, 0x00000000d5550200, 0x00000000d6000000)
 Metaspace       used 3292K, capacity 4728K, committed 4864K, reserved 1056768K
  class space    used 322K, capacity 424K, committed 512K, reserved 1048576K
Event: 0.387 GC heap after
Heap after GC invocations=1 (full 0):
 def new generation   total 4928K, used 511K [0x00000000c0000000, 0x00000000c0550000, 0x00000000d5550000)
  eden space 4416K,   0% used [0x00000000c0000000, 0x00000000c0000000, 0x00000000c0450000)
  from space 512K,  99% used [0x00000000c04d0000, 0x00000000c054fff8, 0x00000000c0550000)
  to   space 512K,   0% used [0x00000000c0450000, 0x00000000c0450000, 0x00000000c04d0000)
 tenured generation   total 10944K, used 2729K [0x00000000d5550000, 0x00000000d6000000, 0x0000000100000000)
   the space 10944K,  24% used [0x00000000d5550000, 0x00000000d57fa708, 0x00000000d57fa800, 0x00000000d6000000)
 Metaspace       used 3292K, capacity 4728K, committed 4864K, reserved 1056768K
  class space    used 322K, capacity 424K, committed 512K, reserved 1048576K
}
Event: 0.499 GC heap before
{Heap before GC invocations=1 (full 0):
 def new generation   total 4928K, used 4927K [0x00000000c0000000, 0x00000000c0550000, 0x00000000d5550000)
  eden space 4416K, 100% used [0x00000000c0000000, 0x00000000c0450000, 0x00000000c0450000)
  from space 512K,  99% used [0x00000000c04d0000, 0x00000000c054fff8, 0x00000000c0550000)
  to   space 512K,   0% used [0x00000000c0450000, 0x00000000c0450000, 0x00000000c04d0000)
 tenured generation   total 10944K, used 2729K [0x00000000d5550000, 0x00000000d6000000, 0x0000000100000000)
   the space 10944K,  24% used [0x00000000d5550000, 0x00000000d57fa708, 0x00000000d57fa800, 0x00000000d6000000)
 Metaspace       used 3434K, capacity 4728K, committed 4864K, reserved 1056768K
  class space    used 328K, capacity 424K, committed 512K, reserved 1048576K
Event: 0.503 GC heap after
Heap after GC invocations=2 (full 0):
 def new generation   total 4928K, used 512K [0x00000000c0000000, 0x00000000c0550000, 0x00000000d5550000)
  eden space 4416K,   0% used [0x00000000c0000000, 0x00000000c0000000, 0x00000000c0450000)
  from space 512K, 100% used [0x00000000c0450000, 0x00000000c04d0000, 0x00000000c04d0000)
  to   space 512K,   0% used [0x00000000c04d0000, 0x00000000c04d0000, 0x00000000c0550000)
 tenured generation   total 10944K, used 5314K [0x00000000d5550000, 0x00000000d6000000, 0x0000000100000000)
   the space 10944K,  48% used [0x00000000d5550000, 0x00000000d5a80bd8, 0x00000000d5a80c00, 0x00000000d6000000)
 Metaspace       used 3434K, capacity 4728K, committed 4864K, reserved 1056768K
  class space    used 328K, capacity 424K, committed 512K, reserved 1048576K
}
Event: 0.583 GC heap before
{Heap before GC invocations=2 (full 0):
 def new generation   total 4928K, used 4928K [0x00000000c0000000, 0x00000000c0550000, 0x00000000d5550000)
  eden space 4416K, 100% used [0x00000000c0000000, 0x00000000c0450000, 0x00000000c0450000)
  from space 512K, 100% used [0x00000000c0450000, 0x00000000c04d0000, 0x00000000c04d0000)
  to   space 512K,   0% used [0x00000000c04d0000, 0x00000000c04d0000, 0x00000000c0550000)
 tenured generation   total 10944K, used 5314K [0x00000000d5550000, 0x00000000d6000000, 0x0000000100000000)
   the space 10944K,  48% used [0x00000000d5550000, 0x00000000d5a80bd8, 0x00000000d5a80c00, 0x00000000d6000000)
 Metaspace       used 3434K, capacity 4728K, committed 4864K, reserved 1056768K
  class space    used 328K, capacity 424K, committed 512K, reserved 1048576K
Event: 0.586 GC heap after
Heap after GC invocations=3 (full 0):
 def new generation   total 4928K, used 506K [0x00000000c0000000, 0x00000000c0550000, 0x00000000d5550000)
  eden space 4416K,   0% used [0x00000000c0000000, 0x00000000c0000000, 0x00000000c0450000)
  from space 512K,  98% used [0x00000000c04d0000, 0x00000000c054e918, 0x00000000c0550000)
  to   space 512K,   0% used [0x00000000c0450000, 0x00000000c0450000, 0x00000000c04d0000)
 tenured generation   total 10944K, used 5826K [0x00000000d5550000, 0x00000000d6000000, 0x0000000100000000)
   the space 10944K,  53% used [0x00000000d5550000, 0x00000000d5b00a10, 0x00000000d5b00c00, 0x00000000d6000000)
 Metaspace       used 3434K, capacity 4728K, committed 4864K, reserved 1056768K
  class space    used 328K, capacity 424K, committed 512K, reserved 1048576K
}
Event: 0.651 GC heap before
{Heap before GC invocations=3 (full 0):
 def new generation   total 4928K, used 4922K [0x00000000c0000000, 0x00000000c0550000, 0x00000000d5550000)
  eden space 4416K, 100% used [0x00000000c0000000, 0x00000000c0450000, 0x00000000c0450000)
  from space 512K,  98% used [0x00000000c04d0000, 0x00000000c054e918, 0x00000000c0550000)
  to   space 512K,   0% used [0x00000000c0450000, 0x00000000c0450000, 0x00000000c04d0000)
 tenured generation   total 10944K, used 5826K [0x00000000d5550000, 0x00000000d6000000, 0x0000000100000000)
   the space 10944K,  53% used [0x00000000d5550000, 0x00000000d5b00a10, 0x00000000d5b00c00, 0x00000000d6000000)
 Metaspace       used 3434K, capacity 4728K, committed 4864K, reserved 1056768K
  class space    used 328K, capacity 424K, committed 512K, reserved 1048576K
Event: 0.655 GC heap after
Heap after GC invocations=4 (full 0):
 def new generation   total 4928K, used 478K [0x00000000c0000000, 0x00000000c0550000, 0x00000000d5550000)
  eden space 4416K,   0% used [0x00000000c0000000, 0x00000000c0000000, 0x00000000c0450000)
  from space 512K,  93% used [0x00000000c0450000, 0x00000000c04c7a80, 0x00000000c04d0000)
  to   space 512K,   0% used [0x00000000c04d0000, 0x00000000c04d0000, 0x00000000c0550000)
 tenured generation   total 10944K, used 6332K [0x00000000d5550000, 0x00000000d6000000, 0x0000000100000000)
   the space 10944K,  57% used [0x00000000d5550000, 0x00000000d5b7f1b8, 0x00000000d5b7f200, 0x00000000d6000000)
 Metaspace       used 3434K, capacity 4728K, committed 4864K, reserved 1056768K
  class space    used 328K, capacity 424K, committed 512K, reserved 1048576K
}
Event: 0.717 GC heap before
{Heap before GC invocations=4 (full 0):
 def new generation   total 4928K, used 4894K [0x00000000c0000000, 0x00000000c0550000, 0x00000000d5550000)
  eden space 4416K, 100% used [0x00000000c0000000, 0x00000000c0450000, 0x00000000c0450000)
  from space 512K,  93% used [0x00000000c0450000, 0x00000000c04c7a80, 0x00000000c04d0000)
  to   space 512K,   0% used [0x00000000c04d0000, 0x00000000c04d0000, 0x00000000c0550000)
 tenured generation   total 10944K, used 6332K [0x00000000d5550000, 0x00000000d6000000, 0x0000000100000000)
   the space 10944K,  57% used [0x00000000d5550000, 0x00000000d5b7f1b8, 0x00000000d5b7f200, 0x00000000d6000000)
 Metaspace       used 3435K, capacity 4728K, committed 4864K, reserved 1056768K
  class space    used 328K, capacity 424K, committed 512K, reserved 1048576K
Event: 0.721 GC heap after
Heap after GC invocations=5 (full 0):
 def new generation   total 4928K, used 477K [0x00000000c0000000, 0x00000000c0550000, 0x00000000d5550000)
  eden space 4416K,   0% used [0x00000000c0000000, 0x00000000c0000000, 0x00000000c0450000)
  from space 512K,  93% used [0x00000000c04d0000, 0x00000000c0547628, 0x00000000c0550000)
  to   space 512K,   0% used [0x00000000c0450000, 0x00000000c0450000, 0x00000000c04d0000)
 tenured generation   total 10944K, used 6810K [0x00000000d5550000, 0x00000000d6000000, 0x0000000100000000)
   the space 10944K,  62% used [0x00000000d5550000, 0x00000000d5bf6ab8, 0x00000000d5bf6c00, 0x00000000d6000000)
 Metaspace       used 3435K, capacity 4728K, committed 4864K, reserved 1056768K
  class space    used 328K, capacity 424K, committed 512K, reserved 1048576K
}
Event: 0.787 GC heap before
{Heap before GC invocations=5 (full 0):
 def new generation   total 4928K, used 4893K [0x00000000c0000000, 0x00000000c0550000, 0x00000000d5550000)
  eden space 4416K, 100% used [0x00000000c0000000, 0x00000000c0450000, 0x00000000c0450000)
  from space 512K,  93% used [0x00000000c04d0000, 0x00000000c0547628, 0x00000000c0550000)
  to   space 512K,   0% used [0x00000000c0450000, 0x00000000c0450000, 0x00000000c04d0000)
 tenured generation   total 10944K, used 6810K [0x00000000d5550000, 0x00000000d6000000, 0x0000000100000000)
   the space 10944K,  62% used [0x00000000d5550000, 0x00000000d5bf6ab8, 0x00000000d5bf6c00, 0x00000000d6000000)
 Metaspace       used 3436K, capacity 4728K, committed 4864K, reserved 1056768K
  class space    used 328K, capacity 424K, committed 512K, reserved 1048576K
Event: 0.791 GC heap after
Heap after GC invocations=6 (full 0):
 def new generation   total 4928K, used 478K [0x00000000c0000000, 0x00000000c0550000, 0x00000000d5550000)
  eden space 4416K,   0% used [0x00000000c0000000, 0x00000000c0000000, 0x00000000c0450000)
  from space 512K,  93% used [0x00000000c0450000, 0x00000000c04c7a00, 0x00000000c04d0000)
  to   space 512K,   0% used [0x00000000c04d0000, 0x00000000c04d0000, 0x00000000c0550000)
 tenured generation   total 10944K, used 7287K [0x00000000d5550000, 0x00000000d6000000, 0x0000000100000000)
   the space 10944K,  66% used [0x00000000d5550000, 0x00000000d5c6df80, 0x00000000d5c6e000, 0x00000000d6000000)
 Metaspace       used 3436K, capacity 4728K, committed 4864K, reserved 1056768K
  class space    used 328K, capacity 424K, committed 512K, reserved 1048576K
}
Event: 0.847 GC heap before
{Heap before GC invocations=6 (full 0):
 def new generation   total 4928K, used 4894K [0x00000000c0000000, 0x00000000c0550000, 0x00000000d5550000)
  eden space 4416K, 100% used [0x00000000c0000000, 0x00000000c0450000, 0x00000000c0450000)
  from space 512K,  93% used [0x00000000c0450000, 0x00000000c04c7a00, 0x00000000c04d0000)
  to   space 512K,   0% used [0x00000000c04d0000, 0x00000000c04d0000, 0x00000000c0550000)
 tenured generation   total 10944K, used 7287K [0x00000000d5550000, 0x00000000d6000000, 0x0000000100000000)
   the space 10944K,  66% used [0x00000000d5550000, 0x00000000d5c6df80, 0x00000000d5c6e000, 0x00000000d6000000)
 Metaspace       used 3436K, capacity 4728K, committed 4864K, reserved 1056768K
  class space    used 328K, capacity 424K, committed 512K, reserved 1048576K
Event: 0.851 GC heap after
Heap after GC invocations=7 (full 0):
 def new generation   total 4928K, used 479K [0x00000000c0000000, 0x00000000c0550000, 0x00000000d5550000)
  eden space 4416K,   0% used [0x00000000c0000000, 0x00000000c0000000, 0x00000000c0450000)
  from space 512K,  93% used [0x00000000c04d0000, 0x00000000c0547d98, 0x00000000c0550000)
  to   space 512K,   0% used [0x00000000c0450000, 0x00000000c0450000, 0x00000000c04d0000)
 tenured generation   total 10944K, used 7765K [0x00000000d5550000, 0x00000000d6000000, 0x0000000100000000)
   the space 10944K,  70% used [0x00000000d5550000, 0x00000000d5ce5758, 0x00000000d5ce5800, 0x00000000d6000000)
 Metaspace       used 3436K, capacity 4728K, committed 4864K, reserved 1056768K
  class space    used 328K, capacity 424K, committed 512K, reserved 1048576K
}
Event: 0.913 GC heap before
{Heap before GC invocations=7 (full 0):
 def new generation   total 4928K, used 4895K [0x00000000c0000000, 0x00000000c0550000, 0x00000000d5550000)
  eden space 4416K, 100% used [0x00000000c0000000, 0x00000000c0450000, 0x00000000c0450000)
  from space 512K,  93% used [0x00000000c04d0000, 0x00000000c0547d98, 0x00000000c0550000)
  to   space 512K,   0% used [0x00000000c0450000, 0x00000000c0450000, 0x00000000c04d0000)
 tenured generation   total 10944K, used 7765K [0x00000000d5550000, 0x00000000d6000000, 0x0000000100000000)
   the space 10944K,  70% used [0x00000000d5550000, 0x00000000d5ce5758, 0x00000000d5ce5800, 0x00000000d6000000)
 Metaspace       used 3438K, capacity 4728K, committed 4864K, reserved 1056768K
  class space    used 328K, capacity 424K, committed 512K, reserved 1048576K
Event: 0.917 GC heap after
Heap after GC invocations=8 (full 0):
 def new generation   total 4928K, used 479K [0x00000000c0000000, 0x00000000c0550000, 0x00000000d5550000)
  eden space 4416K,   0% used [0x00000000c0000000, 0x00000000c0000000, 0x00000000c0450000)
  from space 512K,  93% used [0x00000000c0450000, 0x00000000c04c7da8, 0x00000000c04d0000)
  to   space 512K,   0% used [0x00000000c04d0000, 0x00000000c04d0000, 0x00000000c0550000)
 tenured generation   total 10944K, used 8244K [0x00000000d5550000, 0x00000000d6000000, 0x0000000100000000)
   the space 10944K,  75% used [0x00000000d5550000, 0x00000000d5d5d3a8, 0x00000000d5d5d400, 0x00000000d6000000)
 Metaspace       used 3438K, capacity 4728K, committed 4864K, reserved 1056768K
  class space    used 328K, capacity 424K, committed 512K, reserved 1048576K
}
Event: 0.970 GC heap before
{Heap before GC invocations=8 (full 0):
 def new generation   total 4928K, used 4895K [0x00000000c0000000, 0x00000000c0550000, 0x00000000d5550000)
  eden space 4416K, 100% used [0x00000000c0000000, 0x00000000c0450000, 0x00000000c0450000)
  from space 512K,  93% used [0x00000000c0450000, 0x00000000c04c7da8, 0x00000000c04d0000)
  to   space 512K,   0% used [0x00000000c04d0000, 0x00000000c04d0000, 0x00000000c0550000)
 tenured generation   total 10944K, used 8244K [0x00000000d5550000, 0x00000000d6000000, 0x0000000100000000)
   the space 10944K,  75% used [0x00000000d5550000, 0x00000000d5d5d3a8, 0x00000000d5d5d400, 0x00000000d6000000)
 Metaspace       used 3445K, capacity 4728K, committed 4864K, reserved 1056768K
  class space    used 328K, capacity 424K, committed 512K, reserved 1048576K
Event: 0.974 GC heap after
Heap after GC invocations=9 (full 0):
 def new generation   total 4928K, used 493K [0x00000000c0000000, 0x00000000c0550000, 0x00000000d5550000)
  eden space 4416K,   0% used [0x00000000c0000000, 0x00000000c0000000, 0x00000000c0450000)
  from space 512K,  96% used [0x00000000c04d0000, 0x00000000c054b428, 0x00000000c0550000)
  to   space 512K,   0% used [0x00000000c0450000, 0x00000000c0450000, 0x00000000c04d0000)
 tenured generation   total 10944K, used 8723K [0x00000000d5550000, 0x00000000d6000000, 0x0000000100000000)
   the space 10944K,  79% used [0x00000000d5550000, 0x00000000d5dd4ed8, 0x00000000d5dd5000, 0x00000000d6000000)
 Metaspace       used 3445K, capacity 4728K, committed 4864K, reserved 1056768K
  class space    used 328K, capacity 424K, committed 512K, reserved 1048576K
}
Event: 1.020 GC heap before
{Heap before GC invocations=9 (full 0):
 def new generation   total 4928K, used 4909K [0x00000000c0000000, 0x00000000c0550000, 0x00000000d5550000)
  eden space 4416K, 100% used [0x00000000c0000000, 0x00000000c0450000, 0x00000000c0450000)
  from space 512K,  96% used [0x00000000c04d0000, 0x00000000c054b428, 0x00000000c0550000)
  to   space 512K,   0% used [0x00000000c0450000, 0x00000000c0450000, 0x00000000c04d0000)
 tenured generation   total 10944K, used 8723K [0x00000000d5550000, 0x00000000d6000000, 0x0000000100000000)
   the space 10944K,  79% used [0x00000000d5550000, 0x00000000d5dd4ed8, 0x00000000d5dd5000, 0x00000000d6000000)
 Metaspace       used 3445K, capacity 4728K, committed 4864K, reserved 1056768K
  class space    used 328K, capacity 424K, committed 512K, reserved 1048576K
Event: 1.024 GC heap after
Heap after GC invocations=10 (full 0):
 def new generation   total 4928K, used 500K [0x00000000c0000000, 0x00000000c0550000, 0x00000000d5550000)
  eden space 4416K,   0% used [0x00000000c0000000, 0x00000000c0000000, 0x00000000c0450000)
  from space 512K,  97% used [0x00000000c0450000, 0x00000000c04cd2c0, 0x00000000c04d0000)
  to   space 512K,   0% used [0x00000000c04d0000, 0x00000000c04d0000, 0x00000000c0550000)
 tenured generation   total 10944K, used 9216K [0x00000000d5550000, 0x00000000d6000000, 0x0000000100000000)
   the space 10944K,  84% used [0x00000000d5550000, 0x00000000d5e50198, 0x00000000d5e50200, 0x00000000d6000000)
 Metaspace       used 3445K, capacity 4728K, committed 4864K, reserved 1056768K
  class space    used 328K, capacity 424K, committed 512K, reserved 1048576K
}
Event: 1.072 GC heap before
{Heap before GC invocations=10 (full 0):
 def new generation   total 4928K, used 4916K [0x00000000c0000000, 0x00000000c0550000, 0x00000000d5550000)
  eden space 4416K, 100% used [0x00000000c0000000, 0x00000000c0450000, 0x00000000c0450000)
  from space 512K,  97% used [0x00000000c0450000, 0x00000000c04cd2c0, 0x00000000c04d0000)
  to   space 512K,   0% used [0x00000000c04d0000, 0x00000000c04d0000, 0x00000000c0550000)
 tenured generation   total 10944K, used 9216K [0x00000000d5550000, 0x00000000d6000000, 0x0000000100000000)
   the space 10944K,  84% used [0x00000000d5550000, 0x00000000d5e50198, 0x00000000d5e50200, 0x00000000d6000000)
 Metaspace       used 3448K, capacity 4728K, committed 4864K, reserved 1056768K
  class space    used 328K, capacity 424K, committed 512K, reserved 1048576K
Event: 1.076 GC heap after
Heap after GC invocations=11 (full 0):
 def new generation   total 4928K, used 499K [0x00000000c0000000, 0x00000000c0550000, 0x00000000d5550000)
  eden space 4416K,   0% used [0x00000000c0000000, 0x00000000c0000000, 0x00000000c0450000)
  from space 512K,  97% used [0x00000000c04d0000, 0x00000000c054cc08, 0x00000000c0550000)
  to   space 512K,   0% used [0x00000000c0450000, 0x00000000c0450000, 0x00000000c04d0000)
 tenured generation   total 10944K, used 9716K [0x00000000d5550000, 0x00000000d6000000, 0x0000000100000000)
   the space 10944K,  88% used [0x00000000d5550000, 0x00000000d5ecd308, 0x00000000d5ecd400, 0x00000000d6000000)
 Metaspace       used 3448K, capacity 4728K, committed 4864K, reserved 1056768K
  class space    used 328K, capacity 424K, committed 512K, reserved 1048576K
}
Event: 1.118 GC heap before
{Heap before GC invocations=11 (full 0):
 def new generation   total 4928K, used 4915K [0x00000000c0000000, 0x00000000c0550000, 0x00000000d5550000)
  eden space 4416K, 100% used [0x00000000c0000000, 0x00000000c0450000, 0x00000000c0450000)
  from space 512K,  97% used [0x00000000c04d0000, 0x00000000c054cc08, 0x00000000c0550000)
  to   space 512K,   0% used [0x00000000c0450000, 0x00000000c0450000, 0x00000000c04d0000)
 tenured generation   total 10944K, used 9716K [0x00000000d5550000, 0x00000000d6000000, 0x0000000100000000)
   the space 10944K,  88% used [0x00000000d5550000, 0x00000000d5ecd308, 0x00000000d5ecd400, 0x00000000d6000000)
 Metaspace       used 3448K, capacity 4728K, committed 4864K, reserved 1056768K
  class space    used 328K, capacity 424K, committed 512K, reserved 1048576K
Event: 1.122 GC heap after
Heap after GC invocations=12 (full 0):
 def new generation   total 4928K, used 500K [0x00000000c0000000, 0x00000000c0550000, 0x00000000d5550000)
  eden space 4416K,   0% used [0x00000000c0000000, 0x00000000c0000000, 0x00000000c0450000)
  from space 512K,  97% used [0x00000000c0450000, 0x00000000c04cd358, 0x00000000c04d0000)
  to   space 512K,   0% used [0x00000000c04d0000, 0x00000000c04d0000, 0x00000000c0550000)
 tenured generation   total 10944K, used 10215K [0x00000000d5550000, 0x00000000d6000000, 0x0000000100000000)
   the space 10944K,  93% used [0x00000000d5550000, 0x00000000d5f49d50, 0x00000000d5f49e00, 0x00000000d6000000)
 Metaspace       used 3448K, capacity 4728K, committed 4864K, reserved 1056768K
  class space    used 328K, capacity 424K, committed 512K, reserved 1048576K
}
Event: 1.169 GC heap before
{Heap before GC invocations=12 (full 0):
 def new generation   total 4928K, used 4916K [0x00000000c0000000, 0x00000000c0550000, 0x00000000d5550000)
  eden space 4416K, 100% used [0x00000000c0000000, 0x00000000c0450000, 0x00000000c0450000)
  from space 512K,  97% used [0x00000000c0450000, 0x00000000c04cd358, 0x00000000c04d0000)
  to   space 512K,   0% used [0x00000000c04d0000, 0x00000000c04d0000, 0x00000000c0550000)
 tenured generation   total 10944K, used 10215K [0x00000000d5550000, 0x00000000d6000000, 0x0000000100000000)
   the space 10944K,  93% used [0x00000000d5550000, 0x00000000d5f49d50, 0x00000000d5f49e00, 0x00000000d6000000)
 Metaspace       used 3451K, capacity 4728K, committed 4864K, reserved 1056768K
  class space    used 328K, capacity 424K, committed 512K, reserved 1048576K
Event: 1.173 GC heap after
Heap after GC invocations=13 (full 0):
 def new generation   total 4928K, used 499K [0x00000000c0000000, 0x00000000c0550000, 0x00000000d5550000)
  eden space 4416K,   0% used [0x00000000c0000000, 0x00000000c0000000, 0x00000000c0450000)
  from space 512K,  97% used [0x00000000c04d0000, 0x00000000c054cda0, 0x00000000c0550000)
  to   space 512K,   0% used [0x00000000c0450000, 0x00000000c0450000, 0x00000000c04d0000)
 tenured generation   total 10944K, used 10715K [0x00000000d5550000, 0x00000000d6000000, 0x0000000100000000)
   the space 10944K,  97% used [0x00000000d5550000, 0x00000000d5fc6f78, 0x00000000d5fc7000, 0x00000000d6000000)
 Metaspace       used 3451K, capacity 4728K, committed 4864K, reserved 1056768K
  class space    used 328K, capacity 424K, committed 512K, reserved 1048576K
}
Event: 1.231 GC heap before
{Heap before GC invocations=13 (full 0):
 def new generation   total 4928K, used 4915K [0x00000000c0000000, 0x00000000c0550000, 0x00000000d5550000)
  eden space 4416K, 100% used [0x00000000c0000000, 0x00000000c0450000, 0x00000000c0450000)
  from space 512K,  97% used [0x00000000c04d0000, 0x00000000c054cda0, 0x00000000c0550000)
  to   space 512K,   0% used [0x00000000c0450000, 0x00000000c0450000, 0x00000000c04d0000)
 tenured generation   total 10944K, used 10715K [0x00000000d5550000, 0x00000000d6000000, 0x0000000100000000)
   the space 10944K,  97% used [0x00000000d5550000, 0x00000000d5fc6f78, 0x00000000d5fc7000, 0x00000000d6000000)
 Metaspace       used 3457K, capacity 4728K, committed 4864K, reserved 1056768K
  class space    used 328K, capacity 424K, committed 512K, reserved 1048576K
Event: 1.296 GC heap after
Heap after GC invocations=14 (full 1):
 def new generation   total 9024K, used 310K [0x00000000c0000000, 0x00000000c09c0000, 0x00000000d5550000)
  eden space 8064K,   3% used [0x00000000c0000000, 0x00000000c004d920, 0x00000000c07e0000)
  from space 960K,   0% used [0x00000000c07e0000, 0x00000000c07e0000, 0x00000000c08d0000)
  to   space 960K,   0% used [0x00000000c08d0000, 0x00000000c08d0000, 0x00000000c09c0000)
 tenured generation   total 19928K, used 11956K [0x00000000d5550000, 0x00000000d68c6000, 0x0000000100000000)
   the space 19928K,  59% used [0x00000000d5550000, 0x00000000d60fd000, 0x00000000d60fd000, 0x00000000d68c6000)
 Metaspace       used 3457K, capacity 4728K, committed 4864K, reserved 1056768K
  class space    used 328K, capacity 424K, committed 512K, reserved 1048576K
}
Event: 1.335 GC heap before
{Heap before GC invocations=14 (full 1):
 def new generation   total 9024K, used 8064K [0x00000000c0000000, 0x00000000c09c0000, 0x00000000d5550000)
  eden space 8064K, 100% used [0x00000000c0000000, 0x00000000c07e0000, 0x00000000c07e0000)
  from space 960K,   0% used [0x00000000c07e0000, 0x00000000c07e0000, 0x00000000c08d0000)
  to   space 960K,   0% used [0x00000000c08d0000, 0x00000000c08d0000, 0x00000000c09c0000)
 tenured generation   total 19928K, used 11956K [0x00000000d5550000, 0x00000000d68c6000, 0x0000000100000000)
   the space 19928K,  59% used [0x00000000d5550000, 0x00000000d60fd000, 0x00000000d60fd000, 0x00000000d68c6000)
 Metaspace       used 3458K, capacity 4728K, committed 4864K, reserved 1056768K
  class space    used 328K, capacity 424K, committed 512K, reserved 1048576K
Event: 1.354 GC heap after
Heap after GC invocations=15 (full 1):
 def new generation   total 9024K, used 960K [0x00000000c0000000, 0x00000000c09c0000, 0x00000000d5550000)
  eden space 8064K,   0% used [0x00000000c0000000, 0x00000000c0000000, 0x00000000c07e0000)
  from space 960K, 100% used [0x00000000c08d0000, 0x00000000c09c0000, 0x00000000c09c0000)
  to   space 960K,   0% used [0x00000000c07e0000, 0x00000000c07e0000, 0x00000000c08d0000)
 tenured generation   total 19928K, used 12182K [0x00000000d5550000, 0x00000000d68c6000, 0x0000000100000000)
   the space 19928K,  61% used [0x00000000d5550000, 0x00000000d6135b40, 0x00000000d6135c00, 0x00000000d68c6000)
 Metaspace       used 3458K, capacity 4728K, committed 4864K, reserved 1056768K
  class space    used 328K, capacity 424K, committed 512K, reserved 1048576K
}
Event: 1.389 GC heap before
{Heap before GC invocations=15 (full 1):
 def new generation   total 9024K, used 9024K [0x00000000c0000000, 0x00000000c09c0000, 0x00000000d5550000)
  eden space 8064K, 100% used [0x00000000c0000000, 0x00000000c07e0000, 0x00000000c07e0000)
  from space 960K, 100% used [0x00000000c08d0000, 0x00000000c09c0000, 0x00000000c09c0000)
  to   space 960K,   0% used [0x00000000c07e0000, 0x00000000c07e0000, 0x00000000c08d0000)
 tenured generation   total 19928K, used 12182K [0x00000000d5550000, 0x00000000d68c6000, 0x0000000100000000)
   the space 19928K,  61% used [0x00000000d5550000, 0x00000000d6135b40, 0x00000000d6135c00, 0x00000000d68c6000)
 Metaspace       used 3465K, capacity 4728K, committed 4864K, reserved 1056768K
  class space    used 328K, capacity 424K, committed 512K, reserved 1048576K
Event: 1.401 GC heap after
Heap after GC invocations=16 (full 1):
 def new generation   total 9024K, used 945K [0x00000000c0000000, 0x00000000c09c0000, 0x00000000d5550000)
  eden space 8064K,   0% used [0x00000000c0000000, 0x00000000c0000000, 0x00000000c07e0000)
  from space 960K,  98% used [0x00000000c07e0000, 0x00000000c08cc788, 0x00000000c08d0000)
  to   space 960K,   0% used [0x00000000c08d0000, 0x00000000c08d0000, 0x00000000c09c0000)
 tenured generation   total 19928K, used 13142K [0x00000000d5550000, 0x00000000d68c6000, 0x0000000100000000)
   the space 19928K,  65% used [0x00000000d5550000, 0x00000000d6225a80, 0x00000000d6225c00, 0x00000000d68c6000)
 Metaspace       used 3465K, capacity 4728K, committed 4864K, reserved 1056768K
  class space    used 328K, capacity 424K, committed 512K, reserved 1048576K
}
Event: 1.523 GC heap before
{Heap before GC invocations=16 (full 1):
 def new generation   total 9024K, used 9009K [0x00000000c0000000, 0x00000000c09c0000, 0x00000000d5550000)
  eden space 8064K, 100% used [0x00000000c0000000, 0x00000000c07e0000, 0x00000000c07e0000)
  from space 960K,  98% used [0x00000000c07e0000, 0x00000000c08cc788, 0x00000000c08d0000)
  to   space 960K,   0% used [0x00000000c08d0000, 0x00000000c08d0000, 0x00000000c09c0000)
 tenured generation   total 19928K, used 13142K [0x00000000d5550000, 0x00000000d68c6000, 0x0000000100000000)
   the space 19928K,  65% used [0x00000000d5550000, 0x00000000d6225a80, 0x00000000d6225c00, 0x00000000d68c6000)
 Metaspace       used 3466K, capacity 4728K, committed 4864K, reserved 1056768K
  class space    used 328K, capacity 424K, committed 512K, reserved 1048576K
Event: 1.541 GC heap after
Heap after GC invocations=17 (full 1):
 def new generation   total 9024K, used 960K [0x00000000c0000000, 0x00000000c09c0000, 0x00000000d5550000)
  eden space 8064K,   0% used [0x00000000c0000000, 0x00000000c0000000, 0x00000000c07e0000)
  from space 960K, 100% used [0x00000000c08d0000, 0x00000000c09c0000, 0x00000000c09c0000)
  to   space 960K,   0% used [0x00000000c07e0000, 0x00000000c07e0000, 0x00000000c08d0000)
 tenured generation   total 19928K, used 14419K [0x00000000d5550000, 0x00000000d68c6000, 0x0000000100000000)
   the space 19928K,  72% used [0x00000000d5550000, 0x00000000d6364c10, 0x00000000d6364e00, 0x00000000d68c6000)
 Metaspace       used 3466K, capacity 4728K, committed 4864K, reserved 1056768K
  class space    used 328K, capacity 424K, committed 512K, reserved 1048576K
}
Event: 1.622 GC heap before
{Heap before GC invocations=17 (full 1):
 def new generation   total 9024K, used 9024K [0x00000000c0000000, 0x00000000c09c0000, 0x00000000d5550000)
  eden space 8064K, 100% used [0x00000000c0000000, 0x00000000c07e0000, 0x00000000c07e0000)
  from space 960K, 100% used [0x00000000c08d0000, 0x00000000c09c0000, 0x00000000c09c0000)
  to   space 960K,   0% used [0x00000000c07e0000, 0x00000000c07e0000, 0x00000000c08d0000)
 tenured generation   total 19928K, used 14419K [0x00000000d5550000, 0x00000000d68c6000, 0x0000000100000000)
   the space 19928K,  72% used [0x00000000d5550000, 0x00000000d6364c10, 0x00000000d6364e00, 0x00000000d68c6000)
 Metaspace       used 3466K, capacity 4728K, committed 4864K, reserved 1056768K
  class space    used 328K, capacity 424K, committed 512K, reserved 1048576K
Event: 1.634 GC heap after
Heap after GC invocations=18 (full 1):
 def new generation   total 9024K, used 960K [0x00000000c0000000, 0x00000000c09c0000, 0x00000000d5550000)
  eden space 8064K,   0% used [0x00000000c0000000, 0x00000000c0000000, 0x00000000c07e0000)
  from space 960K, 100% used [0x00000000c07e0000, 0x00000000c08d0000, 0x00000000c08d0000)
  to   space 960K,   0% used [0x00000000c08d0000, 0x00000000c08d0000, 0x00000000c09c0000)
 tenured generation   total 19928K, used 15692K [0x00000000d5550000, 0x00000000d68c6000, 0x0000000100000000)
   the space 19928K,  78% used [0x00000000d5550000, 0x00000000d64a3018, 0x00000000d64a3200, 0x00000000d68c6000)
 Metaspace       used 3466K, capacity 4728K, committed 4864K, reserved 1056768K
  class space    used 328K, capacity 424K, committed 512K, reserved 1048576K
}
Event: 1.708 GC heap before
{Heap before GC invocations=18 (full 1):
 def new generation   total 9024K, used 9024K [0x00000000c0000000, 0x00000000c09c0000, 0x00000000d5550000)
  eden space 8064K, 100% used [0x00000000c0000000, 0x00000000c07e0000, 0x00000000c07e0000)
  from space 960K, 100% used [0x00000000c07e0000, 0x00000000c08d0000, 0x00000000c08d0000)
  to   space 960K,   0% used [0x00000000c08d0000, 0x00000000c08d0000, 0x00000000c09c0000)
 tenured generation   total 19928K, used 15692K [0x00000000d5550000, 0x00000000d68c6000, 0x0000000100000000)
   the space 19928K,  78% used [0x00000000d5550000, 0x00000000d64a3018, 0x00000000d64a3200, 0x00000000d68c6000)
 Metaspace       used 3466K, capacity 4728K, committed 4864K, reserved 1056768K
  class space    used 328K, capacity 424K, committed 512K, reserved 1048576K
Event: 1.726 GC heap after
Heap after GC invocations=19 (full 1):
 def new generation   total 9024K, used 960K [0x00000000c0000000, 0x00000000c09c0000, 0x00000000d5550000)
  eden space 8064K,   0% used [0x00000000c0000000, 0x00000000c0000000, 0x00000000c07e0000)
  from space 960K, 100% used [0x00000000c08d0000, 0x00000000c09c0000, 0x00000000c09c0000)
  to   space 960K,   0% used [0x00000000c07e0000, 0x00000000c07e0000, 0x00000000c08d0000)
 tenured generation   total 19928K, used 16988K [0x00000000d5550000, 0x00000000d68c6000, 0x0000000100000000)
   the space 19928K,  85% used [0x00000000d5550000, 0x00000000d65e7210, 0x00000000d65e7400, 0x00000000d68c6000)
 Metaspace       used 3466K, capacity 4728K, committed 4864K, reserved 1056768K
  class space    used 328K, capacity 424K, committed 512K, reserved 1048576K
}
Event: 1.801 GC heap before
{Heap before GC invocations=19 (full 1):
 def new generation   total 9024K, used 9024K [0x00000000c0000000, 0x00000000c09c0000, 0x00000000d5550000)
  eden space 8064K, 100% used [0x00000000c0000000, 0x00000000c07e0000, 0x00000000c07e0000)
  from space 960K, 100% used [0x00000000c08d0000, 0x00000000c09c0000, 0x00000000c09c0000)
  to   space 960K,   0% used [0x00000000c07e0000, 0x00000000c07e0000, 0x00000000c08d0000)
 tenured generation   total 19928K, used 16988K [0x00000000d5550000, 0x00000000d68c6000, 0x0000000100000000)
   the space 19928K,  85% used [0x00000000d5550000, 0x00000000d65e7210, 0x00000000d65e7400, 0x00000000d68c6000)
 Metaspace       used 3466K, capacity 4728K, committed 4864K, reserved 1056768K
  class space    used 328K, capacity 424K, committed 512K, reserved 1048576K
Event: 1.815 GC heap after
Heap after GC invocations=20 (full 1):
 def new generation   total 9024K, used 960K [0x00000000c0000000, 0x00000000c09c0000, 0x00000000d5550000)
  eden space 8064K,   0% used [0x00000000c0000000, 0x00000000c0000000, 0x00000000c07e0000)
  from space 960K, 100% used [0x00000000c07e0000, 0x00000000c08d0000, 0x00000000c08d0000)
  to   space 960K,   0% used [0x00000000c08d0000, 0x00000000c08d0000, 0x00000000c09c0000)
 tenured generation   total 19928K, used 18271K [0x00000000d5550000, 0x00000000d68c6000, 0x0000000100000000)
   the space 19928K,  91% used [0x00000000d5550000, 0x00000000d6727ea0, 0x00000000d6728000, 0x00000000d68c6000)
 Metaspace       used 3466K, capacity 4728K, committed 4864K, reserved 1056768K
  class space    used 328K, capacity 424K, committed 512K, reserved 1048576K
}
Event: 1.872 GC heap before
{Heap before GC invocations=20 (full 1):
 def new generation   total 9024K, used 9024K [0x00000000c0000000, 0x00000000c09c0000, 0x00000000d5550000)
  eden space 8064K, 100% used [0x00000000c0000000, 0x00000000c07e0000, 0x00000000c07e0000)
  from space 960K, 100% used [0x00000000c07e0000, 0x00000000c08d0000, 0x00000000c08d0000)
  to   space 960K,   0% used [0x00000000c08d0000, 0x00000000c08d0000, 0x00000000c09c0000)
 tenured generation   total 19928K, used 18271K [0x00000000d5550000, 0x00000000d68c6000, 0x0000000100000000)
   the space 19928K,  91% used [0x00000000d5550000, 0x00000000d6727ea0, 0x00000000d6728000, 0x00000000d68c6000)
 Metaspace       used 3467K, capacity 4728K, committed 4864K, reserved 1056768K
  class space    used 328K, capacity 424K, committed 512K, reserved 1048576K
Event: 2.002 GC heap after
Heap after GC invocations=21 (full 2):
 def new generation   total 15040K, used 951K [0x00000000c0000000, 0x00000000c1050000, 0x00000000d5550000)
  eden space 13376K,   7% used [0x00000000c0000000, 0x00000000c00edfd0, 0x00000000c0d10000)
  from space 1664K,   0% used [0x00000000c0d10000, 0x00000000c0d10000, 0x00000000c0eb0000)
  to   space 1664K,   0% used [0x00000000c0eb0000, 0x00000000c0eb0000, 0x00000000c1050000)
 tenured generation   total 33384K, used 20028K [0x00000000d5550000, 0x00000000d75ea000, 0x0000000100000000)
   the space 33384K,  59% used [0x00000000d5550000, 0x00000000d68df050, 0x00000000d68df200, 0x00000000d75ea000)
 Metaspace       used 3467K, capacity 4728K, committed 4864K, reserved 1056768K
  class space    used 328K, capacity 424K, committed 512K, reserved 1048576K
}
Event: 2.073 GC heap before
{Heap before GC invocations=21 (full 2):
 def new generation   total 15040K, used 13376K [0x00000000c0000000, 0x00000000c1050000, 0x00000000d5550000)
  eden space 13376K, 100% used [0x00000000c0000000, 0x00000000c0d10000, 0x00000000c0d10000)
  from space 1664K,   0% used [0x00000000c0d10000, 0x00000000c0d10000, 0x00000000c0eb0000)
  to   space 1664K,   0% used [0x00000000c0eb0000, 0x00000000c0eb0000, 0x00000000c1050000)
 tenured generation   total 33384K, used 20028K [0x00000000d5550000, 0x00000000d75ea000, 0x0000000100000000)
   the space 33384K,  59% used [0x00000000d5550000, 0x00000000d68df050, 0x00000000d68df200, 0x00000000d75ea000)
 Metaspace       used 3469K, capacity 4728K, committed 4864K, reserved 1056768K
  class space    used 328K, capacity 424K, committed 512K, reserved 1048576K
Event: 2.109 GC heap after
Heap after GC invocations=22 (full 2):
 def new generation   total 15040K, used 1663K [0x00000000c0000000, 0x00000000c1050000, 0x00000000d5550000)
  eden space 13376K,   0% used [0x00000000c0000000, 0x00000000c0000000, 0x00000000c0d10000)
  from space 1664K,  99% used [0x00000000c0eb0000, 0x00000000c104fff8, 0x00000000c1050000)
  to   space 1664K,   0% used [0x00000000c0d10000, 0x00000000c0d10000, 0x00000000c0eb0000)
 tenured generation   total 33384K, used 21005K [0x00000000d5550000, 0x00000000d75ea000, 0x0000000100000000)
   the space 33384K,  62% used [0x00000000d5550000, 0x00000000d69d3690, 0x00000000d69d3800, 0x00000000d75ea000)
 Metaspace       used 3469K, capacity 4728K, committed 4864K, reserved 1056768K
  class space    used 328K, capacity 424K, committed 512K, reserved 1048576K
}
Event: 2.205 GC heap before
{Heap before GC invocations=22 (full 2):
 def new generation   total 15040K, used 15039K [0x00000000c0000000, 0x00000000c1050000, 0x00000000d5550000)
  eden space 13376K, 100% used [0x00000000c0000000, 0x00000000c0d10000, 0x00000000c0d10000)
  from space 1664K,  99% used [0x00000000c0eb0000, 0x00000000c104fff8, 0x00000000c1050000)
  to   space 1664K,   0% used [0x00000000c0d10000, 0x00000000c0d10000, 0x00000000c0eb0000)
 tenured generation   total 33384K, used 21005K [0x00000000d5550000, 0x00000000d75ea000, 0x0000000100000000)
   the space 33384K,  62% used [0x00000000d5550000, 0x00000000d69d3690, 0x00000000d69d3800, 0x00000000d75ea000)
 Metaspace       used 3469K, capacity 4728K, committed 4864K, reserved 1056768K
  class space    used 328K, capacity 424K, committed 512K, reserved 1048576K
Event: 2.228 GC heap after
Heap after GC invocations=23 (full 2):
 def new generation   total 15040K, used 1646K [0x00000000c0000000, 0x00000000c1050000, 0x00000000d5550000)
  eden space 13376K,   0% used [0x00000000c0000000, 0x00000000c0000000, 0x00000000c0d10000)
  from space 1664K,  98% used [0x00000000c0d10000, 0x00000000c0eab900, 0x00000000c0eb0000)
  to   space 1664K,   0% used [0x00000000c0eb0000, 0x00000000c0eb0000, 0x00000000c1050000)
 tenured generation   total 33384K, used 22669K [0x00000000d5550000, 0x00000000d75ea000, 0x0000000100000000)
   the space 33384K,  67% used [0x00000000d5550000, 0x00000000d6b73498, 0x00000000d6b73600, 0x00000000d75ea000)
 Metaspace       used 3469K, capacity 4728K, committed 4864K, reserved 1056768K
  class space    used 328K, capacity 424K, committed 512K, reserved 1048576K
}
Event: 2.303 GC heap before
{Heap before GC invocations=23 (full 2):
 def new generation   total 15040K, used 15022K [0x00000000c0000000, 0x00000000c1050000, 0x00000000d5550000)
  eden space 13376K, 100% used [0x00000000c0000000, 0x00000000c0d10000, 0x00000000c0d10000)
  from space 1664K,  98% used [0x00000000c0d10000, 0x00000000c0eab900, 0x00000000c0eb0000)
  to   space 1664K,   0% used [0x00000000c0eb0000, 0x00000000c0eb0000, 0x00000000c1050000)
 tenured generation   total 33384K, used 22669K [0x00000000d5550000, 0x00000000d75ea000, 0x0000000100000000)
   the space 33384K,  67% used [0x00000000d5550000, 0x00000000d6b73498, 0x00000000d6b73600, 0x00000000d75ea000)
 Metaspace       used 3469K, capacity 4728K, committed 4864K, reserved 1056768K
  class space    used 328K, capacity 424K, committed 512K, reserved 1048576K
Event: 2.324 GC heap after
Heap after GC invocations=24 (full 2):
 def new generation   total 15040K, used 1647K [0x00000000c0000000, 0x00000000c1050000, 0x00000000d5550000)
  eden space 13376K,   0% used [0x00000000c0000000, 0x00000000c0000000, 0x00000000c0d10000)
  from space 1664K,  99% used [0x00000000c0eb0000, 0x00000000c104be88, 0x00000000c1050000)
  to   space 1664K,   0% used [0x00000000c0d10000, 0x00000000c0d10000, 0x00000000c0eb0000)
 tenured generation   total 33384K, used 24314K [0x00000000d5550000, 0x00000000d75ea000, 0x0000000100000000)
   the space 33384K,  72% used [0x00000000d5550000, 0x00000000d6d0eb88, 0x00000000d6d0ec00, 0x00000000d75ea000)
 Metaspace       used 3469K, capacity 4728K, committed 4864K, reserved 1056768K
  class space    used 328K, capacity 424K, committed 512K, reserved 1048576K
}
Event: 2.400 GC heap before
{Heap before GC invocations=24 (full 2):
 def new generation   total 15040K, used 15023K [0x00000000c0000000, 0x00000000c1050000, 0x00000000d5550000)
  eden space 13376K, 100% used [0x00000000c0000000, 0x00000000c0d10000, 0x00000000c0d10000)
  from space 1664K,  99% used [0x00000000c0eb0000, 0x00000000c104be88, 0x00000000c1050000)
  to   space 1664K,   0% used [0x00000000c0d10000, 0x00000000c0d10000, 0x00000000c0eb0000)
 tenured generation   total 33384K, used 24314K [0x00000000d5550000, 0x00000000d75ea000, 0x0000000100000000)
   the space 33384K,  72% used [0x00000000d5550000, 0x00000000d6d0eb88, 0x00000000d6d0ec00, 0x00000000d75ea000)
 Metaspace       used 3469K, capacity 4728K, committed 4864K, reserved 1056768K
  class space    used 328K, capacity 424K, committed 512K, reserved 1048576K
Event: 2.422 GC heap after
Heap after GC invocations=25 (full 2):
 def new generation   total 15040K, used 1664K [0x00000000c0000000, 0x00000000c1050000, 0x00000000d5550000)
  eden space 13376K,   0% used [0x00000000c0000000, 0x00000000c0000000, 0x00000000c0d10000)
  from space 1664K, 100% used [0x00000000c0d10000, 0x00000000c0eb0000, 0x00000000c0eb0000)
  to   space 1664K,   0% used [0x00000000c0eb0000, 0x00000000c0eb0000, 0x00000000c1050000)
 tenured generation   total 33384K, used 26355K [0x00000000d5550000, 0x00000000d75ea000, 0x0000000100000000)
   the space 33384K,  78% used [0x00000000d5550000, 0x00000000d6f0cea8, 0x00000000d6f0d000, 0x00000000d75ea000)
 Metaspace       used 3469K, capacity 4728K, committed 4864K, reserved 1056768K
  class space    used 328K, capacity 424K, committed 512K, reserved 1048576K
}
Event: 2.521 GC heap before
{Heap before GC invocations=25 (full 2):
 def new generation   total 15040K, used 15040K [0x00000000c0000000, 0x00000000c1050000, 0x00000000d5550000)
  eden space 13376K, 100% used [0x00000000c0000000, 0x00000000c0d10000, 0x00000000c0d10000)
  from space 1664K, 100% used [0x00000000c0d10000, 0x00000000c0eb0000, 0x00000000c0eb0000)
  to   space 1664K,   0% used [0x00000000c0eb0000, 0x00000000c0eb0000, 0x00000000c1050000)
 tenured generation   total 33384K, used 26355K [0x00000000d5550000, 0x00000000d75ea000, 0x0000000100000000)
   the space 33384K,  78% used [0x00000000d5550000, 0x00000000d6f0cea8, 0x00000000d6f0d000, 0x00000000d75ea000)
 Metaspace       used 3471K, capacity 4728K, committed 4864K, reserved 1056768K
  class space    used 328K, capacity 424K, committed 512K, reserved 1048576K
Event: 2.549 GC heap after
Heap after GC invocations=26 (full 2):
 def new generation   total 15040K, used 1664K [0x00000000c0000000, 0x00000000c1050000, 0x00000000d5550000)
  eden space 13376K,   0% used [0x00000000c0000000, 0x00000000c0000000, 0x00000000c0d10000)
  from space 1664K, 100% used [0x00000000c0eb0000, 0x00000000c1050000, 0x00000000c1050000)
  to   space 1664K,   0% used [0x00000000c0d10000, 0x00000000c0d10000, 0x00000000c0eb0000)
 tenured generation   total 33384K, used 28035K [0x00000000d5550000, 0x00000000d75ea000, 0x0000000100000000)
   the space 33384K,  83% used [0x00000000d5550000, 0x00000000d70b0fa0, 0x00000000d70b1000, 0x00000000d75ea000)
 Metaspace       used 3471K, capacity 4728K, committed 4864K, reserved 1056768K
  class space    used 328K, capacity 424K, committed 512K, reserved 1048576K
}
Event: 2.642 GC heap before
{Heap before GC invocations=26 (full 2):
 def new generation   total 15040K, used 15040K [0x00000000c0000000, 0x00000000c1050000, 0x00000000d5550000)
  eden space 13376K, 100% used [0x00000000c0000000, 0x00000000c0d10000, 0x00000000c0d10000)
  from space 1664K, 100% used [0x00000000c0eb0000, 0x00000000c1050000, 0x00000000c1050000)
  to   space 1664K,   0% used [0x00000000c0d10000, 0x00000000c0d10000, 0x00000000c0eb0000)
 tenured generation   total 33384K, used 28035K [0x00000000d5550000, 0x00000000d75ea000, 0x0000000100000000)
   the space 33384K,  83% used [0x00000000d5550000, 0x00000000d70b0fa0, 0x00000000d70b1000, 0x00000000d75ea000)
 Metaspace       used 3471K, capacity 4728K, committed 4864K, reserved 1056768K
  class space    used 328K, capacity 424K, committed 512K, reserved 1048576K
Event: 2.661 GC heap after
Heap after GC invocations=27 (full 2):
 def new generation   total 15040K, used 1642K [0x00000000c0000000, 0x00000000c1050000, 0x00000000d5550000)
  eden space 13376K,   0% used [0x00000000c0000000, 0x00000000c0000000, 0x00000000c0d10000)
  from space 1664K,  98% used [0x00000000c0d10000, 0x00000000c0eaaa70, 0x00000000c0eb0000)
  to   space 1664K,   0% used [0x00000000c0eb0000, 0x00000000c0eb0000, 0x00000000c1050000)
 tenured generation   total 33384K, used 29699K [0x00000000d5550000, 0x00000000d75ea000, 0x0000000100000000)
   the space 33384K,  88% used [0x00000000d5550000, 0x00000000d7250e60, 0x00000000d7251000, 0x00000000d75ea000)
 Metaspace       used 3471K, capacity 4728K, committed 4864K, reserved 1056768K
  class space    used 328K, capacity 424K, committed 512K, reserved 1048576K
}
Event: 2.724 GC heap before
{Heap before GC invocations=27 (full 2):
 def new generation   total 15040K, used 15018K [0x00000000c0000000, 0x00000000c1050000, 0x00000000d5550000)
  eden space 13376K, 100% used [0x00000000c0000000, 0x00000000c0d10000, 0x00000000c0d10000)
  from space 1664K,  98% used [0x00000000c0d10000, 0x00000000c0eaaa70, 0x00000000c0eb0000)
  to   space 1664K,   0% used [0x00000000c0eb0000, 0x00000000c0eb0000, 0x00000000c1050000)
 tenured generation   total 33384K, used 29699K [0x00000000d5550000, 0x00000000d75ea000, 0x0000000100000000)
   the space 33384K,  88% used [0x00000000d5550000, 0x00000000d7250e60, 0x00000000d7251000, 0x00000000d75ea000)
 Metaspace       used 3471K, capacity 4728K, committed 4864K, reserved 1056768K
  class space    used 328K, capacity 424K, committed 512K, reserved 1048576K
Event: 2.739 GC heap after
Heap after GC invocations=28 (full 2):
 def new generation   total 15040K, used 1636K [0x00000000c0000000, 0x00000000c1050000, 0x00000000d5550000)
  eden space 13376K,   0% used [0x00000000c0000000, 0x00000000c0000000, 0x00000000c0d10000)
  from space 1664K,  98% used [0x00000000c0eb0000, 0x00000000c10493c0, 0x00000000c1050000)
  to   space 1664K,   0% used [0x00000000c0d10000, 0x00000000c0d10000, 0x00000000c0eb0000)
 tenured generation   total 33384K, used 31341K [0x00000000d5550000, 0x00000000d75ea000, 0x0000000100000000)
   the space 33384K,  93% used [0x00000000d5550000, 0x00000000d73eb788, 0x00000000d73eb800, 0x00000000d75ea000)
 Metaspace       used 3471K, capacity 4728K, committed 4864K, reserved 1056768K
  class space    used 328K, capacity 424K, committed 512K, reserved 1048576K
}
Event: 2.803 GC heap before
{Heap before GC invocations=28 (full 2):
 def new generation   total 15040K, used 15012K [0x00000000c0000000, 0x00000000c1050000, 0x00000000d5550000)
  eden space 13376K, 100% used [0x00000000c0000000, 0x00000000c0d10000, 0x00000000c0d10000)
  from space 1664K,  98% used [0x00000000c0eb0000, 0x00000000c10493c0, 0x00000000c1050000)
  to   space 1664K,   0% used [0x00000000c0d10000, 0x00000000c0d10000, 0x00000000c0eb0000)
 tenured generation   total 33384K, used 31341K [0x00000000d5550000, 0x00000000d75ea000, 0x0000000100000000)
   the space 33384K,  93% used [0x00000000d5550000, 0x00000000d73eb788, 0x00000000d73eb800, 0x00000000d75ea000)
 Metaspace       used 3471K, capacity 4728K, committed 4864K, reserved 1056768K
  class space    used 328K, capacity 424K, committed 512K, reserved 1048576K
Event: 2.819 GC heap after
Heap after GC invocations=29 (full 2):
 def new generation   total 15040K, used 1564K [0x00000000c0000000, 0x00000000c1050000, 0x00000000d5550000)
  eden space 13376K,   0% used [0x00000000c0000000, 0x00000000c0000000, 0x00000000c0d10000)
  from space 1664K,  94% used [0x00000000c0d10000, 0x00000000c0e972f8, 0x00000000c0eb0000)
  to   space 1664K,   0% used [0x00000000c0eb0000, 0x00000000c0eb0000, 0x00000000c1050000)
 tenured generation   total 33384K, used 32978K [0x00000000d5550000, 0x00000000d75ea000, 0x0000000100000000)
   the space 33384K,  98% used [0x00000000d5550000, 0x00000000d7584a88, 0x00000000d7584c00, 0x00000000d75ea000)
 Metaspace       used 3471K, capacity 4728K, committed 4864K, reserved 1056768K
  class space    used 328K, capacity 424K, committed 512K, reserved 1048576K
}
Event: 2.917 GC heap before
{Heap before GC invocations=29 (full 2):
 def new generation   total 15040K, used 14940K [0x00000000c0000000, 0x00000000c1050000, 0x00000000d5550000)
  eden space 13376K, 100% used [0x00000000c0000000, 0x00000000c0d10000, 0x00000000c0d10000)
  from space 1664K,  94% used [0x00000000c0d10000, 0x00000000c0e972f8, 0x00000000c0eb0000)
  to   space 1664K,   0% used [0x00000000c0eb0000, 0x00000000c0eb0000, 0x00000000c1050000)
 tenured generation   total 33384K, used 32978K [0x00000000d5550000, 0x00000000d75ea000, 0x0000000100000000)
   the space 33384K,  98% used [0x00000000d5550000, 0x00000000d7584a88, 0x00000000d7584c00, 0x00000000d75ea000)
 Metaspace       used 3474K, capacity 4728K, committed 4864K, reserved 1056768K
  class space    used 328K, capacity 424K, committed 512K, reserved 1048576K
Event: 3.135 GC heap after
Heap after GC invocations=30 (full 3):
 def new generation   total 26112K, used 1379K [0x00000000c0000000, 0x00000000c1c50000, 0x00000000d5550000)
  eden space 23232K,   5% used [0x00000000c0000000, 0x00000000c0158e90, 0x00000000c16b0000)
  from space 2880K,   0% used [0x00000000c16b0000, 0x00000000c16b0000, 0x00000000c1980000)
  to   space 2880K,   0% used [0x00000000c1980000, 0x00000000c1980000, 0x00000000c1c50000)
 tenured generation   total 57880K, used 34728K [0x00000000d5550000, 0x00000000d8dd6000, 0x0000000100000000)
   the space 57880K,  60% used [0x00000000d5550000, 0x00000000d773a000, 0x00000000d773a000, 0x00000000d8dd6000)
 Metaspace       used 3474K, capacity 4728K, committed 4864K, reserved 1056768K
  class space    used 328K, capacity 424K, committed 512K, reserved 1048576K
}
Event: 3.248 GC heap before
{Heap before GC invocations=30 (full 3):
 def new generation   total 26112K, used 23232K [0x00000000c0000000, 0x00000000c1c50000, 0x00000000d5550000)
  eden space 23232K, 100% used [0x00000000c0000000, 0x00000000c16b0000, 0x00000000c16b0000)
  from space 2880K,   0% used [0x00000000c16b0000, 0x00000000c16b0000, 0x00000000c1980000)
  to   space 2880K,   0% used [0x00000000c1980000, 0x00000000c1980000, 0x00000000c1c50000)
 tenured generation   total 57880K, used 34728K [0x00000000d5550000, 0x00000000d8dd6000, 0x0000000100000000)
   the space 57880K,  60% used [0x00000000d5550000, 0x00000000d773a000, 0x00000000d773a000, 0x00000000d8dd6000)
 Metaspace       used 3474K, capacity 4728K, committed 4864K, reserved 1056768K
  class space    used 328K, capacity 424K, committed 512K, reserved 1048576K
Event: 3.320 GC heap after
Heap after GC invocations=31 (full 3):
 def new generation   total 26112K, used 2880K [0x00000000c0000000, 0x00000000c1c50000, 0x00000000d5550000)
  eden space 23232K,   0% used [0x00000000c0000000, 0x00000000c0000000, 0x00000000c16b0000)
  from space 2880K, 100% used [0x00000000c1980000, 0x00000000c1c50000, 0x00000000c1c50000)
  to   space 2880K,   0% used [0x00000000c16b0000, 0x00000000c16b0000, 0x00000000c1980000)
 tenured generation   total 57880K, used 35786K [0x00000000d5550000, 0x00000000d8dd6000, 0x0000000100000000)
   the space 57880K,  61% used [0x00000000d5550000, 0x00000000d7842870, 0x00000000d7842a00, 0x00000000d8dd6000)
 Metaspace       used 3474K, capacity 4728K, committed 4864K, reserved 1056768K
  class space    used 328K, capacity 424K, committed 512K, reserved 1048576K
}
Event: 3.426 GC heap before
{Heap before GC invocations=31 (full 3):
 def new generation   total 26112K, used 26112K [0x00000000c0000000, 0x00000000c1c50000, 0x00000000d5550000)
  eden space 23232K, 100% used [0x00000000c0000000, 0x00000000c16b0000, 0x00000000c16b0000)
  from space 2880K, 100% used [0x00000000c1980000, 0x00000000c1c50000, 0x00000000c1c50000)
  to   space 2880K,   0% used [0x00000000c16b0000, 0x00000000c16b0000, 0x00000000c1980000)
 tenured generation   total 57880K, used 35786K [0x00000000d5550000, 0x00000000d8dd6000, 0x0000000100000000)
   the space 57880K,  61% used [0x00000000d5550000, 0x00000000d7842870, 0x00000000d7842a00, 0x00000000d8dd6000)
 Metaspace       used 3474K, capacity 4728K, committed 4864K, reserved 1056768K
  class space    used 328K, capacity 424K, committed 512K, reserved 1048576K
Event: 3.470 GC heap after
Heap after GC invocations=32 (full 3):
 def new generation   total 26112K, used 2716K [0x00000000c0000000, 0x00000000c1c50000, 0x00000000d5550000)
  eden space 23232K,   0% used [0x00000000c0000000, 0x00000000c0000000, 0x00000000c16b0000)
  from space 2880K,  94% used [0x00000000c16b0000, 0x00000000c19572e0, 0x00000000c1980000)
  to   space 2880K,   0% used [0x00000000c1980000, 0x00000000c1980000, 0x00000000c1c50000)
 tenured generation   total 57880K, used 38665K [0x00000000d5550000, 0x00000000d8dd6000, 0x0000000100000000)
   the space 57880K,  66% used [0x00000000d5550000, 0x00000000d7b12778, 0x00000000d7b12800, 0x00000000d8dd6000)
 Metaspace       used 3474K, capacity 4728K, committed 4864K, reserved 1056768K
  class space    used 328K, capacity 424K, committed 512K, reserved 1048576K
}
Event: 3.577 GC heap before
{Heap before GC invocations=32 (full 3):
 def new generation   total 26112K, used 25948K [0x00000000c0000000, 0x00000000c1c50000, 0x00000000d5550000)
  eden space 23232K, 100% used [0x00000000c0000000, 0x00000000c16b0000, 0x00000000c16b0000)
  from space 2880K,  94% used [0x00000000c16b0000, 0x00000000c19572e0, 0x00000000c1980000)
  to   space 2880K,   0% used [0x00000000c1980000, 0x00000000c1980000, 0x00000000c1c50000)
 tenured generation   total 57880K, used 38665K [0x00000000d5550000, 0x00000000d8dd6000, 0x0000000100000000)
   the space 57880K,  66% used [0x00000000d5550000, 0x00000000d7b12778, 0x00000000d7b12800, 0x00000000d8dd6000)
 Metaspace       used 3474K, capacity 4728K, committed 4864K, reserved 1056768K
  class space    used 328K, capacity 424K, committed 512K, reserved 1048576K
Event: 3.613 GC heap after
Heap after GC invocations=33 (full 3):
 def new generation   total 26112K, used 2718K [0x00000000c0000000, 0x00000000c1c50000, 0x00000000d5550000)
  eden space 23232K,   0% used [0x00000000c0000000, 0x00000000c0000000, 0x00000000c16b0000)
  from space 2880K,  94% used [0x00000000c1980000, 0x00000000c1c27b38, 0x00000000c1c50000)
  to   space 2880K,   0% used [0x00000000c16b0000, 0x00000000c16b0000, 0x00000000c1980000)
 tenured generation   total 57880K, used 41382K [0x00000000d5550000, 0x00000000d8dd6000, 0x0000000100000000)
   the space 57880K,  71% used [0x00000000d5550000, 0x00000000d7db99c8, 0x00000000d7db9a00, 0x00000000d8dd6000)
 Metaspace       used 3474K, capacity 4728K, committed 4864K, reserved 1056768K
  class space    used 328K, capacity 424K, committed 512K, reserved 1048576K
}
Event: 3.719 GC heap before
{Heap before GC invocations=33 (full 3):
 def new generation   total 26112K, used 25950K [0x00000000c0000000, 0x00000000c1c50000, 0x00000000d5550000)
  eden space 23232K, 100% used [0x00000000c0000000, 0x00000000c16b0000, 0x00000000c16b0000)
  from space 2880K,  94% used [0x00000000c1980000, 0x00000000c1c27b38, 0x00000000c1c50000)
  to   space 2880K,   0% used [0x00000000c16b0000, 0x00000000c16b0000, 0x00000000c1980000)
 tenured generation   total 57880K, used 41382K [0x00000000d5550000, 0x00000000d8dd6000, 0x0000000100000000)
   the space 57880K,  71% used [0x00000000d5550000, 0x00000000d7db99c8, 0x00000000d7db9a00, 0x00000000d8dd6000)
 Metaspace       used 3474K, capacity 4728K, committed 4864K, reserved 1056768K
  class space    used 328K, capacity 424K, committed 512K, reserved 1048576K
Event: 3.760 GC heap after
Heap after GC invocations=34 (full 3):
 def new generation   total 26112K, used 2719K [0x00000000c0000000, 0x00000000c1c50000, 0x00000000d5550000)
  eden space 23232K,   0% used [0x00000000c0000000, 0x00000000c0000000, 0x00000000c16b0000)
  from space 2880K,  94% used [0x00000000c16b0000, 0x00000000c1957c28, 0x00000000c1980000)
  to   space 2880K,   0% used [0x00000000c1980000, 0x00000000c1980000, 0x00000000c1c50000)
 tenured generation   total 57880K, used 44101K [0x00000000d5550000, 0x00000000d8dd6000, 0x0000000100000000)
   the space 57880K,  76% used [0x00000000d5550000, 0x00000000d8061458, 0x00000000d8061600, 0x00000000d8dd6000)
 Metaspace       used 3474K, capacity 4728K, committed 4864K, reserved 1056768K
  class space    used 328K, capacity 424K, committed 512K, reserved 1048576K
}
Event: 3.867 GC heap before
{Heap before GC invocations=34 (full 3):
 def new generation   total 26112K, used 25951K [0x00000000c0000000, 0x00000000c1c50000, 0x00000000d5550000)
  eden space 23232K, 100% used [0x00000000c0000000, 0x00000000c16b0000, 0x00000000c16b0000)
  from space 2880K,  94% used [0x00000000c16b0000, 0x00000000c1957c28, 0x00000000c1980000)
  to   space 2880K,   0% used [0x00000000c1980000, 0x00000000c1980000, 0x00000000c1c50000)
 tenured generation   total 57880K, used 44101K [0x00000000d5550000, 0x00000000d8dd6000, 0x0000000100000000)
   the space 57880K,  76% used [0x00000000d5550000, 0x00000000d8061458, 0x00000000d8061600, 0x00000000d8dd6000)
 Metaspace       used 3474K, capacity 4728K, committed 4864K, reserved 1056768K
  class space    used 328K, capacity 424K, committed 512K, reserved 1048576K
Event: 3.899 GC heap after
Heap after GC invocations=35 (full 3):
 def new generation   total 26112K, used 2719K [0x00000000c0000000, 0x00000000c1c50000, 0x00000000d5550000)
  eden space 23232K,   0% used [0x00000000c0000000, 0x00000000c0000000, 0x00000000c16b0000)
  from space 2880K,  94% used [0x00000000c1980000, 0x00000000c1c27c48, 0x00000000c1c50000)
  to   space 2880K,   0% used [0x00000000c16b0000, 0x00000000c16b0000, 0x00000000c1980000)
 tenured generation   total 57880K, used 46819K [0x00000000d5550000, 0x00000000d8dd6000, 0x0000000100000000)
   the space 57880K,  80% used [0x00000000d5550000, 0x00000000d8308f60, 0x00000000d8309000, 0x00000000d8dd6000)
 Metaspace       used 3474K, capacity 4728K, committed 4864K, reserved 1056768K
  class space    used 328K, capacity 424K, committed 512K, reserved 1048576K
}
Event: 4.009 GC heap before
{Heap before GC invocations=35 (full 3):
 def new generation   total 26112K, used 25951K [0x00000000c0000000, 0x00000000c1c50000, 0x00000000d5550000)
  eden space 23232K, 100% used [0x00000000c0000000, 0x00000000c16b0000, 0x00000000c16b0000)
  from space 2880K,  94% used [0x00000000c1980000, 0x00000000c1c27c48, 0x00000000c1c50000)
  to   space 2880K,   0% used [0x00000000c16b0000, 0x00000000c16b0000, 0x00000000c1980000)
 tenured generation   total 57880K, used 46819K [0x00000000d5550000, 0x00000000d8dd6000, 0x0000000100000000)
   the space 57880K,  80% used [0x00000000d5550000, 0x00000000d8308f60, 0x00000000d8309000, 0x00000000d8dd6000)
 Metaspace       used 3474K, capacity 4728K, committed 4864K, reserved 1056768K
  class space    used 328K, capacity 424K, committed 512K, reserved 1048576K
Event: 4.060 GC heap after
Heap after GC invocations=36 (full 3):
 def new generation   total 26112K, used 2717K [0x00000000c0000000, 0x00000000c1c50000, 0x00000000d5550000)
  eden space 23232K,   0% used [0x00000000c0000000, 0x00000000c0000000, 0x00000000c16b0000)
  from space 2880K,  94% used [0x00000000c16b0000, 0x00000000c1957578, 0x00000000c1980000)
  to   space 2880K,   0% used [0x00000000c1980000, 0x00000000c1980000, 0x00000000c1c50000)
 tenured generation   total 57880K, used 49538K [0x00000000d5550000, 0x00000000d8dd6000, 0x0000000100000000)
   the space 57880K,  85% used [0x00000000d5550000, 0x00000000d85b0ac0, 0x00000000d85b0c00, 0x00000000d8dd6000)
 Metaspace       used 3474K, capacity 4728K, committed 4864K, reserved 1056768K
  class space    used 328K, capacity 424K, committed 512K, reserved 1048576K
}
Event: 4.170 GC heap before
{Heap before GC invocations=36 (full 3):
 def new generation   total 26112K, used 25949K [0x00000000c0000000, 0x00000000c1c50000, 0x00000000d5550000)
  eden space 23232K, 100% used [0x00000000c0000000, 0x00000000c16b0000, 0x00000000c16b0000)
  from space 2880K,  94% used [0x00000000c16b0000, 0x00000000c1957578, 0x00000000c1980000)
  to   space 2880K,   0% used [0x00000000c1980000, 0x00000000c1980000, 0x00000000c1c50000)
 tenured generation   total 57880K, used 49538K [0x00000000d5550000, 0x00000000d8dd6000, 0x0000000100000000)
   the space 57880K,  85% used [0x00000000d5550000, 0x00000000d85b0ac0, 0x00000000d85b0c00, 0x00000000d8dd6000)
 Metaspace       used 3474K, capacity 4728K, committed 4864K, reserved 1056768K
  class space    used 328K, capacity 424K, committed 512K, reserved 1048576K
Event: 4.202 GC heap after
Heap after GC invocations=37 (full 3):
 def new generation   total 26112K, used 2719K [0x00000000c0000000, 0x00000000c1c50000, 0x00000000d5550000)
  eden space 23232K,   0% used [0x00000000c0000000, 0x00000000c0000000, 0x00000000c16b0000)
  from space 2880K,  94% used [0x00000000c1980000, 0x00000000c1c27fe0, 0x00000000c1c50000)
  to   space 2880K,   0% used [0x00000000c16b0000, 0x00000000c16b0000, 0x00000000c1980000)
 tenured generation   total 57880K, used 52255K [0x00000000d5550000, 0x00000000d8dd6000, 0x0000000100000000)
   the space 57880K,  90% used [0x00000000d5550000, 0x00000000d8857f50, 0x00000000d8858000, 0x00000000d8dd6000)
 Metaspace       used 3474K, capacity 4728K, committed 4864K, reserved 1056768K
  class space    used 328K, capacity 424K, committed 512K, reserved 1048576K
}
Event: 4.315 GC heap before
{Heap before GC invocations=37 (full 3):
 def new generation   total 26112K, used 25951K [0x00000000c0000000, 0x00000000c1c50000, 0x00000000d5550000)
  eden space 23232K, 100% used [0x00000000c0000000, 0x00000000c16b0000, 0x00000000c16b0000)
  from space 2880K,  94% used [0x00000000c1980000, 0x00000000c1c27fe0, 0x00000000c1c50000)
  to   space 2880K,   0% used [0x00000000c16b0000, 0x00000000c16b0000, 0x00000000c1980000)
 tenured generation   total 57880K, used 52255K [0x00000000d5550000, 0x00000000d8dd6000, 0x0000000100000000)
   the space 57880K,  90% used [0x00000000d5550000, 0x00000000d8857f50, 0x00000000d8858000, 0x00000000d8dd6000)
 Metaspace       used 3474K, capacity 4728K, committed 4864K, reserved 1056768K
  class space    used 328K, capacity 424K, committed 512K, reserved 1048576K
Event: 4.354 GC heap after
Heap after GC invocations=38 (full 3):
 def new generation   total 26112K, used 2720K [0x00000000c0000000, 0x00000000c1c50000, 0x00000000d5550000)
  eden space 23232K,   0% used [0x00000000c0000000, 0x00000000c0000000, 0x00000000c16b0000)
  from space 2880K,  94% used [0x00000000c16b0000, 0x00000000c1958370, 0x00000000c1980000)
  to   space 2880K,   0% used [0x00000000c1980000, 0x00000000c1980000, 0x00000000c1c50000)
 tenured generation   total 57880K, used 54975K [0x00000000d5550000, 0x00000000d8dd6000, 0x0000000100000000)
   the space 57880K,  94% used [0x00000000d5550000, 0x00000000d8affe50, 0x00000000d8b00000, 0x00000000d8dd6000)
 Metaspace       used 3474K, capacity 4728K, committed 4864K, reserved 1056768K
  class space    used 328K, capacity 424K, committed 512K, reserved 1048576K
}
Event: 4.466 GC heap before
{Heap before GC invocations=38 (full 3):
 def new generation   total 26112K, used 25952K [0x00000000c0000000, 0x00000000c1c50000, 0x00000000d5550000)
  eden space 23232K, 100% used [0x00000000c0000000, 0x00000000c16b0000, 0x00000000c16b0000)
  from space 2880K,  94% used [0x00000000c16b0000, 0x00000000c1958370, 0x00000000c1980000)
  to   space 2880K,   0% used [0x00000000c1980000, 0x00000000c1980000, 0x00000000c1c50000)
 tenured generation   total 57880K, used 54975K [0x00000000d5550000, 0x00000000d8dd6000, 0x0000000100000000)
   the space 57880K,  94% used [0x00000000d5550000, 0x00000000d8affe50, 0x00000000d8b00000, 0x00000000d8dd6000)
 Metaspace       used 3474K, capacity 4728K, committed 4864K, reserved 1056768K
  class space    used 328K, capacity 424K, committed 512K, reserved 1048576K
Event: 4.505 GC heap after
Heap after GC invocations=39 (full 3):
 def new generation   total 26112K, used 2717K [0x00000000c0000000, 0x00000000c1c50000, 0x00000000d5550000)
  eden space 23232K,   0% used [0x00000000c0000000, 0x00000000c0000000, 0x00000000c16b0000)
  from space 2880K,  94% used [0x00000000c1980000, 0x00000000c1c277b8, 0x00000000c1c50000)
  to   space 2880K,   0% used [0x00000000c16b0000, 0x00000000c16b0000, 0x00000000c1980000)
 tenured generation   total 57880K, used 57696K [0x00000000d5550000, 0x00000000d8dd6000, 0x0000000100000000)
   the space 57880K,  99% used [0x00000000d5550000, 0x00000000d8da80a8, 0x00000000d8da8200, 0x00000000d8dd6000)
 Metaspace       used 3474K, capacity 4728K, committed 4864K, reserved 1056768K
  class space    used 328K, capacity 424K, committed 512K, reserved 1048576K
}
Event: 4.613 GC heap before
{Heap before GC invocations=39 (full 3):
 def new generation   total 26112K, used 25949K [0x00000000c0000000, 0x00000000c1c50000, 0x00000000d5550000)
  eden space 23232K, 100% used [0x00000000c0000000, 0x00000000c16b0000, 0x00000000c16b0000)
  from space 2880K,  94% used [0x00000000c1980000, 0x00000000c1c277b8, 0x00000000c1c50000)
  to   space 2880K,   0% used [0x00000000c16b0000, 0x00000000c16b0000, 0x00000000c1980000)
 tenured generation   total 57880K, used 57696K [0x00000000d5550000, 0x00000000d8dd6000, 0x0000000100000000)
   the space 57880K,  99% used [0x00000000d5550000, 0x00000000d8da80a8, 0x00000000d8da8200, 0x00000000d8dd6000)
 Metaspace       used 3474K, capacity 4728K, committed 4864K, reserved 1056768K
  class space    used 328K, capacity 424K, committed 512K, reserved 1048576K

