# JRE version: OpenJDK Runtime Environment (8.0_201-b09) (build 1.8.0_201-b09)
# Java VM: OpenJDK 64-Bit Server VM (25.201-b09 mixed mode linux-amd64 compressed oops)
Heap:
 def new generation   total 127744K, used 14111K [0x00000000c0000000, 0x00000000c8a90000, 0x00000000d5550000)
  eden space 113600K,  12% used [0x00000000c0000000, 0x00000000c0dc7dc0, 0x00000000c6ef0000)
  from space 14144K,   0% used [0x00000000c6ef0000, 0x00000000c6ef0000, 0x00000000c7cc0000)
  to   space 14144K,   0% used [0x00000000c7cc0000, 0x00000000c7cc0000, 0x00000000c8a90000)
 tenured generation   total 293036K, used 292909K [0x00000000d5550000, 0x00000000e737b000, 0x0000000100000000)
   the space 293036K,  99% used [0x00000000d5550000, 0x00000000e735b4d8, 0x00000000e735b600, 0x00000000e737b000)
 Metaspace       used 3786K, capacity 4856K, committed 5120K, reserved 1056768K
  class space    used 340K, capacity 424K, committed 512K, reserved 1048576K
GC Heap History (133 events):
Event: 0.942 GC heap before
{Heap before GC invocations=0 (full 0):
 def new generation   total 4928K, used 4242K [0x00000000c0000000, 0x00000000c0550000, 0x00000000d5550000)
  eden space 4416K,  96% used [0x00000000c0000000, 0x00000000c0424808, 0x00000000c0450000)
  from space 512K,   0% used [0x00000000c0450000, 0x00000000c0450000, 0x00000000c04d0000)
  to   space 512K,   0% used [0x00000000c04d0000, 0x00000000c04d0000, 0x00000000c0550000)
 tenured generation   total 10944K, used 0K [0x00000000d5550000, 0x00000000d6000000, 0x0000000100000000)
   the space 10944K,   0% used [0x00000000d5550000, 0x00000000d5550000, 0x00000000d5550200, 0x00000000d6000000)
 Metaspace       used 3296K, capacity 4728K, committed 4864K, reserved 1056768K
  class space    used 322K, capacity 424K, committed 512K, reserved 1048576K
Event: 0.946 GC heap after
Heap after GC invocations=1 (full 0):
 def new generation   total 4928K, used 512K [0x00000000c0000000, 0x00000000c0550000, 0x00000000d5550000)
  eden space 4416K,   0% used [0x00000000c0000000, 0x00000000c0000000, 0x00000000c0450000)
  from space 512K, 100% used [0x00000000c04d0000, 0x00000000c0550000, 0x00000000c0550000)
  to   space 512K,   0% used [0x00000000c0450000, 0x00000000c0450000, 0x00000000c04d0000)
 tenured generation   total 10944K, used 2729K [0x00000000d5550000, 0x00000000d6000000, 0x0000000100000000)
   the space 10944K,  24% used [0x00000000d5550000, 0x00000000d57fa648, 0x00000000d57fa800, 0x00000000d6000000)
 Metaspace       used 3296K, capacity 4728K, committed 4864K, reserved 1056768K
  class space    used 322K, capacity 424K, committed 512K, reserved 1048576K
}
Event: 1.062 GC heap before
{Heap before GC invocations=1 (full 0):
 def new generation   total 4928K, used 4928K [0x00000000c0000000, 0x00000000c0550000, 0x00000000d5550000)
  eden space 4416K, 100% used [0x00000000c0000000, 0x00000000c0450000, 0x00000000c0450000)
  from space 512K, 100% used [0x00000000c04d0000, 0x00000000c0550000, 0x00000000c0550000)
  to   space 512K,   0% used [0x00000000c0450000, 0x00000000c0450000, 0x00000000c04d0000)
 tenured generation   total 10944K, used 2729K [0x00000000d5550000, 0x00000000d6000000, 0x0000000100000000)
   the space 10944K,  24% used [0x00000000d5550000, 0x00000000d57fa648, 0x00000000d57fa800, 0x00000000d6000000)
 Metaspace       used 3441K, capacity 4728K, committed 4864K, reserved 1056768K
  class space    used 328K, capacity 424K, committed 512K, reserved 1048576K
Event: 1.066 GC heap after
Heap after GC invocations=2 (full 0):
 def new generation   total 4928K, used 512K [0x00000000c0000000, 0x00000000c0550000, 0x00000000d5550000)
  eden space 4416K,   0% used [0x00000000c0000000, 0x00000000c0000000, 0x00000000c0450000)
  from space 512K, 100% used [0x00000000c0450000, 0x00000000c04d0000, 0x00000000c04d0000)
  to   space 512K,   0% used [0x00000000c04d0000, 0x00000000c04d0000, 0x00000000c0550000)
 tenured generation   total 10944K, used 5314K [0x00000000d5550000, 0x00000000d6000000, 0x0000000100000000)
   the space 10944K,  48% used [0x00000000d5550000, 0x00000000d5a80ae8, 0x00000000d5a80c00, 0x00000000d6000000)
 Metaspace       used 3441K, capacity 4728K, committed 4864K, reserved 1056768K
  class space    used 328K, capacity 424K, committed 512K, reserved 1048576K
}
Event: 1.136 GC heap before
{Heap before GC invocations=2 (full 0):
 def new generation   total 4928K, used 4928K [0x00000000c0000000, 0x00000000c0550000, 0x00000000d5550000)
  eden space 4416K, 100% used [0x00000000c0000000, 0x00000000c0450000, 0x00000000c0450000)
  from space 512K, 100% used [0x00000000c0450000, 0x00000000c04d0000, 0x00000000c04d0000)
  to   space 512K,   0% used [0x00000000c04d0000, 0x00000000c04d0000, 0x00000000c0550000)
 tenured generation   total 10944K, used 5314K [0x00000000d5550000, 0x00000000d6000000, 0x0000000100000000)
   the space 10944K,  48% used [0x00000000d5550000, 0x00000000d5a80ae8, 0x00000000d5a80c00, 0x00000000d6000000)
 Metaspace       used 3441K, capacity 4728K, committed 4864K, reserved 1056768K
  class space    used 328K, capacity 424K, committed 512K, reserved 1048576K
Event: 1.139 GC heap after
Heap after GC invocations=3 (full 0):
 def new generation   total 4928K, used 506K [0x00000000c0000000, 0x00000000c0550000, 0x00000000d5550000)
  eden space 4416K,   0% used [0x00000000c0000000, 0x00000000c0000000, 0x00000000c0450000)
  from space 512K,  98% used [0x00000000c04d0000, 0x00000000c054ea60, 0x00000000c0550000)
  to   space 512K,   0% used [0x00000000c0450000, 0x00000000c0450000, 0x00000000c04d0000)
 tenured generation   total 10944K, used 5826K [0x00000000d5550000, 0x00000000d6000000, 0x0000000100000000)
   the space 10944K,  53% used [0x00000000d5550000, 0x00000000d5b00870, 0x00000000d5b00a00, 0x00000000d6000000)
 Metaspace       used 3441K, capacity 4728K, committed 4864K, reserved 1056768K
  class space    used 328K, capacity 424K, committed 512K, reserved 1048576K
}
Event: 1.190 GC heap before
{Heap before GC invocations=3 (full 0):
 def new generation   total 4928K, used 4922K [0x00000000c0000000, 0x00000000c0550000, 0x00000000d5550000)
  eden space 4416K, 100% used [0x00000000c0000000, 0x00000000c0450000, 0x00000000c0450000)
  from space 512K,  98% used [0x00000000c04d0000, 0x00000000c054ea60, 0x00000000c0550000)
  to   space 512K,   0% used [0x00000000c0450000, 0x00000000c0450000, 0x00000000c04d0000)
 tenured generation   total 10944K, used 5826K [0x00000000d5550000, 0x00000000d6000000, 0x0000000100000000)
   the space 10944K,  53% used [0x00000000d5550000, 0x00000000d5b00870, 0x00000000d5b00a00, 0x00000000d6000000)
 Metaspace       used 3441K, capacity 4728K, committed 4864K, reserved 1056768K
  class space    used 328K, capacity 424K, committed 512K, reserved 1048576K
Event: 1.193 GC heap after
Heap after GC invocations=4 (full 0):
 def new generation   total 4928K, used 478K [0x00000000c0000000, 0x00000000c0550000, 0x00000000d5550000)
  eden space 4416K,   0% used [0x00000000c0000000, 0x00000000c0000000, 0x00000000c0450000)
  from space 512K,  93% used [0x00000000c0450000, 0x00000000c04c7aa8, 0x00000000c04d0000)
  to   space 512K,   0% used [0x00000000c04d0000, 0x00000000c04d0000, 0x00000000c0550000)
 tenured generation   total 10944K, used 6332K [0x00000000d5550000, 0x00000000d6000000, 0x0000000100000000)
   the space 10944K,  57% used [0x00000000d5550000, 0x00000000d5b7f190, 0x00000000d5b7f200, 0x00000000d6000000)
 Metaspace       used 3441K, capacity 4728K, committed 4864K, reserved 1056768K
  class space    used 328K, capacity 424K, committed 512K, reserved 1048576K
}
Event: 1.247 GC heap before
{Heap before GC invocations=4 (full 0):
 def new generation   total 4928K, used 4894K [0x00000000c0000000, 0x00000000c0550000, 0x00000000d5550000)
  eden space 4416K, 100% used [0x00000000c0000000, 0x00000000c0450000, 0x00000000c0450000)
  from space 512K,  93% used [0x00000000c0450000, 0x00000000c04c7aa8, 0x00000000c04d0000)
  to   space 512K,   0% used [0x00000000c04d0000, 0x00000000c04d0000, 0x00000000c0550000)
 tenured generation   total 10944K, used 6332K [0x00000000d5550000, 0x00000000d6000000, 0x0000000100000000)
   the space 10944K,  57% used [0x00000000d5550000, 0x00000000d5b7f190, 0x00000000d5b7f200, 0x00000000d6000000)
 Metaspace       used 3442K, capacity 4728K, committed 4864K, reserved 1056768K
  class space    used 328K, capacity 424K, committed 512K, reserved 1048576K
Event: 1.250 GC heap after
Heap after GC invocations=5 (full 0):
 def new generation   total 4928K, used 477K [0x00000000c0000000, 0x00000000c0550000, 0x00000000d5550000)
  eden space 4416K,   0% used [0x00000000c0000000, 0x00000000c0000000, 0x00000000c0450000)
  from space 512K,  93% used [0x00000000c04d0000, 0x00000000c05476c0, 0x00000000c0550000)
  to   space 512K,   0% used [0x00000000c0450000, 0x00000000c0450000, 0x00000000c04d0000)
 tenured generation   total 10944K, used 6810K [0x00000000d5550000, 0x00000000d6000000, 0x0000000100000000)
   the space 10944K,  62% used [0x00000000d5550000, 0x00000000d5bf6a90, 0x00000000d5bf6c00, 0x00000000d6000000)
 Metaspace       used 3442K, capacity 4728K, committed 4864K, reserved 1056768K
  class space    used 328K, capacity 424K, committed 512K, reserved 1048576K
}
Event: 1.300 GC heap before
{Heap before GC invocations=5 (full 0):
 def new generation   total 4928K, used 4893K [0x00000000c0000000, 0x00000000c0550000, 0x00000000d5550000)
  eden space 4416K, 100% used [0x00000000c0000000, 0x00000000c0450000, 0x00000000c0450000)
  from space 512K,  93% used [0x00000000c04d0000, 0x00000000c05476c0, 0x00000000c0550000)
  to   space 512K,   0% used [0x00000000c0450000, 0x00000000c0450000, 0x00000000c04d0000)
 tenured generation   total 10944K, used 6810K [0x00000000d5550000, 0x00000000d6000000, 0x0000000100000000)
   the space 10944K,  62% used [0x00000000d5550000, 0x00000000d5bf6a90, 0x00000000d5bf6c00, 0x00000000d6000000)
 Metaspace       used 3443K, capacity 4728K, committed 4864K, reserved 1056768K
  class space    used 328K, capacity 424K, committed 512K, reserved 1048576K
Event: 1.303 GC heap after
Heap after GC invocations=6 (full 0):
 def new generation   total 4928K, used 478K [0x00000000c0000000, 0x00000000c0550000, 0x00000000d5550000)
  eden space 4416K,   0% used [0x00000000c0000000, 0x00000000c0000000, 0x00000000c0450000)
  from space 512K,  93% used [0x00000000c0450000, 0x00000000c04c7bd0, 0x00000000c04d0000)
  to   space 512K,   0% used [0x00000000c04d0000, 0x00000000c04d0000, 0x00000000c0550000)
 tenured generation   total 10944K, used 7287K [0x00000000d5550000, 0x00000000d6000000, 0x0000000100000000)
   the space 10944K,  66% used [0x00000000d5550000, 0x00000000d5c6df40, 0x00000000d5c6e000, 0x00000000d6000000)
 Metaspace       used 3443K, capacity 4728K, committed 4864K, reserved 1056768K
  class space    used 328K, capacity 424K, committed 512K, reserved 1048576K
}
Event: 1.358 GC heap before
{Heap before GC invocations=6 (full 0):
 def new generation   total 4928K, used 4894K [0x00000000c0000000, 0x00000000c0550000, 0x00000000d5550000)
  eden space 4416K, 100% used [0x00000000c0000000, 0x00000000c0450000, 0x00000000c0450000)
  from space 512K,  93% used [0x00000000c0450000, 0x00000000c04c7bd0, 0x00000000c04d0000)
  to   space 512K,   0% used [0x00000000c04d0000, 0x00000000c04d0000, 0x00000000c0550000)
 tenured generation   total 10944K, used 7287K [0x00000000d5550000, 0x00000000d6000000, 0x0000000100000000)
   the space 10944K,  66% used [0x00000000d5550000, 0x00000000d5c6df40, 0x00000000d5c6e000, 0x00000000d6000000)
 Metaspace       used 3443K, capacity 4728K, committed 4864K, reserved 1056768K
  class space    used 328K, capacity 424K, committed 512K, reserved 1048576K
Event: 1.362 GC heap after
Heap after GC invocations=7 (full 0):
 def new generation   total 4928K, used 478K [0x00000000c0000000, 0x00000000c0550000, 0x00000000d5550000)
  eden space 4416K,   0% used [0x00000000c0000000, 0x00000000c0000000, 0x00000000c0450000)
  from space 512K,  93% used [0x00000000c04d0000, 0x00000000c0547a90, 0x00000000c0550000)
  to   space 512K,   0% used [0x00000000c0450000, 0x00000000c0450000, 0x00000000c04d0000)
 tenured generation   total 10944K, used 7766K [0x00000000d5550000, 0x00000000d6000000, 0x0000000100000000)
   the space 10944K,  70% used [0x00000000d5550000, 0x00000000d5ce59b8, 0x00000000d5ce5a00, 0x00000000d6000000)
 Metaspace       used 3443K, capacity 4728K, committed 4864K, reserved 1056768K
  class space    used 328K, capacity 424K, committed 512K, reserved 1048576K
}
Event: 1.420 GC heap before
{Heap before GC invocations=7 (full 0):
 def new generation   total 4928K, used 4894K [0x00000000c0000000, 0x00000000c0550000, 0x00000000d5550000)
  eden space 4416K, 100% used [0x00000000c0000000, 0x00000000c0450000, 0x00000000c0450000)
  from space 512K,  93% used [0x00000000c04d0000, 0x00000000c0547a90, 0x00000000c0550000)
  to   space 512K,   0% used [0x00000000c0450000, 0x00000000c0450000, 0x00000000c04d0000)
 tenured generation   total 10944K, used 7766K [0x00000000d5550000, 0x00000000d6000000, 0x0000000100000000)
   the space 10944K,  70% used [0x00000000d5550000, 0x00000000d5ce59b8, 0x00000000d5ce5a00, 0x00000000d6000000)
 Metaspace       used 3445K, capacity 4728K, committed 4864K, reserved 1056768K
  class space    used 328K, capacity 424K, committed 512K, reserved 1048576K
Event: 1.424 GC heap after
Heap after GC invocations=8 (full 0):
 def new generation   total 4928K, used 479K [0x00000000c0000000, 0x00000000c0550000, 0x00000000d5550000)
  eden space 4416K,   0% used [0x00000000c0000000, 0x00000000c0000000, 0x00000000c0450000)
  from space 512K,  93% used [0x00000000c0450000, 0x00000000c04c7dc8, 0x00000000c04d0000)
  to   space 512K,   0% used [0x00000000c04d0000, 0x00000000c04d0000, 0x00000000c0550000)
 tenured generation   total 10944K, used 8244K [0x00000000d5550000, 0x00000000d6000000, 0x0000000100000000)
   the space 10944K,  75% used [0x00000000d5550000, 0x00000000d5d5d2c8, 0x00000000d5d5d400, 0x00000000d6000000)
 Metaspace       used 3445K, capacity 4728K, committed 4864K, reserved 1056768K
  class space    used 328K, capacity 424K, committed 512K, reserved 1048576K
}
Event: 1.486 GC heap before
{Heap before GC invocations=8 (full 0):
 def new generation   total 4928K, used 4895K [0x00000000c0000000, 0x00000000c0550000, 0x00000000d5550000)
  eden space 4416K, 100% used [0x00000000c0000000, 0x00000000c0450000, 0x00000000c0450000)
  from space 512K,  93% used [0x00000000c0450000, 0x00000000c04c7dc8, 0x00000000c04d0000)
  to   space 512K,   0% used [0x00000000c04d0000, 0x00000000c04d0000, 0x00000000c0550000)
 tenured generation   total 10944K, used 8244K [0x00000000d5550000, 0x00000000d6000000, 0x0000000100000000)
   the space 10944K,  75% used [0x00000000d5550000, 0x00000000d5d5d2c8, 0x00000000d5d5d400, 0x00000000d6000000)
 Metaspace       used 3453K, capacity 4728K, committed 4864K, reserved 1056768K
  class space    used 328K, capacity 424K, committed 512K, reserved 1048576K
Event: 1.490 GC heap after
Heap after GC invocations=9 (full 0):
 def new generation   total 4928K, used 479K [0x00000000c0000000, 0x00000000c0550000, 0x00000000d5550000)
  eden space 4416K,   0% used [0x00000000c0000000, 0x00000000c0000000, 0x00000000c0450000)
  from space 512K,  93% used [0x00000000c04d0000, 0x00000000c0547c60, 0x00000000c0550000)
  to   space 512K,   0% used [0x00000000c0450000, 0x00000000c0450000, 0x00000000c04d0000)
 tenured generation   total 10944K, used 8723K [0x00000000d5550000, 0x00000000d6000000, 0x0000000100000000)
   the space 10944K,  79% used [0x00000000d5550000, 0x00000000d5dd4f68, 0x00000000d5dd5000, 0x00000000d6000000)
 Metaspace       used 3453K, capacity 4728K, committed 4864K, reserved 1056768K
  class space    used 328K, capacity 424K, committed 512K, reserved 1048576K
}
Event: 1.528 GC heap before
{Heap before GC invocations=9 (full 0):
 def new generation   total 4928K, used 4895K [0x00000000c0000000, 0x00000000c0550000, 0x00000000d5550000)
  eden space 4416K, 100% used [0x00000000c0000000, 0x00000000c0450000, 0x00000000c0450000)
  from space 512K,  93% used [0x00000000c04d0000, 0x00000000c0547c60, 0x00000000c0550000)
  to   space 512K,   0% used [0x00000000c0450000, 0x00000000c0450000, 0x00000000c04d0000)
 tenured generation   total 10944K, used 8723K [0x00000000d5550000, 0x00000000d6000000, 0x0000000100000000)
   the space 10944K,  79% used [0x00000000d5550000, 0x00000000d5dd4f68, 0x00000000d5dd5000, 0x00000000d6000000)
 Metaspace       used 3453K, capacity 4728K, committed 4864K, reserved 1056768K
  class space    used 328K, capacity 424K, committed 512K, reserved 1048576K
Event: 1.532 GC heap after
Heap after GC invocations=10 (full 0):
 def new generation   total 4928K, used 500K [0x00000000c0000000, 0x00000000c0550000, 0x00000000d5550000)
  eden space 4416K,   0% used [0x00000000c0000000, 0x00000000c0000000, 0x00000000c0450000)
  from space 512K,  97% used [0x00000000c0450000, 0x00000000c04cd150, 0x00000000c04d0000)
  to   space 512K,   0% used [0x00000000c04d0000, 0x00000000c04d0000, 0x00000000c0550000)
 tenured generation   total 10944K, used 9202K [0x00000000d5550000, 0x00000000d6000000, 0x0000000100000000)
   the space 10944K,  84% used [0x00000000d5550000, 0x00000000d5e4ca88, 0x00000000d5e4cc00, 0x00000000d6000000)
 Metaspace       used 3453K, capacity 4728K, committed 4864K, reserved 1056768K
  class space    used 328K, capacity 424K, committed 512K, reserved 1048576K
}
Event: 1.578 GC heap before
{Heap before GC invocations=10 (full 0):
 def new generation   total 4928K, used 4916K [0x00000000c0000000, 0x00000000c0550000, 0x00000000d5550000)
  eden space 4416K, 100% used [0x00000000c0000000, 0x00000000c0450000, 0x00000000c0450000)
  from space 512K,  97% used [0x00000000c0450000, 0x00000000c04cd150, 0x00000000c04d0000)
  to   space 512K,   0% used [0x00000000c04d0000, 0x00000000c04d0000, 0x00000000c0550000)
 tenured generation   total 10944K, used 9202K [0x00000000d5550000, 0x00000000d6000000, 0x0000000100000000)
   the space 10944K,  84% used [0x00000000d5550000, 0x00000000d5e4ca88, 0x00000000d5e4cc00, 0x00000000d6000000)
 Metaspace       used 3455K, capacity 4728K, committed 4864K, reserved 1056768K
  class space    used 328K, capacity 424K, committed 512K, reserved 1048576K
Event: 1.582 GC heap after
Heap after GC invocations=11 (full 0):
 def new generation   total 4928K, used 499K [0x00000000c0000000, 0x00000000c0550000, 0x00000000d5550000)
  eden space 4416K,   0% used [0x00000000c0000000, 0x00000000c0000000, 0x00000000c0450000)
  from space 512K,  97% used [0x00000000c04d0000, 0x00000000c054ccb8, 0x00000000c0550000)
  to   space 512K,   0% used [0x00000000c0450000, 0x00000000c0450000, 0x00000000c04d0000)
 tenured generation   total 10944K, used 9702K [0x00000000d5550000, 0x00000000d6000000, 0x0000000100000000)
   the space 10944K,  88% used [0x00000000d5550000, 0x00000000d5ec9a58, 0x00000000d5ec9c00, 0x00000000d6000000)
 Metaspace       used 3455K, capacity 4728K, committed 4864K, reserved 1056768K
  class space    used 328K, capacity 424K, committed 512K, reserved 1048576K
}
Event: 1.622 GC heap before
{Heap before GC invocations=11 (full 0):
 def new generation   total 4928K, used 4915K [0x00000000c0000000, 0x00000000c0550000, 0x00000000d5550000)
  eden space 4416K, 100% used [0x00000000c0000000, 0x00000000c0450000, 0x00000000c0450000)
  from space 512K,  97% used [0x00000000c04d0000, 0x00000000c054ccb8, 0x00000000c0550000)
  to   space 512K,   0% used [0x00000000c0450000, 0x00000000c0450000, 0x00000000c04d0000)
 tenured generation   total 10944K, used 9702K [0x00000000d5550000, 0x00000000d6000000, 0x0000000100000000)
   the space 10944K,  88% used [0x00000000d5550000, 0x00000000d5ec9a58, 0x00000000d5ec9c00, 0x00000000d6000000)
 Metaspace       used 3455K, capacity 4728K, committed 4864K, reserved 1056768K
  class space    used 328K, capacity 424K, committed 512K, reserved 1048576K
Event: 1.626 GC heap after
Heap after GC invocations=12 (full 0):
 def new generation   total 4928K, used 500K [0x00000000c0000000, 0x00000000c0550000, 0x00000000d5550000)
  eden space 4416K,   0% used [0x00000000c0000000, 0x00000000c0000000, 0x00000000c0450000)
  from space 512K,  97% used [0x00000000c0450000, 0x00000000c04cd388, 0x00000000c04d0000)
  to   space 512K,   0% used [0x00000000c04d0000, 0x00000000c04d0000, 0x00000000c0550000)
 tenured generation   total 10944K, used 10201K [0x00000000d5550000, 0x00000000d6000000, 0x0000000100000000)
   the space 10944K,  93% used [0x00000000d5550000, 0x00000000d5f46520, 0x00000000d5f46600, 0x00000000d6000000)
 Metaspace       used 3455K, capacity 4728K, committed 4864K, reserved 1056768K
  class space    used 328K, capacity 424K, committed 512K, reserved 1048576K
}
Event: 1.665 GC heap before
{Heap before GC invocations=12 (full 0):
 def new generation   total 4928K, used 4916K [0x00000000c0000000, 0x00000000c0550000, 0x00000000d5550000)
  eden space 4416K, 100% used [0x00000000c0000000, 0x00000000c0450000, 0x00000000c0450000)
  from space 512K,  97% used [0x00000000c0450000, 0x00000000c04cd388, 0x00000000c04d0000)
  to   space 512K,   0% used [0x00000000c04d0000, 0x00000000c04d0000, 0x00000000c0550000)
 tenured generation   total 10944K, used 10201K [0x00000000d5550000, 0x00000000d6000000, 0x0000000100000000)
   the space 10944K,  93% used [0x00000000d5550000, 0x00000000d5f46520, 0x00000000d5f46600, 0x00000000d6000000)
 Metaspace       used 3455K, capacity 4728K, committed 4864K, reserved 1056768K
  class space    used 328K, capacity 424K, committed 512K, reserved 1048576K
Event: 1.668 GC heap after
Heap after GC invocations=13 (full 0):
 def new generation   total 4928K, used 500K [0x00000000c0000000, 0x00000000c0550000, 0x00000000d5550000)
  eden space 4416K,   0% used [0x00000000c0000000, 0x00000000c0000000, 0x00000000c0450000)
  from space 512K,  97% used [0x00000000c04d0000, 0x00000000c054d1d0, 0x00000000c0550000)
  to   space 512K,   0% used [0x00000000c0450000, 0x00000000c0450000, 0x00000000c04d0000)
 tenured generation   total 10944K, used 10701K [0x00000000d5550000, 0x00000000d6000000, 0x0000000100000000)
   the space 10944K,  97% used [0x00000000d5550000, 0x00000000d5fc3690, 0x00000000d5fc3800, 0x00000000d6000000)
 Metaspace       used 3455K, capacity 4728K, committed 4864K, reserved 1056768K
  class space    used 328K, capacity 424K, committed 512K, reserved 1048576K
}
Event: 1.730 GC heap before
{Heap before GC invocations=13 (full 0):
 def new generation   total 4928K, used 4916K [0x00000000c0000000, 0x00000000c0550000, 0x00000000d5550000)
  eden space 4416K, 100% used [0x00000000c0000000, 0x00000000c0450000, 0x00000000c0450000)
  from space 512K,  97% used [0x00000000c04d0000, 0x00000000c054d1d0, 0x00000000c0550000)
  to   space 512K,   0% used [0x00000000c0450000, 0x00000000c0450000, 0x00000000c04d0000)
 tenured generation   total 10944K, used 10701K [0x00000000d5550000, 0x00000000d6000000, 0x0000000100000000)
   the space 10944K,  97% used [0x00000000d5550000, 0x00000000d5fc3690, 0x00000000d5fc3800, 0x00000000d6000000)
 Metaspace       used 3465K, capacity 4728K, committed 4864K, reserved 1056768K
  class space    used 328K, capacity 424K, committed 512K, reserved 1048576K
Event: 1.781 GC heap after
Heap after GC invocations=14 (full 1):
 def new generation   total 9024K, used 297K [0x00000000c0000000, 0x00000000c09c0000, 0x00000000d5550000)
  eden space 8064K,   3% used [0x00000000c0000000, 0x00000000c004a520, 0x00000000c07e0000)
  from space 960K,   0% used [0x00000000c07e0000, 0x00000000c07e0000, 0x00000000c08d0000)
  to   space 960K,   0% used [0x00000000c08d0000, 0x00000000c08d0000, 0x00000000c09c0000)
 tenured generation   total 19928K, used 11956K [0x00000000d5550000, 0x00000000d68c6000, 0x0000000100000000)
   the space 19928K,  59% used [0x00000000d5550000, 0x00000000d60fd000, 0x00000000d60fd000, 0x00000000d68c6000)
 Metaspace       used 3465K, capacity 4728K, committed 4864K, reserved 1056768K
  class space    used 328K, capacity 424K, committed 512K, reserved 1048576K
}
Event: 1.822 GC heap before
{Heap before GC invocations=14 (full 1):
 def new generation   total 9024K, used 8064K [0x00000000c0000000, 0x00000000c09c0000, 0x00000000d5550000)
  eden space 8064K, 100% used [0x00000000c0000000, 0x00000000c07e0000, 0x00000000c07e0000)
  from space 960K,   0% used [0x00000000c07e0000, 0x00000000c07e0000, 0x00000000c08d0000)
  to   space 960K,   0% used [0x00000000c08d0000, 0x00000000c08d0000, 0x00000000c09c0000)
 tenured generation   total 19928K, used 11956K [0x00000000d5550000, 0x00000000d68c6000, 0x0000000100000000)
   the space 19928K,  59% used [0x00000000d5550000, 0x00000000d60fd000, 0x00000000d60fd000, 0x00000000d68c6000)
 Metaspace       used 3466K, capacity 4728K, committed 4864K, reserved 1056768K
  class space    used 328K, capacity 424K, committed 512K, reserved 1048576K
Event: 1.838 GC heap after
Heap after GC invocations=15 (full 1):
 def new generation   total 9024K, used 960K [0x00000000c0000000, 0x00000000c09c0000, 0x00000000d5550000)
  eden space 8064K,   0% used [0x00000000c0000000, 0x00000000c0000000, 0x00000000c07e0000)
  from space 960K, 100% used [0x00000000c08d0000, 0x00000000c09c0000, 0x00000000c09c0000)
  to   space 960K,   0% used [0x00000000c07e0000, 0x00000000c07e0000, 0x00000000c08d0000)
 tenured generation   total 19928K, used 12170K [0x00000000d5550000, 0x00000000d68c6000, 0x0000000100000000)
   the space 19928K,  61% used [0x00000000d5550000, 0x00000000d6132b18, 0x00000000d6132c00, 0x00000000d68c6000)
 Metaspace       used 3466K, capacity 4728K, committed 4864K, reserved 1056768K
  class space    used 328K, capacity 424K, committed 512K, reserved 1048576K
}
Event: 1.877 GC heap before
{Heap before GC invocations=15 (full 1):
 def new generation   total 9024K, used 9024K [0x00000000c0000000, 0x00000000c09c0000, 0x00000000d5550000)
  eden space 8064K, 100% used [0x00000000c0000000, 0x00000000c07e0000, 0x00000000c07e0000)
  from space 960K, 100% used [0x00000000c08d0000, 0x00000000c09c0000, 0x00000000c09c0000)
  to   space 960K,   0% used [0x00000000c07e0000, 0x00000000c07e0000, 0x00000000c08d0000)
 tenured generation   total 19928K, used 12170K [0x00000000d5550000, 0x00000000d68c6000, 0x0000000100000000)
   the space 19928K,  61% used [0x00000000d5550000, 0x00000000d6132b18, 0x00000000d6132c00, 0x00000000d68c6000)
 Metaspace       used 3472K, capacity 4728K, committed 4864K, reserved 1056768K
  class space    used 328K, capacity 424K, committed 512K, reserved 1048576K
Event: 1.887 GC heap after
Heap after GC invocations=16 (full 1):
 def new generation   total 9024K, used 943K [0x00000000c0000000, 0x00000000c09c0000, 0x00000000d5550000)
  eden space 8064K,   0% used [0x00000000c0000000, 0x00000000c0000000, 0x00000000c07e0000)
  from space 960K,  98% used [0x00000000c07e0000, 0x00000000c08cbcf8, 0x00000000c08d0000)
  to   space 960K,   0% used [0x00000000c08d0000, 0x00000000c08d0000, 0x00000000c09c0000)
 tenured generation   total 19928K, used 13130K [0x00000000d5550000, 0x00000000d68c6000, 0x0000000100000000)
   the space 19928K,  65% used [0x00000000d5550000, 0x00000000d6222a40, 0x00000000d6222c00, 0x00000000d68c6000)
 Metaspace       used 3472K, capacity 4728K, committed 4864K, reserved 1056768K
  class space    used 328K, capacity 424K, committed 512K, reserved 1048576K
}
Event: 2.024 GC heap before
{Heap before GC invocations=16 (full 1):
 def new generation   total 9024K, used 9007K [0x00000000c0000000, 0x00000000c09c0000, 0x00000000d5550000)
  eden space 8064K, 100% used [0x00000000c0000000, 0x00000000c07e0000, 0x00000000c07e0000)
  from space 960K,  98% used [0x00000000c07e0000, 0x00000000c08cbcf8, 0x00000000c08d0000)
  to   space 960K,   0% used [0x00000000c08d0000, 0x00000000c08d0000, 0x00000000c09c0000)
 tenured generation   total 19928K, used 13130K [0x00000000d5550000, 0x00000000d68c6000, 0x0000000100000000)
   the space 19928K,  65% used [0x00000000d5550000, 0x00000000d6222a40, 0x00000000d6222c00, 0x00000000d68c6000)
 Metaspace       used 3473K, capacity 4728K, committed 4864K, reserved 1056768K
  class space    used 328K, capacity 424K, committed 512K, reserved 1048576K
Event: 2.036 GC heap after
Heap after GC invocations=17 (full 1):
 def new generation   total 9024K, used 960K [0x00000000c0000000, 0x00000000c09c0000, 0x00000000d5550000)
  eden space 8064K,   0% used [0x00000000c0000000, 0x00000000c0000000, 0x00000000c07e0000)
  from space 960K, 100% used [0x00000000c08d0000, 0x00000000c09c0000, 0x00000000c09c0000)
  to   space 960K,   0% used [0x00000000c07e0000, 0x00000000c07e0000, 0x00000000c08d0000)
 tenured generation   total 19928K, used 14402K [0x00000000d5550000, 0x00000000d68c6000, 0x0000000100000000)
   the space 19928K,  72% used [0x00000000d5550000, 0x00000000d63608e8, 0x00000000d6360a00, 0x00000000d68c6000)
 Metaspace       used 3473K, capacity 4728K, committed 4864K, reserved 1056768K
  class space    used 328K, capacity 424K, committed 512K, reserved 1048576K
}
Event: 2.123 GC heap before
{Heap before GC invocations=17 (full 1):
 def new generation   total 9024K, used 9024K [0x00000000c0000000, 0x00000000c09c0000, 0x00000000d5550000)
  eden space 8064K, 100% used [0x00000000c0000000, 0x00000000c07e0000, 0x00000000c07e0000)
  from space 960K, 100% used [0x00000000c08d0000, 0x00000000c09c0000, 0x00000000c09c0000)
  to   space 960K,   0% used [0x00000000c07e0000, 0x00000000c07e0000, 0x00000000c08d0000)
 tenured generation   total 19928K, used 14402K [0x00000000d5550000, 0x00000000d68c6000, 0x0000000100000000)
   the space 19928K,  72% used [0x00000000d5550000, 0x00000000d63608e8, 0x00000000d6360a00, 0x00000000d68c6000)
 Metaspace       used 3473K, capacity 4728K, committed 4864K, reserved 1056768K
  class space    used 328K, capacity 424K, committed 512K, reserved 1048576K
Event: 2.143 GC heap after
Heap after GC invocations=18 (full 1):
 def new generation   total 9024K, used 960K [0x00000000c0000000, 0x00000000c09c0000, 0x00000000d5550000)
  eden space 8064K,   0% used [0x00000000c0000000, 0x00000000c0000000, 0x00000000c07e0000)
  from space 960K, 100% used [0x00000000c07e0000, 0x00000000c08d0000, 0x00000000c08d0000)
  to   space 960K,   0% used [0x00000000c08d0000, 0x00000000c08d0000, 0x00000000c09c0000)
 tenured generation   total 19928K, used 15674K [0x00000000d5550000, 0x00000000d68c6000, 0x0000000100000000)
   the space 19928K,  78% used [0x00000000d5550000, 0x00000000d649eb48, 0x00000000d649ec00, 0x00000000d68c6000)
 Metaspace       used 3473K, capacity 4728K, committed 4864K, reserved 1056768K
  class space    used 328K, capacity 424K, committed 512K, reserved 1048576K
}
Event: 2.218 GC heap before
{Heap before GC invocations=18 (full 1):
 def new generation   total 9024K, used 9024K [0x00000000c0000000, 0x00000000c09c0000, 0x00000000d5550000)
  eden space 8064K, 100% used [0x00000000c0000000, 0x00000000c07e0000, 0x00000000c07e0000)
  from space 960K, 100% used [0x00000000c07e0000, 0x00000000c08d0000, 0x00000000c08d0000)
  to   space 960K,   0% used [0x00000000c08d0000, 0x00000000c08d0000, 0x00000000c09c0000)
 tenured generation   total 19928K, used 15674K [0x00000000d5550000, 0x00000000d68c6000, 0x0000000100000000)
   the space 19928K,  78% used [0x00000000d5550000, 0x00000000d649eb48, 0x00000000d649ec00, 0x00000000d68c6000)
 Metaspace       used 3473K, capacity 4728K, committed 4864K, reserved 1056768K
  class space    used 328K, capacity 424K, committed 512K, reserved 1048576K
Event: 2.226 GC heap after
Heap after GC invocations=19 (full 1):
 def new generation   total 9024K, used 960K [0x00000000c0000000, 0x00000000c09c0000, 0x00000000d5550000)
  eden space 8064K,   0% used [0x00000000c0000000, 0x00000000c0000000, 0x00000000c07e0000)
  from space 960K, 100% used [0x00000000c08d0000, 0x00000000c09c0000, 0x00000000c09c0000)
  to   space 960K,   0% used [0x00000000c07e0000, 0x00000000c07e0000, 0x00000000c08d0000)
 tenured generation   total 19928K, used 16971K [0x00000000d5550000, 0x00000000d68c6000, 0x0000000100000000)
   the space 19928K,  85% used [0x00000000d5550000, 0x00000000d65e2d68, 0x00000000d65e2e00, 0x00000000d68c6000)
 Metaspace       used 3473K, capacity 4728K, committed 4864K, reserved 1056768K
  class space    used 328K, capacity 424K, committed 512K, reserved 1048576K
}
Event: 2.295 GC heap before
{Heap before GC invocations=19 (full 1):
 def new generation   total 9024K, used 9024K [0x00000000c0000000, 0x00000000c09c0000, 0x00000000d5550000)
  eden space 8064K, 100% used [0x00000000c0000000, 0x00000000c07e0000, 0x00000000c07e0000)
  from space 960K, 100% used [0x00000000c08d0000, 0x00000000c09c0000, 0x00000000c09c0000)
  to   space 960K,   0% used [0x00000000c07e0000, 0x00000000c07e0000, 0x00000000c08d0000)
 tenured generation   total 19928K, used 16971K [0x00000000d5550000, 0x00000000d68c6000, 0x0000000100000000)
   the space 19928K,  85% used [0x00000000d5550000, 0x00000000d65e2d68, 0x00000000d65e2e00, 0x00000000d68c6000)
 Metaspace       used 3473K, capacity 4728K, committed 4864K, reserved 1056768K
  class space    used 328K, capacity 424K, committed 512K, reserved 1048576K
Event: 2.307 GC heap after
Heap after GC invocations=20 (full 1):
 def new generation   total 9024K, used 960K [0x00000000c0000000, 0x00000000c09c0000, 0x00000000d5550000)
  eden space 8064K,   0% used [0x00000000c0000000, 0x00000000c0000000, 0x00000000c07e0000)
  from space 960K, 100% used [0x00000000c07e0000, 0x00000000c08d0000, 0x00000000c08d0000)
  to   space 960K,   0% used [0x00000000c08d0000, 0x00000000c08d0000, 0x00000000c09c0000)
 tenured generation   total 19928K, used 18254K [0x00000000d5550000, 0x00000000d68c6000, 0x0000000100000000)
   the space 19928K,  91% used [0x00000000d5550000, 0x00000000d6723918, 0x00000000d6723a00, 0x00000000d68c6000)
 Metaspace       used 3473K, capacity 4728K, committed 4864K, reserved 1056768K
  class space    used 328K, capacity 424K, committed 512K, reserved 1048576K
}
Event: 2.375 GC heap before
{Heap before GC invocations=20 (full 1):
 def new generation   total 9024K, used 9024K [0x00000000c0000000, 0x00000000c09c0000, 0x00000000d5550000)
  eden space 8064K, 100% used [0x00000000c0000000, 0x00000000c07e0000, 0x00000000c07e0000)
  from space 960K, 100% used [0x00000000c07e0000, 0x00000000c08d0000, 0x00000000c08d0000)
  to   space 960K,   0% used [0x00000000c08d0000, 0x00000000c08d0000, 0x00000000c09c0000)
 tenured generation   total 19928K, used 18254K [0x00000000d5550000, 0x00000000d68c6000, 0x0000000100000000)
   the space 19928K,  91% used [0x00000000d5550000, 0x00000000d6723918, 0x00000000d6723a00, 0x00000000d68c6000)
 Metaspace       used 3474K, capacity 4728K, committed 4864K, reserved 1056768K
  class space    used 328K, capacity 424K, committed 512K, reserved 1048576K
Event: 2.511 GC heap after
Heap after GC invocations=21 (full 2):
 def new generation   total 15040K, used 951K [0x00000000c0000000, 0x00000000c1050000, 0x00000000d5550000)
  eden space 13376K,   7% used [0x00000000c0000000, 0x00000000c00edc90, 0x00000000c0d10000)
  from space 1664K,   0% used [0x00000000c0d10000, 0x00000000c0d10000, 0x00000000c0eb0000)
  to   space 1664K,   0% used [0x00000000c0eb0000, 0x00000000c0eb0000, 0x00000000c1050000)
 tenured generation   total 33356K, used 20011K [0x00000000d5550000, 0x00000000d75e3000, 0x0000000100000000)
   the space 33356K,  59% used [0x00000000d5550000, 0x00000000d68daf00, 0x00000000d68db000, 0x00000000d75e3000)
 Metaspace       used 3474K, capacity 4728K, committed 4864K, reserved 1056768K
  class space    used 328K, capacity 424K, committed 512K, reserved 1048576K
}
Event: 2.592 GC heap before
{Heap before GC invocations=21 (full 2):
 def new generation   total 15040K, used 13376K [0x00000000c0000000, 0x00000000c1050000, 0x00000000d5550000)
  eden space 13376K, 100% used [0x00000000c0000000, 0x00000000c0d10000, 0x00000000c0d10000)
  from space 1664K,   0% used [0x00000000c0d10000, 0x00000000c0d10000, 0x00000000c0eb0000)
  to   space 1664K,   0% used [0x00000000c0eb0000, 0x00000000c0eb0000, 0x00000000c1050000)
 tenured generation   total 33356K, used 20011K [0x00000000d5550000, 0x00000000d75e3000, 0x0000000100000000)
   the space 33356K,  59% used [0x00000000d5550000, 0x00000000d68daf00, 0x00000000d68db000, 0x00000000d75e3000)
 Metaspace       used 3476K, capacity 4728K, committed 4864K, reserved 1056768K
  class space    used 328K, capacity 424K, committed 512K, reserved 1048576K
Event: 2.632 GC heap after
Heap after GC invocations=22 (full 2):
 def new generation   total 15040K, used 1664K [0x00000000c0000000, 0x00000000c1050000, 0x00000000d5550000)
  eden space 13376K,   0% used [0x00000000c0000000, 0x00000000c0000000, 0x00000000c0d10000)
  from space 1664K, 100% used [0x00000000c0eb0000, 0x00000000c1050000, 0x00000000c1050000)
  to   space 1664K,   0% used [0x00000000c0d10000, 0x00000000c0d10000, 0x00000000c0eb0000)
 tenured generation   total 33356K, used 20992K [0x00000000d5550000, 0x00000000d75e3000, 0x0000000100000000)
   the space 33356K,  62% used [0x00000000d5550000, 0x00000000d69d0090, 0x00000000d69d0200, 0x00000000d75e3000)
 Metaspace       used 3476K, capacity 4728K, committed 4864K, reserved 1056768K
  class space    used 328K, capacity 424K, committed 512K, reserved 1048576K
}
Event: 2.707 GC heap before
{Heap before GC invocations=22 (full 2):
 def new generation   total 15040K, used 15040K [0x00000000c0000000, 0x00000000c1050000, 0x00000000d5550000)
  eden space 13376K, 100% used [0x00000000c0000000, 0x00000000c0d10000, 0x00000000c0d10000)
  from space 1664K, 100% used [0x00000000c0eb0000, 0x00000000c1050000, 0x00000000c1050000)
  to   space 1664K,   0% used [0x00000000c0d10000, 0x00000000c0d10000, 0x00000000c0eb0000)
 tenured generation   total 33356K, used 20992K [0x00000000d5550000, 0x00000000d75e3000, 0x0000000100000000)
   the space 33356K,  62% used [0x00000000d5550000, 0x00000000d69d0090, 0x00000000d69d0200, 0x00000000d75e3000)
 Metaspace       used 3476K, capacity 4728K, committed 4864K, reserved 1056768K
  class space    used 328K, capacity 424K, committed 512K, reserved 1048576K
Event: 2.725 GC heap after
Heap after GC invocations=23 (full 2):
 def new generation   total 15040K, used 1663K [0x00000000c0000000, 0x00000000c1050000, 0x00000000d5550000)
  eden space 13376K,   0% used [0x00000000c0000000, 0x00000000c0000000, 0x00000000c0d10000)
  from space 1664K,  99% used [0x00000000c0d10000, 0x00000000c0eafca8, 0x00000000c0eb0000)
  to   space 1664K,   0% used [0x00000000c0eb0000, 0x00000000c0eb0000, 0x00000000c1050000)
 tenured generation   total 33356K, used 22655K [0x00000000d5550000, 0x00000000d75e3000, 0x0000000100000000)
   the space 33356K,  67% used [0x00000000d5550000, 0x00000000d6b6ff00, 0x00000000d6b70000, 0x00000000d75e3000)
 Metaspace       used 3476K, capacity 4728K, committed 4864K, reserved 1056768K
  class space    used 328K, capacity 424K, committed 512K, reserved 1048576K
}
Event: 2.791 GC heap before
{Heap before GC invocations=23 (full 2):
 def new generation   total 15040K, used 15039K [0x00000000c0000000, 0x00000000c1050000, 0x00000000d5550000)
  eden space 13376K, 100% used [0x00000000c0000000, 0x00000000c0d10000, 0x00000000c0d10000)
  from space 1664K,  99% used [0x00000000c0d10000, 0x00000000c0eafca8, 0x00000000c0eb0000)
  to   space 1664K,   0% used [0x00000000c0eb0000, 0x00000000c0eb0000, 0x00000000c1050000)
 tenured generation   total 33356K, used 22655K [0x00000000d5550000, 0x00000000d75e3000, 0x0000000100000000)
   the space 33356K,  67% used [0x00000000d5550000, 0x00000000d6b6ff00, 0x00000000d6b70000, 0x00000000d75e3000)
 Metaspace       used 3476K, capacity 4728K, committed 4864K, reserved 1056768K
  class space    used 328K, capacity 424K, committed 512K, reserved 1048576K
Event: 2.804 GC heap after
Heap after GC invocations=24 (full 2):
 def new generation   total 15040K, used 1647K [0x00000000c0000000, 0x00000000c1050000, 0x00000000d5550000)
  eden space 13376K,   0% used [0x00000000c0000000, 0x00000000c0000000, 0x00000000c0d10000)
  from space 1664K,  99% used [0x00000000c0eb0000, 0x00000000c104be70, 0x00000000c1050000)
  to   space 1664K,   0% used [0x00000000c0d10000, 0x00000000c0d10000, 0x00000000c0eb0000)
 tenured generation   total 33356K, used 24318K [0x00000000d5550000, 0x00000000d75e3000, 0x0000000100000000)
   the space 33356K,  72% used [0x00000000d5550000, 0x00000000d6d0fa60, 0x00000000d6d0fc00, 0x00000000d75e3000)
 Metaspace       used 3476K, capacity 4728K, committed 4864K, reserved 1056768K
  class space    used 328K, capacity 424K, committed 512K, reserved 1048576K
}
Event: 2.878 GC heap before
{Heap before GC invocations=24 (full 2):
 def new generation   total 15040K, used 15023K [0x00000000c0000000, 0x00000000c1050000, 0x00000000d5550000)
  eden space 13376K, 100% used [0x00000000c0000000, 0x00000000c0d10000, 0x00000000c0d10000)
  from space 1664K,  99% used [0x00000000c0eb0000, 0x00000000c104be70, 0x00000000c1050000)
  to   space 1664K,   0% used [0x00000000c0d10000, 0x00000000c0d10000, 0x00000000c0eb0000)
 tenured generation   total 33356K, used 24318K [0x00000000d5550000, 0x00000000d75e3000, 0x0000000100000000)
   the space 33356K,  72% used [0x00000000d5550000, 0x00000000d6d0fa60, 0x00000000d6d0fc00, 0x00000000d75e3000)
 Metaspace       used 3476K, capacity 4728K, committed 4864K, reserved 1056768K
  class space    used 328K, capacity 424K, committed 512K, reserved 1048576K
Event: 2.894 GC heap after
Heap after GC invocations=25 (full 2):
 def new generation   total 15040K, used 1664K [0x00000000c0000000, 0x00000000c1050000, 0x00000000d5550000)
  eden space 13376K,   0% used [0x00000000c0000000, 0x00000000c0000000, 0x00000000c0d10000)
  from space 1664K, 100% used [0x00000000c0d10000, 0x00000000c0eb0000, 0x00000000c0eb0000)
  to   space 1664K,   0% used [0x00000000c0eb0000, 0x00000000c0eb0000, 0x00000000c1050000)
 tenured generation   total 33356K, used 26359K [0x00000000d5550000, 0x00000000d75e3000, 0x0000000100000000)
   the space 33356K,  79% used [0x00000000d5550000, 0x00000000d6f0dd70, 0x00000000d6f0de00, 0x00000000d75e3000)
 Metaspace       used 3476K, capacity 4728K, committed 4864K, reserved 1056768K
  class space    used 328K, capacity 424K, committed 512K, reserved 1048576K
}
Event: 2.986 GC heap before
{Heap before GC invocations=25 (full 2):
 def new generation   total 15040K, used 15040K [0x00000000c0000000, 0x00000000c1050000, 0x00000000d5550000)
  eden space 13376K, 100% used [0x00000000c0000000, 0x00000000c0d10000, 0x00000000c0d10000)
  from space 1664K, 100% used [0x00000000c0d10000, 0x00000000c0eb0000, 0x00000000c0eb0000)
  to   space 1664K,   0% used [0x00000000c0eb0000, 0x00000000c0eb0000, 0x00000000c1050000)
 tenured generation   total 33356K, used 26359K [0x00000000d5550000, 0x00000000d75e3000, 0x0000000100000000)
   the space 33356K,  79% used [0x00000000d5550000, 0x00000000d6f0dd70, 0x00000000d6f0de00, 0x00000000d75e3000)
 Metaspace       used 3478K, capacity 4728K, committed 4864K, reserved 1056768K
  class space    used 328K, capacity 424K, committed 512K, reserved 1048576K
Event: 3.005 GC heap after
Heap after GC invocations=26 (full 2):
 def new generation   total 15040K, used 1664K [0x00000000c0000000, 0x00000000c1050000, 0x00000000d5550000)
  eden space 13376K,   0% used [0x00000000c0000000, 0x00000000c0000000, 0x00000000c0d10000)
  from space 1664K, 100% used [0x00000000c0eb0000, 0x00000000c1050000, 0x00000000c1050000)
  to   space 1664K,   0% used [0x00000000c0d10000, 0x00000000c0d10000, 0x00000000c0eb0000)
 tenured generation   total 33356K, used 28039K [0x00000000d5550000, 0x00000000d75e3000, 0x0000000100000000)
   the space 33356K,  84% used [0x00000000d5550000, 0x00000000d70b1d80, 0x00000000d70b1e00, 0x00000000d75e3000)
 Metaspace       used 3478K, capacity 4728K, committed 4864K, reserved 1056768K
  class space    used 328K, capacity 424K, committed 512K, reserved 1048576K
}
Event: 3.085 GC heap before
{Heap before GC invocations=26 (full 2):
 def new generation   total 15040K, used 15040K [0x00000000c0000000, 0x00000000c1050000, 0x00000000d5550000)
  eden space 13376K, 100% used [0x00000000c0000000, 0x00000000c0d10000, 0x00000000c0d10000)
  from space 1664K, 100% used [0x00000000c0eb0000, 0x00000000c1050000, 0x00000000c1050000)
  to   space 1664K,   0% used [0x00000000c0d10000, 0x00000000c0d10000, 0x00000000c0eb0000)
 tenured generation   total 33356K, used 28039K [0x00000000d5550000, 0x00000000d75e3000, 0x0000000100000000)
   the space 33356K,  84% used [0x00000000d5550000, 0x00000000d70b1d80, 0x00000000d70b1e00, 0x00000000d75e3000)
 Metaspace       used 3478K, capacity 4728K, committed 4864K, reserved 1056768K
  class space    used 328K, capacity 424K, committed 512K, reserved 1048576K
Event: 3.098 GC heap after
Heap after GC invocations=27 (full 2):
 def new generation   total 15040K, used 1647K [0x00000000c0000000, 0x00000000c1050000, 0x00000000d5550000)
  eden space 13376K,   0% used [0x00000000c0000000, 0x00000000c0000000, 0x00000000c0d10000)
  from space 1664K,  98% used [0x00000000c0d10000, 0x00000000c0eabd50, 0x00000000c0eb0000)
  to   space 1664K,   0% used [0x00000000c0eb0000, 0x00000000c0eb0000, 0x00000000c1050000)
 tenured generation   total 33356K, used 29703K [0x00000000d5550000, 0x00000000d75e3000, 0x0000000100000000)
   the space 33356K,  89% used [0x00000000d5550000, 0x00000000d7251c98, 0x00000000d7251e00, 0x00000000d75e3000)
 Metaspace       used 3478K, capacity 4728K, committed 4864K, reserved 1056768K
  class space    used 328K, capacity 424K, committed 512K, reserved 1048576K
}
Event: 3.163 GC heap before
{Heap before GC invocations=27 (full 2):
 def new generation   total 15040K, used 15023K [0x00000000c0000000, 0x00000000c1050000, 0x00000000d5550000)
  eden space 13376K, 100% used [0x00000000c0000000, 0x00000000c0d10000, 0x00000000c0d10000)
  from space 1664K,  98% used [0x00000000c0d10000, 0x00000000c0eabd50, 0x00000000c0eb0000)
  to   space 1664K,   0% used [0x00000000c0eb0000, 0x00000000c0eb0000, 0x00000000c1050000)
 tenured generation   total 33356K, used 29703K [0x00000000d5550000, 0x00000000d75e3000, 0x0000000100000000)
   the space 33356K,  89% used [0x00000000d5550000, 0x00000000d7251c98, 0x00000000d7251e00, 0x00000000d75e3000)
 Metaspace       used 3478K, capacity 4728K, committed 4864K, reserved 1056768K
  class space    used 328K, capacity 424K, committed 512K, reserved 1048576K
Event: 3.176 GC heap after
Heap after GC invocations=28 (full 2):
 def new generation   total 15040K, used 1636K [0x00000000c0000000, 0x00000000c1050000, 0x00000000d5550000)
  eden space 13376K,   0% used [0x00000000c0000000, 0x00000000c0000000, 0x00000000c0d10000)
  from space 1664K,  98% used [0x00000000c0eb0000, 0x00000000c10492f0, 0x00000000c1050000)
  to   space 1664K,   0% used [0x00000000c0d10000, 0x00000000c0d10000, 0x00000000c0eb0000)
 tenured generation   total 33356K, used 31350K [0x00000000d5550000, 0x00000000d75e3000, 0x0000000100000000)
   the space 33356K,  93% used [0x00000000d5550000, 0x00000000d73ed8e0, 0x00000000d73eda00, 0x00000000d75e3000)
 Metaspace       used 3478K, capacity 4728K, committed 4864K, reserved 1056768K
  class space    used 328K, capacity 424K, committed 512K, reserved 1048576K
}
Event: 3.235 GC heap before
{Heap before GC invocations=28 (full 2):
 def new generation   total 15040K, used 15012K [0x00000000c0000000, 0x00000000c1050000, 0x00000000d5550000)
  eden space 13376K, 100% used [0x00000000c0000000, 0x00000000c0d10000, 0x00000000c0d10000)
  from space 1664K,  98% used [0x00000000c0eb0000, 0x00000000c10492f0, 0x00000000c1050000)
  to   space 1664K,   0% used [0x00000000c0d10000, 0x00000000c0d10000, 0x00000000c0eb0000)
 tenured generation   total 33356K, used 31350K [0x00000000d5550000, 0x00000000d75e3000, 0x0000000100000000)
   the space 33356K,  93% used [0x00000000d5550000, 0x00000000d73ed8e0, 0x00000000d73eda00, 0x00000000d75e3000)
 Metaspace       used 3478K, capacity 4728K, committed 4864K, reserved 1056768K
  class space    used 328K, capacity 424K, committed 512K, reserved 1048576K
Event: 3.253 GC heap after
Heap after GC invocations=29 (full 2):
 def new generation   total 15040K, used 1564K [0x00000000c0000000, 0x00000000c1050000, 0x00000000d5550000)
  eden space 13376K,   0% used [0x00000000c0000000, 0x00000000c0000000, 0x00000000c0d10000)
  from space 1664K,  94% used [0x00000000c0d10000, 0x00000000c0e97358, 0x00000000c0eb0000)
  to   space 1664K,   0% used [0x00000000c0eb0000, 0x00000000c0eb0000, 0x00000000c1050000)
 tenured generation   total 33356K, used 32986K [0x00000000d5550000, 0x00000000d75e3000, 0x0000000100000000)
   the space 33356K,  98% used [0x00000000d5550000, 0x00000000d7586a58, 0x00000000d7586c00, 0x00000000d75e3000)
 Metaspace       used 3478K, capacity 4728K, committed 4864K, reserved 1056768K
  class space    used 328K, capacity 424K, committed 512K, reserved 1048576K
}
Event: 3.350 GC heap before
{Heap before GC invocations=29 (full 2):
 def new generation   total 15040K, used 14940K [0x00000000c0000000, 0x00000000c1050000, 0x00000000d5550000)
  eden space 13376K, 100% used [0x00000000c0000000, 0x00000000c0d10000, 0x00000000c0d10000)
  from space 1664K,  94% used [0x00000000c0d10000, 0x00000000c0e97358, 0x00000000c0eb0000)
  to   space 1664K,   0% used [0x00000000c0eb0000, 0x00000000c0eb0000, 0x00000000c1050000)
 tenured generation   total 33356K, used 32986K [0x00000000d5550000, 0x00000000d75e3000, 0x0000000100000000)
   the space 33356K,  98% used [0x00000000d5550000, 0x00000000d7586a58, 0x00000000d7586c00, 0x00000000d75e3000)
 Metaspace       used 3481K, capacity 4728K, committed 4864K, reserved 1056768K
  class space    used 328K, capacity 424K, committed 512K, reserved 1048576K
Event: 3.549 GC heap after
Heap after GC invocations=30 (full 3):
 def new generation   total 26112K, used 1414K [0x00000000c0000000, 0x00000000c1c50000, 0x00000000d5550000)
  eden space 23232K,   6% used [0x00000000c0000000, 0x00000000c0161b50, 0x00000000c16b0000)
  from space 2880K,   0% used [0x00000000c16b0000, 0x00000000c16b0000, 0x00000000c1980000)
  to   space 2880K,   0% used [0x00000000c1980000, 0x00000000c1980000, 0x00000000c1c50000)
 tenured generation   total 57836K, used 34700K [0x00000000d5550000, 0x00000000d8dcb000, 0x0000000100000000)
   the space 57836K,  59% used [0x00000000d5550000, 0x00000000d7733000, 0x00000000d7733000, 0x00000000d8dcb000)
 Metaspace       used 3481K, capacity 4728K, committed 4864K, reserved 1056768K
  class space    used 328K, capacity 424K, committed 512K, reserved 1048576K
}
Event: 3.659 GC heap before
{Heap before GC invocations=30 (full 3):
 def new generation   total 26112K, used 23232K [0x00000000c0000000, 0x00000000c1c50000, 0x00000000d5550000)
  eden space 23232K, 100% used [0x00000000c0000000, 0x00000000c16b0000, 0x00000000c16b0000)
  from space 2880K,   0% used [0x00000000c16b0000, 0x00000000c16b0000, 0x00000000c1980000)
  to   space 2880K,   0% used [0x00000000c1980000, 0x00000000c1980000, 0x00000000c1c50000)
 tenured generation   total 57836K, used 34700K [0x00000000d5550000, 0x00000000d8dcb000, 0x0000000100000000)
   the space 57836K,  59% used [0x00000000d5550000, 0x00000000d7733000, 0x00000000d7733000, 0x00000000d8dcb000)
 Metaspace       used 3481K, capacity 4728K, committed 4864K, reserved 1056768K
  class space    used 328K, capacity 424K, committed 512K, reserved 1048576K
Event: 3.714 GC heap after
Heap after GC invocations=31 (full 3):
 def new generation   total 26112K, used 2880K [0x00000000c0000000, 0x00000000c1c50000, 0x00000000d5550000)
  eden space 23232K,   0% used [0x00000000c0000000, 0x00000000c0000000, 0x00000000c16b0000)
  from space 2880K, 100% used [0x00000000c1980000, 0x00000000c1c50000, 0x00000000c1c50000)
  to   space 2880K,   0% used [0x00000000c16b0000, 0x00000000c16b0000, 0x00000000c1980000)
 tenured generation   total 57836K, used 35789K [0x00000000d5550000, 0x00000000d8dcb000, 0x0000000100000000)
   the space 57836K,  61% used [0x00000000d5550000, 0x00000000d7843430, 0x00000000d7843600, 0x00000000d8dcb000)
 Metaspace       used 3481K, capacity 4728K, committed 4864K, reserved 1056768K
  class space    used 328K, capacity 424K, committed 512K, reserved 1048576K
}
Event: 3.822 GC heap before
{Heap before GC invocations=31 (full 3):
 def new generation   total 26112K, used 26112K [0x00000000c0000000, 0x00000000c1c50000, 0x00000000d5550000)
  eden space 23232K, 100% used [0x00000000c0000000, 0x00000000c16b0000, 0x00000000c16b0000)
  from space 2880K, 100% used [0x00000000c1980000, 0x00000000c1c50000, 0x00000000c1c50000)
  to   space 2880K,   0% used [0x00000000c16b0000, 0x00000000c16b0000, 0x00000000c1980000)
 tenured generation   total 57836K, used 35789K [0x00000000d5550000, 0x00000000d8dcb000, 0x0000000100000000)
   the space 57836K,  61% used [0x00000000d5550000, 0x00000000d7843430, 0x00000000d7843600, 0x00000000d8dcb000)
 Metaspace       used 3481K, capacity 4728K, committed 4864K, reserved 1056768K
  class space    used 328K, capacity 424K, committed 512K, reserved 1048576K
Event: 3.860 GC heap after
Heap after GC invocations=32 (full 3):
 def new generation   total 26112K, used 2716K [0x00000000c0000000, 0x00000000c1c50000, 0x00000000d5550000)
  eden space 23232K,   0% used [0x00000000c0000000, 0x00000000c0000000, 0x00000000c16b0000)
  from space 2880K,  94% used [0x00000000c16b0000, 0x00000000c1957318, 0x00000000c1980000)
  to   space 2880K,   0% used [0x00000000c1980000, 0x00000000c1980000, 0x00000000c1c50000)
 tenured generation   total 57836K, used 38668K [0x00000000d5550000, 0x00000000d8dcb000, 0x0000000100000000)
   the space 57836K,  66% used [0x00000000d5550000, 0x00000000d7b132b0, 0x00000000d7b13400, 0x00000000d8dcb000)
 Metaspace       used 3481K, capacity 4728K, committed 4864K, reserved 1056768K
  class space    used 328K, capacity 424K, committed 512K, reserved 1048576K
}
Event: 3.962 GC heap before
{Heap before GC invocations=32 (full 3):
 def new generation   total 26112K, used 25948K [0x00000000c0000000, 0x00000000c1c50000, 0x00000000d5550000)
  eden space 23232K, 100% used [0x00000000c0000000, 0x00000000c16b0000, 0x00000000c16b0000)
  from space 2880K,  94% used [0x00000000c16b0000, 0x00000000c1957318, 0x00000000c1980000)
  to   space 2880K,   0% used [0x00000000c1980000, 0x00000000c1980000, 0x00000000c1c50000)
 tenured generation   total 57836K, used 38668K [0x00000000d5550000, 0x00000000d8dcb000, 0x0000000100000000)
   the space 57836K,  66% used [0x00000000d5550000, 0x00000000d7b132b0, 0x00000000d7b13400, 0x00000000d8dcb000)
 Metaspace       used 3481K, capacity 4728K, committed 4864K, reserved 1056768K
  class space    used 328K, capacity 424K, committed 512K, reserved 1048576K
Event: 3.994 GC heap after
Heap after GC invocations=33 (full 3):
 def new generation   total 26112K, used 2718K [0x00000000c0000000, 0x00000000c1c50000, 0x00000000d5550000)
  eden space 23232K,   0% used [0x00000000c0000000, 0x00000000c0000000, 0x00000000c16b0000)
  from space 2880K,  94% used [0x00000000c1980000, 0x00000000c1c27bd8, 0x00000000c1c50000)
  to   space 2880K,   0% used [0x00000000c16b0000, 0x00000000c16b0000, 0x00000000c1980000)
 tenured generation   total 57836K, used 41385K [0x00000000d5550000, 0x00000000d8dcb000, 0x0000000100000000)
   the space 57836K,  71% used [0x00000000d5550000, 0x00000000d7dba530, 0x00000000d7dba600, 0x00000000d8dcb000)
 Metaspace       used 3481K, capacity 4728K, committed 4864K, reserved 1056768K
  class space    used 328K, capacity 424K, committed 512K, reserved 1048576K
}
Event: 4.103 GC heap before
{Heap before GC invocations=33 (full 3):
 def new generation   total 26112K, used 25950K [0x00000000c0000000, 0x00000000c1c50000, 0x00000000d5550000)
  eden space 23232K, 100% used [0x00000000c0000000, 0x00000000c16b0000, 0x00000000c16b0000)
  from space 2880K,  94% used [0x00000000c1980000, 0x00000000c1c27bd8, 0x00000000c1c50000)
  to   space 2880K,   0% used [0x00000000c16b0000, 0x00000000c16b0000, 0x00000000c1980000)
 tenured generation   total 57836K, used 41385K [0x00000000d5550000, 0x00000000d8dcb000, 0x0000000100000000)
   the space 57836K,  71% used [0x00000000d5550000, 0x00000000d7dba530, 0x00000000d7dba600, 0x00000000d8dcb000)
 Metaspace       used 3481K, capacity 4728K, committed 4864K, reserved 1056768K
  class space    used 328K, capacity 424K, committed 512K, reserved 1048576K
Event: 4.133 GC heap after
Heap after GC invocations=34 (full 3):
 def new generation   total 26112K, used 2719K [0x00000000c0000000, 0x00000000c1c50000, 0x00000000d5550000)
  eden space 23232K,   0% used [0x00000000c0000000, 0x00000000c0000000, 0x00000000c16b0000)
  from space 2880K,  94% used [0x00000000c16b0000, 0x00000000c1957c70, 0x00000000c1980000)
  to   space 2880K,   0% used [0x00000000c1980000, 0x00000000c1980000, 0x00000000c1c50000)
 tenured generation   total 57836K, used 44103K [0x00000000d5550000, 0x00000000d8dcb000, 0x0000000100000000)
   the space 57836K,  76% used [0x00000000d5550000, 0x00000000d8061fd8, 0x00000000d8062000, 0x00000000d8dcb000)
 Metaspace       used 3481K, capacity 4728K, committed 4864K, reserved 1056768K
  class space    used 328K, capacity 424K, committed 512K, reserved 1048576K
}
Event: 4.237 GC heap before
{Heap before GC invocations=34 (full 3):
 def new generation   total 26112K, used 25951K [0x00000000c0000000, 0x00000000c1c50000, 0x00000000d5550000)
  eden space 23232K, 100% used [0x00000000c0000000, 0x00000000c16b0000, 0x00000000c16b0000)
  from space 2880K,  94% used [0x00000000c16b0000, 0x00000000c1957c70, 0x00000000c1980000)
  to   space 2880K,   0% used [0x00000000c1980000, 0x00000000c1980000, 0x00000000c1c50000)
 tenured generation   total 57836K, used 44103K [0x00000000d5550000, 0x00000000d8dcb000, 0x0000000100000000)
   the space 57836K,  76% used [0x00000000d5550000, 0x00000000d8061fd8, 0x00000000d8062000, 0x00000000d8dcb000)
 Metaspace       used 3481K, capacity 4728K, committed 4864K, reserved 1056768K
  class space    used 328K, capacity 424K, committed 512K, reserved 1048576K
Event: 4.269 GC heap after
Heap after GC invocations=35 (full 3):
 def new generation   total 26112K, used 2718K [0x00000000c0000000, 0x00000000c1c50000, 0x00000000d5550000)
  eden space 23232K,   0% used [0x00000000c0000000, 0x00000000c0000000, 0x00000000c16b0000)
  from space 2880K,  94% used [0x00000000c1980000, 0x00000000c1c27bf0, 0x00000000c1c50000)
  to   space 2880K,   0% used [0x00000000c16b0000, 0x00000000c16b0000, 0x00000000c1980000)
 tenured generation   total 57836K, used 46822K [0x00000000d5550000, 0x00000000d8dcb000, 0x0000000100000000)
   the space 57836K,  80% used [0x00000000d5550000, 0x00000000d8309b60, 0x00000000d8309c00, 0x00000000d8dcb000)
 Metaspace       used 3481K, capacity 4728K, committed 4864K, reserved 1056768K
  class space    used 328K, capacity 424K, committed 512K, reserved 1048576K
}
Event: 4.375 GC heap before
{Heap before GC invocations=35 (full 3):
 def new generation   total 26112K, used 25950K [0x00000000c0000000, 0x00000000c1c50000, 0x00000000d5550000)
  eden space 23232K, 100% used [0x00000000c0000000, 0x00000000c16b0000, 0x00000000c16b0000)
  from space 2880K,  94% used [0x00000000c1980000, 0x00000000c1c27bf0, 0x00000000c1c50000)
  to   space 2880K,   0% used [0x00000000c16b0000, 0x00000000c16b0000, 0x00000000c1980000)
 tenured generation   total 57836K, used 46822K [0x00000000d5550000, 0x00000000d8dcb000, 0x0000000100000000)
   the space 57836K,  80% used [0x00000000d5550000, 0x00000000d8309b60, 0x00000000d8309c00, 0x00000000d8dcb000)
 Metaspace       used 3481K, capacity 4728K, committed 4864K, reserved 1056768K
  class space    used 328K, capacity 424K, committed 512K, reserved 1048576K
Event: 4.408 GC heap after
Heap after GC invocations=36 (full 3):
 def new generation   total 26112K, used 2717K [0x00000000c0000000, 0x00000000c1c50000, 0x00000000d5550000)
  eden space 23232K,   0% used [0x00000000c0000000, 0x00000000c0000000, 0x00000000c16b0000)
  from space 2880K,  94% used [0x00000000c16b0000, 0x00000000c19574f8, 0x00000000c1980000)
  to   space 2880K,   0% used [0x00000000c1980000, 0x00000000c1980000, 0x00000000c1c50000)
 tenured generation   total 57836K, used 49541K [0x00000000d5550000, 0x00000000d8dcb000, 0x0000000100000000)
   the space 57836K,  85% used [0x00000000d5550000, 0x00000000d85b16a8, 0x00000000d85b1800, 0x00000000d8dcb000)
 Metaspace       used 3481K, capacity 4728K, committed 4864K, reserved 1056768K
  class space    used 328K, capacity 424K, committed 512K, reserved 1048576K
}
Event: 4.512 GC heap before
{Heap before GC invocations=36 (full 3):
 def new generation   total 26112K, used 25949K [0x00000000c0000000, 0x00000000c1c50000, 0x00000000d5550000)
  eden space 23232K, 100% used [0x00000000c0000000, 0x00000000c16b0000, 0x00000000c16b0000)
  from space 2880K,  94% used [0x00000000c16b0000, 0x00000000c19574f8, 0x00000000c1980000)
  to   space 2880K,   0% used [0x00000000c1980000, 0x00000000c1980000, 0x00000000c1c50000)
 tenured generation   total 57836K, used 49541K [0x00000000d5550000, 0x00000000d8dcb000, 0x0000000100000000)
   the space 57836K,  85% used [0x00000000d5550000, 0x00000000d85b16a8, 0x00000000d85b1800, 0x00000000d8dcb000)
 Metaspace       used 3481K, capacity 4728K, committed 4864K, reserved 1056768K
  class space    used 328K, capacity 424K, committed 512K, reserved 1048576K
Event: 4.542 GC heap after
Heap after GC invocations=37 (full 3):
 def new generation   total 26112K, used 2720K [0x00000000c0000000, 0x00000000c1c50000, 0x00000000d5550000)
  eden space 23232K,   0% used [0x00000000c0000000, 0x00000000c0000000, 0x00000000c16b0000)
  from space 2880K,  94% used [0x00000000c1980000, 0x00000000c1c28038, 0x00000000c1c50000)
  to   space 2880K,   0% used [0x00000000c16b0000, 0x00000000c16b0000, 0x00000000c1980000)
 tenured generation   total 57836K, used 52258K [0x00000000d5550000, 0x00000000d8dcb000, 0x0000000100000000)
   the space 57836K,  90% used [0x00000000d5550000, 0x00000000d8858b10, 0x00000000d8858c00, 0x00000000d8dcb000)
 Metaspace       used 3481K, capacity 4728K, committed 4864K, reserved 1056768K
  class space    used 328K, capacity 424K, committed 512K, reserved 1048576K
}
Event: 4.651 GC heap before
{Heap before GC invocations=37 (full 3):
 def new generation   total 26112K, used 25952K [0x00000000c0000000, 0x00000000c1c50000, 0x00000000d5550000)
  eden space 23232K, 100% used [0x00000000c0000000, 0x00000000c16b0000, 0x00000000c16b0000)
  from space 2880K,  94% used [0x00000000c1980000, 0x00000000c1c28038, 0x00000000c1c50000)
  to   space 2880K,   0% used [0x00000000c16b0000, 0x00000000c16b0000, 0x00000000c1980000)
 tenured generation   total 57836K, used 52258K [0x00000000d5550000, 0x00000000d8dcb000, 0x0000000100000000)
   the space 57836K,  90% used [0x00000000d5550000, 0x00000000d8858b10, 0x00000000d8858c00, 0x00000000d8dcb000)
 Metaspace       used 3481K, capacity 4728K, committed 4864K, reserved 1056768K
  class space    used 328K, capacity 424K, committed 512K, reserved 1048576K
Event: 4.680 GC heap after
Heap after GC invocations=38 (full 3):
 def new generation   total 26112K, used 2720K [0x00000000c0000000, 0x00000000c1c50000, 0x00000000d5550000)
  eden space 23232K,   0% used [0x00000000c0000000, 0x00000000c0000000, 0x00000000c16b0000)
  from space 2880K,  94% used [0x00000000c16b0000, 0x00000000c1958330, 0x00000000c1980000)
  to   space 2880K,   0% used [0x00000000c1980000, 0x00000000c1980000, 0x00000000c1c50000)
 tenured generation   total 57836K, used 54978K [0x00000000d5550000, 0x00000000d8dcb000, 0x0000000100000000)
   the space 57836K,  95% used [0x00000000d5550000, 0x00000000d8b009c8, 0x00000000d8b00a00, 0x00000000d8dcb000)
 Metaspace       used 3481K, capacity 4728K, committed 4864K, reserved 1056768K
  class space    used 328K, capacity 424K, committed 512K, reserved 1048576K
}
Event: 4.789 GC heap before
{Heap before GC invocations=38 (full 3):
 def new generation   total 26112K, used 25952K [0x00000000c0000000, 0x00000000c1c50000, 0x00000000d5550000)
  eden space 23232K, 100% used [0x00000000c0000000, 0x00000000c16b0000, 0x00000000c16b0000)
  from space 2880K,  94% used [0x00000000c16b0000, 0x00000000c1958330, 0x00000000c1980000)
  to   space 2880K,   0% used [0x00000000c1980000, 0x00000000c1980000, 0x00000000c1c50000)
 tenured generation   total 57836K, used 54978K [0x00000000d5550000, 0x00000000d8dcb000, 0x0000000100000000)
   the space 57836K,  95% used [0x00000000d5550000, 0x00000000d8b009c8, 0x00000000d8b00a00, 0x00000000d8dcb000)
 Metaspace       used 3481K, capacity 4728K, committed 4864K, reserved 1056768K
  class space    used 328K, capacity 424K, committed 512K, reserved 1048576K
Event: 4.824 GC heap after
Heap after GC invocations=39 (full 3):
 def new generation   total 26112K, used 2717K [0x00000000c0000000, 0x00000000c1c50000, 0x00000000d5550000)
  eden space 23232K,   0% used [0x00000000c0000000, 0x00000000c0000000, 0x00000000c16b0000)
  from space 2880K,  94% used [0x00000000c1980000, 0x00000000c1c27780, 0x00000000c1c50000)
  to   space 2880K,   0% used [0x00000000c16b0000, 0x00000000c16b0000, 0x00000000c1980000)
 tenured generation   total 57836K, used 57699K [0x00000000d5550000, 0x00000000d8dcb000, 0x0000000100000000)
   the space 57836K,  99% used [0x00000000d5550000, 0x00000000d8da8c30, 0x00000000d8da8e00, 0x00000000d8dcb000)
 Metaspace       used 3481K, capacity 4728K, committed 4864K, reserved 1056768K
  class space    used 328K, capacity 424K, committed 512K, reserved 1048576K
}
Event: 4.930 GC heap before
{Heap before GC invocations=39 (full 3):
 def new generation   total 26112K, used 25949K [0x00000000c0000000, 0x00000000c1c50000, 0x00000000d5550000)
  eden space 23232K, 100% used [0x00000000c0000000, 0x00000000c16b0000, 0x00000000c16b0000)
  from space 2880K,  94% used [0x00000000c1980000, 0x00000000c1c27780, 0x00000000c1c50000)
  to   space 2880K,   0% used [0x00000000c16b0000, 0x00000000c16b0000, 0x00000000c1980000)
 tenured generation   total 57836K, used 57699K [0x00000000d5550000, 0x00000000d8dcb000, 0x0000000100000000)
   the space 57836K,  99% used [0x00000000d5550000, 0x00000000d8da8c30, 0x00000000d8da8e00, 0x00000000d8dcb000)
 Metaspace       used 3481K, capacity 4728K, committed 4864K, reserved 1056768K
  class space    used 328K, capacity 424K, committed 512K, reserved 1048576K
Event: 5.530 GC heap after
Heap after GC invocations=40 (full 4):
 def new generation   total 45504K, used 1548K [0x00000000c0000000, 0x00000000c3150000, 0x00000000d5550000)
  eden space 40512K,   3% used [0x00000000c0000000, 0x00000000c0183318, 0x00000000c2790000)
  from space 4992K,   0% used [0x00000000c2790000, 0x00000000c2790000, 0x00000000c2c70000)
  to   space 4992K,   0% used [0x00000000c2c70000, 0x00000000c2c70000, 0x00000000c3150000)
 tenured generation   total 100876K, used 60524K [0x00000000d5550000, 0x00000000db7d3000, 0x0000000100000000)
   the space 100876K,  59% used [0x00000000d5550000, 0x00000000d906b000, 0x00000000d906b000, 0x00000000db7d3000)
 Metaspace       used 3481K, capacity 4728K, committed 4864K, reserved 1056768K
  class space    used 328K, capacity 424K, committed 512K, reserved 1048576K
}
Event: 5.728 GC heap before
{Heap before GC invocations=40 (full 4):
 def new generation   total 45504K, used 40512K [0x00000000c0000000, 0x00000000c3150000, 0x00000000d5550000)
  eden space 40512K, 100% used [0x00000000c0000000, 0x00000000c2790000, 0x00000000c2790000)
  from space 4992K,   0% used [0x00000000c2790000, 0x00000000c2790000, 0x00000000c2c70000)
  to   space 4992K,   0% used [0x00000000c2c70000, 0x00000000c2c70000, 0x00000000c3150000)
 tenured generation   total 100876K, used 60524K [0x00000000d5550000, 0x00000000db7d3000, 0x0000000100000000)
   the space 100876K,  59% used [0x00000000d5550000, 0x00000000d906b000, 0x00000000d906b000, 0x00000000db7d3000)
 Metaspace       used 3481K, capacity 4728K, committed 4864K, reserved 1056768K
  class space    used 328K, capacity 424K, committed 512K, reserved 1048576K
Event: 5.834 GC heap after
Heap after GC invocations=41 (full 4):
 def new generation   total 45504K, used 4992K [0x00000000c0000000, 0x00000000c3150000, 0x00000000d5550000)
  eden space 40512K,   0% used [0x00000000c0000000, 0x00000000c0000000, 0x00000000c2790000)
  from space 4992K, 100% used [0x00000000c2c70000, 0x00000000c3150000, 0x00000000c3150000)
  to   space 4992K,   0% used [0x00000000c2790000, 0x00000000c2790000, 0x00000000c2c70000)
 tenured generation   total 100876K, used 61646K [0x00000000d5550000, 0x00000000db7d3000, 0x0000000100000000)
   the space 100876K,  61% used [0x00000000d5550000, 0x00000000d9183838, 0x00000000d9183a00, 0x00000000db7d3000)
 Metaspace       used 3481K, capacity 4728K, committed 4864K, reserved 1056768K
  class space    used 328K, capacity 424K, committed 512K, reserved 1048576K
}
Event: 6.025 GC heap before
{Heap before GC invocations=41 (full 4):
 def new generation   total 45504K, used 45504K [0x00000000c0000000, 0x00000000c3150000, 0x00000000d5550000)
  eden space 40512K, 100% used [0x00000000c0000000, 0x00000000c2790000, 0x00000000c2790000)
  from space 4992K, 100% used [0x00000000c2c70000, 0x00000000c3150000, 0x00000000c3150000)
  to   space 4992K,   0% used [0x00000000c2790000, 0x00000000c2790000, 0x00000000c2c70000)
 tenured generation   total 100876K, used 61646K [0x00000000d5550000, 0x00000000db7d3000, 0x0000000100000000)
   the space 100876K,  61% used [0x00000000d5550000, 0x00000000d9183838, 0x00000000d9183a00, 0x00000000db7d3000)
 Metaspace       used 3481K, capacity 4728K, committed 4864K, reserved 1056768K
  class space    used 328K, capacity 424K, committed 512K, reserved 1048576K
Event: 6.093 GC heap after
Heap after GC invocations=42 (full 4):
 def new generation   total 45504K, used 4741K [0x00000000c0000000, 0x00000000c3150000, 0x00000000d5550000)
  eden space 40512K,   0% used [0x00000000c0000000, 0x00000000c0000000, 0x00000000c2790000)
  from space 4992K,  94% used [0x00000000c2790000, 0x00000000c2c31558, 0x00000000c2c70000)
  to   space 4992K,   0% used [0x00000000c2c70000, 0x00000000c2c70000, 0x00000000c3150000)
 tenured generation   total 100876K, used 66637K [0x00000000d5550000, 0x00000000db7d3000, 0x0000000100000000)
   the space 100876K,  66% used [0x00000000d5550000, 0x00000000d9663788, 0x00000000d9663800, 0x00000000db7d3000)
 Metaspace       used 3481K, capacity 4728K, committed 4864K, reserved 1056768K
  class space    used 328K, capacity 424K, committed 512K, reserved 1048576K
}
Event: 6.290 GC heap before
{Heap before GC invocations=42 (full 4):
 def new generation   total 45504K, used 45253K [0x00000000c0000000, 0x00000000c3150000, 0x00000000d5550000)
  eden space 40512K, 100% used [0x00000000c0000000, 0x00000000c2790000, 0x00000000c2790000)
  from space 4992K,  94% used [0x00000000c2790000, 0x00000000c2c31558, 0x00000000c2c70000)
  to   space 4992K,   0% used [0x00000000c2c70000, 0x00000000c2c70000, 0x00000000c3150000)
 tenured generation   total 100876K, used 66637K [0x00000000d5550000, 0x00000000db7d3000, 0x0000000100000000)
   the space 100876K,  66% used [0x00000000d5550000, 0x00000000d9663788, 0x00000000d9663800, 0x00000000db7d3000)
 Metaspace       used 3481K, capacity 4728K, committed 4864K, reserved 1056768K
  class space    used 328K, capacity 424K, committed 512K, reserved 1048576K
Event: 6.399 GC heap after
Heap after GC invocations=43 (full 4):
 def new generation   total 45504K, used 4992K [0x00000000c0000000, 0x00000000c3150000, 0x00000000d5550000)
  eden space 40512K,   0% used [0x00000000c0000000, 0x00000000c0000000, 0x00000000c2790000)
  from space 4992K, 100% used [0x00000000c2c70000, 0x00000000c3150000, 0x00000000c3150000)
  to   space 4992K,   0% used [0x00000000c2790000, 0x00000000c2790000, 0x00000000c2c70000)
 tenured generation   total 100876K, used 74714K [0x00000000d5550000, 0x00000000db7d3000, 0x0000000100000000)
   the space 100876K,  74% used [0x00000000d5550000, 0x00000000d9e46948, 0x00000000d9e46a00, 0x00000000db7d3000)
 Metaspace       used 3481K, capacity 4728K, committed 4864K, reserved 1056768K
  class space    used 328K, capacity 424K, committed 512K, reserved 1048576K
}
Event: 6.586 GC heap before
{Heap before GC invocations=43 (full 4):
 def new generation   total 45504K, used 45504K [0x00000000c0000000, 0x00000000c3150000, 0x00000000d5550000)
  eden space 40512K, 100% used [0x00000000c0000000, 0x00000000c2790000, 0x00000000c2790000)
  from space 4992K, 100% used [0x00000000c2c70000, 0x00000000c3150000, 0x00000000c3150000)
  to   space 4992K,   0% used [0x00000000c2790000, 0x00000000c2790000, 0x00000000c2c70000)
 tenured generation   total 100876K, used 74714K [0x00000000d5550000, 0x00000000db7d3000, 0x0000000100000000)
   the space 100876K,  74% used [0x00000000d5550000, 0x00000000d9e46948, 0x00000000d9e46a00, 0x00000000db7d3000)
 Metaspace       used 3481K, capacity 4728K, committed 4864K, reserved 1056768K
  class space    used 328K, capacity 424K, committed 512K, reserved 1048576K
Event: 6.648 GC heap after
Heap after GC invocations=44 (full 4):
 def new generation   total 45504K, used 4744K [0x00000000c0000000, 0x00000000c3150000, 0x00000000d5550000)
  eden space 40512K,   0% used [0x00000000c0000000, 0x00000000c0000000, 0x00000000c2790000)
  from space 4992K,  95% used [0x00000000c2790000, 0x00000000c2c32080, 0x00000000c2c70000)
  to   space 4992K,   0% used [0x00000000c2c70000, 0x00000000c2c70000, 0x00000000c3150000)
 tenured generation   total 100876K, used 79706K [0x00000000d5550000, 0x00000000db7d3000, 0x0000000100000000)
   the space 100876K,  79% used [0x00000000d5550000, 0x00000000da326848, 0x00000000da326a00, 0x00000000db7d3000)
 Metaspace       used 3481K, capacity 4728K, committed 4864K, reserved 1056768K
  class space    used 328K, capacity 424K, committed 512K, reserved 1048576K
}
Event: 6.842 GC heap before
{Heap before GC invocations=44 (full 4):
 def new generation   total 45504K, used 45256K [0x00000000c0000000, 0x00000000c3150000, 0x00000000d5550000)
  eden space 40512K, 100% used [0x00000000c0000000, 0x00000000c2790000, 0x00000000c2790000)
  from space 4992K,  95% used [0x00000000c2790000, 0x00000000c2c32080, 0x00000000c2c70000)
  to   space 4992K,   0% used [0x00000000c2c70000, 0x00000000c2c70000, 0x00000000c3150000)
 tenured generation   total 100876K, used 79706K [0x00000000d5550000, 0x00000000db7d3000, 0x0000000100000000)
   the space 100876K,  79% used [0x00000000d5550000, 0x00000000da326848, 0x00000000da326a00, 0x00000000db7d3000)
 Metaspace       used 3481K, capacity 4728K, committed 4864K, reserved 1056768K
  class space    used 328K, capacity 424K, committed 512K, reserved 1048576K
Event: 6.906 GC heap after
Heap after GC invocations=45 (full 4):
 def new generation   total 45504K, used 4816K [0x00000000c0000000, 0x00000000c3150000, 0x00000000d5550000)
  eden space 40512K,   0% used [0x00000000c0000000, 0x00000000c0000000, 0x00000000c2790000)
  from space 4992K,  96% used [0x00000000c2c70000, 0x00000000c31243a0, 0x00000000c3150000)
  to   space 4992K,   0% used [0x00000000c2790000, 0x00000000c2790000, 0x00000000c2c70000)
 tenured generation   total 100876K, used 84450K [0x00000000d5550000, 0x00000000db7d3000, 0x0000000100000000)
   the space 100876K,  83% used [0x00000000d5550000, 0x00000000da7c8868, 0x00000000da7c8a00, 0x00000000db7d3000)
 Metaspace       used 3481K, capacity 4728K, committed 4864K, reserved 1056768K
  class space    used 328K, capacity 424K, committed 512K, reserved 1048576K
}
Event: 7.214 GC heap before
{Heap before GC invocations=45 (full 4):
 def new generation   total 45504K, used 45328K [0x00000000c0000000, 0x00000000c3150000, 0x00000000d5550000)
  eden space 40512K, 100% used [0x00000000c0000000, 0x00000000c2790000, 0x00000000c2790000)
  from space 4992K,  96% used [0x00000000c2c70000, 0x00000000c31243a0, 0x00000000c3150000)
  to   space 4992K,   0% used [0x00000000c2790000, 0x00000000c2790000, 0x00000000c2c70000)
 tenured generation   total 100876K, used 84450K [0x00000000d5550000, 0x00000000db7d3000, 0x0000000100000000)
   the space 100876K,  83% used [0x00000000d5550000, 0x00000000da7c8868, 0x00000000da7c8a00, 0x00000000db7d3000)
 Metaspace       used 3508K, capacity 4792K, committed 5120K, reserved 1056768K
  class space    used 330K, capacity 424K, committed 512K, reserved 1048576K
Event: 7.283 GC heap after
Heap after GC invocations=46 (full 4):
 def new generation   total 45504K, used 4991K [0x00000000c0000000, 0x00000000c3150000, 0x00000000d5550000)
  eden space 40512K,   0% used [0x00000000c0000000, 0x00000000c0000000, 0x00000000c2790000)
  from space 4992K,  99% used [0x00000000c2790000, 0x00000000c2c6fff0, 0x00000000c2c70000)
  to   space 4992K,   0% used [0x00000000c2c70000, 0x00000000c2c70000, 0x00000000c3150000)
 tenured generation   total 100876K, used 89868K [0x00000000d5550000, 0x00000000db7d3000, 0x0000000100000000)
   the space 100876K,  89% used [0x00000000d5550000, 0x00000000dad13238, 0x00000000dad13400, 0x00000000db7d3000)
 Metaspace       used 3508K, capacity 4792K, committed 5120K, reserved 1056768K
  class space    used 330K, capacity 424K, committed 512K, reserved 1048576K
}
Event: 7.568 GC heap before
{Heap before GC invocations=46 (full 4):
 def new generation   total 45504K, used 45503K [0x00000000c0000000, 0x00000000c3150000, 0x00000000d5550000)
  eden space 40512K, 100% used [0x00000000c0000000, 0x00000000c2790000, 0x00000000c2790000)
  from space 4992K,  99% used [0x00000000c2790000, 0x00000000c2c6fff0, 0x00000000c2c70000)
  to   space 4992K,   0% used [0x00000000c2c70000, 0x00000000c2c70000, 0x00000000c3150000)
 tenured generation   total 100876K, used 89868K [0x00000000d5550000, 0x00000000db7d3000, 0x0000000100000000)
   the space 100876K,  89% used [0x00000000d5550000, 0x00000000dad13238, 0x00000000dad13400, 0x00000000db7d3000)
 Metaspace       used 3524K, capacity 4792K, committed 5120K, reserved 1056768K
  class space    used 330K, capacity 424K, committed 512K, reserved 1048576K
Event: 7.655 GC heap after
Heap after GC invocations=47 (full 4):
 def new generation   total 45504K, used 4991K [0x00000000c0000000, 0x00000000c3150000, 0x00000000d5550000)
  eden space 40512K,   0% used [0x00000000c0000000, 0x00000000c0000000, 0x00000000c2790000)
  from space 4992K,  99% used [0x00000000c2c70000, 0x00000000c314fff0, 0x00000000c3150000)
  to   space 4992K,   0% used [0x00000000c2790000, 0x00000000c2790000, 0x00000000c2c70000)
 tenured generation   total 100876K, used 95883K [0x00000000d5550000, 0x00000000db7d3000, 0x0000000100000000)
   the space 100876K,  95% used [0x00000000d5550000, 0x00000000db2f2dc0, 0x00000000db2f2e00, 0x00000000db7d3000)
 Metaspace       used 3524K, capacity 4792K, committed 5120K, reserved 1056768K
  class space    used 330K, capacity 424K, committed 512K, reserved 1048576K
}
Event: 7.887 GC heap before
{Heap before GC invocations=47 (full 4):
 def new generation   total 45504K, used 45503K [0x00000000c0000000, 0x00000000c3150000, 0x00000000d5550000)
  eden space 40512K, 100% used [0x00000000c0000000, 0x00000000c2790000, 0x00000000c2790000)
  from space 4992K,  99% used [0x00000000c2c70000, 0x00000000c314fff0, 0x00000000c3150000)
  to   space 4992K,   0% used [0x00000000c2790000, 0x00000000c2790000, 0x00000000c2c70000)
 tenured generation   total 100876K, used 95883K [0x00000000d5550000, 0x00000000db7d3000, 0x0000000100000000)
   the space 100876K,  95% used [0x00000000d5550000, 0x00000000db2f2dc0, 0x00000000db2f2e00, 0x00000000db7d3000)
 Metaspace       used 3524K, capacity 4792K, committed 5120K, reserved 1056768K
  class space    used 330K, capacity 424K, committed 512K, reserved 1048576K
Event: 8.779 GC heap after
Heap after GC invocations=48 (full 5):
 def new generation   total 76288K, used 4829K [0x00000000c0000000, 0x00000000c52c0000, 0x00000000d5550000)
  eden space 67840K,   7% used [0x00000000c0000000, 0x00000000c04b75c0, 0x00000000c4240000)
  from space 8448K,   0% used [0x00000000c4240000, 0x00000000c4240000, 0x00000000c4a80000)
  to   space 8448K,   0% used [0x00000000c4a80000, 0x00000000c4a80000, 0x00000000c52c0000)
 tenured generation   total 169408K, used 101643K [0x00000000d5550000, 0x00000000dfac0000, 0x0000000100000000)
   the space 169408K,  59% used [0x00000000d5550000, 0x00000000db892ff0, 0x00000000db893000, 0x00000000dfac0000)
 Metaspace       used 3524K, capacity 4792K, committed 5120K, reserved 1056768K
  class space    used 330K, capacity 424K, committed 512K, reserved 1048576K
}
Event: 9.178 GC heap before
{Heap before GC invocations=48 (full 5):
 def new generation   total 76288K, used 67840K [0x00000000c0000000, 0x00000000c52c0000, 0x00000000d5550000)
  eden space 67840K, 100% used [0x00000000c0000000, 0x00000000c4240000, 0x00000000c4240000)
  from space 8448K,   0% used [0x00000000c4240000, 0x00000000c4240000, 0x00000000c4a80000)
  to   space 8448K,   0% used [0x00000000c4a80000, 0x00000000c4a80000, 0x00000000c52c0000)
 tenured generation   total 169408K, used 101643K [0x00000000d5550000, 0x00000000dfac0000, 0x0000000100000000)
   the space 169408K,  59% used [0x00000000d5550000, 0x00000000db892ff0, 0x00000000db893000, 0x00000000dfac0000)
 Metaspace       used 3524K, capacity 4792K, committed 5120K, reserved 1056768K
  class space    used 330K, capacity 424K, committed 512K, reserved 1048576K
Event: 9.405 GC heap after
Heap after GC invocations=49 (full 5):
 def new generation   total 76288K, used 8448K [0x00000000c0000000, 0x00000000c52c0000, 0x00000000d5550000)
  eden space 67840K,   0% used [0x00000000c0000000, 0x00000000c0000000, 0x00000000c4240000)
  from space 8448K, 100% used [0x00000000c4a80000, 0x00000000c52c0000, 0x00000000c52c0000)
  to   space 8448K,   0% used [0x00000000c4240000, 0x00000000c4240000, 0x00000000c4a80000)
 tenured generation   total 169408K, used 108056K [0x00000000d5550000, 0x00000000dfac0000, 0x0000000100000000)
   the space 169408K,  63% used [0x00000000d5550000, 0x00000000dbed6230, 0x00000000dbed6400, 0x00000000dfac0000)
 Metaspace       used 3524K, capacity 4792K, committed 5120K, reserved 1056768K
  class space    used 330K, capacity 424K, committed 512K, reserved 1048576K
}
Event: 9.831 GC heap before
{Heap before GC invocations=49 (full 5):
 def new generation   total 76288K, used 76288K [0x00000000c0000000, 0x00000000c52c0000, 0x00000000d5550000)
  eden space 67840K, 100% used [0x00000000c0000000, 0x00000000c4240000, 0x00000000c4240000)
  from space 8448K, 100% used [0x00000000c4a80000, 0x00000000c52c0000, 0x00000000c52c0000)
  to   space 8448K,   0% used [0x00000000c4240000, 0x00000000c4240000, 0x00000000c4a80000)
 tenured generation   total 169408K, used 108056K [0x00000000d5550000, 0x00000000dfac0000, 0x0000000100000000)
   the space 169408K,  63% used [0x00000000d5550000, 0x00000000dbed6230, 0x00000000dbed6400, 0x00000000dfac0000)
 Metaspace       used 3733K, capacity 4792K, committed 5120K, reserved 1056768K
  class space    used 339K, capacity 424K, committed 512K, reserved 1048576K
Event: 9.927 GC heap after
Heap after GC invocations=50 (full 5):
 def new generation   total 76288K, used 7735K [0x00000000c0000000, 0x00000000c52c0000, 0x00000000d5550000)
  eden space 67840K,   0% used [0x00000000c0000000, 0x00000000c0000000, 0x00000000c4240000)
  from space 8448K,  91% used [0x00000000c4240000, 0x00000000c49cdc90, 0x00000000c4a80000)
  to   space 8448K,   0% used [0x00000000c4a80000, 0x00000000c4a80000, 0x00000000c52c0000)
 tenured generation   total 169408K, used 116504K [0x00000000d5550000, 0x00000000dfac0000, 0x0000000100000000)
   the space 169408K,  68% used [0x00000000d5550000, 0x00000000dc7160d0, 0x00000000dc716200, 0x00000000dfac0000)
 Metaspace       used 3733K, capacity 4792K, committed 5120K, reserved 1056768K
  class space    used 339K, capacity 424K, committed 512K, reserved 1048576K
}
Event: 10.170 GC heap before
{Heap before GC invocations=50 (full 5):
 def new generation   total 76288K, used 75575K [0x00000000c0000000, 0x00000000c52c0000, 0x00000000d5550000)
  eden space 67840K, 100% used [0x00000000c0000000, 0x00000000c4240000, 0x00000000c4240000)
  from space 8448K,  91% used [0x00000000c4240000, 0x00000000c49cdc90, 0x00000000c4a80000)
  to   space 8448K,   0% used [0x00000000c4a80000, 0x00000000c4a80000, 0x00000000c52c0000)
 tenured generation   total 169408K, used 116504K [0x00000000d5550000, 0x00000000dfac0000, 0x0000000100000000)
   the space 169408K,  68% used [0x00000000d5550000, 0x00000000dc7160d0, 0x00000000dc716200, 0x00000000dfac0000)
 Metaspace       used 3734K, capacity 4792K, committed 5120K, reserved 1056768K
  class space    used 339K, capacity 424K, committed 512K, reserved 1048576K
Event: 10.261 GC heap after
Heap after GC invocations=51 (full 5):
 def new generation   total 76288K, used 7772K [0x00000000c0000000, 0x00000000c52c0000, 0x00000000d5550000)
  eden space 67840K,   0% used [0x00000000c0000000, 0x00000000c0000000, 0x00000000c4240000)
  from space 8448K,  92% used [0x00000000c4a80000, 0x00000000c52173c0, 0x00000000c52c0000)
  to   space 8448K,   0% used [0x00000000c4240000, 0x00000000c4240000, 0x00000000c4a80000)
 tenured generation   total 169408K, used 124239K [0x00000000d5550000, 0x00000000dfac0000, 0x0000000100000000)
   the space 169408K,  73% used [0x00000000d5550000, 0x00000000dcea3c18, 0x00000000dcea3e00, 0x00000000dfac0000)
 Metaspace       used 3734K, capacity 4792K, committed 5120K, reserved 1056768K
  class space    used 339K, capacity 424K, committed 512K, reserved 1048576K
}
Event: 10.494 GC heap before
{Heap before GC invocations=51 (full 5):
 def new generation   total 76288K, used 75612K [0x00000000c0000000, 0x00000000c52c0000, 0x00000000d5550000)
  eden space 67840K, 100% used [0x00000000c0000000, 0x00000000c4240000, 0x00000000c4240000)
  from space 8448K,  92% used [0x00000000c4a80000, 0x00000000c52173c0, 0x00000000c52c0000)
  to   space 8448K,   0% used [0x00000000c4240000, 0x00000000c4240000, 0x00000000c4a80000)
 tenured generation   total 169408K, used 124239K [0x00000000d5550000, 0x00000000dfac0000, 0x0000000100000000)
   the space 169408K,  73% used [0x00000000d5550000, 0x00000000dcea3c18, 0x00000000dcea3e00, 0x00000000dfac0000)
 Metaspace       used 3734K, capacity 4792K, committed 5120K, reserved 1056768K
  class space    used 339K, capacity 424K, committed 512K, reserved 1048576K
Event: 10.572 GC heap after
Heap after GC invocations=52 (full 5):
 def new generation   total 76288K, used 7820K [0x00000000c0000000, 0x00000000c52c0000, 0x00000000d5550000)
  eden space 67840K,   0% used [0x00000000c0000000, 0x00000000c0000000, 0x00000000c4240000)
  from space 8448K,  92% used [0x00000000c4240000, 0x00000000c49e3108, 0x00000000c4a80000)
  to   space 8448K,   0% used [0x00000000c4a80000, 0x00000000c4a80000, 0x00000000c52c0000)
 tenured generation   total 169408K, used 132011K [0x00000000d5550000, 0x00000000dfac0000, 0x0000000100000000)
   the space 169408K,  77% used [0x00000000d5550000, 0x00000000dd63af18, 0x00000000dd63b000, 0x00000000dfac0000)
 Metaspace       used 3734K, capacity 4792K, committed 5120K, reserved 1056768K
  class space    used 339K, capacity 424K, committed 512K, reserved 1048576K
}
Event: 10.831 GC heap before
{Heap before GC invocations=52 (full 5):
 def new generation   total 76288K, used 75660K [0x00000000c0000000, 0x00000000c52c0000, 0x00000000d5550000)
  eden space 67840K, 100% used [0x00000000c0000000, 0x00000000c4240000, 0x00000000c4240000)
  from space 8448K,  92% used [0x00000000c4240000, 0x00000000c49e3108, 0x00000000c4a80000)
  to   space 8448K,   0% used [0x00000000c4a80000, 0x00000000c4a80000, 0x00000000c52c0000)
 tenured generation   total 169408K, used 132011K [0x00000000d5550000, 0x00000000dfac0000, 0x0000000100000000)
   the space 169408K,  77% used [0x00000000d5550000, 0x00000000dd63af18, 0x00000000dd63b000, 0x00000000dfac0000)
 Metaspace       used 3734K, capacity 4792K, committed 5120K, reserved 1056768K
  class space    used 339K, capacity 424K, committed 512K, reserved 1048576K
Event: 10.950 GC heap after
Heap after GC invocations=53 (full 5):
 def new generation   total 76288K, used 7586K [0x00000000c0000000, 0x00000000c52c0000, 0x00000000d5550000)
  eden space 67840K,   0% used [0x00000000c0000000, 0x00000000c0000000, 0x00000000c4240000)
  from space 8448K,  89% used [0x00000000c4a80000, 0x00000000c51e8880, 0x00000000c52c0000)
  to   space 8448K,   0% used [0x00000000c4240000, 0x00000000c4240000, 0x00000000c4a80000)
 tenured generation   total 169408K, used 139831K [0x00000000d5550000, 0x00000000dfac0000, 0x0000000100000000)
   the space 169408K,  82% used [0x00000000d5550000, 0x00000000dddddf00, 0x00000000dddde000, 0x00000000dfac0000)
 Metaspace       used 3734K, capacity 4792K, committed 5120K, reserved 1056768K
  class space    used 339K, capacity 424K, committed 512K, reserved 1048576K
}
Event: 11.176 GC heap before
{Heap before GC invocations=53 (full 5):
 def new generation   total 76288K, used 75426K [0x00000000c0000000, 0x00000000c52c0000, 0x00000000d5550000)
  eden space 67840K, 100% used [0x00000000c0000000, 0x00000000c4240000, 0x00000000c4240000)
  from space 8448K,  89% used [0x00000000c4a80000, 0x00000000c51e8880, 0x00000000c52c0000)
  to   space 8448K,   0% used [0x00000000c4240000, 0x00000000c4240000, 0x00000000c4a80000)
 tenured generation   total 169408K, used 139831K [0x00000000d5550000, 0x00000000dfac0000, 0x0000000100000000)
   the space 169408K,  82% used [0x00000000d5550000, 0x00000000dddddf00, 0x00000000dddde000, 0x00000000dfac0000)
 Metaspace       used 3770K, capacity 4856K, committed 5120K, reserved 1056768K
  class space    used 339K, capacity 424K, committed 512K, reserved 1048576K
Event: 11.292 GC heap after
Heap after GC invocations=54 (full 5):
 def new generation   total 76288K, used 7585K [0x00000000c0000000, 0x00000000c52c0000, 0x00000000d5550000)
  eden space 67840K,   0% used [0x00000000c0000000, 0x00000000c0000000, 0x00000000c4240000)
  from space 8448K,  89% used [0x00000000c4240000, 0x00000000c49a8640, 0x00000000c4a80000)
  to   space 8448K,   0% used [0x00000000c4a80000, 0x00000000c4a80000, 0x00000000c52c0000)
 tenured generation   total 169408K, used 147417K [0x00000000d5550000, 0x00000000dfac0000, 0x0000000100000000)
   the space 169408K,  87% used [0x00000000d5550000, 0x00000000de546420, 0x00000000de546600, 0x00000000dfac0000)
 Metaspace       used 3770K, capacity 4856K, committed 5120K, reserved 1056768K
  class space    used 339K, capacity 424K, committed 512K, reserved 1048576K
}
Event: 11.505 GC heap before
{Heap before GC invocations=54 (full 5):
 def new generation   total 76288K, used 75425K [0x00000000c0000000, 0x00000000c52c0000, 0x00000000d5550000)
  eden space 67840K, 100% used [0x00000000c0000000, 0x00000000c4240000, 0x00000000c4240000)
  from space 8448K,  89% used [0x00000000c4240000, 0x00000000c49a8640, 0x00000000c4a80000)
  to   space 8448K,   0% used [0x00000000c4a80000, 0x00000000c4a80000, 0x00000000c52c0000)
 tenured generation   total 169408K, used 147417K [0x00000000d5550000, 0x00000000dfac0000, 0x0000000100000000)
   the space 169408K,  87% used [0x00000000d5550000, 0x00000000de546420, 0x00000000de546600, 0x00000000dfac0000)
 Metaspace       used 3770K, capacity 4856K, committed 5120K, reserved 1056768K
  class space    used 339K, capacity 424K, committed 512K, reserved 1048576K
Event: 11.617 GC heap after
Heap after GC invocations=55 (full 5):
 def new generation   total 76288K, used 7585K [0x00000000c0000000, 0x00000000c52c0000, 0x00000000d5550000)
  eden space 67840K,   0% used [0x00000000c0000000, 0x00000000c0000000, 0x00000000c4240000)
  from space 8448K,  89% used [0x00000000c4a80000, 0x00000000c51e85e0, 0x00000000c52c0000)
  to   space 8448K,   0% used [0x00000000c4240000, 0x00000000c4240000, 0x00000000c4a80000)
 tenured generation   total 169408K, used 155002K [0x00000000d5550000, 0x00000000dfac0000, 0x0000000100000000)
   the space 169408K,  91% used [0x00000000d5550000, 0x00000000decae9e0, 0x00000000decaea00, 0x00000000dfac0000)
 Metaspace       used 3770K, capacity 4856K, committed 5120K, reserved 1056768K
  class space    used 339K, capacity 424K, committed 512K, reserved 1048576K
}
Event: 11.830 GC heap before
{Heap before GC invocations=55 (full 5):
 def new generation   total 76288K, used 75425K [0x00000000c0000000, 0x00000000c52c0000, 0x00000000d5550000)
  eden space 67840K, 100% used [0x00000000c0000000, 0x00000000c4240000, 0x00000000c4240000)
  from space 8448K,  89% used [0x00000000c4a80000, 0x00000000c51e85e0, 0x00000000c52c0000)
  to   space 8448K,   0% used [0x00000000c4240000, 0x00000000c4240000, 0x00000000c4a80000)
 tenured generation   total 169408K, used 155002K [0x00000000d5550000, 0x00000000dfac0000, 0x0000000100000000)
   the space 169408K,  91% used [0x00000000d5550000, 0x00000000decae9e0, 0x00000000decaea00, 0x00000000dfac0000)
 Metaspace       used 3770K, capacity 4856K, committed 5120K, reserved 1056768K
  class space    used 339K, capacity 424K, committed 512K, reserved 1048576K
Event: 11.937 GC heap after
Heap after GC invocations=56 (full 5):
 def new generation   total 76288K, used 7585K [0x00000000c0000000, 0x00000000c52c0000, 0x00000000d5550000)
  eden space 67840K,   0% used [0x00000000c0000000, 0x00000000c0000000, 0x00000000c4240000)
  from space 8448K,  89% used [0x00000000c4240000, 0x00000000c49a86c0, 0x00000000c4a80000)
  to   space 8448K,   0% used [0x00000000c4a80000, 0x00000000c4a80000, 0x00000000c52c0000)
 tenured generation   total 169408K, used 162587K [0x00000000d5550000, 0x00000000dfac0000, 0x0000000100000000)
   the space 169408K,  95% used [0x00000000d5550000, 0x00000000df416f20, 0x00000000df417000, 0x00000000dfac0000)
 Metaspace       used 3770K, capacity 4856K, committed 5120K, reserved 1056768K
  class space    used 339K, capacity 424K, committed 512K, reserved 1048576K
}
Event: 12.152 GC heap before
{Heap before GC invocations=56 (full 5):
 def new generation   total 76288K, used 75425K [0x00000000c0000000, 0x00000000c52c0000, 0x00000000d5550000)
  eden space 67840K, 100% used [0x00000000c0000000, 0x00000000c4240000, 0x00000000c4240000)
  from space 8448K,  89% used [0x00000000c4240000, 0x00000000c49a86c0, 0x00000000c4a80000)
  to   space 8448K,   0% used [0x00000000c4a80000, 0x00000000c4a80000, 0x00000000c52c0000)
 tenured generation   total 169408K, used 162587K [0x00000000d5550000, 0x00000000dfac0000, 0x0000000100000000)
   the space 169408K,  95% used [0x00000000d5550000, 0x00000000df416f20, 0x00000000df417000, 0x00000000dfac0000)
 Metaspace       used 3770K, capacity 4856K, committed 5120K, reserved 1056768K
  class space    used 339K, capacity 424K, committed 512K, reserved 1048576K
Event: 13.417 GC heap after
Heap after GC invocations=57 (full 6):
 def new generation   total 127744K, used 7583K [0x00000000c0000000, 0x00000000c8a90000, 0x00000000d5550000)
  eden space 113600K,   6% used [0x00000000c0000000, 0x00000000c0767c28, 0x00000000c6ef0000)
  from space 14144K,   0% used [0x00000000c6ef0000, 0x00000000c6ef0000, 0x00000000c7cc0000)
  to   space 14144K,   0% used [0x00000000c7cc0000, 0x00000000c7cc0000, 0x00000000c8a90000)
 tenured generation   total 283628K, used 170175K [0x00000000d5550000, 0x00000000e6a4b000, 0x0000000100000000)
   the space 283628K,  59% used [0x00000000d5550000, 0x00000000dfb7fff0, 0x00000000dfb80000, 0x00000000e6a4b000)
 Metaspace       used 3770K, capacity 4856K, committed 5120K, reserved 1056768K
  class space    used 339K, capacity 424K, committed 512K, reserved 1048576K
}
Event: 13.786 GC heap before
{Heap before GC invocations=57 (full 6):
 def new generation   total 127744K, used 113600K [0x00000000c0000000, 0x00000000c8a90000, 0x00000000d5550000)
  eden space 113600K, 100% used [0x00000000c0000000, 0x00000000c6ef0000, 0x00000000c6ef0000)
  from space 14144K,   0% used [0x00000000c6ef0000, 0x00000000c6ef0000, 0x00000000c7cc0000)
  to   space 14144K,   0% used [0x00000000c7cc0000, 0x00000000c7cc0000, 0x00000000c8a90000)
 tenured generation   total 283628K, used 170175K [0x00000000d5550000, 0x00000000e6a4b000, 0x0000000100000000)
   the space 283628K,  59% used [0x00000000d5550000, 0x00000000dfb7fff0, 0x00000000dfb80000, 0x00000000e6a4b000)
 Metaspace       used 3770K, capacity 4856K, committed 5120K, reserved 1056768K
  class space    used 339K, capacity 424K, committed 512K, reserved 1048576K
Event: 14.081 GC heap after
Heap after GC invocations=58 (full 6):
 def new generation   total 127744K, used 14143K [0x00000000c0000000, 0x00000000c8a90000, 0x00000000d5550000)
  eden space 113600K,   0% used [0x00000000c0000000, 0x00000000c0000000, 0x00000000c6ef0000)
  from space 14144K,  99% used [0x00000000c7cc0000, 0x00000000c8a8fff8, 0x00000000c8a90000)
  to   space 14144K,   0% used [0x00000000c6ef0000, 0x00000000c6ef0000, 0x00000000c7cc0000)
 tenured generation   total 283628K, used 176053K [0x00000000d5550000, 0x00000000e6a4b000, 0x0000000100000000)
   the space 283628K,  62% used [0x00000000d5550000, 0x00000000e013d740, 0x00000000e013d800, 0x00000000e6a4b000)
 Metaspace       used 3770K, capacity 4856K, committed 5120K, reserved 1056768K
  class space    used 339K, capacity 424K, committed 512K, reserved 1048576K
}
Event: 14.542 GC heap before
{Heap before GC invocations=58 (full 6):
 def new generation   total 127744K, used 127743K [0x00000000c0000000, 0x00000000c8a90000, 0x00000000d5550000)
  eden space 113600K, 100% used [0x00000000c0000000, 0x00000000c6ef0000, 0x00000000c6ef0000)
  from space 14144K,  99% used [0x00000000c7cc0000, 0x00000000c8a8fff8, 0x00000000c8a90000)
  to   space 14144K,   0% used [0x00000000c6ef0000, 0x00000000c6ef0000, 0x00000000c7cc0000)
 tenured generation   total 283628K, used 176053K [0x00000000d5550000, 0x00000000e6a4b000, 0x0000000100000000)
   the space 283628K,  62% used [0x00000000d5550000, 0x00000000e013d740, 0x00000000e013d800, 0x00000000e6a4b000)
 Metaspace       used 3773K, capacity 4856K, committed 5120K, reserved 1056768K
  class space    used 340K, capacity 424K, committed 512K, reserved 1048576K
Event: 14.694 GC heap after
Heap after GC invocations=59 (full 6):
 def new generation   total 127744K, used 10507K [0x00000000c0000000, 0x00000000c8a90000, 0x00000000d5550000)
  eden space 113600K,   0% used [0x00000000c0000000, 0x00000000c0000000, 0x00000000c6ef0000)
  from space 14144K,  74% used [0x00000000c6ef0000, 0x00000000c7932cc8, 0x00000000c7cc0000)
  to   space 14144K,   0% used [0x00000000c7cc0000, 0x00000000c7cc0000, 0x00000000c8a90000)
 tenured generation   total 283628K, used 190197K [0x00000000d5550000, 0x00000000e6a4b000, 0x0000000100000000)
   the space 283628K,  67% used [0x00000000d5550000, 0x00000000e0f0d658, 0x00000000e0f0d800, 0x00000000e6a4b000)
 Metaspace       used 3773K, capacity 4856K, committed 5120K, reserved 1056768K
  class space    used 340K, capacity 424K, committed 512K, reserved 1048576K
}
Event: 15.138 GC heap before
{Heap before GC invocations=59 (full 6):
 def new generation   total 127744K, used 124107K [0x00000000c0000000, 0x00000000c8a90000, 0x00000000d5550000)
  eden space 113600K, 100% used [0x00000000c0000000, 0x00000000c6ef0000, 0x00000000c6ef0000)
  from space 14144K,  74% used [0x00000000c6ef0000, 0x00000000c7932cc8, 0x00000000c7cc0000)
  to   space 14144K,   0% used [0x00000000c7cc0000, 0x00000000c7cc0000, 0x00000000c8a90000)
 tenured generation   total 283628K, used 190197K [0x00000000d5550000, 0x00000000e6a4b000, 0x0000000100000000)
   the space 283628K,  67% used [0x00000000d5550000, 0x00000000e0f0d658, 0x00000000e0f0d800, 0x00000000e6a4b000)
 Metaspace       used 3786K, capacity 4856K, committed 5120K, reserved 1056768K
  class space    used 340K, capacity 424K, committed 512K, reserved 1048576K
Event: 15.287 GC heap after
Heap after GC invocations=60 (full 6):
 def new generation   total 127744K, used 12740K [0x00000000c0000000, 0x00000000c8a90000, 0x00000000d5550000)
  eden space 113600K,   0% used [0x00000000c0000000, 0x00000000c0000000, 0x00000000c6ef0000)
  from space 14144K,  90% used [0x00000000c7cc0000, 0x00000000c8931148, 0x00000000c8a90000)
  to   space 14144K,   0% used [0x00000000c6ef0000, 0x00000000c6ef0000, 0x00000000c7cc0000)
 tenured generation   total 283628K, used 200704K [0x00000000d5550000, 0x00000000e6a4b000, 0x0000000100000000)
   the space 283628K,  70% used [0x00000000d5550000, 0x00000000e1950298, 0x00000000e1950400, 0x00000000e6a4b000)
 Metaspace       used 3786K, capacity 4856K, committed 5120K, reserved 1056768K
  class space    used 340K, capacity 424K, committed 512K, reserved 1048576K
}
Event: 15.616 GC heap before
{Heap before GC invocations=60 (full 6):
 def new generation   total 127744K, used 126340K [0x00000000c0000000, 0x00000000c8a90000, 0x00000000d5550000)
  eden space 113600K, 100% used [0x00000000c0000000, 0x00000000c6ef0000, 0x00000000c6ef0000)
  from space 14144K,  90% used [0x00000000c7cc0000, 0x00000000c8931148, 0x00000000c8a90000)
  to   space 14144K,   0% used [0x00000000c6ef0000, 0x00000000c6ef0000, 0x00000000c7cc0000)
 tenured generation   total 283628K, used 200704K [0x00000000d5550000, 0x00000000e6a4b000, 0x0000000100000000)
   the space 283628K,  70% used [0x00000000d5550000, 0x00000000e1950298, 0x00000000e1950400, 0x00000000e6a4b000)
 Metaspace       used 3786K, capacity 4856K, committed 5120K, reserved 1056768K
  class space    used 340K, capacity 424K, committed 512K, reserved 1048576K
Event: 15.751 GC heap after
Heap after GC invocations=61 (full 6):
 def new generation   total 127744K, used 12515K [0x00000000c0000000, 0x00000000c8a90000, 0x00000000d5550000)
  eden space 113600K,   0% used [0x00000000c0000000, 0x00000000c0000000, 0x00000000c6ef0000)
  from space 14144K,  88% used [0x00000000c6ef0000, 0x00000000c7b28fe8, 0x00000000c7cc0000)
  to   space 14144K,   0% used [0x00000000c7cc0000, 0x00000000c7cc0000, 0x00000000c8a90000)
 tenured generation   total 283628K, used 213428K [0x00000000d5550000, 0x00000000e6a4b000, 0x0000000100000000)
   the space 283628K,  75% used [0x00000000d5550000, 0x00000000e25bd290, 0x00000000e25bd400, 0x00000000e6a4b000)
 Metaspace       used 3786K, capacity 4856K, committed 5120K, reserved 1056768K
  class space    used 340K, capacity 424K, committed 512K, reserved 1048576K
}
Event: 16.110 GC heap before
{Heap before GC invocations=61 (full 6):
 def new generation   total 127744K, used 126115K [0x00000000c0000000, 0x00000000c8a90000, 0x00000000d5550000)
  eden space 113600K, 100% used [0x00000000c0000000, 0x00000000c6ef0000, 0x00000000c6ef0000)
  from space 14144K,  88% used [0x00000000c6ef0000, 0x00000000c7b28fe8, 0x00000000c7cc0000)
  to   space 14144K,   0% used [0x00000000c7cc0000, 0x00000000c7cc0000, 0x00000000c8a90000)
 tenured generation   total 283628K, used 213428K [0x00000000d5550000, 0x00000000e6a4b000, 0x0000000100000000)
   the space 283628K,  75% used [0x00000000d5550000, 0x00000000e25bd290, 0x00000000e25bd400, 0x00000000e6a4b000)
 Metaspace       used 3786K, capacity 4856K, committed 5120K, reserved 1056768K
  class space    used 340K, capacity 424K, committed 512K, reserved 1048576K
Event: 16.246 GC heap after
Heap after GC invocations=62 (full 6):
 def new generation   total 127744K, used 12625K [0x00000000c0000000, 0x00000000c8a90000, 0x00000000d5550000)
  eden space 113600K,   0% used [0x00000000c0000000, 0x00000000c0000000, 0x00000000c6ef0000)
  from space 14144K,  89% used [0x00000000c7cc0000, 0x00000000c8914660, 0x00000000c8a90000)
  to   space 14144K,   0% used [0x00000000c6ef0000, 0x00000000c6ef0000, 0x00000000c7cc0000)
 tenured generation   total 283628K, used 225912K [0x00000000d5550000, 0x00000000e6a4b000, 0x0000000100000000)
   the space 283628K,  79% used [0x00000000d5550000, 0x00000000e31ee188, 0x00000000e31ee200, 0x00000000e6a4b000)
 Metaspace       used 3786K, capacity 4856K, committed 5120K, reserved 1056768K
  class space    used 340K, capacity 424K, committed 512K, reserved 1048576K
}
Event: 16.582 GC heap before
{Heap before GC invocations=62 (full 6):
 def new generation   total 127744K, used 126225K [0x00000000c0000000, 0x00000000c8a90000, 0x00000000d5550000)
  eden space 113600K, 100% used [0x00000000c0000000, 0x00000000c6ef0000, 0x00000000c6ef0000)
  from space 14144K,  89% used [0x00000000c7cc0000, 0x00000000c8914660, 0x00000000c8a90000)
  to   space 14144K,   0% used [0x00000000c6ef0000, 0x00000000c6ef0000, 0x00000000c7cc0000)
 tenured generation   total 283628K, used 225912K [0x00000000d5550000, 0x00000000e6a4b000, 0x0000000100000000)
   the space 283628K,  79% used [0x00000000d5550000, 0x00000000e31ee188, 0x00000000e31ee200, 0x00000000e6a4b000)
 Metaspace       used 3786K, capacity 4856K, committed 5120K, reserved 1056768K
  class space    used 340K, capacity 424K, committed 512K, reserved 1048576K
Event: 16.798 GC heap after
Heap after GC invocations=63 (full 6):
 def new generation   total 127744K, used 13119K [0x00000000c0000000, 0x00000000c8a90000, 0x00000000d5550000)
  eden space 113600K,   0% used [0x00000000c0000000, 0x00000000c0000000, 0x00000000c6ef0000)
  from space 14144K,  92% used [0x00000000c6ef0000, 0x00000000c7bbff28, 0x00000000c7cc0000)
  to   space 14144K,   0% used [0x00000000c7cc0000, 0x00000000c7cc0000, 0x00000000c8a90000)
 tenured generation   total 283628K, used 238473K [0x00000000d5550000, 0x00000000e6a4b000, 0x0000000100000000)
   the space 283628K,  84% used [0x00000000d5550000, 0x00000000e3e32738, 0x00000000e3e32800, 0x00000000e6a4b000)
 Metaspace       used 3786K, capacity 4856K, committed 5120K, reserved 1056768K
  class space    used 340K, capacity 424K, committed 512K, reserved 1048576K
}
Event: 17.111 GC heap before
{Heap before GC invocations=63 (full 6):
 def new generation   total 127744K, used 126719K [0x00000000c0000000, 0x00000000c8a90000, 0x00000000d5550000)
  eden space 113600K, 100% used [0x00000000c0000000, 0x00000000c6ef0000, 0x00000000c6ef0000)
  from space 14144K,  92% used [0x00000000c6ef0000, 0x00000000c7bbff28, 0x00000000c7cc0000)
  to   space 14144K,   0% used [0x00000000c7cc0000, 0x00000000c7cc0000, 0x00000000c8a90000)
 tenured generation   total 283628K, used 238473K [0x00000000d5550000, 0x00000000e6a4b000, 0x0000000100000000)
   the space 283628K,  84% used [0x00000000d5550000, 0x00000000e3e32738, 0x00000000e3e32800, 0x00000000e6a4b000)
 Metaspace       used 3786K, capacity 4856K, committed 5120K, reserved 1056768K
  class space    used 340K, capacity 424K, committed 512K, reserved 1048576K
Event: 17.251 GC heap after
Heap after GC invocations=64 (full 6):
 def new generation   total 127744K, used 13421K [0x00000000c0000000, 0x00000000c8a90000, 0x00000000d5550000)
  eden space 113600K,   0% used [0x00000000c0000000, 0x00000000c0000000, 0x00000000c6ef0000)
  from space 14144K,  94% used [0x00000000c7cc0000, 0x00000000c89db4c0, 0x00000000c8a90000)
  to   space 14144K,   0% used [0x00000000c6ef0000, 0x00000000c6ef0000, 0x00000000c7cc0000)
 tenured generation   total 283628K, used 251593K [0x00000000d5550000, 0x00000000e6a4b000, 0x0000000100000000)
   the space 283628K,  88% used [0x00000000d5550000, 0x00000000e4b02550, 0x00000000e4b02600, 0x00000000e6a4b000)
 Metaspace       used 3786K, capacity 4856K, committed 5120K, reserved 1056768K
  class space    used 340K, capacity 424K, committed 512K, reserved 1048576K
}
Event: 17.562 GC heap before
{Heap before GC invocations=64 (full 6):
 def new generation   total 127744K, used 127021K [0x00000000c0000000, 0x00000000c8a90000, 0x00000000d5550000)
  eden space 113600K, 100% used [0x00000000c0000000, 0x00000000c6ef0000, 0x00000000c6ef0000)
  from space 14144K,  94% used [0x00000000c7cc0000, 0x00000000c89db4c0, 0x00000000c8a90000)
  to   space 14144K,   0% used [0x00000000c6ef0000, 0x00000000c6ef0000, 0x00000000c7cc0000)
 tenured generation   total 283628K, used 251593K [0x00000000d5550000, 0x00000000e6a4b000, 0x0000000100000000)
   the space 283628K,  88% used [0x00000000d5550000, 0x00000000e4b02550, 0x00000000e4b02600, 0x00000000e6a4b000)
 Metaspace       used 3786K, capacity 4856K, committed 5120K, reserved 1056768K
  class space    used 340K, capacity 424K, committed 512K, reserved 1048576K
Event: 17.698 GC heap after
Heap after GC invocations=65 (full 6):
 def new generation   total 127744K, used 13508K [0x00000000c0000000, 0x00000000c8a90000, 0x00000000d5550000)
  eden space 113600K,   0% used [0x00000000c0000000, 0x00000000c0000000, 0x00000000c6ef0000)
  from space 14144K,  95% used [0x00000000c6ef0000, 0x00000000c7c21240, 0x00000000c7cc0000)
  to   space 14144K,   0% used [0x00000000c7cc0000, 0x00000000c7cc0000, 0x00000000c8a90000)
 tenured generation   total 283628K, used 265013K [0x00000000d5550000, 0x00000000e6a4b000, 0x0000000100000000)
   the space 283628K,  93% used [0x00000000d5550000, 0x00000000e581d700, 0x00000000e581d800, 0x00000000e6a4b000)
 Metaspace       used 3786K, capacity 4856K, committed 5120K, reserved 1056768K
  class space    used 340K, capacity 424K, committed 512K, reserved 1048576K
}
Event: 17.995 GC heap before
{Heap before GC invocations=65 (full 6):
 def new generation   total 127744K, used 127108K [0x00000000c0000000, 0x00000000c8a90000, 0x00000000d5550000)
  eden space 113600K, 100% used [0x00000000c0000000, 0x00000000c6ef0000, 0x00000000c6ef0000)
  from space 14144K,  95% used [0x00000000c6ef0000, 0x00000000c7c21240, 0x00000000c7cc0000)
  to   space 14144K,   0% used [0x00000000c7cc0000, 0x00000000c7cc0000, 0x00000000c8a90000)
 tenured generation   total 283628K, used 265013K [0x00000000d5550000, 0x00000000e6a4b000, 0x0000000100000000)
   the space 283628K,  93% used [0x00000000d5550000, 0x00000000e581d700, 0x00000000e581d800, 0x00000000e6a4b000)
 Metaspace       used 3786K, capacity 4856K, committed 5120K, reserved 1056768K
  class space    used 340K, capacity 424K, committed 512K, reserved 1048576K
Event: 18.134 GC heap after
Heap after GC invocations=66 (full 6):
 def new generation   total 127744K, used 14123K [0x00000000c0000000, 0x00000000c8a90000, 0x00000000d5550000)
  eden space 113600K,   0% used [0x00000000c0000000, 0x00000000c0000000, 0x00000000c6ef0000)
  from space 14144K,  99% used [0x00000000c7cc0000, 0x00000000c8a8ac50, 0x00000000c8a90000)
  to   space 14144K,   0% used [0x00000000c6ef0000, 0x00000000c6ef0000, 0x00000000c7cc0000)
 tenured generation   total 283628K, used 278522K [0x00000000d5550000, 0x00000000e6a4b000, 0x0000000100000000)
   the space 283628K,  98% used [0x00000000d5550000, 0x00000000e654e810, 0x00000000e654ea00, 0x00000000e6a4b000)
 Metaspace       used 3786K, capacity 4856K, committed 5120K, reserved 1056768K
  class space    used 340K, capacity 424K, committed 512K, reserved 1048576K
}
Event: 18.430 GC heap before
{Heap before GC invocations=66 (full 6):
 def new generation   total 127744K, used 127723K [0x00000000c0000000, 0x00000000c8a90000, 0x00000000d5550000)
  eden space 113600K, 100% used [0x00000000c0000000, 0x00000000c6ef0000, 0x00000000c6ef0000)
  from space 14144K,  99% used [0x00000000c7cc0000, 0x00000000c8a8ac50, 0x00000000c8a90000)
  to   space 14144K,   0% used [0x00000000c6ef0000, 0x00000000c6ef0000, 0x00000000c7cc0000)
 tenured generation   total 283628K, used 278522K [0x00000000d5550000, 0x00000000e6a4b000, 0x0000000100000000)
   the space 283628K,  98% used [0x00000000d5550000, 0x00000000e654e810, 0x00000000e654ea00, 0x00000000e6a4b000)
 Metaspace       used 3786K, capacity 4856K, committed 5120K, reserved 1056768K
  class space    used 340K, capacity 424K, committed 512K, reserved 1048576K

