# JRE version: OpenJDK Runtime Environment (8.0_201-b09) (build 1.8.0_201-b09)
# Java VM: OpenJDK 64-Bit Server VM (25.201-b09 mixed mode linux-amd64 compressed oops)
Heap:
 def new generation   total 76288K, used 8218K [0x00000000c0000000, 0x00000000c52c0000, 0x00000000d5550000)
  eden space 67840K,  12% used [0x00000000c0000000, 0x00000000c0806870, 0x00000000c4240000)
  from space 8448K,   0% used [0x00000000c4a80000, 0x00000000c4a80000, 0x00000000c52c0000)
  to   space 8448K,   0% used [0x00000000c4240000, 0x00000000c4240000, 0x00000000c4a80000)
 tenured generation   total 173216K, used 173215K [0x00000000d5550000, 0x00000000dfe78000, 0x0000000100000000)
   the space 173216K,  99% used [0x00000000d5550000, 0x00000000dfe77ff0, 0x00000000dfe78000, 0x00000000dfe78000)
 Metaspace       used 3772K, capacity 4856K, committed 5120K, reserved 1056768K
  class space    used 340K, capacity 424K, committed 512K, reserved 1048576K
GC Heap History (113 events):
Event: 0.340 GC heap before
{Heap before GC invocations=0 (full 0):
 def new generation   total 4928K, used 4229K [0x00000000c0000000, 0x00000000c0550000, 0x00000000d5550000)
  eden space 4416K,  95% used [0x00000000c0000000, 0x00000000c0421568, 0x00000000c0450000)
  from space 512K,   0% used [0x00000000c0450000, 0x00000000c0450000, 0x00000000c04d0000)
  to   space 512K,   0% used [0x00000000c04d0000, 0x00000000c04d0000, 0x00000000c0550000)
 tenured generation   total 10944K, used 0K [0x00000000d5550000, 0x00000000d6000000, 0x0000000100000000)
   the space 10944K,   0% used [0x00000000d5550000, 0x00000000d5550000, 0x00000000d5550200, 0x00000000d6000000)
 Metaspace       used 3292K, capacity 4728K, committed 4864K, reserved 1056768K
  class space    used 322K, capacity 424K, committed 512K, reserved 1048576K
Event: 0.344 GC heap after
Heap after GC invocations=1 (full 0):
 def new generation   total 4928K, used 512K [0x00000000c0000000, 0x00000000c0550000, 0x00000000d5550000)
  eden space 4416K,   0% used [0x00000000c0000000, 0x00000000c0000000, 0x00000000c0450000)
  from space 512K, 100% used [0x00000000c04d0000, 0x00000000c0550000, 0x00000000c0550000)
  to   space 512K,   0% used [0x00000000c0450000, 0x00000000c0450000, 0x00000000c04d0000)
 tenured generation   total 10944K, used 2729K [0x00000000d5550000, 0x00000000d6000000, 0x0000000100000000)
   the space 10944K,  24% used [0x00000000d5550000, 0x00000000d57fa7f8, 0x00000000d57fa800, 0x00000000d6000000)
 Metaspace       used 3292K, capacity 4728K, committed 4864K, reserved 1056768K
  class space    used 322K, capacity 424K, committed 512K, reserved 1048576K
}
Event: 0.457 GC heap before
{Heap before GC invocations=1 (full 0):
 def new generation   total 4928K, used 4928K [0x00000000c0000000, 0x00000000c0550000, 0x00000000d5550000)
  eden space 4416K, 100% used [0x00000000c0000000, 0x00000000c0450000, 0x00000000c0450000)
  from space 512K, 100% used [0x00000000c04d0000, 0x00000000c0550000, 0x00000000c0550000)
  to   space 512K,   0% used [0x00000000c0450000, 0x00000000c0450000, 0x00000000c04d0000)
 tenured generation   total 10944K, used 2729K [0x00000000d5550000, 0x00000000d6000000, 0x0000000100000000)
   the space 10944K,  24% used [0x00000000d5550000, 0x00000000d57fa7f8, 0x00000000d57fa800, 0x00000000d6000000)
 Metaspace       used 3434K, capacity 4728K, committed 4864K, reserved 1056768K
  class space    used 328K, capacity 424K, committed 512K, reserved 1048576K
Event: 0.461 GC heap after
Heap after GC invocations=2 (full 0):
 def new generation   total 4928K, used 512K [0x00000000c0000000, 0x00000000c0550000, 0x00000000d5550000)
  eden space 4416K,   0% used [0x00000000c0000000, 0x00000000c0000000, 0x00000000c0450000)
  from space 512K, 100% used [0x00000000c0450000, 0x00000000c04d0000, 0x00000000c04d0000)
  to   space 512K,   0% used [0x00000000c04d0000, 0x00000000c04d0000, 0x00000000c0550000)
 tenured generation   total 10944K, used 5315K [0x00000000d5550000, 0x00000000d6000000, 0x0000000100000000)
   the space 10944K,  48% used [0x00000000d5550000, 0x00000000d5a80e48, 0x00000000d5a81000, 0x00000000d6000000)
 Metaspace       used 3434K, capacity 4728K, committed 4864K, reserved 1056768K
  class space    used 328K, capacity 424K, committed 512K, reserved 1048576K
}
Event: 0.540 GC heap before
{Heap before GC invocations=2 (full 0):
 def new generation   total 4928K, used 4928K [0x00000000c0000000, 0x00000000c0550000, 0x00000000d5550000)
  eden space 4416K, 100% used [0x00000000c0000000, 0x00000000c0450000, 0x00000000c0450000)
  from space 512K, 100% used [0x00000000c0450000, 0x00000000c04d0000, 0x00000000c04d0000)
  to   space 512K,   0% used [0x00000000c04d0000, 0x00000000c04d0000, 0x00000000c0550000)
 tenured generation   total 10944K, used 5315K [0x00000000d5550000, 0x00000000d6000000, 0x0000000100000000)
   the space 10944K,  48% used [0x00000000d5550000, 0x00000000d5a80e48, 0x00000000d5a81000, 0x00000000d6000000)
 Metaspace       used 3434K, capacity 4728K, committed 4864K, reserved 1056768K
  class space    used 328K, capacity 424K, committed 512K, reserved 1048576K
Event: 0.543 GC heap after
Heap after GC invocations=3 (full 0):
 def new generation   total 4928K, used 506K [0x00000000c0000000, 0x00000000c0550000, 0x00000000d5550000)
  eden space 4416K,   0% used [0x00000000c0000000, 0x00000000c0000000, 0x00000000c0450000)
  from space 512K,  98% used [0x00000000c04d0000, 0x00000000c054e8d0, 0x00000000c0550000)
  to   space 512K,   0% used [0x00000000c0450000, 0x00000000c0450000, 0x00000000c04d0000)
 tenured generation   total 10944K, used 5826K [0x00000000d5550000, 0x00000000d6000000, 0x0000000100000000)
   the space 10944K,  53% used [0x00000000d5550000, 0x00000000d5b00b98, 0x00000000d5b00c00, 0x00000000d6000000)
 Metaspace       used 3434K, capacity 4728K, committed 4864K, reserved 1056768K
  class space    used 328K, capacity 424K, committed 512K, reserved 1048576K
}
Event: 0.616 GC heap before
{Heap before GC invocations=3 (full 0):
 def new generation   total 4928K, used 4922K [0x00000000c0000000, 0x00000000c0550000, 0x00000000d5550000)
  eden space 4416K, 100% used [0x00000000c0000000, 0x00000000c0450000, 0x00000000c0450000)
  from space 512K,  98% used [0x00000000c04d0000, 0x00000000c054e8d0, 0x00000000c0550000)
  to   space 512K,   0% used [0x00000000c0450000, 0x00000000c0450000, 0x00000000c04d0000)
 tenured generation   total 10944K, used 5826K [0x00000000d5550000, 0x00000000d6000000, 0x0000000100000000)
   the space 10944K,  53% used [0x00000000d5550000, 0x00000000d5b00b98, 0x00000000d5b00c00, 0x00000000d6000000)
 Metaspace       used 3434K, capacity 4728K, committed 4864K, reserved 1056768K
  class space    used 328K, capacity 424K, committed 512K, reserved 1048576K
Event: 0.620 GC heap after
Heap after GC invocations=4 (full 0):
 def new generation   total 4928K, used 478K [0x00000000c0000000, 0x00000000c0550000, 0x00000000d5550000)
  eden space 4416K,   0% used [0x00000000c0000000, 0x00000000c0000000, 0x00000000c0450000)
  from space 512K,  93% used [0x00000000c0450000, 0x00000000c04c7ae0, 0x00000000c04d0000)
  to   space 512K,   0% used [0x00000000c04d0000, 0x00000000c04d0000, 0x00000000c0550000)
 tenured generation   total 10944K, used 6332K [0x00000000d5550000, 0x00000000d6000000, 0x0000000100000000)
   the space 10944K,  57% used [0x00000000d5550000, 0x00000000d5b7f340, 0x00000000d5b7f400, 0x00000000d6000000)
 Metaspace       used 3434K, capacity 4728K, committed 4864K, reserved 1056768K
  class space    used 328K, capacity 424K, committed 512K, reserved 1048576K
}
Event: 0.684 GC heap before
{Heap before GC invocations=4 (full 0):
 def new generation   total 4928K, used 4894K [0x00000000c0000000, 0x00000000c0550000, 0x00000000d5550000)
  eden space 4416K, 100% used [0x00000000c0000000, 0x00000000c0450000, 0x00000000c0450000)
  from space 512K,  93% used [0x00000000c0450000, 0x00000000c04c7ae0, 0x00000000c04d0000)
  to   space 512K,   0% used [0x00000000c04d0000, 0x00000000c04d0000, 0x00000000c0550000)
 tenured generation   total 10944K, used 6332K [0x00000000d5550000, 0x00000000d6000000, 0x0000000100000000)
   the space 10944K,  57% used [0x00000000d5550000, 0x00000000d5b7f340, 0x00000000d5b7f400, 0x00000000d6000000)
 Metaspace       used 3435K, capacity 4728K, committed 4864K, reserved 1056768K
  class space    used 328K, capacity 424K, committed 512K, reserved 1048576K
Event: 0.687 GC heap after
Heap after GC invocations=5 (full 0):
 def new generation   total 4928K, used 477K [0x00000000c0000000, 0x00000000c0550000, 0x00000000d5550000)
  eden space 4416K,   0% used [0x00000000c0000000, 0x00000000c0000000, 0x00000000c0450000)
  from space 512K,  93% used [0x00000000c04d0000, 0x00000000c05475d8, 0x00000000c0550000)
  to   space 512K,   0% used [0x00000000c0450000, 0x00000000c0450000, 0x00000000c04d0000)
 tenured generation   total 10944K, used 6811K [0x00000000d5550000, 0x00000000d6000000, 0x0000000100000000)
   the space 10944K,  62% used [0x00000000d5550000, 0x00000000d5bf6c40, 0x00000000d5bf6e00, 0x00000000d6000000)
 Metaspace       used 3435K, capacity 4728K, committed 4864K, reserved 1056768K
  class space    used 328K, capacity 424K, committed 512K, reserved 1048576K
}
Event: 0.750 GC heap before
{Heap before GC invocations=5 (full 0):
 def new generation   total 4928K, used 4893K [0x00000000c0000000, 0x00000000c0550000, 0x00000000d5550000)
  eden space 4416K, 100% used [0x00000000c0000000, 0x00000000c0450000, 0x00000000c0450000)
  from space 512K,  93% used [0x00000000c04d0000, 0x00000000c05475d8, 0x00000000c0550000)
  to   space 512K,   0% used [0x00000000c0450000, 0x00000000c0450000, 0x00000000c04d0000)
 tenured generation   total 10944K, used 6811K [0x00000000d5550000, 0x00000000d6000000, 0x0000000100000000)
   the space 10944K,  62% used [0x00000000d5550000, 0x00000000d5bf6c40, 0x00000000d5bf6e00, 0x00000000d6000000)
 Metaspace       used 3436K, capacity 4728K, committed 4864K, reserved 1056768K
  class space    used 328K, capacity 424K, committed 512K, reserved 1048576K
Event: 0.754 GC heap after
Heap after GC invocations=6 (full 0):
 def new generation   total 4928K, used 479K [0x00000000c0000000, 0x00000000c0550000, 0x00000000d5550000)
  eden space 4416K,   0% used [0x00000000c0000000, 0x00000000c0000000, 0x00000000c0450000)
  from space 512K,  93% used [0x00000000c0450000, 0x00000000c04c7c58, 0x00000000c04d0000)
  to   space 512K,   0% used [0x00000000c04d0000, 0x00000000c04d0000, 0x00000000c0550000)
 tenured generation   total 10944K, used 7288K [0x00000000d5550000, 0x00000000d6000000, 0x0000000100000000)
   the space 10944K,  66% used [0x00000000d5550000, 0x00000000d5c6e0f0, 0x00000000d5c6e200, 0x00000000d6000000)
 Metaspace       used 3436K, capacity 4728K, committed 4864K, reserved 1056768K
  class space    used 328K, capacity 424K, committed 512K, reserved 1048576K
}
Event: 0.826 GC heap before
{Heap before GC invocations=6 (full 0):
 def new generation   total 4928K, used 4895K [0x00000000c0000000, 0x00000000c0550000, 0x00000000d5550000)
  eden space 4416K, 100% used [0x00000000c0000000, 0x00000000c0450000, 0x00000000c0450000)
  from space 512K,  93% used [0x00000000c0450000, 0x00000000c04c7c58, 0x00000000c04d0000)
  to   space 512K,   0% used [0x00000000c04d0000, 0x00000000c04d0000, 0x00000000c0550000)
 tenured generation   total 10944K, used 7288K [0x00000000d5550000, 0x00000000d6000000, 0x0000000100000000)
   the space 10944K,  66% used [0x00000000d5550000, 0x00000000d5c6e0f0, 0x00000000d5c6e200, 0x00000000d6000000)
 Metaspace       used 3436K, capacity 4728K, committed 4864K, reserved 1056768K
  class space    used 328K, capacity 424K, committed 512K, reserved 1048576K
Event: 0.830 GC heap after
Heap after GC invocations=7 (full 0):
 def new generation   total 4928K, used 478K [0x00000000c0000000, 0x00000000c0550000, 0x00000000d5550000)
  eden space 4416K,   0% used [0x00000000c0000000, 0x00000000c0000000, 0x00000000c0450000)
  from space 512K,  93% used [0x00000000c04d0000, 0x00000000c0547bd0, 0x00000000c0550000)
  to   space 512K,   0% used [0x00000000c0450000, 0x00000000c0450000, 0x00000000c04d0000)
 tenured generation   total 10944K, used 7767K [0x00000000d5550000, 0x00000000d6000000, 0x0000000100000000)
   the space 10944K,  70% used [0x00000000d5550000, 0x00000000d5ce5c08, 0x00000000d5ce5e00, 0x00000000d6000000)
 Metaspace       used 3436K, capacity 4728K, committed 4864K, reserved 1056768K
  class space    used 328K, capacity 424K, committed 512K, reserved 1048576K
}
Event: 0.900 GC heap before
{Heap before GC invocations=7 (full 0):
 def new generation   total 4928K, used 4894K [0x00000000c0000000, 0x00000000c0550000, 0x00000000d5550000)
  eden space 4416K, 100% used [0x00000000c0000000, 0x00000000c0450000, 0x00000000c0450000)
  from space 512K,  93% used [0x00000000c04d0000, 0x00000000c0547bd0, 0x00000000c0550000)
  to   space 512K,   0% used [0x00000000c0450000, 0x00000000c0450000, 0x00000000c04d0000)
 tenured generation   total 10944K, used 7767K [0x00000000d5550000, 0x00000000d6000000, 0x0000000100000000)
   the space 10944K,  70% used [0x00000000d5550000, 0x00000000d5ce5c08, 0x00000000d5ce5e00, 0x00000000d6000000)
 Metaspace       used 3438K, capacity 4728K, committed 4864K, reserved 1056768K
  class space    used 328K, capacity 424K, committed 512K, reserved 1048576K
Event: 0.908 GC heap after
Heap after GC invocations=8 (full 0):
 def new generation   total 4928K, used 490K [0x00000000c0000000, 0x00000000c0550000, 0x00000000d5550000)
  eden space 4416K,   0% used [0x00000000c0000000, 0x00000000c0000000, 0x00000000c0450000)
  from space 512K,  95% used [0x00000000c0450000, 0x00000000c04cab50, 0x00000000c04d0000)
  to   space 512K,   0% used [0x00000000c04d0000, 0x00000000c04d0000, 0x00000000c0550000)
 tenured generation   total 10944K, used 8245K [0x00000000d5550000, 0x00000000d6000000, 0x0000000100000000)
   the space 10944K,  75% used [0x00000000d5550000, 0x00000000d5d5d628, 0x00000000d5d5d800, 0x00000000d6000000)
 Metaspace       used 3438K, capacity 4728K, committed 4864K, reserved 1056768K
  class space    used 328K, capacity 424K, committed 512K, reserved 1048576K
}
Event: 0.973 GC heap before
{Heap before GC invocations=8 (full 0):
 def new generation   total 4928K, used 4906K [0x00000000c0000000, 0x00000000c0550000, 0x00000000d5550000)
  eden space 4416K, 100% used [0x00000000c0000000, 0x00000000c0450000, 0x00000000c0450000)
  from space 512K,  95% used [0x00000000c0450000, 0x00000000c04cab50, 0x00000000c04d0000)
  to   space 512K,   0% used [0x00000000c04d0000, 0x00000000c04d0000, 0x00000000c0550000)
 tenured generation   total 10944K, used 8245K [0x00000000d5550000, 0x00000000d6000000, 0x0000000100000000)
   the space 10944K,  75% used [0x00000000d5550000, 0x00000000d5d5d628, 0x00000000d5d5d800, 0x00000000d6000000)
 Metaspace       used 3445K, capacity 4728K, committed 4864K, reserved 1056768K
  class space    used 328K, capacity 424K, committed 512K, reserved 1048576K
Event: 0.976 GC heap after
Heap after GC invocations=9 (full 0):
 def new generation   total 4928K, used 499K [0x00000000c0000000, 0x00000000c0550000, 0x00000000d5550000)
  eden space 4416K,   0% used [0x00000000c0000000, 0x00000000c0000000, 0x00000000c0450000)
  from space 512K,  97% used [0x00000000c04d0000, 0x00000000c054cf18, 0x00000000c0550000)
  to   space 512K,   0% used [0x00000000c0450000, 0x00000000c0450000, 0x00000000c04d0000)
 tenured generation   total 10944K, used 8736K [0x00000000d5550000, 0x00000000d6000000, 0x0000000100000000)
   the space 10944K,  79% used [0x00000000d5550000, 0x00000000d5dd8038, 0x00000000d5dd8200, 0x00000000d6000000)
 Metaspace       used 3445K, capacity 4728K, committed 4864K, reserved 1056768K
  class space    used 328K, capacity 424K, committed 512K, reserved 1048576K
}
Event: 1.030 GC heap before
{Heap before GC invocations=9 (full 0):
 def new generation   total 4928K, used 4915K [0x00000000c0000000, 0x00000000c0550000, 0x00000000d5550000)
  eden space 4416K, 100% used [0x00000000c0000000, 0x00000000c0450000, 0x00000000c0450000)
  from space 512K,  97% used [0x00000000c04d0000, 0x00000000c054cf18, 0x00000000c0550000)
  to   space 512K,   0% used [0x00000000c0450000, 0x00000000c0450000, 0x00000000c04d0000)
 tenured generation   total 10944K, used 8736K [0x00000000d5550000, 0x00000000d6000000, 0x0000000100000000)
   the space 10944K,  79% used [0x00000000d5550000, 0x00000000d5dd8038, 0x00000000d5dd8200, 0x00000000d6000000)
 Metaspace       used 3445K, capacity 4728K, committed 4864K, reserved 1056768K
  class space    used 328K, capacity 424K, committed 512K, reserved 1048576K
Event: 1.034 GC heap after
Heap after GC invocations=10 (full 0):
 def new generation   total 4928K, used 500K [0x00000000c0000000, 0x00000000c0550000, 0x00000000d5550000)
  eden space 4416K,   0% used [0x00000000c0000000, 0x00000000c0000000, 0x00000000c0450000)
  from space 512K,  97% used [0x00000000c0450000, 0x00000000c04cd358, 0x00000000c04d0000)
  to   space 512K,   0% used [0x00000000c04d0000, 0x00000000c04d0000, 0x00000000c0550000)
 tenured generation   total 10944K, used 9235K [0x00000000d5550000, 0x00000000d6000000, 0x0000000100000000)
   the space 10944K,  84% used [0x00000000d5550000, 0x00000000d5e54e08, 0x00000000d5e55000, 0x00000000d6000000)
 Metaspace       used 3445K, capacity 4728K, committed 4864K, reserved 1056768K
  class space    used 328K, capacity 424K, committed 512K, reserved 1048576K
}
Event: 1.082 GC heap before
{Heap before GC invocations=10 (full 0):
 def new generation   total 4928K, used 4916K [0x00000000c0000000, 0x00000000c0550000, 0x00000000d5550000)
  eden space 4416K, 100% used [0x00000000c0000000, 0x00000000c0450000, 0x00000000c0450000)
  from space 512K,  97% used [0x00000000c0450000, 0x00000000c04cd358, 0x00000000c04d0000)
  to   space 512K,   0% used [0x00000000c04d0000, 0x00000000c04d0000, 0x00000000c0550000)
 tenured generation   total 10944K, used 9235K [0x00000000d5550000, 0x00000000d6000000, 0x0000000100000000)
   the space 10944K,  84% used [0x00000000d5550000, 0x00000000d5e54e08, 0x00000000d5e55000, 0x00000000d6000000)
 Metaspace       used 3448K, capacity 4728K, committed 4864K, reserved 1056768K
  class space    used 328K, capacity 424K, committed 512K, reserved 1048576K
Event: 1.086 GC heap after
Heap after GC invocations=11 (full 0):
 def new generation   total 4928K, used 498K [0x00000000c0000000, 0x00000000c0550000, 0x00000000d5550000)
  eden space 4416K,   0% used [0x00000000c0000000, 0x00000000c0000000, 0x00000000c0450000)
  from space 512K,  97% used [0x00000000c04d0000, 0x00000000c054cb98, 0x00000000c0550000)
  to   space 512K,   0% used [0x00000000c0450000, 0x00000000c0450000, 0x00000000c04d0000)
 tenured generation   total 10944K, used 9735K [0x00000000d5550000, 0x00000000d6000000, 0x0000000100000000)
   the space 10944K,  88% used [0x00000000d5550000, 0x00000000d5ed1f78, 0x00000000d5ed2000, 0x00000000d6000000)
 Metaspace       used 3448K, capacity 4728K, committed 4864K, reserved 1056768K
  class space    used 328K, capacity 424K, committed 512K, reserved 1048576K
}
Event: 1.127 GC heap before
{Heap before GC invocations=11 (full 0):
 def new generation   total 4928K, used 4914K [0x00000000c0000000, 0x00000000c0550000, 0x00000000d5550000)
  eden space 4416K, 100% used [0x00000000c0000000, 0x00000000c0450000, 0x00000000c0450000)
  from space 512K,  97% used [0x00000000c04d0000, 0x00000000c054cb98, 0x00000000c0550000)
  to   space 512K,   0% used [0x00000000c0450000, 0x00000000c0450000, 0x00000000c04d0000)
 tenured generation   total 10944K, used 9735K [0x00000000d5550000, 0x00000000d6000000, 0x0000000100000000)
   the space 10944K,  88% used [0x00000000d5550000, 0x00000000d5ed1f78, 0x00000000d5ed2000, 0x00000000d6000000)
 Metaspace       used 3448K, capacity 4728K, committed 4864K, reserved 1056768K
  class space    used 328K, capacity 424K, committed 512K, reserved 1048576K
Event: 1.130 GC heap after
Heap after GC invocations=12 (full 0):
 def new generation   total 4928K, used 500K [0x00000000c0000000, 0x00000000c0550000, 0x00000000d5550000)
  eden space 4416K,   0% used [0x00000000c0000000, 0x00000000c0000000, 0x00000000c0450000)
  from space 512K,  97% used [0x00000000c0450000, 0x00000000c04cd3a0, 0x00000000c04d0000)
  to   space 512K,   0% used [0x00000000c04d0000, 0x00000000c04d0000, 0x00000000c0550000)
 tenured generation   total 10944K, used 10234K [0x00000000d5550000, 0x00000000d6000000, 0x0000000100000000)
   the space 10944K,  93% used [0x00000000d5550000, 0x00000000d5f4e910, 0x00000000d5f4ea00, 0x00000000d6000000)
 Metaspace       used 3448K, capacity 4728K, committed 4864K, reserved 1056768K
  class space    used 328K, capacity 424K, committed 512K, reserved 1048576K
}
Event: 1.174 GC heap before
{Heap before GC invocations=12 (full 0):
 def new generation   total 4928K, used 4916K [0x00000000c0000000, 0x00000000c0550000, 0x00000000d5550000)
  eden space 4416K, 100% used [0x00000000c0000000, 0x00000000c0450000, 0x00000000c0450000)
  from space 512K,  97% used [0x00000000c0450000, 0x00000000c04cd3a0, 0x00000000c04d0000)
  to   space 512K,   0% used [0x00000000c04d0000, 0x00000000c04d0000, 0x00000000c0550000)
 tenured generation   total 10944K, used 10234K [0x00000000d5550000, 0x00000000d6000000, 0x0000000100000000)
   the space 10944K,  93% used [0x00000000d5550000, 0x00000000d5f4e910, 0x00000000d5f4ea00, 0x00000000d6000000)
 Metaspace       used 3451K, capacity 4728K, committed 4864K, reserved 1056768K
  class space    used 328K, capacity 424K, committed 512K, reserved 1048576K
Event: 1.178 GC heap after
Heap after GC invocations=13 (full 0):
 def new generation   total 4928K, used 499K [0x00000000c0000000, 0x00000000c0550000, 0x00000000d5550000)
  eden space 4416K,   0% used [0x00000000c0000000, 0x00000000c0000000, 0x00000000c0450000)
  from space 512K,  97% used [0x00000000c04d0000, 0x00000000c054cd90, 0x00000000c0550000)
  to   space 512K,   0% used [0x00000000c0450000, 0x00000000c0450000, 0x00000000c04d0000)
 tenured generation   total 10944K, used 10734K [0x00000000d5550000, 0x00000000d6000000, 0x0000000100000000)
   the space 10944K,  98% used [0x00000000d5550000, 0x00000000d5fcbb00, 0x00000000d5fcbc00, 0x00000000d6000000)
 Metaspace       used 3451K, capacity 4728K, committed 4864K, reserved 1056768K
  class space    used 328K, capacity 424K, committed 512K, reserved 1048576K
}
Event: 1.236 GC heap before
{Heap before GC invocations=13 (full 0):
 def new generation   total 4928K, used 4915K [0x00000000c0000000, 0x00000000c0550000, 0x00000000d5550000)
  eden space 4416K, 100% used [0x00000000c0000000, 0x00000000c0450000, 0x00000000c0450000)
  from space 512K,  97% used [0x00000000c04d0000, 0x00000000c054cd90, 0x00000000c0550000)
  to   space 512K,   0% used [0x00000000c0450000, 0x00000000c0450000, 0x00000000c04d0000)
 tenured generation   total 10944K, used 10734K [0x00000000d5550000, 0x00000000d6000000, 0x0000000100000000)
   the space 10944K,  98% used [0x00000000d5550000, 0x00000000d5fcbb00, 0x00000000d5fcbc00, 0x00000000d6000000)
 Metaspace       used 3457K, capacity 4728K, committed 4864K, reserved 1056768K
  class space    used 328K, capacity 424K, committed 512K, reserved 1048576K
Event: 1.301 GC heap after
Heap after GC invocations=14 (full 1):
 def new generation   total 9024K, used 329K [0x00000000c0000000, 0x00000000c09c0000, 0x00000000d5550000)
  eden space 8064K,   4% used [0x00000000c0000000, 0x00000000c0052450, 0x00000000c07e0000)
  from space 960K,   0% used [0x00000000c07e0000, 0x00000000c07e0000, 0x00000000c08d0000)
  to   space 960K,   0% used [0x00000000c08d0000, 0x00000000c08d0000, 0x00000000c09c0000)
 tenured generation   total 19928K, used 11956K [0x00000000d5550000, 0x00000000d68c6000, 0x0000000100000000)
   the space 19928K,  59% used [0x00000000d5550000, 0x00000000d60fd000, 0x00000000d60fd000, 0x00000000d68c6000)
 Metaspace       used 3457K, capacity 4728K, committed 4864K, reserved 1056768K
  class space    used 328K, capacity 424K, committed 512K, reserved 1048576K
}
Event: 1.334 GC heap before
{Heap before GC invocations=14 (full 1):
 def new generation   total 9024K, used 8064K [0x00000000c0000000, 0x00000000c09c0000, 0x00000000d5550000)
  eden space 8064K, 100% used [0x00000000c0000000, 0x00000000c07e0000, 0x00000000c07e0000)
  from space 960K,   0% used [0x00000000c07e0000, 0x00000000c07e0000, 0x00000000c08d0000)
  to   space 960K,   0% used [0x00000000c08d0000, 0x00000000c08d0000, 0x00000000c09c0000)
 tenured generation   total 19928K, used 11956K [0x00000000d5550000, 0x00000000d68c6000, 0x0000000100000000)
   the space 19928K,  59% used [0x00000000d5550000, 0x00000000d60fd000, 0x00000000d60fd000, 0x00000000d68c6000)
 Metaspace       used 3458K, capacity 4728K, committed 4864K, reserved 1056768K
  class space    used 328K, capacity 424K, committed 512K, reserved 1048576K
Event: 1.351 GC heap after
Heap after GC invocations=15 (full 1):
 def new generation   total 9024K, used 960K [0x00000000c0000000, 0x00000000c09c0000, 0x00000000d5550000)
  eden space 8064K,   0% used [0x00000000c0000000, 0x00000000c0000000, 0x00000000c07e0000)
  from space 960K, 100% used [0x00000000c08d0000, 0x00000000c09c0000, 0x00000000c09c0000)
  to   space 960K,   0% used [0x00000000c07e0000, 0x00000000c07e0000, 0x00000000c08d0000)
 tenured generation   total 19928K, used 12199K [0x00000000d5550000, 0x00000000d68c6000, 0x0000000100000000)
   the space 19928K,  61% used [0x00000000d5550000, 0x00000000d6139e58, 0x00000000d613a000, 0x00000000d68c6000)
 Metaspace       used 3458K, capacity 4728K, committed 4864K, reserved 1056768K
  class space    used 328K, capacity 424K, committed 512K, reserved 1048576K
}
Event: 1.388 GC heap before
{Heap before GC invocations=15 (full 1):
 def new generation   total 9024K, used 9024K [0x00000000c0000000, 0x00000000c09c0000, 0x00000000d5550000)
  eden space 8064K, 100% used [0x00000000c0000000, 0x00000000c07e0000, 0x00000000c07e0000)
  from space 960K, 100% used [0x00000000c08d0000, 0x00000000c09c0000, 0x00000000c09c0000)
  to   space 960K,   0% used [0x00000000c07e0000, 0x00000000c07e0000, 0x00000000c08d0000)
 tenured generation   total 19928K, used 12199K [0x00000000d5550000, 0x00000000d68c6000, 0x0000000100000000)
   the space 19928K,  61% used [0x00000000d5550000, 0x00000000d6139e58, 0x00000000d613a000, 0x00000000d68c6000)
 Metaspace       used 3465K, capacity 4728K, committed 4864K, reserved 1056768K
  class space    used 328K, capacity 424K, committed 512K, reserved 1048576K
Event: 1.396 GC heap after
Heap after GC invocations=16 (full 1):
 def new generation   total 9024K, used 950K [0x00000000c0000000, 0x00000000c09c0000, 0x00000000d5550000)
  eden space 8064K,   0% used [0x00000000c0000000, 0x00000000c0000000, 0x00000000c07e0000)
  from space 960K,  98% used [0x00000000c07e0000, 0x00000000c08cd800, 0x00000000c08d0000)
  to   space 960K,   0% used [0x00000000c08d0000, 0x00000000c08d0000, 0x00000000c09c0000)
 tenured generation   total 19928K, used 13159K [0x00000000d5550000, 0x00000000d68c6000, 0x0000000100000000)
   the space 19928K,  66% used [0x00000000d5550000, 0x00000000d6229d58, 0x00000000d6229e00, 0x00000000d68c6000)
 Metaspace       used 3465K, capacity 4728K, committed 4864K, reserved 1056768K
  class space    used 328K, capacity 424K, committed 512K, reserved 1048576K
}
Event: 1.512 GC heap before
{Heap before GC invocations=16 (full 1):
 def new generation   total 9024K, used 9014K [0x00000000c0000000, 0x00000000c09c0000, 0x00000000d5550000)
  eden space 8064K, 100% used [0x00000000c0000000, 0x00000000c07e0000, 0x00000000c07e0000)
  from space 960K,  98% used [0x00000000c07e0000, 0x00000000c08cd800, 0x00000000c08d0000)
  to   space 960K,   0% used [0x00000000c08d0000, 0x00000000c08d0000, 0x00000000c09c0000)
 tenured generation   total 19928K, used 13159K [0x00000000d5550000, 0x00000000d68c6000, 0x0000000100000000)
   the space 19928K,  66% used [0x00000000d5550000, 0x00000000d6229d58, 0x00000000d6229e00, 0x00000000d68c6000)
 Metaspace       used 3466K, capacity 4728K, committed 4864K, reserved 1056768K
  class space    used 328K, capacity 424K, committed 512K, reserved 1048576K
Event: 1.529 GC heap after
Heap after GC invocations=17 (full 1):
 def new generation   total 9024K, used 960K [0x00000000c0000000, 0x00000000c09c0000, 0x00000000d5550000)
  eden space 8064K,   0% used [0x00000000c0000000, 0x00000000c0000000, 0x00000000c07e0000)
  from space 960K, 100% used [0x00000000c08d0000, 0x00000000c09c0000, 0x00000000c09c0000)
  to   space 960K,   0% used [0x00000000c07e0000, 0x00000000c07e0000, 0x00000000c08d0000)
 tenured generation   total 19928K, used 14441K [0x00000000d5550000, 0x00000000d68c6000, 0x0000000100000000)
   the space 19928K,  72% used [0x00000000d5550000, 0x00000000d636a600, 0x00000000d636a600, 0x00000000d68c6000)
 Metaspace       used 3466K, capacity 4728K, committed 4864K, reserved 1056768K
  class space    used 328K, capacity 424K, committed 512K, reserved 1048576K
}
Event: 1.608 GC heap before
{Heap before GC invocations=17 (full 1):
 def new generation   total 9024K, used 9024K [0x00000000c0000000, 0x00000000c09c0000, 0x00000000d5550000)
  eden space 8064K, 100% used [0x00000000c0000000, 0x00000000c07e0000, 0x00000000c07e0000)
  from space 960K, 100% used [0x00000000c08d0000, 0x00000000c09c0000, 0x00000000c09c0000)
  to   space 960K,   0% used [0x00000000c07e0000, 0x00000000c07e0000, 0x00000000c08d0000)
 tenured generation   total 19928K, used 14441K [0x00000000d5550000, 0x00000000d68c6000, 0x0000000100000000)
   the space 19928K,  72% used [0x00000000d5550000, 0x00000000d636a600, 0x00000000d636a600, 0x00000000d68c6000)
 Metaspace       used 3466K, capacity 4728K, committed 4864K, reserved 1056768K
  class space    used 328K, capacity 424K, committed 512K, reserved 1048576K
Event: 1.628 GC heap after
Heap after GC invocations=18 (full 1):
 def new generation   total 9024K, used 959K [0x00000000c0000000, 0x00000000c09c0000, 0x00000000d5550000)
  eden space 8064K,   0% used [0x00000000c0000000, 0x00000000c0000000, 0x00000000c07e0000)
  from space 960K,  99% used [0x00000000c07e0000, 0x00000000c08cfff8, 0x00000000c08d0000)
  to   space 960K,   0% used [0x00000000c08d0000, 0x00000000c08d0000, 0x00000000c09c0000)
 tenured generation   total 19928K, used 15715K [0x00000000d5550000, 0x00000000d68c6000, 0x0000000100000000)
   the space 19928K,  78% used [0x00000000d5550000, 0x00000000d64a8cb8, 0x00000000d64a8e00, 0x00000000d68c6000)
 Metaspace       used 3466K, capacity 4728K, committed 4864K, reserved 1056768K
  class space    used 328K, capacity 424K, committed 512K, reserved 1048576K
}
Event: 1.699 GC heap before
{Heap before GC invocations=18 (full 1):
 def new generation   total 9024K, used 9023K [0x00000000c0000000, 0x00000000c09c0000, 0x00000000d5550000)
  eden space 8064K, 100% used [0x00000000c0000000, 0x00000000c07e0000, 0x00000000c07e0000)
  from space 960K,  99% used [0x00000000c07e0000, 0x00000000c08cfff8, 0x00000000c08d0000)
  to   space 960K,   0% used [0x00000000c08d0000, 0x00000000c08d0000, 0x00000000c09c0000)
 tenured generation   total 19928K, used 15715K [0x00000000d5550000, 0x00000000d68c6000, 0x0000000100000000)
   the space 19928K,  78% used [0x00000000d5550000, 0x00000000d64a8cb8, 0x00000000d64a8e00, 0x00000000d68c6000)
 Metaspace       used 3466K, capacity 4728K, committed 4864K, reserved 1056768K
  class space    used 328K, capacity 424K, committed 512K, reserved 1048576K
Event: 1.712 GC heap after
Heap after GC invocations=19 (full 1):
 def new generation   total 9024K, used 960K [0x00000000c0000000, 0x00000000c09c0000, 0x00000000d5550000)
  eden space 8064K,   0% used [0x00000000c0000000, 0x00000000c0000000, 0x00000000c07e0000)
  from space 960K, 100% used [0x00000000c08d0000, 0x00000000c09c0000, 0x00000000c09c0000)
  to   space 960K,   0% used [0x00000000c07e0000, 0x00000000c07e0000, 0x00000000c08d0000)
 tenured generation   total 19928K, used 17011K [0x00000000d5550000, 0x00000000d68c6000, 0x0000000100000000)
   the space 19928K,  85% used [0x00000000d5550000, 0x00000000d65ecca0, 0x00000000d65ece00, 0x00000000d68c6000)
 Metaspace       used 3466K, capacity 4728K, committed 4864K, reserved 1056768K
  class space    used 328K, capacity 424K, committed 512K, reserved 1048576K
}
Event: 1.773 GC heap before
{Heap before GC invocations=19 (full 1):
 def new generation   total 9024K, used 9024K [0x00000000c0000000, 0x00000000c09c0000, 0x00000000d5550000)
  eden space 8064K, 100% used [0x00000000c0000000, 0x00000000c07e0000, 0x00000000c07e0000)
  from space 960K, 100% used [0x00000000c08d0000, 0x00000000c09c0000, 0x00000000c09c0000)
  to   space 960K,   0% used [0x00000000c07e0000, 0x00000000c07e0000, 0x00000000c08d0000)
 tenured generation   total 19928K, used 17011K [0x00000000d5550000, 0x00000000d68c6000, 0x0000000100000000)
   the space 19928K,  85% used [0x00000000d5550000, 0x00000000d65ecca0, 0x00000000d65ece00, 0x00000000d68c6000)
 Metaspace       used 3466K, capacity 4728K, committed 4864K, reserved 1056768K
  class space    used 328K, capacity 424K, committed 512K, reserved 1048576K
Event: 1.790 GC heap after
Heap after GC invocations=20 (full 1):
 def new generation   total 9024K, used 960K [0x00000000c0000000, 0x00000000c09c0000, 0x00000000d5550000)
  eden space 8064K,   0% used [0x00000000c0000000, 0x00000000c0000000, 0x00000000c07e0000)
  from space 960K, 100% used [0x00000000c07e0000, 0x00000000c08d0000, 0x00000000c08d0000)
  to   space 960K,   0% used [0x00000000c08d0000, 0x00000000c08d0000, 0x00000000c09c0000)
 tenured generation   total 19928K, used 18295K [0x00000000d5550000, 0x00000000d68c6000, 0x0000000100000000)
   the space 19928K,  91% used [0x00000000d5550000, 0x00000000d672dcb8, 0x00000000d672de00, 0x00000000d68c6000)
 Metaspace       used 3466K, capacity 4728K, committed 4864K, reserved 1056768K
  class space    used 328K, capacity 424K, committed 512K, reserved 1048576K
}
Event: 1.842 GC heap before
{Heap before GC invocations=20 (full 1):
 def new generation   total 9024K, used 9024K [0x00000000c0000000, 0x00000000c09c0000, 0x00000000d5550000)
  eden space 8064K, 100% used [0x00000000c0000000, 0x00000000c07e0000, 0x00000000c07e0000)
  from space 960K, 100% used [0x00000000c07e0000, 0x00000000c08d0000, 0x00000000c08d0000)
  to   space 960K,   0% used [0x00000000c08d0000, 0x00000000c08d0000, 0x00000000c09c0000)
 tenured generation   total 19928K, used 18295K [0x00000000d5550000, 0x00000000d68c6000, 0x0000000100000000)
   the space 19928K,  91% used [0x00000000d5550000, 0x00000000d672dcb8, 0x00000000d672de00, 0x00000000d68c6000)
 Metaspace       used 3467K, capacity 4728K, committed 4864K, reserved 1056768K
  class space    used 328K, capacity 424K, committed 512K, reserved 1048576K
Event: 1.981 GC heap after
Heap after GC invocations=21 (full 2):
 def new generation   total 15104K, used 952K [0x00000000c0000000, 0x00000000c1060000, 0x00000000d5550000)
  eden space 13440K,   7% used [0x00000000c0000000, 0x00000000c00ee280, 0x00000000c0d20000)
  from space 1664K,   0% used [0x00000000c0d20000, 0x00000000c0d20000, 0x00000000c0ec0000)
  to   space 1664K,   0% used [0x00000000c0ec0000, 0x00000000c0ec0000, 0x00000000c1060000)
 tenured generation   total 33420K, used 20051K [0x00000000d5550000, 0x00000000d75f3000, 0x0000000100000000)
   the space 33420K,  59% used [0x00000000d5550000, 0x00000000d68e4c90, 0x00000000d68e4e00, 0x00000000d75f3000)
 Metaspace       used 3467K, capacity 4728K, committed 4864K, reserved 1056768K
  class space    used 328K, capacity 424K, committed 512K, reserved 1048576K
}
Event: 2.056 GC heap before
{Heap before GC invocations=21 (full 2):
 def new generation   total 15104K, used 13440K [0x00000000c0000000, 0x00000000c1060000, 0x00000000d5550000)
  eden space 13440K, 100% used [0x00000000c0000000, 0x00000000c0d20000, 0x00000000c0d20000)
  from space 1664K,   0% used [0x00000000c0d20000, 0x00000000c0d20000, 0x00000000c0ec0000)
  to   space 1664K,   0% used [0x00000000c0ec0000, 0x00000000c0ec0000, 0x00000000c1060000)
 tenured generation   total 33420K, used 20051K [0x00000000d5550000, 0x00000000d75f3000, 0x0000000100000000)
   the space 33420K,  59% used [0x00000000d5550000, 0x00000000d68e4c90, 0x00000000d68e4e00, 0x00000000d75f3000)
 Metaspace       used 3469K, capacity 4728K, committed 4864K, reserved 1056768K
  class space    used 328K, capacity 424K, committed 512K, reserved 1048576K
Event: 2.086 GC heap after
Heap after GC invocations=22 (full 2):
 def new generation   total 15104K, used 1664K [0x00000000c0000000, 0x00000000c1060000, 0x00000000d5550000)
  eden space 13440K,   0% used [0x00000000c0000000, 0x00000000c0000000, 0x00000000c0d20000)
  from space 1664K, 100% used [0x00000000c0ec0000, 0x00000000c1060000, 0x00000000c1060000)
  to   space 1664K,   0% used [0x00000000c0d20000, 0x00000000c0d20000, 0x00000000c0ec0000)
 tenured generation   total 33420K, used 21031K [0x00000000d5550000, 0x00000000d75f3000, 0x0000000100000000)
   the space 33420K,  62% used [0x00000000d5550000, 0x00000000d69d9f98, 0x00000000d69da000, 0x00000000d75f3000)
 Metaspace       used 3469K, capacity 4728K, committed 4864K, reserved 1056768K
  class space    used 328K, capacity 424K, committed 512K, reserved 1048576K
}
Event: 2.192 GC heap before
{Heap before GC invocations=22 (full 2):
 def new generation   total 15104K, used 15104K [0x00000000c0000000, 0x00000000c1060000, 0x00000000d5550000)
  eden space 13440K, 100% used [0x00000000c0000000, 0x00000000c0d20000, 0x00000000c0d20000)
  from space 1664K, 100% used [0x00000000c0ec0000, 0x00000000c1060000, 0x00000000c1060000)
  to   space 1664K,   0% used [0x00000000c0d20000, 0x00000000c0d20000, 0x00000000c0ec0000)
 tenured generation   total 33420K, used 21031K [0x00000000d5550000, 0x00000000d75f3000, 0x0000000100000000)
   the space 33420K,  62% used [0x00000000d5550000, 0x00000000d69d9f98, 0x00000000d69da000, 0x00000000d75f3000)
 Metaspace       used 3469K, capacity 4728K, committed 4864K, reserved 1056768K
  class space    used 328K, capacity 424K, committed 512K, reserved 1048576K
Event: 2.203 GC heap after
Heap after GC invocations=23 (full 2):
 def new generation   total 15104K, used 1655K [0x00000000c0000000, 0x00000000c1060000, 0x00000000d5550000)
  eden space 13440K,   0% used [0x00000000c0000000, 0x00000000c0000000, 0x00000000c0d20000)
  from space 1664K,  99% used [0x00000000c0d20000, 0x00000000c0ebde70, 0x00000000c0ec0000)
  to   space 1664K,   0% used [0x00000000c0ec0000, 0x00000000c0ec0000, 0x00000000c1060000)
 tenured generation   total 33420K, used 22695K [0x00000000d5550000, 0x00000000d75f3000, 0x0000000100000000)
   the space 33420K,  67% used [0x00000000d5550000, 0x00000000d6b79dd8, 0x00000000d6b79e00, 0x00000000d75f3000)
 Metaspace       used 3469K, capacity 4728K, committed 4864K, reserved 1056768K
  class space    used 328K, capacity 424K, committed 512K, reserved 1048576K
}
Event: 2.275 GC heap before
{Heap before GC invocations=23 (full 2):
 def new generation   total 15104K, used 15095K [0x00000000c0000000, 0x00000000c1060000, 0x00000000d5550000)
  eden space 13440K, 100% used [0x00000000c0000000, 0x00000000c0d20000, 0x00000000c0d20000)
  from space 1664K,  99% used [0x00000000c0d20000, 0x00000000c0ebde70, 0x00000000c0ec0000)
  to   space 1664K,   0% used [0x00000000c0ec0000, 0x00000000c0ec0000, 0x00000000c1060000)
 tenured generation   total 33420K, used 22695K [0x00000000d5550000, 0x00000000d75f3000, 0x0000000100000000)
   the space 33420K,  67% used [0x00000000d5550000, 0x00000000d6b79dd8, 0x00000000d6b79e00, 0x00000000d75f3000)
 Metaspace       used 3469K, capacity 4728K, committed 4864K, reserved 1056768K
  class space    used 328K, capacity 424K, committed 512K, reserved 1048576K
Event: 2.292 GC heap after
Heap after GC invocations=24 (full 2):
 def new generation   total 15104K, used 1654K [0x00000000c0000000, 0x00000000c1060000, 0x00000000d5550000)
  eden space 13440K,   0% used [0x00000000c0000000, 0x00000000c0000000, 0x00000000c0d20000)
  from space 1664K,  99% used [0x00000000c0ec0000, 0x00000000c105da58, 0x00000000c1060000)
  to   space 1664K,   0% used [0x00000000c0d20000, 0x00000000c0d20000, 0x00000000c0ec0000)
 tenured generation   total 33420K, used 24350K [0x00000000d5550000, 0x00000000d75f3000, 0x0000000100000000)
   the space 33420K,  72% used [0x00000000d5550000, 0x00000000d6d17ae8, 0x00000000d6d17c00, 0x00000000d75f3000)
 Metaspace       used 3469K, capacity 4728K, committed 4864K, reserved 1056768K
  class space    used 328K, capacity 424K, committed 512K, reserved 1048576K
}
Event: 2.364 GC heap before
{Heap before GC invocations=24 (full 2):
 def new generation   total 15104K, used 15094K [0x00000000c0000000, 0x00000000c1060000, 0x00000000d5550000)
  eden space 13440K, 100% used [0x00000000c0000000, 0x00000000c0d20000, 0x00000000c0d20000)
  from space 1664K,  99% used [0x00000000c0ec0000, 0x00000000c105da58, 0x00000000c1060000)
  to   space 1664K,   0% used [0x00000000c0d20000, 0x00000000c0d20000, 0x00000000c0ec0000)
 tenured generation   total 33420K, used 24350K [0x00000000d5550000, 0x00000000d75f3000, 0x0000000100000000)
   the space 33420K,  72% used [0x00000000d5550000, 0x00000000d6d17ae8, 0x00000000d6d17c00, 0x00000000d75f3000)
 Metaspace       used 3469K, capacity 4728K, committed 4864K, reserved 1056768K
  class space    used 328K, capacity 424K, committed 512K, reserved 1048576K
Event: 2.385 GC heap after
Heap after GC invocations=25 (full 2):
 def new generation   total 15104K, used 1663K [0x00000000c0000000, 0x00000000c1060000, 0x00000000d5550000)
  eden space 13440K,   0% used [0x00000000c0000000, 0x00000000c0000000, 0x00000000c0d20000)
  from space 1664K,  99% used [0x00000000c0d20000, 0x00000000c0ebfff8, 0x00000000c0ec0000)
  to   space 1664K,   0% used [0x00000000c0ec0000, 0x00000000c0ec0000, 0x00000000c1060000)
 tenured generation   total 33420K, used 26406K [0x00000000d5550000, 0x00000000d75f3000, 0x0000000100000000)
   the space 33420K,  79% used [0x00000000d5550000, 0x00000000d6f199d0, 0x00000000d6f19a00, 0x00000000d75f3000)
 Metaspace       used 3469K, capacity 4728K, committed 4864K, reserved 1056768K
  class space    used 328K, capacity 424K, committed 512K, reserved 1048576K
}
Event: 2.480 GC heap before
{Heap before GC invocations=25 (full 2):
 def new generation   total 15104K, used 15103K [0x00000000c0000000, 0x00000000c1060000, 0x00000000d5550000)
  eden space 13440K, 100% used [0x00000000c0000000, 0x00000000c0d20000, 0x00000000c0d20000)
  from space 1664K,  99% used [0x00000000c0d20000, 0x00000000c0ebfff8, 0x00000000c0ec0000)
  to   space 1664K,   0% used [0x00000000c0ec0000, 0x00000000c0ec0000, 0x00000000c1060000)
 tenured generation   total 33420K, used 26406K [0x00000000d5550000, 0x00000000d75f3000, 0x0000000100000000)
   the space 33420K,  79% used [0x00000000d5550000, 0x00000000d6f199d0, 0x00000000d6f19a00, 0x00000000d75f3000)
 Metaspace       used 3471K, capacity 4728K, committed 4864K, reserved 1056768K
  class space    used 328K, capacity 424K, committed 512K, reserved 1048576K
Event: 2.500 GC heap after
Heap after GC invocations=26 (full 2):
 def new generation   total 15104K, used 1663K [0x00000000c0000000, 0x00000000c1060000, 0x00000000d5550000)
  eden space 13440K,   0% used [0x00000000c0000000, 0x00000000c0000000, 0x00000000c0d20000)
  from space 1664K,  99% used [0x00000000c0ec0000, 0x00000000c105fff8, 0x00000000c1060000)
  to   space 1664K,   0% used [0x00000000c0d20000, 0x00000000c0d20000, 0x00000000c0ec0000)
 tenured generation   total 33420K, used 28094K [0x00000000d5550000, 0x00000000d75f3000, 0x0000000100000000)
   the space 33420K,  84% used [0x00000000d5550000, 0x00000000d70bf940, 0x00000000d70bfa00, 0x00000000d75f3000)
 Metaspace       used 3471K, capacity 4728K, committed 4864K, reserved 1056768K
  class space    used 328K, capacity 424K, committed 512K, reserved 1048576K
}
Event: 2.594 GC heap before
{Heap before GC invocations=26 (full 2):
 def new generation   total 15104K, used 15103K [0x00000000c0000000, 0x00000000c1060000, 0x00000000d5550000)
  eden space 13440K, 100% used [0x00000000c0000000, 0x00000000c0d20000, 0x00000000c0d20000)
  from space 1664K,  99% used [0x00000000c0ec0000, 0x00000000c105fff8, 0x00000000c1060000)
  to   space 1664K,   0% used [0x00000000c0d20000, 0x00000000c0d20000, 0x00000000c0ec0000)
 tenured generation   total 33420K, used 28094K [0x00000000d5550000, 0x00000000d75f3000, 0x0000000100000000)
   the space 33420K,  84% used [0x00000000d5550000, 0x00000000d70bf940, 0x00000000d70bfa00, 0x00000000d75f3000)
 Metaspace       used 3471K, capacity 4728K, committed 4864K, reserved 1056768K
  class space    used 328K, capacity 424K, committed 512K, reserved 1048576K
Event: 2.613 GC heap after
Heap after GC invocations=27 (full 2):
 def new generation   total 15104K, used 1653K [0x00000000c0000000, 0x00000000c1060000, 0x00000000d5550000)
  eden space 13440K,   0% used [0x00000000c0000000, 0x00000000c0000000, 0x00000000c0d20000)
  from space 1664K,  99% used [0x00000000c0d20000, 0x00000000c0ebd570, 0x00000000c0ec0000)
  to   space 1664K,   0% used [0x00000000c0ec0000, 0x00000000c0ec0000, 0x00000000c1060000)
 tenured generation   total 33420K, used 29758K [0x00000000d5550000, 0x00000000d75f3000, 0x0000000100000000)
   the space 33420K,  89% used [0x00000000d5550000, 0x00000000d725f8c0, 0x00000000d725fa00, 0x00000000d75f3000)
 Metaspace       used 3471K, capacity 4728K, committed 4864K, reserved 1056768K
  class space    used 328K, capacity 424K, committed 512K, reserved 1048576K
}
Event: 2.676 GC heap before
{Heap before GC invocations=27 (full 2):
 def new generation   total 15104K, used 15093K [0x00000000c0000000, 0x00000000c1060000, 0x00000000d5550000)
  eden space 13440K, 100% used [0x00000000c0000000, 0x00000000c0d20000, 0x00000000c0d20000)
  from space 1664K,  99% used [0x00000000c0d20000, 0x00000000c0ebd570, 0x00000000c0ec0000)
  to   space 1664K,   0% used [0x00000000c0ec0000, 0x00000000c0ec0000, 0x00000000c1060000)
 tenured generation   total 33420K, used 29758K [0x00000000d5550000, 0x00000000d75f3000, 0x0000000100000000)
   the space 33420K,  89% used [0x00000000d5550000, 0x00000000d725f8c0, 0x00000000d725fa00, 0x00000000d75f3000)
 Metaspace       used 3471K, capacity 4728K, committed 4864K, reserved 1056768K
  class space    used 328K, capacity 424K, committed 512K, reserved 1048576K
Event: 2.690 GC heap after
Heap after GC invocations=28 (full 2):
 def new generation   total 15104K, used 1640K [0x00000000c0000000, 0x00000000c1060000, 0x00000000d5550000)
  eden space 13440K,   0% used [0x00000000c0000000, 0x00000000c0000000, 0x00000000c0d20000)
  from space 1664K,  98% used [0x00000000c0ec0000, 0x00000000c105a2e8, 0x00000000c1060000)
  to   space 1664K,   0% used [0x00000000c0d20000, 0x00000000c0d20000, 0x00000000c0ec0000)
 tenured generation   total 33420K, used 31411K [0x00000000d5550000, 0x00000000d75f3000, 0x0000000100000000)
   the space 33420K,  93% used [0x00000000d5550000, 0x00000000d73fcd08, 0x00000000d73fce00, 0x00000000d75f3000)
 Metaspace       used 3471K, capacity 4728K, committed 4864K, reserved 1056768K
  class space    used 328K, capacity 424K, committed 512K, reserved 1048576K
}
Event: 2.757 GC heap before
{Heap before GC invocations=28 (full 2):
 def new generation   total 15104K, used 15080K [0x00000000c0000000, 0x00000000c1060000, 0x00000000d5550000)
  eden space 13440K, 100% used [0x00000000c0000000, 0x00000000c0d20000, 0x00000000c0d20000)
  from space 1664K,  98% used [0x00000000c0ec0000, 0x00000000c105a2e8, 0x00000000c1060000)
  to   space 1664K,   0% used [0x00000000c0d20000, 0x00000000c0d20000, 0x00000000c0ec0000)
 tenured generation   total 33420K, used 31411K [0x00000000d5550000, 0x00000000d75f3000, 0x0000000100000000)
   the space 33420K,  93% used [0x00000000d5550000, 0x00000000d73fcd08, 0x00000000d73fce00, 0x00000000d75f3000)
 Metaspace       used 3471K, capacity 4728K, committed 4864K, reserved 1056768K
  class space    used 328K, capacity 424K, committed 512K, reserved 1048576K
Event: 2.773 GC heap after
Heap after GC invocations=29 (full 2):
 def new generation   total 15104K, used 1571K [0x00000000c0000000, 0x00000000c1060000, 0x00000000d5550000)
  eden space 13440K,   0% used [0x00000000c0000000, 0x00000000c0000000, 0x00000000c0d20000)
  from space 1664K,  94% used [0x00000000c0d20000, 0x00000000c0ea8f68, 0x00000000c0ec0000)
  to   space 1664K,   0% used [0x00000000c0ec0000, 0x00000000c0ec0000, 0x00000000c1060000)
 tenured generation   total 33420K, used 33051K [0x00000000d5550000, 0x00000000d75f3000, 0x0000000100000000)
   the space 33420K,  98% used [0x00000000d5550000, 0x00000000d7596f88, 0x00000000d7597000, 0x00000000d75f3000)
 Metaspace       used 3471K, capacity 4728K, committed 4864K, reserved 1056768K
  class space    used 328K, capacity 424K, committed 512K, reserved 1048576K
}
Event: 2.872 GC heap before
{Heap before GC invocations=29 (full 2):
 def new generation   total 15104K, used 15011K [0x00000000c0000000, 0x00000000c1060000, 0x00000000d5550000)
  eden space 13440K, 100% used [0x00000000c0000000, 0x00000000c0d20000, 0x00000000c0d20000)
  from space 1664K,  94% used [0x00000000c0d20000, 0x00000000c0ea8f68, 0x00000000c0ec0000)
  to   space 1664K,   0% used [0x00000000c0ec0000, 0x00000000c0ec0000, 0x00000000c1060000)
 tenured generation   total 33420K, used 33051K [0x00000000d5550000, 0x00000000d75f3000, 0x0000000100000000)
   the space 33420K,  98% used [0x00000000d5550000, 0x00000000d7596f88, 0x00000000d7597000, 0x00000000d75f3000)
 Metaspace       used 3474K, capacity 4728K, committed 4864K, reserved 1056768K
  class space    used 328K, capacity 424K, committed 512K, reserved 1048576K
Event: 3.081 GC heap after
Heap after GC invocations=30 (full 3):
 def new generation   total 26112K, used 1431K [0x00000000c0000000, 0x00000000c1c50000, 0x00000000d5550000)
  eden space 23232K,   6% used [0x00000000c0000000, 0x00000000c0165f88, 0x00000000c16b0000)
  from space 2880K,   0% used [0x00000000c16b0000, 0x00000000c16b0000, 0x00000000c1980000)
  to   space 2880K,   0% used [0x00000000c1980000, 0x00000000c1980000, 0x00000000c1c50000)
 tenured generation   total 57940K, used 34764K [0x00000000d5550000, 0x00000000d8de5000, 0x0000000100000000)
   the space 57940K,  60% used [0x00000000d5550000, 0x00000000d7743000, 0x00000000d7743000, 0x00000000d8de5000)
 Metaspace       used 3474K, capacity 4728K, committed 4864K, reserved 1056768K
  class space    used 328K, capacity 424K, committed 512K, reserved 1048576K
}
Event: 3.192 GC heap before
{Heap before GC invocations=30 (full 3):
 def new generation   total 26112K, used 23232K [0x00000000c0000000, 0x00000000c1c50000, 0x00000000d5550000)
  eden space 23232K, 100% used [0x00000000c0000000, 0x00000000c16b0000, 0x00000000c16b0000)
  from space 2880K,   0% used [0x00000000c16b0000, 0x00000000c16b0000, 0x00000000c1980000)
  to   space 2880K,   0% used [0x00000000c1980000, 0x00000000c1980000, 0x00000000c1c50000)
 tenured generation   total 57940K, used 34764K [0x00000000d5550000, 0x00000000d8de5000, 0x0000000100000000)
   the space 57940K,  60% used [0x00000000d5550000, 0x00000000d7743000, 0x00000000d7743000, 0x00000000d8de5000)
 Metaspace       used 3474K, capacity 4728K, committed 4864K, reserved 1056768K
  class space    used 328K, capacity 424K, committed 512K, reserved 1048576K
Event: 3.255 GC heap after
Heap after GC invocations=31 (full 3):
 def new generation   total 26112K, used 2880K [0x00000000c0000000, 0x00000000c1c50000, 0x00000000d5550000)
  eden space 23232K,   0% used [0x00000000c0000000, 0x00000000c0000000, 0x00000000c16b0000)
  from space 2880K, 100% used [0x00000000c1980000, 0x00000000c1c50000, 0x00000000c1c50000)
  to   space 2880K,   0% used [0x00000000c16b0000, 0x00000000c16b0000, 0x00000000c1980000)
 tenured generation   total 57940K, used 35867K [0x00000000d5550000, 0x00000000d8de5000, 0x0000000100000000)
   the space 57940K,  61% used [0x00000000d5550000, 0x00000000d7856ff8, 0x00000000d7857000, 0x00000000d8de5000)
 Metaspace       used 3474K, capacity 4728K, committed 4864K, reserved 1056768K
  class space    used 328K, capacity 424K, committed 512K, reserved 1048576K
}
Event: 3.364 GC heap before
{Heap before GC invocations=31 (full 3):
 def new generation   total 26112K, used 26112K [0x00000000c0000000, 0x00000000c1c50000, 0x00000000d5550000)
  eden space 23232K, 100% used [0x00000000c0000000, 0x00000000c16b0000, 0x00000000c16b0000)
  from space 2880K, 100% used [0x00000000c1980000, 0x00000000c1c50000, 0x00000000c1c50000)
  to   space 2880K,   0% used [0x00000000c16b0000, 0x00000000c16b0000, 0x00000000c1980000)
 tenured generation   total 57940K, used 35867K [0x00000000d5550000, 0x00000000d8de5000, 0x0000000100000000)
   the space 57940K,  61% used [0x00000000d5550000, 0x00000000d7856ff8, 0x00000000d7857000, 0x00000000d8de5000)
 Metaspace       used 3474K, capacity 4728K, committed 4864K, reserved 1056768K
  class space    used 328K, capacity 424K, committed 512K, reserved 1048576K
Event: 3.403 GC heap after
Heap after GC invocations=32 (full 3):
 def new generation   total 26112K, used 2716K [0x00000000c0000000, 0x00000000c1c50000, 0x00000000d5550000)
  eden space 23232K,   0% used [0x00000000c0000000, 0x00000000c0000000, 0x00000000c16b0000)
  from space 2880K,  94% used [0x00000000c16b0000, 0x00000000c19572a8, 0x00000000c1980000)
  to   space 2880K,   0% used [0x00000000c1980000, 0x00000000c1980000, 0x00000000c1c50000)
 tenured generation   total 57940K, used 38747K [0x00000000d5550000, 0x00000000d8de5000, 0x0000000100000000)
   the space 57940K,  66% used [0x00000000d5550000, 0x00000000d7b26f78, 0x00000000d7b27000, 0x00000000d8de5000)
 Metaspace       used 3474K, capacity 4728K, committed 4864K, reserved 1056768K
  class space    used 328K, capacity 424K, committed 512K, reserved 1048576K
}
Event: 3.512 GC heap before
{Heap before GC invocations=32 (full 3):
 def new generation   total 26112K, used 25948K [0x00000000c0000000, 0x00000000c1c50000, 0x00000000d5550000)
  eden space 23232K, 100% used [0x00000000c0000000, 0x00000000c16b0000, 0x00000000c16b0000)
  from space 2880K,  94% used [0x00000000c16b0000, 0x00000000c19572a8, 0x00000000c1980000)
  to   space 2880K,   0% used [0x00000000c1980000, 0x00000000c1980000, 0x00000000c1c50000)
 tenured generation   total 57940K, used 38747K [0x00000000d5550000, 0x00000000d8de5000, 0x0000000100000000)
   the space 57940K,  66% used [0x00000000d5550000, 0x00000000d7b26f78, 0x00000000d7b27000, 0x00000000d8de5000)
 Metaspace       used 3474K, capacity 4728K, committed 4864K, reserved 1056768K
  class space    used 328K, capacity 424K, committed 512K, reserved 1048576K
Event: 3.543 GC heap after
Heap after GC invocations=33 (full 3):
 def new generation   total 26112K, used 2718K [0x00000000c0000000, 0x00000000c1c50000, 0x00000000d5550000)
  eden space 23232K,   0% used [0x00000000c0000000, 0x00000000c0000000, 0x00000000c16b0000)
  from space 2880K,  94% used [0x00000000c1980000, 0x00000000c1c27bc8, 0x00000000c1c50000)
  to   space 2880K,   0% used [0x00000000c16b0000, 0x00000000c16b0000, 0x00000000c1980000)
 tenured generation   total 57940K, used 41464K [0x00000000d5550000, 0x00000000d8de5000, 0x0000000100000000)
   the space 57940K,  71% used [0x00000000d5550000, 0x00000000d7dce178, 0x00000000d7dce200, 0x00000000d8de5000)
 Metaspace       used 3474K, capacity 4728K, committed 4864K, reserved 1056768K
  class space    used 328K, capacity 424K, committed 512K, reserved 1048576K
}
Event: 3.655 GC heap before
{Heap before GC invocations=33 (full 3):
 def new generation   total 26112K, used 25950K [0x00000000c0000000, 0x00000000c1c50000, 0x00000000d5550000)
  eden space 23232K, 100% used [0x00000000c0000000, 0x00000000c16b0000, 0x00000000c16b0000)
  from space 2880K,  94% used [0x00000000c1980000, 0x00000000c1c27bc8, 0x00000000c1c50000)
  to   space 2880K,   0% used [0x00000000c16b0000, 0x00000000c16b0000, 0x00000000c1980000)
 tenured generation   total 57940K, used 41464K [0x00000000d5550000, 0x00000000d8de5000, 0x0000000100000000)
   the space 57940K,  71% used [0x00000000d5550000, 0x00000000d7dce178, 0x00000000d7dce200, 0x00000000d8de5000)
 Metaspace       used 3474K, capacity 4728K, committed 4864K, reserved 1056768K
  class space    used 328K, capacity 424K, committed 512K, reserved 1048576K
Event: 3.691 GC heap after
Heap after GC invocations=34 (full 3):
 def new generation   total 26112K, used 2718K [0x00000000c0000000, 0x00000000c1c50000, 0x00000000d5550000)
  eden space 23232K,   0% used [0x00000000c0000000, 0x00000000c0000000, 0x00000000c16b0000)
  from space 2880K,  94% used [0x00000000c16b0000, 0x00000000c1957be8, 0x00000000c1980000)
  to   space 2880K,   0% used [0x00000000c1980000, 0x00000000c1980000, 0x00000000c1c50000)
 tenured generation   total 57940K, used 44183K [0x00000000d5550000, 0x00000000d8de5000, 0x0000000100000000)
   the space 57940K,  76% used [0x00000000d5550000, 0x00000000d8075cc0, 0x00000000d8075e00, 0x00000000d8de5000)
 Metaspace       used 3474K, capacity 4728K, committed 4864K, reserved 1056768K
  class space    used 328K, capacity 424K, committed 512K, reserved 1048576K
}
Event: 3.804 GC heap before
{Heap before GC invocations=34 (full 3):
 def new generation   total 26112K, used 25950K [0x00000000c0000000, 0x00000000c1c50000, 0x00000000d5550000)
  eden space 23232K, 100% used [0x00000000c0000000, 0x00000000c16b0000, 0x00000000c16b0000)
  from space 2880K,  94% used [0x00000000c16b0000, 0x00000000c1957be8, 0x00000000c1980000)
  to   space 2880K,   0% used [0x00000000c1980000, 0x00000000c1980000, 0x00000000c1c50000)
 tenured generation   total 57940K, used 44183K [0x00000000d5550000, 0x00000000d8de5000, 0x0000000100000000)
   the space 57940K,  76% used [0x00000000d5550000, 0x00000000d8075cc0, 0x00000000d8075e00, 0x00000000d8de5000)
 Metaspace       used 3474K, capacity 4728K, committed 4864K, reserved 1056768K
  class space    used 328K, capacity 424K, committed 512K, reserved 1048576K
Event: 3.839 GC heap after
Heap after GC invocations=35 (full 3):
 def new generation   total 26112K, used 2718K [0x00000000c0000000, 0x00000000c1c50000, 0x00000000d5550000)
  eden space 23232K,   0% used [0x00000000c0000000, 0x00000000c0000000, 0x00000000c16b0000)
  from space 2880K,  94% used [0x00000000c1980000, 0x00000000c1c27b78, 0x00000000c1c50000)
  to   space 2880K,   0% used [0x00000000c16b0000, 0x00000000c16b0000, 0x00000000c1980000)
 tenured generation   total 57940K, used 46902K [0x00000000d5550000, 0x00000000d8de5000, 0x0000000100000000)
   the space 57940K,  80% used [0x00000000d5550000, 0x00000000d831d848, 0x00000000d831da00, 0x00000000d8de5000)
 Metaspace       used 3474K, capacity 4728K, committed 4864K, reserved 1056768K
  class space    used 328K, capacity 424K, committed 512K, reserved 1048576K
}
Event: 3.948 GC heap before
{Heap before GC invocations=35 (full 3):
 def new generation   total 26112K, used 25950K [0x00000000c0000000, 0x00000000c1c50000, 0x00000000d5550000)
  eden space 23232K, 100% used [0x00000000c0000000, 0x00000000c16b0000, 0x00000000c16b0000)
  from space 2880K,  94% used [0x00000000c1980000, 0x00000000c1c27b78, 0x00000000c1c50000)
  to   space 2880K,   0% used [0x00000000c16b0000, 0x00000000c16b0000, 0x00000000c1980000)
 tenured generation   total 57940K, used 46902K [0x00000000d5550000, 0x00000000d8de5000, 0x0000000100000000)
   the space 57940K,  80% used [0x00000000d5550000, 0x00000000d831d848, 0x00000000d831da00, 0x00000000d8de5000)
 Metaspace       used 3474K, capacity 4728K, committed 4864K, reserved 1056768K
  class space    used 328K, capacity 424K, committed 512K, reserved 1048576K
Event: 3.980 GC heap after
Heap after GC invocations=36 (full 3):
 def new generation   total 26112K, used 2716K [0x00000000c0000000, 0x00000000c1c50000, 0x00000000d5550000)
  eden space 23232K,   0% used [0x00000000c0000000, 0x00000000c0000000, 0x00000000c16b0000)
  from space 2880K,  94% used [0x00000000c16b0000, 0x00000000c1957390, 0x00000000c1980000)
  to   space 2880K,   0% used [0x00000000c1980000, 0x00000000c1980000, 0x00000000c1c50000)
 tenured generation   total 57940K, used 49620K [0x00000000d5550000, 0x00000000d8de5000, 0x0000000100000000)
   the space 57940K,  85% used [0x00000000d5550000, 0x00000000d85c5340, 0x00000000d85c5400, 0x00000000d8de5000)
 Metaspace       used 3474K, capacity 4728K, committed 4864K, reserved 1056768K
  class space    used 328K, capacity 424K, committed 512K, reserved 1048576K
}
Event: 4.098 GC heap before
{Heap before GC invocations=36 (full 3):
 def new generation   total 26112K, used 25948K [0x00000000c0000000, 0x00000000c1c50000, 0x00000000d5550000)
  eden space 23232K, 100% used [0x00000000c0000000, 0x00000000c16b0000, 0x00000000c16b0000)
  from space 2880K,  94% used [0x00000000c16b0000, 0x00000000c1957390, 0x00000000c1980000)
  to   space 2880K,   0% used [0x00000000c1980000, 0x00000000c1980000, 0x00000000c1c50000)
 tenured generation   total 57940K, used 49620K [0x00000000d5550000, 0x00000000d8de5000, 0x0000000100000000)
   the space 57940K,  85% used [0x00000000d5550000, 0x00000000d85c5340, 0x00000000d85c5400, 0x00000000d8de5000)
 Metaspace       used 3474K, capacity 4728K, committed 4864K, reserved 1056768K
  class space    used 328K, capacity 424K, committed 512K, reserved 1048576K
Event: 4.131 GC heap after
Heap after GC invocations=37 (full 3):
 def new generation   total 26112K, used 2719K [0x00000000c0000000, 0x00000000c1c50000, 0x00000000d5550000)
  eden space 23232K,   0% used [0x00000000c0000000, 0x00000000c0000000, 0x00000000c16b0000)
  from space 2880K,  94% used [0x00000000c1980000, 0x00000000c1c27f58, 0x00000000c1c50000)
  to   space 2880K,   0% used [0x00000000c16b0000, 0x00000000c16b0000, 0x00000000c1980000)
 tenured generation   total 57940K, used 52337K [0x00000000d5550000, 0x00000000d8de5000, 0x0000000100000000)
   the space 57940K,  90% used [0x00000000d5550000, 0x00000000d886c5f0, 0x00000000d886c600, 0x00000000d8de5000)
 Metaspace       used 3474K, capacity 4728K, committed 4864K, reserved 1056768K
  class space    used 328K, capacity 424K, committed 512K, reserved 1048576K
}
Event: 4.240 GC heap before
{Heap before GC invocations=37 (full 3):
 def new generation   total 26112K, used 25951K [0x00000000c0000000, 0x00000000c1c50000, 0x00000000d5550000)
  eden space 23232K, 100% used [0x00000000c0000000, 0x00000000c16b0000, 0x00000000c16b0000)
  from space 2880K,  94% used [0x00000000c1980000, 0x00000000c1c27f58, 0x00000000c1c50000)
  to   space 2880K,   0% used [0x00000000c16b0000, 0x00000000c16b0000, 0x00000000c1980000)
 tenured generation   total 57940K, used 52337K [0x00000000d5550000, 0x00000000d8de5000, 0x0000000100000000)
   the space 57940K,  90% used [0x00000000d5550000, 0x00000000d886c5f0, 0x00000000d886c600, 0x00000000d8de5000)
 Metaspace       used 3474K, capacity 4728K, committed 4864K, reserved 1056768K
  class space    used 328K, capacity 424K, committed 512K, reserved 1048576K
Event: 4.280 GC heap after
Heap after GC invocations=38 (full 3):
 def new generation   total 26112K, used 2721K [0x00000000c0000000, 0x00000000c1c50000, 0x00000000d5550000)
  eden space 23232K,   0% used [0x00000000c0000000, 0x00000000c0000000, 0x00000000c16b0000)
  from space 2880K,  94% used [0x00000000c16b0000, 0x00000000c1958458, 0x00000000c1980000)
  to   space 2880K,   0% used [0x00000000c1980000, 0x00000000c1980000, 0x00000000c1c50000)
 tenured generation   total 57940K, used 55057K [0x00000000d5550000, 0x00000000d8de5000, 0x0000000100000000)
   the space 57940K,  95% used [0x00000000d5550000, 0x00000000d8b144a0, 0x00000000d8b14600, 0x00000000d8de5000)
 Metaspace       used 3474K, capacity 4728K, committed 4864K, reserved 1056768K
  class space    used 328K, capacity 424K, committed 512K, reserved 1048576K
}
Event: 4.393 GC heap before
{Heap before GC invocations=38 (full 3):
 def new generation   total 26112K, used 25953K [0x00000000c0000000, 0x00000000c1c50000, 0x00000000d5550000)
  eden space 23232K, 100% used [0x00000000c0000000, 0x00000000c16b0000, 0x00000000c16b0000)
  from space 2880K,  94% used [0x00000000c16b0000, 0x00000000c1958458, 0x00000000c1980000)
  to   space 2880K,   0% used [0x00000000c1980000, 0x00000000c1980000, 0x00000000c1c50000)
 tenured generation   total 57940K, used 55057K [0x00000000d5550000, 0x00000000d8de5000, 0x0000000100000000)
   the space 57940K,  95% used [0x00000000d5550000, 0x00000000d8b144a0, 0x00000000d8b14600, 0x00000000d8de5000)
 Metaspace       used 3474K, capacity 4728K, committed 4864K, reserved 1056768K
  class space    used 328K, capacity 424K, committed 512K, reserved 1048576K
Event: 4.434 GC heap after
Heap after GC invocations=39 (full 3):
 def new generation   total 26112K, used 2718K [0x00000000c0000000, 0x00000000c1c50000, 0x00000000d5550000)
  eden space 23232K,   0% used [0x00000000c0000000, 0x00000000c0000000, 0x00000000c16b0000)
  from space 2880K,  94% used [0x00000000c1980000, 0x00000000c1c27920, 0x00000000c1c50000)
  to   space 2880K,   0% used [0x00000000c16b0000, 0x00000000c16b0000, 0x00000000c1980000)
 tenured generation   total 57940K, used 57778K [0x00000000d5550000, 0x00000000d8de5000, 0x0000000100000000)
   the space 57940K,  99% used [0x00000000d5550000, 0x00000000d8dbc848, 0x00000000d8dbca00, 0x00000000d8de5000)
 Metaspace       used 3474K, capacity 4728K, committed 4864K, reserved 1056768K
  class space    used 328K, capacity 424K, committed 512K, reserved 1048576K
}
Event: 4.565 GC heap before
{Heap before GC invocations=39 (full 3):
 def new generation   total 26112K, used 25950K [0x00000000c0000000, 0x00000000c1c50000, 0x00000000d5550000)
  eden space 23232K, 100% used [0x00000000c0000000, 0x00000000c16b0000, 0x00000000c16b0000)
  from space 2880K,  94% used [0x00000000c1980000, 0x00000000c1c27920, 0x00000000c1c50000)
  to   space 2880K,   0% used [0x00000000c16b0000, 0x00000000c16b0000, 0x00000000c1980000)
 tenured generation   total 57940K, used 57778K [0x00000000d5550000, 0x00000000d8de5000, 0x0000000100000000)
   the space 57940K,  99% used [0x00000000d5550000, 0x00000000d8dbc848, 0x00000000d8dbca00, 0x00000000d8de5000)
 Metaspace       used 3474K, capacity 4728K, committed 4864K, reserved 1056768K
  class space    used 328K, capacity 424K, committed 512K, reserved 1048576K
Event: 5.251 GC heap after
Heap after GC invocations=40 (full 4):
 def new generation   total 45504K, used 1523K [0x00000000c0000000, 0x00000000c3160000, 0x00000000d5550000)
  eden space 40448K,   3% used [0x00000000c0000000, 0x00000000c017cee0, 0x00000000c2780000)
  from space 5056K,   0% used [0x00000000c2780000, 0x00000000c2780000, 0x00000000c2c70000)
  to   space 5056K,   0% used [0x00000000c2c70000, 0x00000000c2c70000, 0x00000000c3160000)
 tenured generation   total 101048K, used 60627K [0x00000000d5550000, 0x00000000db7fe000, 0x0000000100000000)
   the space 101048K,  59% used [0x00000000d5550000, 0x00000000d9084ff0, 0x00000000d9085000, 0x00000000db7fe000)
 Metaspace       used 3474K, capacity 4728K, committed 4864K, reserved 1056768K
  class space    used 328K, capacity 424K, committed 512K, reserved 1048576K
}
Event: 5.448 GC heap before
{Heap before GC invocations=40 (full 4):
 def new generation   total 45504K, used 40448K [0x00000000c0000000, 0x00000000c3160000, 0x00000000d5550000)
  eden space 40448K, 100% used [0x00000000c0000000, 0x00000000c2780000, 0x00000000c2780000)
  from space 5056K,   0% used [0x00000000c2780000, 0x00000000c2780000, 0x00000000c2c70000)
  to   space 5056K,   0% used [0x00000000c2c70000, 0x00000000c2c70000, 0x00000000c3160000)
 tenured generation   total 101048K, used 60627K [0x00000000d5550000, 0x00000000db7fe000, 0x0000000100000000)
   the space 101048K,  59% used [0x00000000d5550000, 0x00000000d9084ff0, 0x00000000d9085000, 0x00000000db7fe000)
 Metaspace       used 3474K, capacity 4728K, committed 4864K, reserved 1056768K
  class space    used 328K, capacity 424K, committed 512K, reserved 1048576K
Event: 5.552 GC heap after
Heap after GC invocations=41 (full 4):
 def new generation   total 45504K, used 5055K [0x00000000c0000000, 0x00000000c3160000, 0x00000000d5550000)
  eden space 40448K,   0% used [0x00000000c0000000, 0x00000000c0000000, 0x00000000c2780000)
  from space 5056K,  99% used [0x00000000c2c70000, 0x00000000c315fff8, 0x00000000c3160000)
  to   space 5056K,   0% used [0x00000000c2780000, 0x00000000c2780000, 0x00000000c2c70000)
 tenured generation   total 101048K, used 61656K [0x00000000d5550000, 0x00000000db7fe000, 0x0000000100000000)
   the space 101048K,  61% used [0x00000000d5550000, 0x00000000d9186110, 0x00000000d9186200, 0x00000000db7fe000)
 Metaspace       used 3474K, capacity 4728K, committed 4864K, reserved 1056768K
  class space    used 328K, capacity 424K, committed 512K, reserved 1048576K
}
Event: 5.752 GC heap before
{Heap before GC invocations=41 (full 4):
 def new generation   total 45504K, used 45503K [0x00000000c0000000, 0x00000000c3160000, 0x00000000d5550000)
  eden space 40448K, 100% used [0x00000000c0000000, 0x00000000c2780000, 0x00000000c2780000)
  from space 5056K,  99% used [0x00000000c2c70000, 0x00000000c315fff8, 0x00000000c3160000)
  to   space 5056K,   0% used [0x00000000c2780000, 0x00000000c2780000, 0x00000000c2c70000)
 tenured generation   total 101048K, used 61656K [0x00000000d5550000, 0x00000000db7fe000, 0x0000000100000000)
   the space 101048K,  61% used [0x00000000d5550000, 0x00000000d9186110, 0x00000000d9186200, 0x00000000db7fe000)
 Metaspace       used 3474K, capacity 4728K, committed 4864K, reserved 1056768K
  class space    used 328K, capacity 424K, committed 512K, reserved 1048576K
Event: 5.825 GC heap after
Heap after GC invocations=42 (full 4):
 def new generation   total 45504K, used 4734K [0x00000000c0000000, 0x00000000c3160000, 0x00000000d5550000)
  eden space 40448K,   0% used [0x00000000c0000000, 0x00000000c0000000, 0x00000000c2780000)
  from space 5056K,  93% used [0x00000000c2780000, 0x00000000c2c1f9e0, 0x00000000c2c70000)
  to   space 5056K,   0% used [0x00000000c2c70000, 0x00000000c2c70000, 0x00000000c3160000)
 tenured generation   total 101048K, used 66712K [0x00000000d5550000, 0x00000000db7fe000, 0x0000000100000000)
   the space 101048K,  66% used [0x00000000d5550000, 0x00000000d9676028, 0x00000000d9676200, 0x00000000db7fe000)
 Metaspace       used 3474K, capacity 4728K, committed 4864K, reserved 1056768K
  class space    used 328K, capacity 424K, committed 512K, reserved 1048576K
}
Event: 6.028 GC heap before
{Heap before GC invocations=42 (full 4):
 def new generation   total 45504K, used 45182K [0x00000000c0000000, 0x00000000c3160000, 0x00000000d5550000)
  eden space 40448K, 100% used [0x00000000c0000000, 0x00000000c2780000, 0x00000000c2780000)
  from space 5056K,  93% used [0x00000000c2780000, 0x00000000c2c1f9e0, 0x00000000c2c70000)
  to   space 5056K,   0% used [0x00000000c2c70000, 0x00000000c2c70000, 0x00000000c3160000)
 tenured generation   total 101048K, used 66712K [0x00000000d5550000, 0x00000000db7fe000, 0x0000000100000000)
   the space 101048K,  66% used [0x00000000d5550000, 0x00000000d9676028, 0x00000000d9676200, 0x00000000db7fe000)
 Metaspace       used 3474K, capacity 4728K, committed 4864K, reserved 1056768K
  class space    used 328K, capacity 424K, committed 512K, reserved 1048576K
Event: 6.138 GC heap after
Heap after GC invocations=43 (full 4):
 def new generation   total 45504K, used 5055K [0x00000000c0000000, 0x00000000c3160000, 0x00000000d5550000)
  eden space 40448K,   0% used [0x00000000c0000000, 0x00000000c0000000, 0x00000000c2780000)
  from space 5056K,  99% used [0x00000000c2c70000, 0x00000000c315fff8, 0x00000000c3160000)
  to   space 5056K,   0% used [0x00000000c2780000, 0x00000000c2780000, 0x00000000c2c70000)
 tenured generation   total 101048K, used 74709K [0x00000000d5550000, 0x00000000db7fe000, 0x0000000100000000)
   the space 101048K,  73% used [0x00000000d5550000, 0x00000000d9e45648, 0x00000000d9e45800, 0x00000000db7fe000)
 Metaspace       used 3474K, capacity 4728K, committed 4864K, reserved 1056768K
  class space    used 328K, capacity 424K, committed 512K, reserved 1048576K
}
Event: 6.329 GC heap before
{Heap before GC invocations=43 (full 4):
 def new generation   total 45504K, used 45503K [0x00000000c0000000, 0x00000000c3160000, 0x00000000d5550000)
  eden space 40448K, 100% used [0x00000000c0000000, 0x00000000c2780000, 0x00000000c2780000)
  from space 5056K,  99% used [0x00000000c2c70000, 0x00000000c315fff8, 0x00000000c3160000)
  to   space 5056K,   0% used [0x00000000c2780000, 0x00000000c2780000, 0x00000000c2c70000)
 tenured generation   total 101048K, used 74709K [0x00000000d5550000, 0x00000000db7fe000, 0x0000000100000000)
   the space 101048K,  73% used [0x00000000d5550000, 0x00000000d9e45648, 0x00000000d9e45800, 0x00000000db7fe000)
 Metaspace       used 3474K, capacity 4728K, committed 4864K, reserved 1056768K
  class space    used 328K, capacity 424K, committed 512K, reserved 1048576K
Event: 6.402 GC heap after
Heap after GC invocations=44 (full 4):
 def new generation   total 45504K, used 4740K [0x00000000c0000000, 0x00000000c3160000, 0x00000000d5550000)
  eden space 40448K,   0% used [0x00000000c0000000, 0x00000000c0000000, 0x00000000c2780000)
  from space 5056K,  93% used [0x00000000c2780000, 0x00000000c2c21268, 0x00000000c2c70000)
  to   space 5056K,   0% used [0x00000000c2c70000, 0x00000000c2c70000, 0x00000000c3160000)
 tenured generation   total 101048K, used 79765K [0x00000000d5550000, 0x00000000db7fe000, 0x0000000100000000)
   the space 101048K,  78% used [0x00000000d5550000, 0x00000000da3355c8, 0x00000000da335600, 0x00000000db7fe000)
 Metaspace       used 3474K, capacity 4728K, committed 4864K, reserved 1056768K
  class space    used 328K, capacity 424K, committed 512K, reserved 1048576K
}
Event: 6.615 GC heap before
{Heap before GC invocations=44 (full 4):
 def new generation   total 45504K, used 45188K [0x00000000c0000000, 0x00000000c3160000, 0x00000000d5550000)
  eden space 40448K, 100% used [0x00000000c0000000, 0x00000000c2780000, 0x00000000c2780000)
  from space 5056K,  93% used [0x00000000c2780000, 0x00000000c2c21268, 0x00000000c2c70000)
  to   space 5056K,   0% used [0x00000000c2c70000, 0x00000000c2c70000, 0x00000000c3160000)
 tenured generation   total 101048K, used 79765K [0x00000000d5550000, 0x00000000db7fe000, 0x0000000100000000)
   the space 101048K,  78% used [0x00000000d5550000, 0x00000000da3355c8, 0x00000000da335600, 0x00000000db7fe000)
 Metaspace       used 3474K, capacity 4728K, committed 4864K, reserved 1056768K
  class space    used 328K, capacity 424K, committed 512K, reserved 1048576K
Event: 6.684 GC heap after
Heap after GC invocations=45 (full 4):
 def new generation   total 45504K, used 4808K [0x00000000c0000000, 0x00000000c3160000, 0x00000000d5550000)
  eden space 40448K,   0% used [0x00000000c0000000, 0x00000000c0000000, 0x00000000c2780000)
  from space 5056K,  95% used [0x00000000c2c70000, 0x00000000c3122198, 0x00000000c3160000)
  to   space 5056K,   0% used [0x00000000c2780000, 0x00000000c2780000, 0x00000000c2c70000)
 tenured generation   total 101048K, used 84505K [0x00000000d5550000, 0x00000000db7fe000, 0x0000000100000000)
   the space 101048K,  83% used [0x00000000d5550000, 0x00000000da7d6760, 0x00000000da7d6800, 0x00000000db7fe000)
 Metaspace       used 3474K, capacity 4728K, committed 4864K, reserved 1056768K
  class space    used 328K, capacity 424K, committed 512K, reserved 1048576K
}
Event: 7.023 GC heap before
{Heap before GC invocations=45 (full 4):
 def new generation   total 45504K, used 45256K [0x00000000c0000000, 0x00000000c3160000, 0x00000000d5550000)
  eden space 40448K, 100% used [0x00000000c0000000, 0x00000000c2780000, 0x00000000c2780000)
  from space 5056K,  95% used [0x00000000c2c70000, 0x00000000c3122198, 0x00000000c3160000)
  to   space 5056K,   0% used [0x00000000c2780000, 0x00000000c2780000, 0x00000000c2c70000)
 tenured generation   total 101048K, used 84505K [0x00000000d5550000, 0x00000000db7fe000, 0x0000000100000000)
   the space 101048K,  83% used [0x00000000d5550000, 0x00000000da7d6760, 0x00000000da7d6800, 0x00000000db7fe000)
 Metaspace       used 3509K, capacity 4792K, committed 5120K, reserved 1056768K
  class space    used 330K, capacity 424K, committed 512K, reserved 1048576K
Event: 7.153 GC heap after
Heap after GC invocations=46 (full 4):
 def new generation   total 45504K, used 5055K [0x00000000c0000000, 0x00000000c3160000, 0x00000000d5550000)
  eden space 40448K,   0% used [0x00000000c0000000, 0x00000000c0000000, 0x00000000c2780000)
  from space 5056K,  99% used [0x00000000c2780000, 0x00000000c2c6fff0, 0x00000000c2c70000)
  to   space 5056K,   0% used [0x00000000c2c70000, 0x00000000c2c70000, 0x00000000c3160000)
 tenured generation   total 101048K, used 89848K [0x00000000d5550000, 0x00000000db7fe000, 0x0000000100000000)
   the space 101048K,  88% used [0x00000000d5550000, 0x00000000dad0e290, 0x00000000dad0e400, 0x00000000db7fe000)
 Metaspace       used 3509K, capacity 4792K, committed 5120K, reserved 1056768K
  class space    used 330K, capacity 424K, committed 512K, reserved 1048576K
}
Event: 7.572 GC heap before
{Heap before GC invocations=46 (full 4):
 def new generation   total 45504K, used 45503K [0x00000000c0000000, 0x00000000c3160000, 0x00000000d5550000)
  eden space 40448K, 100% used [0x00000000c0000000, 0x00000000c2780000, 0x00000000c2780000)
  from space 5056K,  99% used [0x00000000c2780000, 0x00000000c2c6fff0, 0x00000000c2c70000)
  to   space 5056K,   0% used [0x00000000c2c70000, 0x00000000c2c70000, 0x00000000c3160000)
 tenured generation   total 101048K, used 89848K [0x00000000d5550000, 0x00000000db7fe000, 0x0000000100000000)
   the space 101048K,  88% used [0x00000000d5550000, 0x00000000dad0e290, 0x00000000dad0e400, 0x00000000db7fe000)
 Metaspace       used 3525K, capacity 4792K, committed 5120K, reserved 1056768K
  class space    used 330K, capacity 424K, committed 512K, reserved 1048576K
Event: 7.714 GC heap after
Heap after GC invocations=47 (full 4):
 def new generation   total 45504K, used 5055K [0x00000000c0000000, 0x00000000c3160000, 0x00000000d5550000)
  eden space 40448K,   0% used [0x00000000c0000000, 0x00000000c0000000, 0x00000000c2780000)
  from space 5056K,  99% used [0x00000000c2c70000, 0x00000000c315fff8, 0x00000000c3160000)
  to   space 5056K,   0% used [0x00000000c2780000, 0x00000000c2780000, 0x00000000c2c70000)
 tenured generation   total 101048K, used 95854K [0x00000000d5550000, 0x00000000db7fe000, 0x0000000100000000)
   the space 101048K,  94% used [0x00000000d5550000, 0x00000000db2eb9c0, 0x00000000db2eba00, 0x00000000db7fe000)
 Metaspace       used 3525K, capacity 4792K, committed 5120K, reserved 1056768K
  class space    used 330K, capacity 424K, committed 512K, reserved 1048576K
}
Event: 8.056 GC heap before
{Heap before GC invocations=47 (full 4):
 def new generation   total 45504K, used 45503K [0x00000000c0000000, 0x00000000c3160000, 0x00000000d5550000)
  eden space 40448K, 100% used [0x00000000c0000000, 0x00000000c2780000, 0x00000000c2780000)
  from space 5056K,  99% used [0x00000000c2c70000, 0x00000000c315fff8, 0x00000000c3160000)
  to   space 5056K,   0% used [0x00000000c2780000, 0x00000000c2780000, 0x00000000c2c70000)
 tenured generation   total 101048K, used 95854K [0x00000000d5550000, 0x00000000db7fe000, 0x0000000100000000)
   the space 101048K,  94% used [0x00000000d5550000, 0x00000000db2eb9c0, 0x00000000db2eba00, 0x00000000db7fe000)
 Metaspace       used 3525K, capacity 4792K, committed 5120K, reserved 1056768K
  class space    used 330K, capacity 424K, committed 512K, reserved 1048576K
Event: 9.380 GC heap after
Heap after GC invocations=48 (full 5):
 def new generation   total 76288K, used 4875K [0x00000000c0000000, 0x00000000c52c0000, 0x00000000d5550000)
  eden space 67840K,   7% used [0x00000000c0000000, 0x00000000c04c2f48, 0x00000000c4240000)
  from space 8448K,   0% used [0x00000000c4240000, 0x00000000c4240000, 0x00000000c4a80000)
  to   space 8448K,   0% used [0x00000000c4a80000, 0x00000000c4a80000, 0x00000000c52c0000)
 tenured generation   total 169376K, used 101623K [0x00000000d5550000, 0x00000000dfab8000, 0x0000000100000000)
   the space 169376K,  59% used [0x00000000d5550000, 0x00000000db88dff0, 0x00000000db88e000, 0x00000000dfab8000)
 Metaspace       used 3525K, capacity 4792K, committed 5120K, reserved 1056768K
  class space    used 330K, capacity 424K, committed 512K, reserved 1048576K
}
Event: 9.904 GC heap before
{Heap before GC invocations=48 (full 5):
 def new generation   total 76288K, used 67840K [0x00000000c0000000, 0x00000000c52c0000, 0x00000000d5550000)
  eden space 67840K, 100% used [0x00000000c0000000, 0x00000000c4240000, 0x00000000c4240000)
  from space 8448K,   0% used [0x00000000c4240000, 0x00000000c4240000, 0x00000000c4a80000)
  to   space 8448K,   0% used [0x00000000c4a80000, 0x00000000c4a80000, 0x00000000c52c0000)
 tenured generation   total 169376K, used 101623K [0x00000000d5550000, 0x00000000dfab8000, 0x0000000100000000)
   the space 169376K,  59% used [0x00000000d5550000, 0x00000000db88dff0, 0x00000000db88e000, 0x00000000dfab8000)
 Metaspace       used 3525K, capacity 4792K, committed 5120K, reserved 1056768K
  class space    used 330K, capacity 424K, committed 512K, reserved 1048576K
Event: 10.130 GC heap after
Heap after GC invocations=49 (full 5):
 def new generation   total 76288K, used 8447K [0x00000000c0000000, 0x00000000c52c0000, 0x00000000d5550000)
  eden space 67840K,   0% used [0x00000000c0000000, 0x00000000c0000000, 0x00000000c4240000)
  from space 8448K,  99% used [0x00000000c4a80000, 0x00000000c52bfff8, 0x00000000c52c0000)
  to   space 8448K,   0% used [0x00000000c4240000, 0x00000000c4240000, 0x00000000c4a80000)
 tenured generation   total 169376K, used 108076K [0x00000000d5550000, 0x00000000dfab8000, 0x0000000100000000)
   the space 169376K,  63% used [0x00000000d5550000, 0x00000000dbedb118, 0x00000000dbedb200, 0x00000000dfab8000)
 Metaspace       used 3525K, capacity 4792K, committed 5120K, reserved 1056768K
  class space    used 330K, capacity 424K, committed 512K, reserved 1048576K
}
Event: 10.544 GC heap before
{Heap before GC invocations=49 (full 5):
 def new generation   total 76288K, used 76287K [0x00000000c0000000, 0x00000000c52c0000, 0x00000000d5550000)
  eden space 67840K, 100% used [0x00000000c0000000, 0x00000000c4240000, 0x00000000c4240000)
  from space 8448K,  99% used [0x00000000c4a80000, 0x00000000c52bfff8, 0x00000000c52c0000)
  to   space 8448K,   0% used [0x00000000c4240000, 0x00000000c4240000, 0x00000000c4a80000)
 tenured generation   total 169376K, used 108076K [0x00000000d5550000, 0x00000000dfab8000, 0x0000000100000000)
   the space 169376K,  63% used [0x00000000d5550000, 0x00000000dbedb118, 0x00000000dbedb200, 0x00000000dfab8000)
 Metaspace       used 3734K, capacity 4792K, committed 5120K, reserved 1056768K
  class space    used 339K, capacity 424K, committed 512K, reserved 1048576K
Event: 10.658 GC heap after
Heap after GC invocations=50 (full 5):
 def new generation   total 76288K, used 7733K [0x00000000c0000000, 0x00000000c52c0000, 0x00000000d5550000)
  eden space 67840K,   0% used [0x00000000c0000000, 0x00000000c0000000, 0x00000000c4240000)
  from space 8448K,  91% used [0x00000000c4240000, 0x00000000c49cd440, 0x00000000c4a80000)
  to   space 8448K,   0% used [0x00000000c4a80000, 0x00000000c4a80000, 0x00000000c52c0000)
 tenured generation   total 169376K, used 116524K [0x00000000d5550000, 0x00000000dfab8000, 0x0000000100000000)
   the space 169376K,  68% used [0x00000000d5550000, 0x00000000dc71b088, 0x00000000dc71b200, 0x00000000dfab8000)
 Metaspace       used 3734K, capacity 4792K, committed 5120K, reserved 1056768K
  class space    used 339K, capacity 424K, committed 512K, reserved 1048576K
}
Event: 10.908 GC heap before
{Heap before GC invocations=50 (full 5):
 def new generation   total 76288K, used 75573K [0x00000000c0000000, 0x00000000c52c0000, 0x00000000d5550000)
  eden space 67840K, 100% used [0x00000000c0000000, 0x00000000c4240000, 0x00000000c4240000)
  from space 8448K,  91% used [0x00000000c4240000, 0x00000000c49cd440, 0x00000000c4a80000)
  to   space 8448K,   0% used [0x00000000c4a80000, 0x00000000c4a80000, 0x00000000c52c0000)
 tenured generation   total 169376K, used 116524K [0x00000000d5550000, 0x00000000dfab8000, 0x0000000100000000)
   the space 169376K,  68% used [0x00000000d5550000, 0x00000000dc71b088, 0x00000000dc71b200, 0x00000000dfab8000)
 Metaspace       used 3735K, capacity 4792K, committed 5120K, reserved 1056768K
  class space    used 339K, capacity 424K, committed 512K, reserved 1048576K
Event: 10.992 GC heap after
Heap after GC invocations=51 (full 5):
 def new generation   total 76288K, used 7773K [0x00000000c0000000, 0x00000000c52c0000, 0x00000000d5550000)
  eden space 67840K,   0% used [0x00000000c0000000, 0x00000000c0000000, 0x00000000c4240000)
  from space 8448K,  92% used [0x00000000c4a80000, 0x00000000c5217480, 0x00000000c52c0000)
  to   space 8448K,   0% used [0x00000000c4240000, 0x00000000c4240000, 0x00000000c4a80000)
 tenured generation   total 169376K, used 124256K [0x00000000d5550000, 0x00000000dfab8000, 0x0000000100000000)
   the space 169376K,  73% used [0x00000000d5550000, 0x00000000dcea8180, 0x00000000dcea8200, 0x00000000dfab8000)
 Metaspace       used 3735K, capacity 4792K, committed 5120K, reserved 1056768K
  class space    used 339K, capacity 424K, committed 512K, reserved 1048576K
}
Event: 11.225 GC heap before
{Heap before GC invocations=51 (full 5):
 def new generation   total 76288K, used 75613K [0x00000000c0000000, 0x00000000c52c0000, 0x00000000d5550000)
  eden space 67840K, 100% used [0x00000000c0000000, 0x00000000c4240000, 0x00000000c4240000)
  from space 8448K,  92% used [0x00000000c4a80000, 0x00000000c5217480, 0x00000000c52c0000)
  to   space 8448K,   0% used [0x00000000c4240000, 0x00000000c4240000, 0x00000000c4a80000)
 tenured generation   total 169376K, used 124256K [0x00000000d5550000, 0x00000000dfab8000, 0x0000000100000000)
   the space 169376K,  73% used [0x00000000d5550000, 0x00000000dcea8180, 0x00000000dcea8200, 0x00000000dfab8000)
 Metaspace       used 3735K, capacity 4792K, committed 5120K, reserved 1056768K
  class space    used 339K, capacity 424K, committed 512K, reserved 1048576K
Event: 11.308 GC heap after
Heap after GC invocations=52 (full 5):
 def new generation   total 76288K, used 8051K [0x00000000c0000000, 0x00000000c52c0000, 0x00000000d5550000)
  eden space 67840K,   0% used [0x00000000c0000000, 0x00000000c0000000, 0x00000000c4240000)
  from space 8448K,  95% used [0x00000000c4240000, 0x00000000c4a1ce18, 0x00000000c4a80000)
  to   space 8448K,   0% used [0x00000000c4a80000, 0x00000000c4a80000, 0x00000000c52c0000)
 tenured generation   total 169376K, used 132029K [0x00000000d5550000, 0x00000000dfab8000, 0x0000000100000000)
   the space 169376K,  77% used [0x00000000d5550000, 0x00000000dd63f4b8, 0x00000000dd63f600, 0x00000000dfab8000)
 Metaspace       used 3735K, capacity 4792K, committed 5120K, reserved 1056768K
  class space    used 339K, capacity 424K, committed 512K, reserved 1048576K
}
Event: 11.559 GC heap before
{Heap before GC invocations=52 (full 5):
 def new generation   total 76288K, used 75891K [0x00000000c0000000, 0x00000000c52c0000, 0x00000000d5550000)
  eden space 67840K, 100% used [0x00000000c0000000, 0x00000000c4240000, 0x00000000c4240000)
  from space 8448K,  95% used [0x00000000c4240000, 0x00000000c4a1ce18, 0x00000000c4a80000)
  to   space 8448K,   0% used [0x00000000c4a80000, 0x00000000c4a80000, 0x00000000c52c0000)
 tenured generation   total 169376K, used 132029K [0x00000000d5550000, 0x00000000dfab8000, 0x0000000100000000)
   the space 169376K,  77% used [0x00000000d5550000, 0x00000000dd63f4b8, 0x00000000dd63f600, 0x00000000dfab8000)
 Metaspace       used 3735K, capacity 4792K, committed 5120K, reserved 1056768K
  class space    used 339K, capacity 424K, committed 512K, reserved 1048576K
Event: 11.650 GC heap after
Heap after GC invocations=53 (full 5):
 def new generation   total 76288K, used 8014K [0x00000000c0000000, 0x00000000c52c0000, 0x00000000d5550000)
  eden space 67840K,   0% used [0x00000000c0000000, 0x00000000c0000000, 0x00000000c4240000)
  from space 8448K,  94% used [0x00000000c4a80000, 0x00000000c52539a0, 0x00000000c52c0000)
  to   space 8448K,   0% used [0x00000000c4240000, 0x00000000c4240000, 0x00000000c4a80000)
 tenured generation   total 169376K, used 140080K [0x00000000d5550000, 0x00000000dfab8000, 0x0000000100000000)
   the space 169376K,  82% used [0x00000000d5550000, 0x00000000dde1c1c0, 0x00000000dde1c200, 0x00000000dfab8000)
 Metaspace       used 3735K, capacity 4792K, committed 5120K, reserved 1056768K
  class space    used 339K, capacity 424K, committed 512K, reserved 1048576K
}
Event: 11.868 GC heap before
{Heap before GC invocations=53 (full 5):
 def new generation   total 76288K, used 75854K [0x00000000c0000000, 0x00000000c52c0000, 0x00000000d5550000)
  eden space 67840K, 100% used [0x00000000c0000000, 0x00000000c4240000, 0x00000000c4240000)
  from space 8448K,  94% used [0x00000000c4a80000, 0x00000000c52539a0, 0x00000000c52c0000)
  to   space 8448K,   0% used [0x00000000c4240000, 0x00000000c4240000, 0x00000000c4a80000)
 tenured generation   total 169376K, used 140080K [0x00000000d5550000, 0x00000000dfab8000, 0x0000000100000000)
   the space 169376K,  82% used [0x00000000d5550000, 0x00000000dde1c1c0, 0x00000000dde1c200, 0x00000000dfab8000)
 Metaspace       used 3771K, capacity 4856K, committed 5120K, reserved 1056768K
  class space    used 339K, capacity 424K, committed 512K, reserved 1048576K
Event: 11.950 GC heap after
Heap after GC invocations=54 (full 5):
 def new generation   total 76288K, used 8260K [0x00000000c0000000, 0x00000000c52c0000, 0x00000000d5550000)
  eden space 67840K,   0% used [0x00000000c0000000, 0x00000000c0000000, 0x00000000c4240000)
  from space 8448K,  97% used [0x00000000c4240000, 0x00000000c4a51268, 0x00000000c4a80000)
  to   space 8448K,   0% used [0x00000000c4a80000, 0x00000000c4a80000, 0x00000000c52c0000)
 tenured generation   total 169376K, used 148094K [0x00000000d5550000, 0x00000000dfab8000, 0x0000000100000000)
   the space 169376K,  87% used [0x00000000d5550000, 0x00000000de5efa10, 0x00000000de5efc00, 0x00000000dfab8000)
 Metaspace       used 3771K, capacity 4856K, committed 5120K, reserved 1056768K
  class space    used 339K, capacity 424K, committed 512K, reserved 1048576K
}
Event: 12.228 GC heap before
{Heap before GC invocations=54 (full 5):
 def new generation   total 76288K, used 76100K [0x00000000c0000000, 0x00000000c52c0000, 0x00000000d5550000)
  eden space 67840K, 100% used [0x00000000c0000000, 0x00000000c4240000, 0x00000000c4240000)
  from space 8448K,  97% used [0x00000000c4240000, 0x00000000c4a51268, 0x00000000c4a80000)
  to   space 8448K,   0% used [0x00000000c4a80000, 0x00000000c4a80000, 0x00000000c52c0000)
 tenured generation   total 169376K, used 148094K [0x00000000d5550000, 0x00000000dfab8000, 0x0000000100000000)
   the space 169376K,  87% used [0x00000000d5550000, 0x00000000de5efa10, 0x00000000de5efc00, 0x00000000dfab8000)
 Metaspace       used 3772K, capacity 4856K, committed 5120K, reserved 1056768K
  class space    used 340K, capacity 424K, committed 512K, reserved 1048576K
Event: 12.372 GC heap after
Heap after GC invocations=55 (full 5):
 def new generation   total 76288K, used 8313K [0x00000000c0000000, 0x00000000c52c0000, 0x00000000d5550000)
  eden space 67840K,   0% used [0x00000000c0000000, 0x00000000c0000000, 0x00000000c4240000)
  from space 8448K,  98% used [0x00000000c4a80000, 0x00000000c529e480, 0x00000000c52c0000)
  to   space 8448K,   0% used [0x00000000c4240000, 0x00000000c4240000, 0x00000000c4a80000)
 tenured generation   total 169376K, used 156354K [0x00000000d5550000, 0x00000000dfab8000, 0x0000000100000000)
   the space 169376K,  92% used [0x00000000d5550000, 0x00000000dee00b98, 0x00000000dee00c00, 0x00000000dfab8000)
 Metaspace       used 3772K, capacity 4856K, committed 5120K, reserved 1056768K
  class space    used 340K, capacity 424K, committed 512K, reserved 1048576K
}
Event: 12.620 GC heap before
{Heap before GC invocations=55 (full 5):
 def new generation   total 76288K, used 76153K [0x00000000c0000000, 0x00000000c52c0000, 0x00000000d5550000)
  eden space 67840K, 100% used [0x00000000c0000000, 0x00000000c4240000, 0x00000000c4240000)
  from space 8448K,  98% used [0x00000000c4a80000, 0x00000000c529e480, 0x00000000c52c0000)
  to   space 8448K,   0% used [0x00000000c4240000, 0x00000000c4240000, 0x00000000c4a80000)
 tenured generation   total 169376K, used 156354K [0x00000000d5550000, 0x00000000dfab8000, 0x0000000100000000)
   the space 169376K,  92% used [0x00000000d5550000, 0x00000000dee00b98, 0x00000000dee00c00, 0x00000000dfab8000)
 Metaspace       used 3772K, capacity 4856K, committed 5120K, reserved 1056768K
  class space    used 340K, capacity 424K, committed 512K, reserved 1048576K
Event: 12.736 GC heap after
Heap after GC invocations=56 (full 5):
 def new generation   total 76288K, used 8363K [0x00000000c0000000, 0x00000000c52c0000, 0x00000000d5550000)
  eden space 67840K,   0% used [0x00000000c0000000, 0x00000000c0000000, 0x00000000c4240000)
  from space 8448K,  99% used [0x00000000c4240000, 0x00000000c4a6af48, 0x00000000c4a80000)
  to   space 8448K,   0% used [0x00000000c4a80000, 0x00000000c4a80000, 0x00000000c52c0000)
 tenured generation   total 169376K, used 164667K [0x00000000d5550000, 0x00000000dfab8000, 0x0000000100000000)
   the space 169376K,  97% used [0x00000000d5550000, 0x00000000df61edf8, 0x00000000df61ee00, 0x00000000dfab8000)
 Metaspace       used 3772K, capacity 4856K, committed 5120K, reserved 1056768K
  class space    used 340K, capacity 424K, committed 512K, reserved 1048576K
}
Event: 12.900 GC heap before
{Heap before GC invocations=56 (full 5):
 def new generation   total 76288K, used 76203K [0x00000000c0000000, 0x00000000c52c0000, 0x00000000d5550000)
  eden space 67840K, 100% used [0x00000000c0000000, 0x00000000c4240000, 0x00000000c4240000)
  from space 8448K,  99% used [0x00000000c4240000, 0x00000000c4a6af48, 0x00000000c4a80000)
  to   space 8448K,   0% used [0x00000000c4a80000, 0x00000000c4a80000, 0x00000000c52c0000)
 tenured generation   total 169376K, used 164667K [0x00000000d5550000, 0x00000000dfab8000, 0x0000000100000000)
   the space 169376K,  97% used [0x00000000d5550000, 0x00000000df61edf8, 0x00000000df61ee00, 0x00000000dfab8000)
 Metaspace       used 3772K, capacity 4856K, committed 5120K, reserved 1056768K
  class space    used 340K, capacity 424K, committed 512K, reserved 1048576K

