# JRE version: OpenJDK Runtime Environment (8.0_201-b09) (build 1.8.0_201-b09)
# Java VM: OpenJDK 64-Bit Server VM (25.201-b09 mixed mode linux-amd64 compressed oops)
Heap:
 def new generation   total 15040K, used 1394K [0x00000000c0000000, 0x00000000c1050000, 0x00000000d5550000)
  eden space 13376K,  10% used [0x00000000c0000000, 0x00000000c015c940, 0x00000000c0d10000)
  from space 1664K,   0% used [0x00000000c0eb0000, 0x00000000c0eb0000, 0x00000000c1050000)
  to   space 1664K,   0% used [0x00000000c0d10000, 0x00000000c0d10000, 0x00000000c0eb0000)
 tenured generation   total 34708K, used 34707K [0x00000000d5550000, 0x00000000d7735000, 0x0000000100000000)
   the space 34708K,  99% used [0x00000000d5550000, 0x00000000d7734ff0, 0x00000000d7735000, 0x00000000d7735000)
 Metaspace       used 3480K, capacity 4728K, committed 4864K, reserved 1056768K
  class space    used 328K, capacity 424K, committed 512K, reserved 1048576K
GC Heap History (59 events):
Event: 0.733 GC heap before
{Heap before GC invocations=0 (full 0):
 def new generation   total 4928K, used 4242K [0x00000000c0000000, 0x00000000c0550000, 0x00000000d5550000)
  eden space 4416K,  96% used [0x00000000c0000000, 0x00000000c0424850, 0x00000000c0450000)
  from space 512K,   0% used [0x00000000c0450000, 0x00000000c0450000, 0x00000000c04d0000)
  to   space 512K,   0% used [0x00000000c04d0000, 0x00000000c04d0000, 0x00000000c0550000)
 tenured generation   total 10944K, used 0K [0x00000000d5550000, 0x00000000d6000000, 0x0000000100000000)
   the space 10944K,   0% used [0x00000000d5550000, 0x00000000d5550000, 0x00000000d5550200, 0x00000000d6000000)
 Metaspace       used 3294K, capacity 4728K, committed 4864K, reserved 1056768K
  class space    used 322K, capacity 424K, committed 512K, reserved 1048576K
Event: 0.736 GC heap after
Heap after GC invocations=1 (full 0):
 def new generation   total 4928K, used 512K [0x00000000c0000000, 0x00000000c0550000, 0x00000000d5550000)
  eden space 4416K,   0% used [0x00000000c0000000, 0x00000000c0000000, 0x00000000c0450000)
  from space 512K, 100% used [0x00000000c04d0000, 0x00000000c0550000, 0x00000000c0550000)
  to   space 512K,   0% used [0x00000000c0450000, 0x00000000c0450000, 0x00000000c04d0000)
 tenured generation   total 10944K, used 2729K [0x00000000d5550000, 0x00000000d6000000, 0x0000000100000000)
   the space 10944K,  24% used [0x00000000d5550000, 0x00000000d57fa648, 0x00000000d57fa800, 0x00000000d6000000)
 Metaspace       used 3294K, capacity 4728K, committed 4864K, reserved 1056768K
  class space    used 322K, capacity 424K, committed 512K, reserved 1048576K
}
Event: 0.849 GC heap before
{Heap before GC invocations=1 (full 0):
 def new generation   total 4928K, used 4928K [0x00000000c0000000, 0x00000000c0550000, 0x00000000d5550000)
  eden space 4416K, 100% used [0x00000000c0000000, 0x00000000c0450000, 0x00000000c0450000)
  from space 512K, 100% used [0x00000000c04d0000, 0x00000000c0550000, 0x00000000c0550000)
  to   space 512K,   0% used [0x00000000c0450000, 0x00000000c0450000, 0x00000000c04d0000)
 tenured generation   total 10944K, used 2729K [0x00000000d5550000, 0x00000000d6000000, 0x0000000100000000)
   the space 10944K,  24% used [0x00000000d5550000, 0x00000000d57fa648, 0x00000000d57fa800, 0x00000000d6000000)
 Metaspace       used 3432K, capacity 4728K, committed 4864K, reserved 1056768K
  class space    used 328K, capacity 424K, committed 512K, reserved 1048576K
Event: 0.853 GC heap after
Heap after GC invocations=2 (full 0):
 def new generation   total 4928K, used 512K [0x00000000c0000000, 0x00000000c0550000, 0x00000000d5550000)
  eden space 4416K,   0% used [0x00000000c0000000, 0x00000000c0000000, 0x00000000c0450000)
  from space 512K, 100% used [0x00000000c0450000, 0x00000000c04d0000, 0x00000000c04d0000)
  to   space 512K,   0% used [0x00000000c04d0000, 0x00000000c04d0000, 0x00000000c0550000)
 tenured generation   total 10944K, used 5314K [0x00000000d5550000, 0x00000000d6000000, 0x0000000100000000)
   the space 10944K,  48% used [0x00000000d5550000, 0x00000000d5a80a60, 0x00000000d5a80c00, 0x00000000d6000000)
 Metaspace       used 3432K, capacity 4728K, committed 4864K, reserved 1056768K
  class space    used 328K, capacity 424K, committed 512K, reserved 1048576K
}
Event: 0.923 GC heap before
{Heap before GC invocations=2 (full 0):
 def new generation   total 4928K, used 4928K [0x00000000c0000000, 0x00000000c0550000, 0x00000000d5550000)
  eden space 4416K, 100% used [0x00000000c0000000, 0x00000000c0450000, 0x00000000c0450000)
  from space 512K, 100% used [0x00000000c0450000, 0x00000000c04d0000, 0x00000000c04d0000)
  to   space 512K,   0% used [0x00000000c04d0000, 0x00000000c04d0000, 0x00000000c0550000)
 tenured generation   total 10944K, used 5314K [0x00000000d5550000, 0x00000000d6000000, 0x0000000100000000)
   the space 10944K,  48% used [0x00000000d5550000, 0x00000000d5a80a60, 0x00000000d5a80c00, 0x00000000d6000000)
 Metaspace       used 3440K, capacity 4728K, committed 4864K, reserved 1056768K
  class space    used 328K, capacity 424K, committed 512K, reserved 1048576K
Event: 0.926 GC heap after
Heap after GC invocations=3 (full 0):
 def new generation   total 4928K, used 506K [0x00000000c0000000, 0x00000000c0550000, 0x00000000d5550000)
  eden space 4416K,   0% used [0x00000000c0000000, 0x00000000c0000000, 0x00000000c0450000)
  from space 512K,  98% used [0x00000000c04d0000, 0x00000000c054ea70, 0x00000000c0550000)
  to   space 512K,   0% used [0x00000000c0450000, 0x00000000c0450000, 0x00000000c04d0000)
 tenured generation   total 10944K, used 5826K [0x00000000d5550000, 0x00000000d6000000, 0x0000000100000000)
   the space 10944K,  53% used [0x00000000d5550000, 0x00000000d5b00898, 0x00000000d5b00a00, 0x00000000d6000000)
 Metaspace       used 3440K, capacity 4728K, committed 4864K, reserved 1056768K
  class space    used 328K, capacity 424K, committed 512K, reserved 1048576K
}
Event: 0.983 GC heap before
{Heap before GC invocations=3 (full 0):
 def new generation   total 4928K, used 4922K [0x00000000c0000000, 0x00000000c0550000, 0x00000000d5550000)
  eden space 4416K, 100% used [0x00000000c0000000, 0x00000000c0450000, 0x00000000c0450000)
  from space 512K,  98% used [0x00000000c04d0000, 0x00000000c054ea70, 0x00000000c0550000)
  to   space 512K,   0% used [0x00000000c0450000, 0x00000000c0450000, 0x00000000c04d0000)
 tenured generation   total 10944K, used 5826K [0x00000000d5550000, 0x00000000d6000000, 0x0000000100000000)
   the space 10944K,  53% used [0x00000000d5550000, 0x00000000d5b00898, 0x00000000d5b00a00, 0x00000000d6000000)
 Metaspace       used 3440K, capacity 4728K, committed 4864K, reserved 1056768K
  class space    used 328K, capacity 424K, committed 512K, reserved 1048576K
Event: 0.986 GC heap after
Heap after GC invocations=4 (full 0):
 def new generation   total 4928K, used 478K [0x00000000c0000000, 0x00000000c0550000, 0x00000000d5550000)
  eden space 4416K,   0% used [0x00000000c0000000, 0x00000000c0000000, 0x00000000c0450000)
  from space 512K,  93% used [0x00000000c0450000, 0x00000000c04c7870, 0x00000000c04d0000)
  to   space 512K,   0% used [0x00000000c04d0000, 0x00000000c04d0000, 0x00000000c0550000)
 tenured generation   total 10944K, used 6332K [0x00000000d5550000, 0x00000000d6000000, 0x0000000100000000)
   the space 10944K,  57% used [0x00000000d5550000, 0x00000000d5b7f130, 0x00000000d5b7f200, 0x00000000d6000000)
 Metaspace       used 3440K, capacity 4728K, committed 4864K, reserved 1056768K
  class space    used 328K, capacity 424K, committed 512K, reserved 1048576K
}
Event: 1.038 GC heap before
{Heap before GC invocations=4 (full 0):
 def new generation   total 4928K, used 4894K [0x00000000c0000000, 0x00000000c0550000, 0x00000000d5550000)
  eden space 4416K, 100% used [0x00000000c0000000, 0x00000000c0450000, 0x00000000c0450000)
  from space 512K,  93% used [0x00000000c0450000, 0x00000000c04c7870, 0x00000000c04d0000)
  to   space 512K,   0% used [0x00000000c04d0000, 0x00000000c04d0000, 0x00000000c0550000)
 tenured generation   total 10944K, used 6332K [0x00000000d5550000, 0x00000000d6000000, 0x0000000100000000)
   the space 10944K,  57% used [0x00000000d5550000, 0x00000000d5b7f130, 0x00000000d5b7f200, 0x00000000d6000000)
 Metaspace       used 3441K, capacity 4728K, committed 4864K, reserved 1056768K
  class space    used 328K, capacity 424K, committed 512K, reserved 1048576K
Event: 1.041 GC heap after
Heap after GC invocations=5 (full 0):
 def new generation   total 4928K, used 478K [0x00000000c0000000, 0x00000000c0550000, 0x00000000d5550000)
  eden space 4416K,   0% used [0x00000000c0000000, 0x00000000c0000000, 0x00000000c0450000)
  from space 512K,  93% used [0x00000000c04d0000, 0x00000000c0547870, 0x00000000c0550000)
  to   space 512K,   0% used [0x00000000c0450000, 0x00000000c0450000, 0x00000000c04d0000)
 tenured generation   total 10944K, used 6810K [0x00000000d5550000, 0x00000000d6000000, 0x0000000100000000)
   the space 10944K,  62% used [0x00000000d5550000, 0x00000000d5bf6870, 0x00000000d5bf6a00, 0x00000000d6000000)
 Metaspace       used 3441K, capacity 4728K, committed 4864K, reserved 1056768K
  class space    used 328K, capacity 424K, committed 512K, reserved 1048576K
}
Event: 1.098 GC heap before
{Heap before GC invocations=5 (full 0):
 def new generation   total 4928K, used 4894K [0x00000000c0000000, 0x00000000c0550000, 0x00000000d5550000)
  eden space 4416K, 100% used [0x00000000c0000000, 0x00000000c0450000, 0x00000000c0450000)
  from space 512K,  93% used [0x00000000c04d0000, 0x00000000c0547870, 0x00000000c0550000)
  to   space 512K,   0% used [0x00000000c0450000, 0x00000000c0450000, 0x00000000c04d0000)
 tenured generation   total 10944K, used 6810K [0x00000000d5550000, 0x00000000d6000000, 0x0000000100000000)
   the space 10944K,  62% used [0x00000000d5550000, 0x00000000d5bf6870, 0x00000000d5bf6a00, 0x00000000d6000000)
 Metaspace       used 3442K, capacity 4728K, committed 4864K, reserved 1056768K
  class space    used 328K, capacity 424K, committed 512K, reserved 1048576K
Event: 1.102 GC heap after
Heap after GC invocations=6 (full 0):
 def new generation   total 4928K, used 478K [0x00000000c0000000, 0x00000000c0550000, 0x00000000d5550000)
  eden space 4416K,   0% used [0x00000000c0000000, 0x00000000c0000000, 0x00000000c0450000)
  from space 512K,  93% used [0x00000000c0450000, 0x00000000c04c7988, 0x00000000c04d0000)
  to   space 512K,   0% used [0x00000000c04d0000, 0x00000000c04d0000, 0x00000000c0550000)
 tenured generation   total 10944K, used 7287K [0x00000000d5550000, 0x00000000d6000000, 0x0000000100000000)
   the space 10944K,  66% used [0x00000000d5550000, 0x00000000d5c6df40, 0x00000000d5c6e000, 0x00000000d6000000)
 Metaspace       used 3442K, capacity 4728K, committed 4864K, reserved 1056768K
  class space    used 328K, capacity 424K, committed 512K, reserved 1048576K
}
Event: 1.167 GC heap before
{Heap before GC invocations=6 (full 0):
 def new generation   total 4928K, used 4894K [0x00000000c0000000, 0x00000000c0550000, 0x00000000d5550000)
  eden space 4416K, 100% used [0x00000000c0000000, 0x00000000c0450000, 0x00000000c0450000)
  from space 512K,  93% used [0x00000000c0450000, 0x00000000c04c7988, 0x00000000c04d0000)
  to   space 512K,   0% used [0x00000000c04d0000, 0x00000000c04d0000, 0x00000000c0550000)
 tenured generation   total 10944K, used 7287K [0x00000000d5550000, 0x00000000d6000000, 0x0000000100000000)
   the space 10944K,  66% used [0x00000000d5550000, 0x00000000d5c6df40, 0x00000000d5c6e000, 0x00000000d6000000)
 Metaspace       used 3442K, capacity 4728K, committed 4864K, reserved 1056768K
  class space    used 328K, capacity 424K, committed 512K, reserved 1048576K
Event: 1.175 GC heap after
Heap after GC invocations=7 (full 0):
 def new generation   total 4928K, used 479K [0x00000000c0000000, 0x00000000c0550000, 0x00000000d5550000)
  eden space 4416K,   0% used [0x00000000c0000000, 0x00000000c0000000, 0x00000000c0450000)
  from space 512K,  93% used [0x00000000c04d0000, 0x00000000c0547ec8, 0x00000000c0550000)
  to   space 512K,   0% used [0x00000000c0450000, 0x00000000c0450000, 0x00000000c04d0000)
 tenured generation   total 10944K, used 7765K [0x00000000d5550000, 0x00000000d6000000, 0x0000000100000000)
   the space 10944K,  70% used [0x00000000d5550000, 0x00000000d5ce56c8, 0x00000000d5ce5800, 0x00000000d6000000)
 Metaspace       used 3442K, capacity 4728K, committed 4864K, reserved 1056768K
  class space    used 328K, capacity 424K, committed 512K, reserved 1048576K
}
Event: 1.237 GC heap before
{Heap before GC invocations=7 (full 0):
 def new generation   total 4928K, used 4895K [0x00000000c0000000, 0x00000000c0550000, 0x00000000d5550000)
  eden space 4416K, 100% used [0x00000000c0000000, 0x00000000c0450000, 0x00000000c0450000)
  from space 512K,  93% used [0x00000000c04d0000, 0x00000000c0547ec8, 0x00000000c0550000)
  to   space 512K,   0% used [0x00000000c0450000, 0x00000000c0450000, 0x00000000c04d0000)
 tenured generation   total 10944K, used 7765K [0x00000000d5550000, 0x00000000d6000000, 0x0000000100000000)
   the space 10944K,  70% used [0x00000000d5550000, 0x00000000d5ce56c8, 0x00000000d5ce5800, 0x00000000d6000000)
 Metaspace       used 3444K, capacity 4728K, committed 4864K, reserved 1056768K
  class space    used 328K, capacity 424K, committed 512K, reserved 1048576K
Event: 1.241 GC heap after
Heap after GC invocations=8 (full 0):
 def new generation   total 4928K, used 478K [0x00000000c0000000, 0x00000000c0550000, 0x00000000d5550000)
  eden space 4416K,   0% used [0x00000000c0000000, 0x00000000c0000000, 0x00000000c0450000)
  from space 512K,  93% used [0x00000000c0450000, 0x00000000c04c7bb0, 0x00000000c04d0000)
  to   space 512K,   0% used [0x00000000c04d0000, 0x00000000c04d0000, 0x00000000c0550000)
 tenured generation   total 10944K, used 8244K [0x00000000d5550000, 0x00000000d6000000, 0x0000000100000000)
   the space 10944K,  75% used [0x00000000d5550000, 0x00000000d5d5d318, 0x00000000d5d5d400, 0x00000000d6000000)
 Metaspace       used 3444K, capacity 4728K, committed 4864K, reserved 1056768K
  class space    used 328K, capacity 424K, committed 512K, reserved 1048576K
}
Event: 1.293 GC heap before
{Heap before GC invocations=8 (full 0):
 def new generation   total 4928K, used 4894K [0x00000000c0000000, 0x00000000c0550000, 0x00000000d5550000)
  eden space 4416K, 100% used [0x00000000c0000000, 0x00000000c0450000, 0x00000000c0450000)
  from space 512K,  93% used [0x00000000c0450000, 0x00000000c04c7bb0, 0x00000000c04d0000)
  to   space 512K,   0% used [0x00000000c04d0000, 0x00000000c04d0000, 0x00000000c0550000)
 tenured generation   total 10944K, used 8244K [0x00000000d5550000, 0x00000000d6000000, 0x0000000100000000)
   the space 10944K,  75% used [0x00000000d5550000, 0x00000000d5d5d318, 0x00000000d5d5d400, 0x00000000d6000000)
 Metaspace       used 3451K, capacity 4728K, committed 4864K, reserved 1056768K
  class space    used 328K, capacity 424K, committed 512K, reserved 1048576K
Event: 1.297 GC heap after
Heap after GC invocations=9 (full 0):
 def new generation   total 4928K, used 491K [0x00000000c0000000, 0x00000000c0550000, 0x00000000d5550000)
  eden space 4416K,   0% used [0x00000000c0000000, 0x00000000c0000000, 0x00000000c0450000)
  from space 512K,  95% used [0x00000000c04d0000, 0x00000000c054ade8, 0x00000000c0550000)
  to   space 512K,   0% used [0x00000000c0450000, 0x00000000c0450000, 0x00000000c04d0000)
 tenured generation   total 10944K, used 8723K [0x00000000d5550000, 0x00000000d6000000, 0x0000000100000000)
   the space 10944K,  79% used [0x00000000d5550000, 0x00000000d5dd4d50, 0x00000000d5dd4e00, 0x00000000d6000000)
 Metaspace       used 3451K, capacity 4728K, committed 4864K, reserved 1056768K
  class space    used 328K, capacity 424K, committed 512K, reserved 1048576K
}
Event: 1.345 GC heap before
{Heap before GC invocations=9 (full 0):
 def new generation   total 4928K, used 4907K [0x00000000c0000000, 0x00000000c0550000, 0x00000000d5550000)
  eden space 4416K, 100% used [0x00000000c0000000, 0x00000000c0450000, 0x00000000c0450000)
  from space 512K,  95% used [0x00000000c04d0000, 0x00000000c054ade8, 0x00000000c0550000)
  to   space 512K,   0% used [0x00000000c0450000, 0x00000000c0450000, 0x00000000c04d0000)
 tenured generation   total 10944K, used 8723K [0x00000000d5550000, 0x00000000d6000000, 0x0000000100000000)
   the space 10944K,  79% used [0x00000000d5550000, 0x00000000d5dd4d50, 0x00000000d5dd4e00, 0x00000000d6000000)
 Metaspace       used 3451K, capacity 4728K, committed 4864K, reserved 1056768K
  class space    used 328K, capacity 424K, committed 512K, reserved 1048576K
Event: 1.349 GC heap after
Heap after GC invocations=10 (full 0):
 def new generation   total 4928K, used 500K [0x00000000c0000000, 0x00000000c0550000, 0x00000000d5550000)
  eden space 4416K,   0% used [0x00000000c0000000, 0x00000000c0000000, 0x00000000c0450000)
  from space 512K,  97% used [0x00000000c0450000, 0x00000000c04cd2e8, 0x00000000c04d0000)
  to   space 512K,   0% used [0x00000000c04d0000, 0x00000000c04d0000, 0x00000000c0550000)
 tenured generation   total 10944K, used 9214K [0x00000000d5550000, 0x00000000d6000000, 0x0000000100000000)
   the space 10944K,  84% used [0x00000000d5550000, 0x00000000d5e4f990, 0x00000000d5e4fa00, 0x00000000d6000000)
 Metaspace       used 3451K, capacity 4728K, committed 4864K, reserved 1056768K
  class space    used 328K, capacity 424K, committed 512K, reserved 1048576K
}
Event: 1.386 GC heap before
{Heap before GC invocations=10 (full 0):
 def new generation   total 4928K, used 4916K [0x00000000c0000000, 0x00000000c0550000, 0x00000000d5550000)
  eden space 4416K, 100% used [0x00000000c0000000, 0x00000000c0450000, 0x00000000c0450000)
  from space 512K,  97% used [0x00000000c0450000, 0x00000000c04cd2e8, 0x00000000c04d0000)
  to   space 512K,   0% used [0x00000000c04d0000, 0x00000000c04d0000, 0x00000000c0550000)
 tenured generation   total 10944K, used 9214K [0x00000000d5550000, 0x00000000d6000000, 0x0000000100000000)
   the space 10944K,  84% used [0x00000000d5550000, 0x00000000d5e4f990, 0x00000000d5e4fa00, 0x00000000d6000000)
 Metaspace       used 3454K, capacity 4728K, committed 4864K, reserved 1056768K
  class space    used 328K, capacity 424K, committed 512K, reserved 1048576K
Event: 1.390 GC heap after
Heap after GC invocations=11 (full 0):
 def new generation   total 4928K, used 498K [0x00000000c0000000, 0x00000000c0550000, 0x00000000d5550000)
  eden space 4416K,   0% used [0x00000000c0000000, 0x00000000c0000000, 0x00000000c0450000)
  from space 512K,  97% used [0x00000000c04d0000, 0x00000000c054cb90, 0x00000000c0550000)
  to   space 512K,   0% used [0x00000000c0450000, 0x00000000c0450000, 0x00000000c04d0000)
 tenured generation   total 10944K, used 9714K [0x00000000d5550000, 0x00000000d6000000, 0x0000000100000000)
   the space 10944K,  88% used [0x00000000d5550000, 0x00000000d5eccab8, 0x00000000d5eccc00, 0x00000000d6000000)
 Metaspace       used 3454K, capacity 4728K, committed 4864K, reserved 1056768K
  class space    used 328K, capacity 424K, committed 512K, reserved 1048576K
}
Event: 1.431 GC heap before
{Heap before GC invocations=11 (full 0):
 def new generation   total 4928K, used 4914K [0x00000000c0000000, 0x00000000c0550000, 0x00000000d5550000)
  eden space 4416K, 100% used [0x00000000c0000000, 0x00000000c0450000, 0x00000000c0450000)
  from space 512K,  97% used [0x00000000c04d0000, 0x00000000c054cb90, 0x00000000c0550000)
  to   space 512K,   0% used [0x00000000c0450000, 0x00000000c0450000, 0x00000000c04d0000)
 tenured generation   total 10944K, used 9714K [0x00000000d5550000, 0x00000000d6000000, 0x0000000100000000)
   the space 10944K,  88% used [0x00000000d5550000, 0x00000000d5eccab8, 0x00000000d5eccc00, 0x00000000d6000000)
 Metaspace       used 3454K, capacity 4728K, committed 4864K, reserved 1056768K
  class space    used 328K, capacity 424K, committed 512K, reserved 1048576K
Event: 1.435 GC heap after
Heap after GC invocations=12 (full 0):
 def new generation   total 4928K, used 500K [0x00000000c0000000, 0x00000000c0550000, 0x00000000d5550000)
  eden space 4416K,   0% used [0x00000000c0000000, 0x00000000c0000000, 0x00000000c0450000)
  from space 512K,  97% used [0x00000000c0450000, 0x00000000c04cd330, 0x00000000c04d0000)
  to   space 512K,   0% used [0x00000000c04d0000, 0x00000000c04d0000, 0x00000000c0550000)
 tenured generation   total 10944K, used 10213K [0x00000000d5550000, 0x00000000d6000000, 0x0000000100000000)
   the space 10944K,  93% used [0x00000000d5550000, 0x00000000d5f49518, 0x00000000d5f49600, 0x00000000d6000000)
 Metaspace       used 3454K, capacity 4728K, committed 4864K, reserved 1056768K
  class space    used 328K, capacity 424K, committed 512K, reserved 1048576K
}
Event: 1.483 GC heap before
{Heap before GC invocations=12 (full 0):
 def new generation   total 4928K, used 4916K [0x00000000c0000000, 0x00000000c0550000, 0x00000000d5550000)
  eden space 4416K, 100% used [0x00000000c0000000, 0x00000000c0450000, 0x00000000c0450000)
  from space 512K,  97% used [0x00000000c0450000, 0x00000000c04cd330, 0x00000000c04d0000)
  to   space 512K,   0% used [0x00000000c04d0000, 0x00000000c04d0000, 0x00000000c0550000)
 tenured generation   total 10944K, used 10213K [0x00000000d5550000, 0x00000000d6000000, 0x0000000100000000)
   the space 10944K,  93% used [0x00000000d5550000, 0x00000000d5f49518, 0x00000000d5f49600, 0x00000000d6000000)
 Metaspace       used 3457K, capacity 4728K, committed 4864K, reserved 1056768K
  class space    used 328K, capacity 424K, committed 512K, reserved 1048576K
Event: 1.487 GC heap after
Heap after GC invocations=13 (full 0):
 def new generation   total 4928K, used 499K [0x00000000c0000000, 0x00000000c0550000, 0x00000000d5550000)
  eden space 4416K,   0% used [0x00000000c0000000, 0x00000000c0000000, 0x00000000c0450000)
  from space 512K,  97% used [0x00000000c04d0000, 0x00000000c054cd30, 0x00000000c0550000)
  to   space 512K,   0% used [0x00000000c0450000, 0x00000000c0450000, 0x00000000c04d0000)
 tenured generation   total 10944K, used 10713K [0x00000000d5550000, 0x00000000d6000000, 0x0000000100000000)
   the space 10944K,  97% used [0x00000000d5550000, 0x00000000d5fc66e0, 0x00000000d5fc6800, 0x00000000d6000000)
 Metaspace       used 3457K, capacity 4728K, committed 4864K, reserved 1056768K
  class space    used 328K, capacity 424K, committed 512K, reserved 1048576K
}
Event: 1.537 GC heap before
{Heap before GC invocations=13 (full 0):
 def new generation   total 4928K, used 4915K [0x00000000c0000000, 0x00000000c0550000, 0x00000000d5550000)
  eden space 4416K, 100% used [0x00000000c0000000, 0x00000000c0450000, 0x00000000c0450000)
  from space 512K,  97% used [0x00000000c04d0000, 0x00000000c054cd30, 0x00000000c0550000)
  to   space 512K,   0% used [0x00000000c0450000, 0x00000000c0450000, 0x00000000c04d0000)
 tenured generation   total 10944K, used 10713K [0x00000000d5550000, 0x00000000d6000000, 0x0000000100000000)
   the space 10944K,  97% used [0x00000000d5550000, 0x00000000d5fc66e0, 0x00000000d5fc6800, 0x00000000d6000000)
 Metaspace       used 3463K, capacity 4728K, committed 4864K, reserved 1056768K
  class space    used 328K, capacity 424K, committed 512K, reserved 1048576K
Event: 1.599 GC heap after
Heap after GC invocations=14 (full 1):
 def new generation   total 9024K, used 308K [0x00000000c0000000, 0x00000000c09c0000, 0x00000000d5550000)
  eden space 8064K,   3% used [0x00000000c0000000, 0x00000000c004d1e0, 0x00000000c07e0000)
  from space 960K,   0% used [0x00000000c07e0000, 0x00000000c07e0000, 0x00000000c08d0000)
  to   space 960K,   0% used [0x00000000c08d0000, 0x00000000c08d0000, 0x00000000c09c0000)
 tenured generation   total 19928K, used 11955K [0x00000000d5550000, 0x00000000d68c6000, 0x0000000100000000)
   the space 19928K,  59% used [0x00000000d5550000, 0x00000000d60fcff8, 0x00000000d60fd000, 0x00000000d68c6000)
 Metaspace       used 3463K, capacity 4728K, committed 4864K, reserved 1056768K
  class space    used 328K, capacity 424K, committed 512K, reserved 1048576K
}
Event: 1.634 GC heap before
{Heap before GC invocations=14 (full 1):
 def new generation   total 9024K, used 8064K [0x00000000c0000000, 0x00000000c09c0000, 0x00000000d5550000)
  eden space 8064K, 100% used [0x00000000c0000000, 0x00000000c07e0000, 0x00000000c07e0000)
  from space 960K,   0% used [0x00000000c07e0000, 0x00000000c07e0000, 0x00000000c08d0000)
  to   space 960K,   0% used [0x00000000c08d0000, 0x00000000c08d0000, 0x00000000c09c0000)
 tenured generation   total 19928K, used 11955K [0x00000000d5550000, 0x00000000d68c6000, 0x0000000100000000)
   the space 19928K,  59% used [0x00000000d5550000, 0x00000000d60fcff8, 0x00000000d60fd000, 0x00000000d68c6000)
 Metaspace       used 3464K, capacity 4728K, committed 4864K, reserved 1056768K
  class space    used 328K, capacity 424K, committed 512K, reserved 1048576K
Event: 1.649 GC heap after
Heap after GC invocations=15 (full 1):
 def new generation   total 9024K, used 959K [0x00000000c0000000, 0x00000000c09c0000, 0x00000000d5550000)
  eden space 8064K,   0% used [0x00000000c0000000, 0x00000000c0000000, 0x00000000c07e0000)
  from space 960K,  99% used [0x00000000c08d0000, 0x00000000c09bfff8, 0x00000000c09c0000)
  to   space 960K,   0% used [0x00000000c07e0000, 0x00000000c07e0000, 0x00000000c08d0000)
 tenured generation   total 19928K, used 12181K [0x00000000d5550000, 0x00000000d68c6000, 0x0000000100000000)
   the space 19928K,  61% used [0x00000000d5550000, 0x00000000d6135500, 0x00000000d6135600, 0x00000000d68c6000)
 Metaspace       used 3464K, capacity 4728K, committed 4864K, reserved 1056768K
  class space    used 328K, capacity 424K, committed 512K, reserved 1048576K
}
Event: 1.689 GC heap before
{Heap before GC invocations=15 (full 1):
 def new generation   total 9024K, used 9023K [0x00000000c0000000, 0x00000000c09c0000, 0x00000000d5550000)
  eden space 8064K, 100% used [0x00000000c0000000, 0x00000000c07e0000, 0x00000000c07e0000)
  from space 960K,  99% used [0x00000000c08d0000, 0x00000000c09bfff8, 0x00000000c09c0000)
  to   space 960K,   0% used [0x00000000c07e0000, 0x00000000c07e0000, 0x00000000c08d0000)
 tenured generation   total 19928K, used 12181K [0x00000000d5550000, 0x00000000d68c6000, 0x0000000100000000)
   the space 19928K,  61% used [0x00000000d5550000, 0x00000000d6135500, 0x00000000d6135600, 0x00000000d68c6000)
 Metaspace       used 3471K, capacity 4728K, committed 4864K, reserved 1056768K
  class space    used 328K, capacity 424K, committed 512K, reserved 1048576K
Event: 1.697 GC heap after
Heap after GC invocations=16 (full 1):
 def new generation   total 9024K, used 945K [0x00000000c0000000, 0x00000000c09c0000, 0x00000000d5550000)
  eden space 8064K,   0% used [0x00000000c0000000, 0x00000000c0000000, 0x00000000c07e0000)
  from space 960K,  98% used [0x00000000c07e0000, 0x00000000c08cc670, 0x00000000c08d0000)
  to   space 960K,   0% used [0x00000000c08d0000, 0x00000000c08d0000, 0x00000000c09c0000)
 tenured generation   total 19928K, used 13141K [0x00000000d5550000, 0x00000000d68c6000, 0x0000000100000000)
   the space 19928K,  65% used [0x00000000d5550000, 0x00000000d6225400, 0x00000000d6225400, 0x00000000d68c6000)
 Metaspace       used 3471K, capacity 4728K, committed 4864K, reserved 1056768K
  class space    used 328K, capacity 424K, committed 512K, reserved 1048576K
}
Event: 1.809 GC heap before
{Heap before GC invocations=16 (full 1):
 def new generation   total 9024K, used 9009K [0x00000000c0000000, 0x00000000c09c0000, 0x00000000d5550000)
  eden space 8064K, 100% used [0x00000000c0000000, 0x00000000c07e0000, 0x00000000c07e0000)
  from space 960K,  98% used [0x00000000c07e0000, 0x00000000c08cc670, 0x00000000c08d0000)
  to   space 960K,   0% used [0x00000000c08d0000, 0x00000000c08d0000, 0x00000000c09c0000)
 tenured generation   total 19928K, used 13141K [0x00000000d5550000, 0x00000000d68c6000, 0x0000000100000000)
   the space 19928K,  65% used [0x00000000d5550000, 0x00000000d6225400, 0x00000000d6225400, 0x00000000d68c6000)
 Metaspace       used 3472K, capacity 4728K, committed 4864K, reserved 1056768K
  class space    used 328K, capacity 424K, committed 512K, reserved 1048576K
Event: 1.819 GC heap after
Heap after GC invocations=17 (full 1):
 def new generation   total 9024K, used 960K [0x00000000c0000000, 0x00000000c09c0000, 0x00000000d5550000)
  eden space 8064K,   0% used [0x00000000c0000000, 0x00000000c0000000, 0x00000000c07e0000)
  from space 960K, 100% used [0x00000000c08d0000, 0x00000000c09c0000, 0x00000000c09c0000)
  to   space 960K,   0% used [0x00000000c07e0000, 0x00000000c07e0000, 0x00000000c08d0000)
 tenured generation   total 19928K, used 14416K [0x00000000d5550000, 0x00000000d68c6000, 0x0000000100000000)
   the space 19928K,  72% used [0x00000000d5550000, 0x00000000d63641d0, 0x00000000d6364200, 0x00000000d68c6000)
 Metaspace       used 3472K, capacity 4728K, committed 4864K, reserved 1056768K
  class space    used 328K, capacity 424K, committed 512K, reserved 1048576K
}
Event: 1.905 GC heap before
{Heap before GC invocations=17 (full 1):
 def new generation   total 9024K, used 9024K [0x00000000c0000000, 0x00000000c09c0000, 0x00000000d5550000)
  eden space 8064K, 100% used [0x00000000c0000000, 0x00000000c07e0000, 0x00000000c07e0000)
  from space 960K, 100% used [0x00000000c08d0000, 0x00000000c09c0000, 0x00000000c09c0000)
  to   space 960K,   0% used [0x00000000c07e0000, 0x00000000c07e0000, 0x00000000c08d0000)
 tenured generation   total 19928K, used 14416K [0x00000000d5550000, 0x00000000d68c6000, 0x0000000100000000)
   the space 19928K,  72% used [0x00000000d5550000, 0x00000000d63641d0, 0x00000000d6364200, 0x00000000d68c6000)
 Metaspace       used 3472K, capacity 4728K, committed 4864K, reserved 1056768K
  class space    used 328K, capacity 424K, committed 512K, reserved 1048576K
Event: 1.918 GC heap after
Heap after GC invocations=18 (full 1):
 def new generation   total 9024K, used 960K [0x00000000c0000000, 0x00000000c09c0000, 0x00000000d5550000)
  eden space 8064K,   0% used [0x00000000c0000000, 0x00000000c0000000, 0x00000000c07e0000)
  from space 960K, 100% used [0x00000000c07e0000, 0x00000000c08d0000, 0x00000000c08d0000)
  to   space 960K,   0% used [0x00000000c08d0000, 0x00000000c08d0000, 0x00000000c09c0000)
 tenured generation   total 19928K, used 15689K [0x00000000d5550000, 0x00000000d68c6000, 0x0000000100000000)
   the space 19928K,  78% used [0x00000000d5550000, 0x00000000d64a2658, 0x00000000d64a2800, 0x00000000d68c6000)
 Metaspace       used 3472K, capacity 4728K, committed 4864K, reserved 1056768K
  class space    used 328K, capacity 424K, committed 512K, reserved 1048576K
}
Event: 1.981 GC heap before
{Heap before GC invocations=18 (full 1):
 def new generation   total 9024K, used 9024K [0x00000000c0000000, 0x00000000c09c0000, 0x00000000d5550000)
  eden space 8064K, 100% used [0x00000000c0000000, 0x00000000c07e0000, 0x00000000c07e0000)
  from space 960K, 100% used [0x00000000c07e0000, 0x00000000c08d0000, 0x00000000c08d0000)
  to   space 960K,   0% used [0x00000000c08d0000, 0x00000000c08d0000, 0x00000000c09c0000)
 tenured generation   total 19928K, used 15689K [0x00000000d5550000, 0x00000000d68c6000, 0x0000000100000000)
   the space 19928K,  78% used [0x00000000d5550000, 0x00000000d64a2658, 0x00000000d64a2800, 0x00000000d68c6000)
 Metaspace       used 3472K, capacity 4728K, committed 4864K, reserved 1056768K
  class space    used 328K, capacity 424K, committed 512K, reserved 1048576K
Event: 1.993 GC heap after
Heap after GC invocations=19 (full 1):
 def new generation   total 9024K, used 959K [0x00000000c0000000, 0x00000000c09c0000, 0x00000000d5550000)
  eden space 8064K,   0% used [0x00000000c0000000, 0x00000000c0000000, 0x00000000c07e0000)
  from space 960K,  99% used [0x00000000c08d0000, 0x00000000c09bfff8, 0x00000000c09c0000)
  to   space 960K,   0% used [0x00000000c07e0000, 0x00000000c07e0000, 0x00000000c08d0000)
 tenured generation   total 19928K, used 16986K [0x00000000d5550000, 0x00000000d68c6000, 0x0000000100000000)
   the space 19928K,  85% used [0x00000000d5550000, 0x00000000d65e6868, 0x00000000d65e6a00, 0x00000000d68c6000)
 Metaspace       used 3472K, capacity 4728K, committed 4864K, reserved 1056768K
  class space    used 328K, capacity 424K, committed 512K, reserved 1048576K
}
Event: 2.060 GC heap before
{Heap before GC invocations=19 (full 1):
 def new generation   total 9024K, used 9023K [0x00000000c0000000, 0x00000000c09c0000, 0x00000000d5550000)
  eden space 8064K, 100% used [0x00000000c0000000, 0x00000000c07e0000, 0x00000000c07e0000)
  from space 960K,  99% used [0x00000000c08d0000, 0x00000000c09bfff8, 0x00000000c09c0000)
  to   space 960K,   0% used [0x00000000c07e0000, 0x00000000c07e0000, 0x00000000c08d0000)
 tenured generation   total 19928K, used 16986K [0x00000000d5550000, 0x00000000d68c6000, 0x0000000100000000)
   the space 19928K,  85% used [0x00000000d5550000, 0x00000000d65e6868, 0x00000000d65e6a00, 0x00000000d68c6000)
 Metaspace       used 3472K, capacity 4728K, committed 4864K, reserved 1056768K
  class space    used 328K, capacity 424K, committed 512K, reserved 1048576K
Event: 2.080 GC heap after
Heap after GC invocations=20 (full 1):
 def new generation   total 9024K, used 960K [0x00000000c0000000, 0x00000000c09c0000, 0x00000000d5550000)
  eden space 8064K,   0% used [0x00000000c0000000, 0x00000000c0000000, 0x00000000c07e0000)
  from space 960K, 100% used [0x00000000c07e0000, 0x00000000c08d0000, 0x00000000c08d0000)
  to   space 960K,   0% used [0x00000000c08d0000, 0x00000000c08d0000, 0x00000000c09c0000)
 tenured generation   total 19928K, used 18269K [0x00000000d5550000, 0x00000000d68c6000, 0x0000000100000000)
   the space 19928K,  91% used [0x00000000d5550000, 0x00000000d67274b0, 0x00000000d6727600, 0x00000000d68c6000)
 Metaspace       used 3472K, capacity 4728K, committed 4864K, reserved 1056768K
  class space    used 328K, capacity 424K, committed 512K, reserved 1048576K
}
Event: 2.153 GC heap before
{Heap before GC invocations=20 (full 1):
 def new generation   total 9024K, used 9024K [0x00000000c0000000, 0x00000000c09c0000, 0x00000000d5550000)
  eden space 8064K, 100% used [0x00000000c0000000, 0x00000000c07e0000, 0x00000000c07e0000)
  from space 960K, 100% used [0x00000000c07e0000, 0x00000000c08d0000, 0x00000000c08d0000)
  to   space 960K,   0% used [0x00000000c08d0000, 0x00000000c08d0000, 0x00000000c09c0000)
 tenured generation   total 19928K, used 18269K [0x00000000d5550000, 0x00000000d68c6000, 0x0000000100000000)
   the space 19928K,  91% used [0x00000000d5550000, 0x00000000d67274b0, 0x00000000d6727600, 0x00000000d68c6000)
 Metaspace       used 3473K, capacity 4728K, committed 4864K, reserved 1056768K
  class space    used 328K, capacity 424K, committed 512K, reserved 1048576K
Event: 2.281 GC heap after
Heap after GC invocations=21 (full 2):
 def new generation   total 15040K, used 959K [0x00000000c0000000, 0x00000000c1050000, 0x00000000d5550000)
  eden space 13376K,   7% used [0x00000000c0000000, 0x00000000c00effd8, 0x00000000c0d10000)
  from space 1664K,   0% used [0x00000000c0d10000, 0x00000000c0d10000, 0x00000000c0eb0000)
  to   space 1664K,   0% used [0x00000000c0eb0000, 0x00000000c0eb0000, 0x00000000c1050000)
 tenured generation   total 33364K, used 20017K [0x00000000d5550000, 0x00000000d75e5000, 0x0000000100000000)
   the space 33364K,  59% used [0x00000000d5550000, 0x00000000d68dc7a0, 0x00000000d68dc800, 0x00000000d75e5000)
 Metaspace       used 3473K, capacity 4728K, committed 4864K, reserved 1056768K
  class space    used 328K, capacity 424K, committed 512K, reserved 1048576K
}
Event: 2.345 GC heap before
{Heap before GC invocations=21 (full 2):
 def new generation   total 15040K, used 13376K [0x00000000c0000000, 0x00000000c1050000, 0x00000000d5550000)
  eden space 13376K, 100% used [0x00000000c0000000, 0x00000000c0d10000, 0x00000000c0d10000)
  from space 1664K,   0% used [0x00000000c0d10000, 0x00000000c0d10000, 0x00000000c0eb0000)
  to   space 1664K,   0% used [0x00000000c0eb0000, 0x00000000c0eb0000, 0x00000000c1050000)
 tenured generation   total 33364K, used 20017K [0x00000000d5550000, 0x00000000d75e5000, 0x0000000100000000)
   the space 33364K,  59% used [0x00000000d5550000, 0x00000000d68dc7a0, 0x00000000d68dc800, 0x00000000d75e5000)
 Metaspace       used 3475K, capacity 4728K, committed 4864K, reserved 1056768K
  class space    used 328K, capacity 424K, committed 512K, reserved 1048576K
Event: 2.383 GC heap after
Heap after GC invocations=22 (full 2):
 def new generation   total 15040K, used 1663K [0x00000000c0000000, 0x00000000c1050000, 0x00000000d5550000)
  eden space 13376K,   0% used [0x00000000c0000000, 0x00000000c0000000, 0x00000000c0d10000)
  from space 1664K,  99% used [0x00000000c0eb0000, 0x00000000c104fff8, 0x00000000c1050000)
  to   space 1664K,   0% used [0x00000000c0d10000, 0x00000000c0d10000, 0x00000000c0eb0000)
 tenured generation   total 33364K, used 21002K [0x00000000d5550000, 0x00000000d75e5000, 0x0000000100000000)
   the space 33364K,  62% used [0x00000000d5550000, 0x00000000d69d2b78, 0x00000000d69d2c00, 0x00000000d75e5000)
 Metaspace       used 3475K, capacity 4728K, committed 4864K, reserved 1056768K
  class space    used 328K, capacity 424K, committed 512K, reserved 1048576K
}
Event: 2.477 GC heap before
{Heap before GC invocations=22 (full 2):
 def new generation   total 15040K, used 15039K [0x00000000c0000000, 0x00000000c1050000, 0x00000000d5550000)
  eden space 13376K, 100% used [0x00000000c0000000, 0x00000000c0d10000, 0x00000000c0d10000)
  from space 1664K,  99% used [0x00000000c0eb0000, 0x00000000c104fff8, 0x00000000c1050000)
  to   space 1664K,   0% used [0x00000000c0d10000, 0x00000000c0d10000, 0x00000000c0eb0000)
 tenured generation   total 33364K, used 21002K [0x00000000d5550000, 0x00000000d75e5000, 0x0000000100000000)
   the space 33364K,  62% used [0x00000000d5550000, 0x00000000d69d2b78, 0x00000000d69d2c00, 0x00000000d75e5000)
 Metaspace       used 3475K, capacity 4728K, committed 4864K, reserved 1056768K
  class space    used 328K, capacity 424K, committed 512K, reserved 1048576K
Event: 2.488 GC heap after
Heap after GC invocations=23 (full 2):
 def new generation   total 15040K, used 1647K [0x00000000c0000000, 0x00000000c1050000, 0x00000000d5550000)
  eden space 13376K,   0% used [0x00000000c0000000, 0x00000000c0000000, 0x00000000c0d10000)
  from space 1664K,  99% used [0x00000000c0d10000, 0x00000000c0eabfe0, 0x00000000c0eb0000)
  to   space 1664K,   0% used [0x00000000c0eb0000, 0x00000000c0eb0000, 0x00000000c1050000)
 tenured generation   total 33364K, used 22666K [0x00000000d5550000, 0x00000000d75e5000, 0x0000000100000000)
   the space 33364K,  67% used [0x00000000d5550000, 0x00000000d6b729c8, 0x00000000d6b72a00, 0x00000000d75e5000)
 Metaspace       used 3475K, capacity 4728K, committed 4864K, reserved 1056768K
  class space    used 328K, capacity 424K, committed 512K, reserved 1048576K
}
Event: 2.561 GC heap before
{Heap before GC invocations=23 (full 2):
 def new generation   total 15040K, used 15023K [0x00000000c0000000, 0x00000000c1050000, 0x00000000d5550000)
  eden space 13376K, 100% used [0x00000000c0000000, 0x00000000c0d10000, 0x00000000c0d10000)
  from space 1664K,  99% used [0x00000000c0d10000, 0x00000000c0eabfe0, 0x00000000c0eb0000)
  to   space 1664K,   0% used [0x00000000c0eb0000, 0x00000000c0eb0000, 0x00000000c1050000)
 tenured generation   total 33364K, used 22666K [0x00000000d5550000, 0x00000000d75e5000, 0x0000000100000000)
   the space 33364K,  67% used [0x00000000d5550000, 0x00000000d6b729c8, 0x00000000d6b72a00, 0x00000000d75e5000)
 Metaspace       used 3475K, capacity 4728K, committed 4864K, reserved 1056768K
  class space    used 328K, capacity 424K, committed 512K, reserved 1048576K
Event: 2.575 GC heap after
Heap after GC invocations=24 (full 2):
 def new generation   total 15040K, used 1647K [0x00000000c0000000, 0x00000000c1050000, 0x00000000d5550000)
  eden space 13376K,   0% used [0x00000000c0000000, 0x00000000c0000000, 0x00000000c0d10000)
  from space 1664K,  99% used [0x00000000c0eb0000, 0x00000000c104be58, 0x00000000c1050000)
  to   space 1664K,   0% used [0x00000000c0d10000, 0x00000000c0d10000, 0x00000000c0eb0000)
 tenured generation   total 33364K, used 24313K [0x00000000d5550000, 0x00000000d75e5000, 0x0000000100000000)
   the space 33364K,  72% used [0x00000000d5550000, 0x00000000d6d0e780, 0x00000000d6d0e800, 0x00000000d75e5000)
 Metaspace       used 3475K, capacity 4728K, committed 4864K, reserved 1056768K
  class space    used 328K, capacity 424K, committed 512K, reserved 1048576K
}
Event: 2.653 GC heap before
{Heap before GC invocations=24 (full 2):
 def new generation   total 15040K, used 15023K [0x00000000c0000000, 0x00000000c1050000, 0x00000000d5550000)
  eden space 13376K, 100% used [0x00000000c0000000, 0x00000000c0d10000, 0x00000000c0d10000)
  from space 1664K,  99% used [0x00000000c0eb0000, 0x00000000c104be58, 0x00000000c1050000)
  to   space 1664K,   0% used [0x00000000c0d10000, 0x00000000c0d10000, 0x00000000c0eb0000)
 tenured generation   total 33364K, used 24313K [0x00000000d5550000, 0x00000000d75e5000, 0x0000000100000000)
   the space 33364K,  72% used [0x00000000d5550000, 0x00000000d6d0e780, 0x00000000d6d0e800, 0x00000000d75e5000)
 Metaspace       used 3475K, capacity 4728K, committed 4864K, reserved 1056768K
  class space    used 328K, capacity 424K, committed 512K, reserved 1048576K
Event: 2.673 GC heap after
Heap after GC invocations=25 (full 2):
 def new generation   total 15040K, used 1664K [0x00000000c0000000, 0x00000000c1050000, 0x00000000d5550000)
  eden space 13376K,   0% used [0x00000000c0000000, 0x00000000c0000000, 0x00000000c0d10000)
  from space 1664K, 100% used [0x00000000c0d10000, 0x00000000c0eb0000, 0x00000000c0eb0000)
  to   space 1664K,   0% used [0x00000000c0eb0000, 0x00000000c0eb0000, 0x00000000c1050000)
 tenured generation   total 33364K, used 26354K [0x00000000d5550000, 0x00000000d75e5000, 0x0000000100000000)
   the space 33364K,  78% used [0x00000000d5550000, 0x00000000d6f0ca40, 0x00000000d6f0cc00, 0x00000000d75e5000)
 Metaspace       used 3475K, capacity 4728K, committed 4864K, reserved 1056768K
  class space    used 328K, capacity 424K, committed 512K, reserved 1048576K
}
Event: 2.761 GC heap before
{Heap before GC invocations=25 (full 2):
 def new generation   total 15040K, used 15040K [0x00000000c0000000, 0x00000000c1050000, 0x00000000d5550000)
  eden space 13376K, 100% used [0x00000000c0000000, 0x00000000c0d10000, 0x00000000c0d10000)
  from space 1664K, 100% used [0x00000000c0d10000, 0x00000000c0eb0000, 0x00000000c0eb0000)
  to   space 1664K,   0% used [0x00000000c0eb0000, 0x00000000c0eb0000, 0x00000000c1050000)
 tenured generation   total 33364K, used 26354K [0x00000000d5550000, 0x00000000d75e5000, 0x0000000100000000)
   the space 33364K,  78% used [0x00000000d5550000, 0x00000000d6f0ca40, 0x00000000d6f0cc00, 0x00000000d75e5000)
 Metaspace       used 3477K, capacity 4728K, committed 4864K, reserved 1056768K
  class space    used 328K, capacity 424K, committed 512K, reserved 1048576K
Event: 2.784 GC heap after
Heap after GC invocations=26 (full 2):
 def new generation   total 15040K, used 1664K [0x00000000c0000000, 0x00000000c1050000, 0x00000000d5550000)
  eden space 13376K,   0% used [0x00000000c0000000, 0x00000000c0000000, 0x00000000c0d10000)
  from space 1664K, 100% used [0x00000000c0eb0000, 0x00000000c1050000, 0x00000000c1050000)
  to   space 1664K,   0% used [0x00000000c0d10000, 0x00000000c0d10000, 0x00000000c0eb0000)
 tenured generation   total 33364K, used 28034K [0x00000000d5550000, 0x00000000d75e5000, 0x0000000100000000)
   the space 33364K,  84% used [0x00000000d5550000, 0x00000000d70b0b58, 0x00000000d70b0c00, 0x00000000d75e5000)
 Metaspace       used 3477K, capacity 4728K, committed 4864K, reserved 1056768K
  class space    used 328K, capacity 424K, committed 512K, reserved 1048576K
}
Event: 2.875 GC heap before
{Heap before GC invocations=26 (full 2):
 def new generation   total 15040K, used 15040K [0x00000000c0000000, 0x00000000c1050000, 0x00000000d5550000)
  eden space 13376K, 100% used [0x00000000c0000000, 0x00000000c0d10000, 0x00000000c0d10000)
  from space 1664K, 100% used [0x00000000c0eb0000, 0x00000000c1050000, 0x00000000c1050000)
  to   space 1664K,   0% used [0x00000000c0d10000, 0x00000000c0d10000, 0x00000000c0eb0000)
 tenured generation   total 33364K, used 28034K [0x00000000d5550000, 0x00000000d75e5000, 0x0000000100000000)
   the space 33364K,  84% used [0x00000000d5550000, 0x00000000d70b0b58, 0x00000000d70b0c00, 0x00000000d75e5000)
 Metaspace       used 3477K, capacity 4728K, committed 4864K, reserved 1056768K
  class space    used 328K, capacity 424K, committed 512K, reserved 1048576K
Event: 2.893 GC heap after
Heap after GC invocations=27 (full 2):
 def new generation   total 15040K, used 1637K [0x00000000c0000000, 0x00000000c1050000, 0x00000000d5550000)
  eden space 13376K,   0% used [0x00000000c0000000, 0x00000000c0000000, 0x00000000c0d10000)
  from space 1664K,  98% used [0x00000000c0d10000, 0x00000000c0ea9690, 0x00000000c0eb0000)
  to   space 1664K,   0% used [0x00000000c0eb0000, 0x00000000c0eb0000, 0x00000000c1050000)
 tenured generation   total 33364K, used 29698K [0x00000000d5550000, 0x00000000d75e5000, 0x0000000100000000)
   the space 33364K,  89% used [0x00000000d5550000, 0x00000000d7250a78, 0x00000000d7250c00, 0x00000000d75e5000)
 Metaspace       used 3477K, capacity 4728K, committed 4864K, reserved 1056768K
  class space    used 328K, capacity 424K, committed 512K, reserved 1048576K
}
Event: 2.955 GC heap before
{Heap before GC invocations=27 (full 2):
 def new generation   total 15040K, used 15013K [0x00000000c0000000, 0x00000000c1050000, 0x00000000d5550000)
  eden space 13376K, 100% used [0x00000000c0000000, 0x00000000c0d10000, 0x00000000c0d10000)
  from space 1664K,  98% used [0x00000000c0d10000, 0x00000000c0ea9690, 0x00000000c0eb0000)
  to   space 1664K,   0% used [0x00000000c0eb0000, 0x00000000c0eb0000, 0x00000000c1050000)
 tenured generation   total 33364K, used 29698K [0x00000000d5550000, 0x00000000d75e5000, 0x0000000100000000)
   the space 33364K,  89% used [0x00000000d5550000, 0x00000000d7250a78, 0x00000000d7250c00, 0x00000000d75e5000)
 Metaspace       used 3477K, capacity 4728K, committed 4864K, reserved 1056768K
  class space    used 328K, capacity 424K, committed 512K, reserved 1048576K
Event: 2.976 GC heap after
Heap after GC invocations=28 (full 2):
 def new generation   total 15040K, used 1637K [0x00000000c0000000, 0x00000000c1050000, 0x00000000d5550000)
  eden space 13376K,   0% used [0x00000000c0000000, 0x00000000c0000000, 0x00000000c0d10000)
  from space 1664K,  98% used [0x00000000c0eb0000, 0x00000000c10496a8, 0x00000000c1050000)
  to   space 1664K,   0% used [0x00000000c0d10000, 0x00000000c0d10000, 0x00000000c0eb0000)
 tenured generation   total 33364K, used 31335K [0x00000000d5550000, 0x00000000d75e5000, 0x0000000100000000)
   the space 33364K,  93% used [0x00000000d5550000, 0x00000000d73e9fa8, 0x00000000d73ea000, 0x00000000d75e5000)
 Metaspace       used 3477K, capacity 4728K, committed 4864K, reserved 1056768K
  class space    used 328K, capacity 424K, committed 512K, reserved 1048576K
}
Event: 3.034 GC heap before
{Heap before GC invocations=28 (full 2):
 def new generation   total 15040K, used 15013K [0x00000000c0000000, 0x00000000c1050000, 0x00000000d5550000)
  eden space 13376K, 100% used [0x00000000c0000000, 0x00000000c0d10000, 0x00000000c0d10000)
  from space 1664K,  98% used [0x00000000c0eb0000, 0x00000000c10496a8, 0x00000000c1050000)
  to   space 1664K,   0% used [0x00000000c0d10000, 0x00000000c0d10000, 0x00000000c0eb0000)
 tenured generation   total 33364K, used 31335K [0x00000000d5550000, 0x00000000d75e5000, 0x0000000100000000)
   the space 33364K,  93% used [0x00000000d5550000, 0x00000000d73e9fa8, 0x00000000d73ea000, 0x00000000d75e5000)
 Metaspace       used 3477K, capacity 4728K, committed 4864K, reserved 1056768K
  class space    used 328K, capacity 424K, committed 512K, reserved 1048576K
Event: 3.048 GC heap after
Heap after GC invocations=29 (full 2):
 def new generation   total 15040K, used 1564K [0x00000000c0000000, 0x00000000c1050000, 0x00000000d5550000)
  eden space 13376K,   0% used [0x00000000c0000000, 0x00000000c0000000, 0x00000000c0d10000)
  from space 1664K,  94% used [0x00000000c0d10000, 0x00000000c0e97388, 0x00000000c0eb0000)
  to   space 1664K,   0% used [0x00000000c0eb0000, 0x00000000c0eb0000, 0x00000000c1050000)
 tenured generation   total 33364K, used 32973K [0x00000000d5550000, 0x00000000d75e5000, 0x0000000100000000)
   the space 33364K,  98% used [0x00000000d5550000, 0x00000000d7583490, 0x00000000d7583600, 0x00000000d75e5000)
 Metaspace       used 3477K, capacity 4728K, committed 4864K, reserved 1056768K
  class space    used 328K, capacity 424K, committed 512K, reserved 1048576K
}
Event: 3.166 GC heap before
{Heap before GC invocations=29 (full 2):
 def new generation   total 15040K, used 14940K [0x00000000c0000000, 0x00000000c1050000, 0x00000000d5550000)
  eden space 13376K, 100% used [0x00000000c0000000, 0x00000000c0d10000, 0x00000000c0d10000)
  from space 1664K,  94% used [0x00000000c0d10000, 0x00000000c0e97388, 0x00000000c0eb0000)
  to   space 1664K,   0% used [0x00000000c0eb0000, 0x00000000c0eb0000, 0x00000000c1050000)
 tenured generation   total 33364K, used 32973K [0x00000000d5550000, 0x00000000d75e5000, 0x0000000100000000)
   the space 33364K,  98% used [0x00000000d5550000, 0x00000000d7583490, 0x00000000d7583600, 0x00000000d75e5000)
 Metaspace       used 3480K, capacity 4728K, committed 4864K, reserved 1056768K
  class space    used 328K, capacity 424K, committed 512K, reserved 1048576K

